2018-10-24 00:00:03	catching classes that do not inherit from BaseException is not allowed
xpath: //select
value : None



2018-10-24 00:01:12	catching classes that do not inherit from BaseException is not allowed
css selector: table > tbody > tr > td:nth-child(2) > span > a
value : None



2018-10-24 00:02:18	catching classes that do not inherit from BaseException is not allowed
css selector: table > tbody > tr > td:nth-child(2) > span > a
value : None



2018-10-24 00:04:01	catching classes that do not inherit from BaseException is not allowed
css selector: table > tbody > tr > td:nth-child(2) > span > a
value : None



2018-10-24 00:05:48	catching classes that do not inherit from BaseException is not allowed
css selector: table > tbody > tr > td:nth-child(2) > span > a
value : None



2018-10-24 00:07:25	catching classes that do not inherit from BaseException is not allowed
css selector: table > tbody > tr > td:nth-child(2) > span > a
value : None



2018-10-24 00:08:40	catching classes that do not inherit from BaseException is not allowed
css selector: table > tbody > tr > td:nth-child(2) > span > a
value : None



2018-10-24 00:09:47	catching classes that do not inherit from BaseException is not allowed
css selector: table > tbody > tr > td:nth-child(2) > span > a
value : None



2018-10-24 00:10:55	catching classes that do not inherit from BaseException is not allowed
css selector: table > tbody > tr > td:nth-child(2) > span > a
value : None



2018-10-24 00:11:54	catching classes that do not inherit from BaseException is not allowed
css selector: table > tbody > tr > td:nth-child(2) > span > a
value : None



2018-10-24 00:13:46	catching classes that do not inherit from BaseException is not allowed
xpath: //select
value : None



2018-10-24 00:15:57	catching classes that do not inherit from BaseException is not allowed
css selector: table > tbody > tr > td:nth-child(2) > span > a
value : None



2018-10-24 00:16:55	catching classes that do not inherit from BaseException is not allowed
css selector: table > tbody > tr > td:nth-child(2) > span > a
value : None



2018-10-24 00:18:06	catching classes that do not inherit from BaseException is not allowed
css selector: table > tbody > tr > td:nth-child(2) > span > a
value : None



2018-10-24 00:19:17	catching classes that do not inherit from BaseException is not allowed
css selector: table > tbody > tr > td:nth-child(2) > span > a
value : None



2018-10-24 00:22:27	catching classes that do not inherit from BaseException is not allowed
xpath: //select
value : None



2018-10-24 00:23:48	catching classes that do not inherit from BaseException is not allowed
css selector: table > tbody > tr > td:nth-child(2) > span > a
value : None



2018-10-24 00:24:52	catching classes that do not inherit from BaseException is not allowed
css selector: table > tbody > tr > td:nth-child(2) > span > a
value : None



2018-10-24 00:26:38	catching classes that do not inherit from BaseException is not allowed
css selector: table > tbody > tr > td:nth-child(2) > span > a
value : None



2018-10-24 00:28:03	catching classes that do not inherit from BaseException is not allowed
css selector: table > tbody > tr > td:nth-child(2) > span > a
value : None



2018-10-24 00:30:11	catching classes that do not inherit from BaseException is not allowed
xpath: //select
value : None



2018-10-24 00:32:54	catching classes that do not inherit from BaseException is not allowed
xpath: //select
value : None



2018-10-24 00:34:03	catching classes that do not inherit from BaseException is not allowed
css selector: table > tbody > tr > td:nth-child(2) > span > a
value : None



2018-10-24 00:35:04	catching classes that do not inherit from BaseException is not allowed
css selector: table > tbody > tr > td:nth-child(2) > span > a
value : None



2018-10-24 00:36:04	catching classes that do not inherit from BaseException is not allowed
css selector: table > tbody > tr > td:nth-child(2) > span > a
value : None



2018-10-24 00:38:36	catching classes that do not inherit from BaseException is not allowed
xpath: //select
value : None



2018-10-24 00:41:25	catching classes that do not inherit from BaseException is not allowed
xpath: //select
value : None



2018-10-24 00:42:36	catching classes that do not inherit from BaseException is not allowed
css selector: table > tbody > tr > td:nth-child(2) > span > a
value : None



2018-10-24 00:45:18	catching classes that do not inherit from BaseException is not allowed
xpath: //select
value : None



2018-10-24 00:47:44	catching classes that do not inherit from BaseException is not allowed
xpath: //select
value : None



2018-10-24 00:48:46	catching classes that do not inherit from BaseException is not allowed
css selector: table > tbody > tr > td:nth-child(2) > span > a
value : None



2018-10-24 00:49:49	catching classes that do not inherit from BaseException is not allowed
css selector: table > tbody > tr > td:nth-child(2) > span > a
value : None



2018-10-24 00:50:59	catching classes that do not inherit from BaseException is not allowed
css selector: table > tbody > tr > td:nth-child(2) > span > a
value : None



2018-10-24 00:52:33	catching classes that do not inherit from BaseException is not allowed
css selector: table > tbody > tr > td:nth-child(2) > span > a
value : None



2018-10-24 00:53:35	catching classes that do not inherit from BaseException is not allowed
css selector: table > tbody > tr > td:nth-child(2) > span > a
value : None



2018-10-24 00:55:55	catching classes that do not inherit from BaseException is not allowed
css selector: table > tbody > tr > td:nth-child(2) > span > a
value : None



2018-10-24 00:56:58	catching classes that do not inherit from BaseException is not allowed
css selector: table > tbody > tr > td:nth-child(2) > span > a
value : None



2018-10-24 00:58:20	catching classes that do not inherit from BaseException is not allowed
css selector: table > tbody > tr > td:nth-child(2) > span > a
value : None



2018-10-24 00:59:31	catching classes that do not inherit from BaseException is not allowed
css selector: table > tbody > tr > td:nth-child(2) > span > a
value : None



2018-10-24 01:00:35	catching classes that do not inherit from BaseException is not allowed
css selector: table > tbody > tr > td:nth-child(2) > span > a
value : None



2018-10-24 01:01:42	catching classes that do not inherit from BaseException is not allowed
css selector: table > tbody > tr > td:nth-child(2) > span > a
value : None



2018-10-24 01:02:43	catching classes that do not inherit from BaseException is not allowed
css selector: table > tbody > tr > td:nth-child(2) > span > a
value : None



2018-10-24 01:04:11	catching classes that do not inherit from BaseException is not allowed
css selector: table > tbody > tr > td:nth-child(2) > span > a
value : None



2018-10-24 01:05:58	catching classes that do not inherit from BaseException is not allowed
css selector: table > tbody > tr > td:nth-child(2) > span > a
value : None



2018-10-24 01:07:07	catching classes that do not inherit from BaseException is not allowed
css selector: table > tbody > tr > td:nth-child(2) > span > a
value : None



2018-10-24 01:08:06	catching classes that do not inherit from BaseException is not allowed
css selector: table > tbody > tr > td:nth-child(2) > span > a
value : None



2018-10-24 01:10:42	catching classes that do not inherit from BaseException is not allowed
xpath: //select
value : None



2018-10-24 01:13:37	catching classes that do not inherit from BaseException is not allowed
xpath: //select
value : None



2018-10-24 01:14:44	catching classes that do not inherit from BaseException is not allowed
css selector: table > tbody > tr > td:nth-child(2) > span > a
value : None



2018-10-24 01:15:46	catching classes that do not inherit from BaseException is not allowed
css selector: table > tbody > tr > td:nth-child(2) > span > a
value : None



2018-10-24 01:17:58	catching classes that do not inherit from BaseException is not allowed
xpath: //select
value : None



2018-10-24 01:19:08	catching classes that do not inherit from BaseException is not allowed
css selector: table > tbody > tr > td:nth-child(2) > span > a
value : None



2018-10-24 01:20:16	catching classes that do not inherit from BaseException is not allowed
css selector: table > tbody > tr > td:nth-child(2) > span > a
value : None



2018-10-24 01:21:23	catching classes that do not inherit from BaseException is not allowed
css selector: table > tbody > tr > td:nth-child(2) > span > a
value : None



2018-10-24 01:23:32	catching classes that do not inherit from BaseException is not allowed
xpath: //select
value : None



2018-10-24 01:24:36	catching classes that do not inherit from BaseException is not allowed
css selector: table > tbody > tr > td:nth-child(2) > span > a
value : None



2018-10-24 01:25:42	catching classes that do not inherit from BaseException is not allowed
css selector: table > tbody > tr > td:nth-child(2) > span > a
value : None



2018-10-24 01:26:44	catching classes that do not inherit from BaseException is not allowed
css selector: table > tbody > tr > td:nth-child(2) > span > a
value : None



2018-10-24 01:28:18	catching classes that do not inherit from BaseException is not allowed
css selector: table > tbody > tr > td:nth-child(2) > span > a
value : None



2018-10-24 01:29:21	catching classes that do not inherit from BaseException is not allowed
css selector: table > tbody > tr > td:nth-child(2) > span > a
value : None



2018-10-24 01:31:02	catching classes that do not inherit from BaseException is not allowed
css selector: table > tbody > tr > td:nth-child(2) > span > a
value : None



2018-10-24 01:33:14	catching classes that do not inherit from BaseException is not allowed
xpath: //select
value : None



2018-10-24 01:34:18	catching classes that do not inherit from BaseException is not allowed
css selector: table > tbody > tr > td:nth-child(2) > span > a
value : None



2018-10-24 01:35:22	catching classes that do not inherit from BaseException is not allowed
css selector: table > tbody > tr > td:nth-child(2) > span > a
value : None



2018-10-24 01:36:28	catching classes that do not inherit from BaseException is not allowed
css selector: table > tbody > tr > td:nth-child(2) > span > a
value : None



2018-10-24 01:38:12	catching classes that do not inherit from BaseException is not allowed
css selector: table > tbody > tr > td:nth-child(2) > span > a
value : None



2018-10-24 01:39:15	catching classes that do not inherit from BaseException is not allowed
css selector: table > tbody > tr > td:nth-child(2) > span > a
value : None



2018-10-24 01:40:17	catching classes that do not inherit from BaseException is not allowed
css selector: table > tbody > tr > td:nth-child(2) > span > a
value : None



2018-10-24 01:41:25	catching classes that do not inherit from BaseException is not allowed
css selector: table > tbody > tr > td:nth-child(2) > span > a
value : None



2018-10-24 01:43:27	catching classes that do not inherit from BaseException is not allowed
xpath: //select
value : None



2018-10-24 01:44:30	catching classes that do not inherit from BaseException is not allowed
css selector: table > tbody > tr > td:nth-child(2) > span > a
value : None



2018-10-24 01:46:21	catching classes that do not inherit from BaseException is not allowed
xpath: //select
value : None



2018-10-24 01:48:17	catching classes that do not inherit from BaseException is not allowed
xpath: //select
value : None



2018-10-24 01:49:49	catching classes that do not inherit from BaseException is not allowed
css selector: table > tbody > tr > td:nth-child(2) > span > a
value : None



2018-10-24 01:50:56	catching classes that do not inherit from BaseException is not allowed
css selector: table > tbody > tr > td:nth-child(2) > span > a
value : None



2018-10-24 01:53:10	catching classes that do not inherit from BaseException is not allowed
xpath: //select
value : None



2018-10-24 01:55:45	catching classes that do not inherit from BaseException is not allowed
xpath: //select
value : None



2018-10-24 01:57:56	catching classes that do not inherit from BaseException is not allowed
xpath: //select
value : None



2018-10-24 01:59:44	catching classes that do not inherit from BaseException is not allowed
css selector: table > tbody > tr > td:nth-child(2) > span > a
value : None



2018-10-24 02:01:39	catching classes that do not inherit from BaseException is not allowed
css selector: table > tbody > tr > td:nth-child(2) > span > a
value : None



2018-10-24 02:02:39	catching classes that do not inherit from BaseException is not allowed
css selector: table > tbody > tr > td:nth-child(2) > span > a
value : None



2018-10-24 02:04:41	catching classes that do not inherit from BaseException is not allowed
xpath: //select
value : None



2018-10-24 02:06:23	catching classes that do not inherit from BaseException is not allowed
css selector: table > tbody > tr > td:nth-child(2) > span > a
value : None



2018-10-24 02:08:15	catching classes that do not inherit from BaseException is not allowed
xpath: //select
value : None



2018-10-24 02:10:05	catching classes that do not inherit from BaseException is not allowed
css selector: table > tbody > tr > td:nth-child(2) > span > a
value : None



2018-10-24 02:11:53	catching classes that do not inherit from BaseException is not allowed
css selector: table > tbody > tr > td:nth-child(2) > span > a
value : None



2018-10-24 02:14:19	catching classes that do not inherit from BaseException is not allowed
css selector: table > tbody > tr > td:nth-child(2) > span > a
value : None



2018-10-24 02:15:17	catching classes that do not inherit from BaseException is not allowed
css selector: table > tbody > tr > td:nth-child(2) > span > a
value : None



2018-10-24 02:16:48	catching classes that do not inherit from BaseException is not allowed
css selector: table > tbody > tr > td:nth-child(2) > span > a
value : None



2018-10-24 02:17:52	catching classes that do not inherit from BaseException is not allowed
css selector: table > tbody > tr > td:nth-child(2) > span > a
value : None



2018-10-24 02:19:01	catching classes that do not inherit from BaseException is not allowed
css selector: table > tbody > tr > td:nth-child(2) > span > a
value : None



2018-10-24 02:21:06	catching classes that do not inherit from BaseException is not allowed
xpath: //select
value : None



2018-10-24 02:23:11	catching classes that do not inherit from BaseException is not allowed
xpath: //select
value : None



2018-10-24 02:24:19	catching classes that do not inherit from BaseException is not allowed
css selector: table > tbody > tr > td:nth-child(2) > span > a
value : None



2018-10-24 02:26:05	catching classes that do not inherit from BaseException is not allowed
xpath: //select
value : None



2018-10-24 02:27:11	catching classes that do not inherit from BaseException is not allowed
css selector: table > tbody > tr > td:nth-child(2) > span > a
value : None



2018-10-24 02:28:13	catching classes that do not inherit from BaseException is not allowed
css selector: table > tbody > tr > td:nth-child(2) > span > a
value : None



2018-10-24 02:29:41	catching classes that do not inherit from BaseException is not allowed
css selector: table > tbody > tr > td:nth-child(2) > span > a
value : None



2018-10-24 02:30:59	catching classes that do not inherit from BaseException is not allowed
css selector: table > tbody > tr > td:nth-child(2) > span > a
value : None



2018-10-24 02:32:01	catching classes that do not inherit from BaseException is not allowed
css selector: table > tbody > tr > td:nth-child(2) > span > a
value : None



2018-10-24 02:32:59	catching classes that do not inherit from BaseException is not allowed
css selector: table > tbody > tr > td:nth-child(2) > span > a
value : None



2018-10-24 02:34:10	catching classes that do not inherit from BaseException is not allowed
css selector: table > tbody > tr > td:nth-child(2) > span > a
value : None



2018-10-24 02:35:29	catching classes that do not inherit from BaseException is not allowed
css selector: table > tbody > tr > td:nth-child(2) > span > a
value : None



2018-10-24 02:37:27	catching classes that do not inherit from BaseException is not allowed
css selector: table > tbody > tr > td:nth-child(2) > span > a
value : None



2018-10-24 02:39:21	catching classes that do not inherit from BaseException is not allowed
css selector: table > tbody > tr > td:nth-child(2) > span > a
value : None



2018-10-24 02:40:20	catching classes that do not inherit from BaseException is not allowed
css selector: table > tbody > tr > td:nth-child(2) > span > a
value : None



2018-10-24 02:41:22	catching classes that do not inherit from BaseException is not allowed
css selector: table > tbody > tr > td:nth-child(2) > span > a
value : None



2018-10-24 02:43:29	catching classes that do not inherit from BaseException is not allowed
xpath: //select
value : None



2018-10-24 02:44:50	catching classes that do not inherit from BaseException is not allowed
css selector: table > tbody > tr > td:nth-child(2) > span > a
value : None



2018-10-24 02:45:51	catching classes that do not inherit from BaseException is not allowed
css selector: table > tbody > tr > td:nth-child(2) > span > a
value : None



2018-10-24 02:46:54	catching classes that do not inherit from BaseException is not allowed
css selector: table > tbody > tr > td:nth-child(2) > span > a
value : None



2018-10-24 02:47:59	catching classes that do not inherit from BaseException is not allowed
css selector: table > tbody > tr > td:nth-child(2) > span > a
value : None



2018-10-24 02:49:53	catching classes that do not inherit from BaseException is not allowed
xpath: //select
value : None



2018-10-24 02:51:01	catching classes that do not inherit from BaseException is not allowed
css selector: table > tbody > tr > td:nth-child(2) > span > a
value : None



2018-10-24 02:52:49	catching classes that do not inherit from BaseException is not allowed
css selector: table > tbody > tr > td:nth-child(2) > span > a
value : None



2018-10-24 02:54:38	catching classes that do not inherit from BaseException is not allowed
css selector: table > tbody > tr > td:nth-child(2) > span > a
value : None



2018-10-24 02:55:34	catching classes that do not inherit from BaseException is not allowed
css selector: table > tbody > tr > td:nth-child(2) > span > a
value : None



2018-10-24 02:57:25	catching classes that do not inherit from BaseException is not allowed
xpath: //select
value : None



2018-10-24 02:59:44	catching classes that do not inherit from BaseException is not allowed
xpath: //select
value : None



2018-10-24 03:01:19	catching classes that do not inherit from BaseException is not allowed
css selector: table > tbody > tr > td:nth-child(2) > span > a
value : None



2018-10-24 03:03:20	catching classes that do not inherit from BaseException is not allowed
xpath: //select
value : None



2018-10-24 03:04:37	catching classes that do not inherit from BaseException is not allowed
css selector: table > tbody > tr > td:nth-child(2) > span > a
value : None



2018-10-24 03:06:33	catching classes that do not inherit from BaseException is not allowed
css selector: table > tbody > tr > td:nth-child(2) > span > a
value : None



2018-10-24 03:07:35	catching classes that do not inherit from BaseException is not allowed
css selector: table > tbody > tr > td:nth-child(2) > span > a
value : None



2018-10-24 03:09:29	catching classes that do not inherit from BaseException is not allowed
css selector: table > tbody > tr > td:nth-child(2) > span > a
value : None



2018-10-24 03:12:32	catching classes that do not inherit from BaseException is not allowed
css selector: table > tbody > tr > td:nth-child(2) > span > a
value : None



2018-10-24 03:13:40	catching classes that do not inherit from BaseException is not allowed
css selector: table > tbody > tr > td:nth-child(2) > span > a
value : None



2018-10-24 03:14:42	catching classes that do not inherit from BaseException is not allowed
css selector: table > tbody > tr > td:nth-child(2) > span > a
value : None



2018-10-24 03:15:53	catching classes that do not inherit from BaseException is not allowed
css selector: table > tbody > tr > td:nth-child(2) > span > a
value : None



2018-10-24 03:17:47	catching classes that do not inherit from BaseException is not allowed
xpath: //select
value : None



2018-10-24 03:18:48	catching classes that do not inherit from BaseException is not allowed
css selector: table > tbody > tr > td:nth-child(2) > span > a
value : None



2018-10-24 03:19:51	catching classes that do not inherit from BaseException is not allowed
css selector: table > tbody > tr > td:nth-child(2) > span > a
value : None



2018-10-24 03:20:49	catching classes that do not inherit from BaseException is not allowed
css selector: table > tbody > tr > td:nth-child(2) > span > a
value : None



2018-10-24 03:22:11	catching classes that do not inherit from BaseException is not allowed
css selector: table > tbody > tr > td:nth-child(2) > span > a
value : None



2018-10-24 03:23:11	catching classes that do not inherit from BaseException is not allowed
css selector: table > tbody > tr > td:nth-child(2) > span > a
value : None



2018-10-24 03:24:38	catching classes that do not inherit from BaseException is not allowed
css selector: table > tbody > tr > td:nth-child(2) > span > a
value : None



2018-10-24 03:26:59	catching classes that do not inherit from BaseException is not allowed
xpath: //select
value : None



2018-10-24 03:28:04	catching classes that do not inherit from BaseException is not allowed
css selector: table > tbody > tr > td:nth-child(2) > span > a
value : None



2018-10-24 03:29:59	catching classes that do not inherit from BaseException is not allowed
xpath: //select
value : None



2018-10-24 03:31:04	catching classes that do not inherit from BaseException is not allowed
css selector: table > tbody > tr > td:nth-child(2) > span > a
value : None



2018-10-24 03:32:03	catching classes that do not inherit from BaseException is not allowed
css selector: table > tbody > tr > td:nth-child(2) > span > a
value : None



2018-10-24 03:33:53	catching classes that do not inherit from BaseException is not allowed
css selector: table > tbody > tr > td:nth-child(2) > span > a
value : None



2018-10-24 03:34:57	catching classes that do not inherit from BaseException is not allowed
css selector: table > tbody > tr > td:nth-child(2) > span > a
value : None



2018-10-24 03:37:53	catching classes that do not inherit from BaseException is not allowed
css selector: table > tbody > tr > td:nth-child(2) > span > a
value : None



2018-10-24 03:39:02	catching classes that do not inherit from BaseException is not allowed
css selector: table > tbody > tr > td:nth-child(2) > span > a
value : None



2018-10-24 03:40:29	catching classes that do not inherit from BaseException is not allowed
css selector: table > tbody > tr > td:nth-child(2) > span > a
value : None



2018-10-24 03:41:28	catching classes that do not inherit from BaseException is not allowed
css selector: table > tbody > tr > td:nth-child(2) > span > a
value : None



2018-10-24 03:42:36	catching classes that do not inherit from BaseException is not allowed
css selector: table > tbody > tr > td:nth-child(2) > span > a
value : None



2018-10-24 03:44:06	catching classes that do not inherit from BaseException is not allowed
css selector: table > tbody > tr > td:nth-child(2) > span > a
value : None



2018-10-24 03:45:15	catching classes that do not inherit from BaseException is not allowed
css selector: table > tbody > tr > td:nth-child(2) > span > a
value : None



2018-10-24 03:46:24	catching classes that do not inherit from BaseException is not allowed
css selector: table > tbody > tr > td:nth-child(2) > span > a
value : None



2018-10-24 03:47:16	catching classes that do not inherit from BaseException is not allowed
css selector: table > tbody > tr > td:nth-child(2) > span > a
value : None



2018-10-24 03:48:19	catching classes that do not inherit from BaseException is not allowed
css selector: table > tbody > tr > td:nth-child(2) > span > a
value : None



2018-10-24 03:49:28	catching classes that do not inherit from BaseException is not allowed
css selector: table > tbody > tr > td:nth-child(2) > span > a
value : None



2018-10-24 03:50:42	catching classes that do not inherit from BaseException is not allowed
css selector: table > tbody > tr > td:nth-child(2) > span > a
value : None



2018-10-24 03:51:38	catching classes that do not inherit from BaseException is not allowed
css selector: table > tbody > tr > td:nth-child(2) > span > a
value : None



2018-10-24 03:52:40	catching classes that do not inherit from BaseException is not allowed
css selector: table > tbody > tr > td:nth-child(2) > span > a
value : None



2018-10-24 03:53:46	catching classes that do not inherit from BaseException is not allowed
css selector: table > tbody > tr > td:nth-child(2) > span > a
value : None



2018-10-24 03:54:48	catching classes that do not inherit from BaseException is not allowed
css selector: table > tbody > tr > td:nth-child(2) > span > a
value : None



2018-10-24 03:55:55	catching classes that do not inherit from BaseException is not allowed
css selector: table > tbody > tr > td:nth-child(2) > span > a
value : None



2018-10-24 03:57:47	catching classes that do not inherit from BaseException is not allowed
css selector: table > tbody > tr > td:nth-child(2) > span > a
value : None



2018-10-24 03:58:56	catching classes that do not inherit from BaseException is not allowed
css selector: table > tbody > tr > td:nth-child(2) > span > a
value : None



2018-10-24 03:59:56	catching classes that do not inherit from BaseException is not allowed
css selector: table > tbody > tr > td:nth-child(2) > span > a
value : None



2018-10-24 04:00:51	catching classes that do not inherit from BaseException is not allowed
css selector: table > tbody > tr > td:nth-child(2) > span > a
value : None



2018-10-24 04:02:18	catching classes that do not inherit from BaseException is not allowed
css selector: table > tbody > tr > td:nth-child(2) > span > a
value : None



2018-10-24 04:03:31	catching classes that do not inherit from BaseException is not allowed
css selector: table > tbody > tr > td:nth-child(2) > span > a
value : None



2018-10-24 04:05:29	catching classes that do not inherit from BaseException is not allowed
xpath: //select
value : None



2018-10-24 04:07:30	catching classes that do not inherit from BaseException is not allowed
css selector: table > tbody > tr > td:nth-child(2) > span > a
value : None



2018-10-24 04:08:31	catching classes that do not inherit from BaseException is not allowed
css selector: table > tbody > tr > td:nth-child(2) > span > a
value : None



2018-10-24 04:10:04	catching classes that do not inherit from BaseException is not allowed
css selector: table > tbody > tr > td:nth-child(2) > span > a
value : None



2018-10-24 04:11:13	catching classes that do not inherit from BaseException is not allowed
css selector: table > tbody > tr > td:nth-child(2) > span > a
value : None



2018-10-24 04:12:50	catching classes that do not inherit from BaseException is not allowed
css selector: table > tbody > tr > td:nth-child(2) > span > a
value : None



2018-10-24 04:14:08	catching classes that do not inherit from BaseException is not allowed
css selector: table > tbody > tr > td:nth-child(2) > span > a
value : None



2018-10-24 04:16:13	catching classes that do not inherit from BaseException is not allowed
css selector: table > tbody > tr > td:nth-child(2) > span > a
value : None



2018-10-24 04:18:05	catching classes that do not inherit from BaseException is not allowed
xpath: //select
value : None



2018-10-24 04:19:27	catching classes that do not inherit from BaseException is not allowed
css selector: table > tbody > tr > td:nth-child(2) > span > a
value : None



2018-10-24 04:21:00	catching classes that do not inherit from BaseException is not allowed
css selector: table > tbody > tr > td:nth-child(2) > span > a
value : None



2018-10-24 04:22:01	catching classes that do not inherit from BaseException is not allowed
css selector: table > tbody > tr > td:nth-child(2) > span > a
value : None



2018-10-24 04:23:04	catching classes that do not inherit from BaseException is not allowed
css selector: table > tbody > tr > td:nth-child(2) > span > a
value : None



2018-10-24 04:24:54	catching classes that do not inherit from BaseException is not allowed
css selector: table > tbody > tr > td:nth-child(2) > span > a
value : None



2018-10-24 04:25:56	catching classes that do not inherit from BaseException is not allowed
css selector: table > tbody > tr > td:nth-child(2) > span > a
value : None



2018-10-24 04:26:59	catching classes that do not inherit from BaseException is not allowed
css selector: table > tbody > tr > td:nth-child(2) > span > a
value : None



2018-10-24 04:28:29	catching classes that do not inherit from BaseException is not allowed
css selector: table > tbody > tr > td:nth-child(2) > span > a
value : None



2018-10-24 04:29:34	catching classes that do not inherit from BaseException is not allowed
css selector: table > tbody > tr > td:nth-child(2) > span > a
value : None



2018-10-24 04:32:15	catching classes that do not inherit from BaseException is not allowed
xpath: //select
value : None



2018-10-24 04:33:27	catching classes that do not inherit from BaseException is not allowed
css selector: table > tbody > tr > td:nth-child(2) > span > a
value : None



2018-10-24 04:35:38	catching classes that do not inherit from BaseException is not allowed
xpath: //select
value : None



2018-10-24 04:36:36	catching classes that do not inherit from BaseException is not allowed
css selector: table > tbody > tr > td:nth-child(2) > span > a
value : None



2018-10-24 04:37:39	catching classes that do not inherit from BaseException is not allowed
css selector: table > tbody > tr > td:nth-child(2) > span > a
value : None



2018-10-24 04:38:56	catching classes that do not inherit from BaseException is not allowed
css selector: table > tbody > tr > td:nth-child(2) > span > a
value : None



2018-10-24 04:40:20	catching classes that do not inherit from BaseException is not allowed
css selector: table > tbody > tr > td:nth-child(2) > span > a
value : None



2018-10-24 04:42:26	catching classes that do not inherit from BaseException is not allowed
css selector: table > tbody > tr > td:nth-child(2) > span > a
value : None



2018-10-24 04:43:33	catching classes that do not inherit from BaseException is not allowed
css selector: table > tbody > tr > td:nth-child(2) > span > a
value : None



2018-10-24 04:45:08	catching classes that do not inherit from BaseException is not allowed
css selector: table > tbody > tr > td:nth-child(2) > span > a
value : None



2018-10-24 04:46:10	catching classes that do not inherit from BaseException is not allowed
css selector: table > tbody > tr > td:nth-child(2) > span > a
value : None



2018-10-24 04:47:10	catching classes that do not inherit from BaseException is not allowed
css selector: table > tbody > tr > td:nth-child(2) > span > a
value : None



2018-10-24 04:48:18	catching classes that do not inherit from BaseException is not allowed
css selector: table > tbody > tr > td:nth-child(2) > span > a
value : None



2018-10-24 04:49:26	catching classes that do not inherit from BaseException is not allowed
css selector: table > tbody > tr > td:nth-child(2) > span > a
value : None



2018-10-24 04:51:34	catching classes that do not inherit from BaseException is not allowed
xpath: //select
value : None



2018-10-24 04:52:29	catching classes that do not inherit from BaseException is not allowed
css selector: table > tbody > tr > td:nth-child(2) > span > a
value : None



2018-10-24 04:53:30	catching classes that do not inherit from BaseException is not allowed
css selector: table > tbody > tr > td:nth-child(2) > span > a
value : None



2018-10-24 04:54:32	catching classes that do not inherit from BaseException is not allowed
css selector: table > tbody > tr > td:nth-child(2) > span > a
value : None



2018-10-24 04:56:10	catching classes that do not inherit from BaseException is not allowed
css selector: table > tbody > tr > td:nth-child(2) > span > a
value : None



2018-10-24 04:57:52	catching classes that do not inherit from BaseException is not allowed
css selector: table > tbody > tr > td:nth-child(2) > span > a
value : None



2018-10-24 04:58:56	catching classes that do not inherit from BaseException is not allowed
css selector: table > tbody > tr > td:nth-child(2) > span > a
value : None



2018-10-24 05:00:05	catching classes that do not inherit from BaseException is not allowed
css selector: table > tbody > tr > td:nth-child(2) > span > a
value : None



2018-10-24 05:01:06	catching classes that do not inherit from BaseException is not allowed
css selector: table > tbody > tr > td:nth-child(2) > span > a
value : None



2018-10-24 05:02:56	catching classes that do not inherit from BaseException is not allowed
css selector: table > tbody > tr > td:nth-child(2) > span > a
value : None



2018-10-24 05:05:07	catching classes that do not inherit from BaseException is not allowed
css selector: table > tbody > tr > td:nth-child(2) > span > a
value : None



2018-10-24 05:06:32	catching classes that do not inherit from BaseException is not allowed
css selector: table > tbody > tr > td:nth-child(2) > span > a
value : None



2018-10-24 05:07:31	catching classes that do not inherit from BaseException is not allowed
css selector: table > tbody > tr > td:nth-child(2) > span > a
value : None



2018-10-24 05:08:38	catching classes that do not inherit from BaseException is not allowed
css selector: table > tbody > tr > td:nth-child(2) > span > a
value : None



2018-10-24 05:10:00	catching classes that do not inherit from BaseException is not allowed
css selector: table > tbody > tr > td:nth-child(2) > span > a
value : None



2018-10-24 05:11:15	catching classes that do not inherit from BaseException is not allowed
css selector: table > tbody > tr > td:nth-child(2) > span > a
value : None



2018-10-24 05:13:02	catching classes that do not inherit from BaseException is not allowed
css selector: table > tbody > tr > td:nth-child(2) > span > a
value : None



2018-10-24 05:14:09	catching classes that do not inherit from BaseException is not allowed
css selector: table > tbody > tr > td:nth-child(2) > span > a
value : None



2018-10-24 05:15:24	catching classes that do not inherit from BaseException is not allowed
css selector: table > tbody > tr > td:nth-child(2) > span > a
value : None



2018-10-24 05:16:24	catching classes that do not inherit from BaseException is not allowed
css selector: table > tbody > tr > td:nth-child(2) > span > a
value : None



2018-10-24 05:17:26	catching classes that do not inherit from BaseException is not allowed
css selector: table > tbody > tr > td:nth-child(2) > span > a
value : None



2018-10-24 05:18:38	catching classes that do not inherit from BaseException is not allowed
css selector: table > tbody > tr > td:nth-child(2) > span > a
value : None



2018-10-24 05:19:36	catching classes that do not inherit from BaseException is not allowed
css selector: table > tbody > tr > td:nth-child(2) > span > a
value : None



2018-10-24 05:20:38	catching classes that do not inherit from BaseException is not allowed
css selector: table > tbody > tr > td:nth-child(2) > span > a
value : None



2018-10-24 05:21:41	catching classes that do not inherit from BaseException is not allowed
css selector: table > tbody > tr > td:nth-child(2) > span > a
value : None



2018-10-24 05:22:42	catching classes that do not inherit from BaseException is not allowed
css selector: table > tbody > tr > td:nth-child(2) > span > a
value : None



2018-10-24 05:23:51	catching classes that do not inherit from BaseException is not allowed
css selector: table > tbody > tr > td:nth-child(2) > span > a
value : None



2018-10-24 05:26:20	catching classes that do not inherit from BaseException is not allowed
xpath: //select
value : None



2018-10-24 05:27:25	catching classes that do not inherit from BaseException is not allowed
css selector: table > tbody > tr > td:nth-child(2) > span > a
value : None



2018-10-24 05:29:11	catching classes that do not inherit from BaseException is not allowed
css selector: table > tbody > tr > td:nth-child(2) > span > a
value : None



2018-10-24 05:30:38	catching classes that do not inherit from BaseException is not allowed
css selector: table > tbody > tr > td:nth-child(2) > span > a
value : None



2018-10-24 05:31:51	catching classes that do not inherit from BaseException is not allowed
css selector: table > tbody > tr > td:nth-child(2) > span > a
value : None



2018-10-24 05:32:53	catching classes that do not inherit from BaseException is not allowed
css selector: table > tbody > tr > td:nth-child(2) > span > a
value : None



2018-10-24 05:34:28	catching classes that do not inherit from BaseException is not allowed
css selector: table > tbody > tr > td:nth-child(2) > span > a
value : None



2018-10-24 05:36:03	catching classes that do not inherit from BaseException is not allowed
css selector: table > tbody > tr > td:nth-child(2) > span > a
value : None



2018-10-24 05:38:02	catching classes that do not inherit from BaseException is not allowed
css selector: table > tbody > tr > td:nth-child(2) > span > a
value : None



2018-10-24 05:39:10	catching classes that do not inherit from BaseException is not allowed
css selector: table > tbody > tr > td:nth-child(2) > span > a
value : None



2018-10-24 05:41:08	catching classes that do not inherit from BaseException is not allowed
xpath: //select
value : None



2018-10-24 05:42:01	catching classes that do not inherit from BaseException is not allowed
css selector: table > tbody > tr > td:nth-child(2) > span > a
value : None



2018-10-24 05:43:01	catching classes that do not inherit from BaseException is not allowed
css selector: table > tbody > tr > td:nth-child(2) > span > a
value : None



2018-10-24 05:44:45	catching classes that do not inherit from BaseException is not allowed
css selector: table > tbody > tr > td:nth-child(2) > span > a
value : None



2018-10-24 05:45:48	catching classes that do not inherit from BaseException is not allowed
css selector: table > tbody > tr > td:nth-child(2) > span > a
value : None



2018-10-24 05:47:20	catching classes that do not inherit from BaseException is not allowed
css selector: table > tbody > tr > td:nth-child(2) > span > a
value : None



2018-10-24 05:48:18	catching classes that do not inherit from BaseException is not allowed
css selector: table > tbody > tr > td:nth-child(2) > span > a
value : None



2018-10-24 05:49:18	catching classes that do not inherit from BaseException is not allowed
css selector: table > tbody > tr > td:nth-child(2) > span > a
value : None



2018-10-24 05:50:15	catching classes that do not inherit from BaseException is not allowed
css selector: table > tbody > tr > td:nth-child(2) > span > a
value : None



2018-10-24 05:51:13	catching classes that do not inherit from BaseException is not allowed
css selector: table > tbody > tr > td:nth-child(2) > span > a
value : None



2018-10-24 05:52:19	catching classes that do not inherit from BaseException is not allowed
css selector: table > tbody > tr > td:nth-child(2) > span > a
value : None



2018-10-24 05:53:59	catching classes that do not inherit from BaseException is not allowed
css selector: table > tbody > tr > td:nth-child(2) > span > a
value : None



2018-10-24 05:55:00	catching classes that do not inherit from BaseException is not allowed
css selector: table > tbody > tr > td:nth-child(2) > span > a
value : None



2018-10-24 05:56:08	catching classes that do not inherit from BaseException is not allowed
css selector: table > tbody > tr > td:nth-child(2) > span > a
value : None



2018-10-24 05:57:12	catching classes that do not inherit from BaseException is not allowed
css selector: table > tbody > tr > td:nth-child(2) > span > a
value : None



2018-10-24 05:58:35	catching classes that do not inherit from BaseException is not allowed
css selector: table > tbody > tr > td:nth-child(2) > span > a
value : None



2018-10-24 06:00:07	catching classes that do not inherit from BaseException is not allowed
css selector: table > tbody > tr > td:nth-child(2) > span > a
value : None



2018-10-24 06:02:40	catching classes that do not inherit from BaseException is not allowed
css selector: table > tbody > tr > td:nth-child(2) > span > a
value : None



2018-10-24 06:04:21	catching classes that do not inherit from BaseException is not allowed
css selector: table > tbody > tr > td:nth-child(2) > span > a
value : None



2018-10-24 06:06:27	catching classes that do not inherit from BaseException is not allowed
xpath: //select
value : None



2018-10-24 06:07:42	catching classes that do not inherit from BaseException is not allowed
css selector: table > tbody > tr > td:nth-child(2) > span > a
value : None



2018-10-24 06:08:40	catching classes that do not inherit from BaseException is not allowed
css selector: table > tbody > tr > td:nth-child(2) > span > a
value : None



2018-10-24 06:09:41	catching classes that do not inherit from BaseException is not allowed
css selector: table > tbody > tr > td:nth-child(2) > span > a
value : None



2018-10-24 06:10:46	catching classes that do not inherit from BaseException is not allowed
css selector: table > tbody > tr > td:nth-child(2) > span > a
value : None



2018-10-24 06:11:46	catching classes that do not inherit from BaseException is not allowed
css selector: table > tbody > tr > td:nth-child(2) > span > a
value : None



2018-10-24 06:12:45	catching classes that do not inherit from BaseException is not allowed
css selector: table > tbody > tr > td:nth-child(2) > span > a
value : None



2018-10-24 06:14:30	catching classes that do not inherit from BaseException is not allowed
css selector: table > tbody > tr > td:nth-child(2) > span > a
value : None



2018-10-24 06:15:36	catching classes that do not inherit from BaseException is not allowed
css selector: table > tbody > tr > td:nth-child(2) > span > a
value : None



2018-10-24 06:16:48	catching classes that do not inherit from BaseException is not allowed
css selector: table > tbody > tr > td:nth-child(2) > span > a
value : None



2018-10-24 06:18:26	catching classes that do not inherit from BaseException is not allowed
css selector: table > tbody > tr > td:nth-child(2) > span > a
value : None



2018-10-24 06:19:53	catching classes that do not inherit from BaseException is not allowed
css selector: table > tbody > tr > td:nth-child(2) > span > a
value : None



2018-10-24 06:20:59	catching classes that do not inherit from BaseException is not allowed
css selector: table > tbody > tr > td:nth-child(2) > span > a
value : None



2018-10-24 06:22:05	catching classes that do not inherit from BaseException is not allowed
css selector: table > tbody > tr > td:nth-child(2) > span > a
value : None



2018-10-24 06:23:16	catching classes that do not inherit from BaseException is not allowed
css selector: table > tbody > tr > td:nth-child(2) > span > a
value : None



2018-10-24 06:24:32	catching classes that do not inherit from BaseException is not allowed
css selector: table > tbody > tr > td:nth-child(2) > span > a
value : None



2018-10-24 06:25:58	catching classes that do not inherit from BaseException is not allowed
css selector: table > tbody > tr > td:nth-child(2) > span > a
value : None



2018-10-24 06:27:29	catching classes that do not inherit from BaseException is not allowed
css selector: table > tbody > tr > td:nth-child(2) > span > a
value : None



2018-10-24 06:28:35	catching classes that do not inherit from BaseException is not allowed
css selector: table > tbody > tr > td:nth-child(2) > span > a
value : None



2018-10-24 06:29:47	catching classes that do not inherit from BaseException is not allowed
css selector: table > tbody > tr > td:nth-child(2) > span > a
value : None



2018-10-24 06:31:14	catching classes that do not inherit from BaseException is not allowed
css selector: table > tbody > tr > td:nth-child(2) > span > a
value : None



2018-10-24 06:33:17	catching classes that do not inherit from BaseException is not allowed
xpath: //select
value : None



2018-10-24 06:34:26	catching classes that do not inherit from BaseException is not allowed
css selector: table > tbody > tr > td:nth-child(2) > span > a
value : None



2018-10-24 06:35:30	catching classes that do not inherit from BaseException is not allowed
css selector: table > tbody > tr > td:nth-child(2) > span > a
value : None



2018-10-24 06:37:12	catching classes that do not inherit from BaseException is not allowed
css selector: table > tbody > tr > td:nth-child(2) > span > a
value : None



2018-10-24 06:38:09	catching classes that do not inherit from BaseException is not allowed
css selector: table > tbody > tr > td:nth-child(2) > span > a
value : None



2018-10-24 06:39:21	catching classes that do not inherit from BaseException is not allowed
css selector: table > tbody > tr > td:nth-child(2) > span > a
value : None



2018-10-24 06:40:21	catching classes that do not inherit from BaseException is not allowed
css selector: table > tbody > tr > td:nth-child(2) > span > a
value : None



2018-10-24 06:41:28	catching classes that do not inherit from BaseException is not allowed
css selector: table > tbody > tr > td:nth-child(2) > span > a
value : None



2018-10-24 06:43:42	catching classes that do not inherit from BaseException is not allowed
xpath: //select
value : None



2018-10-24 06:45:17	catching classes that do not inherit from BaseException is not allowed
css selector: table > tbody > tr > td:nth-child(2) > span > a
value : None



2018-10-24 06:46:14	catching classes that do not inherit from BaseException is not allowed
css selector: table > tbody > tr > td:nth-child(2) > span > a
value : None



2018-10-24 06:47:47	catching classes that do not inherit from BaseException is not allowed
css selector: table > tbody > tr > td:nth-child(2) > span > a
value : None



2018-10-24 06:48:49	catching classes that do not inherit from BaseException is not allowed
css selector: table > tbody > tr > td:nth-child(2) > span > a
value : None



2018-10-24 06:50:21	catching classes that do not inherit from BaseException is not allowed
css selector: table > tbody > tr > td:nth-child(2) > span > a
value : None



2018-10-24 06:52:17	catching classes that do not inherit from BaseException is not allowed
xpath: //select
value : None



2018-10-24 06:54:35	catching classes that do not inherit from BaseException is not allowed
xpath: //select
value : None



2018-10-24 06:56:05	catching classes that do not inherit from BaseException is not allowed
css selector: table > tbody > tr > td:nth-child(2) > span > a
value : None



2018-10-24 06:57:11	catching classes that do not inherit from BaseException is not allowed
css selector: table > tbody > tr > td:nth-child(2) > span > a
value : None



2018-10-24 06:59:17	catching classes that do not inherit from BaseException is not allowed
xpath: //select
value : None



2018-10-24 07:01:02	catching classes that do not inherit from BaseException is not allowed
css selector: table > tbody > tr > td:nth-child(2) > span > a
value : None



2018-10-24 07:02:10	catching classes that do not inherit from BaseException is not allowed
css selector: table > tbody > tr > td:nth-child(2) > span > a
value : None



2018-10-24 07:03:28	catching classes that do not inherit from BaseException is not allowed
css selector: table > tbody > tr > td:nth-child(2) > span > a
value : None



2018-10-24 07:04:52	catching classes that do not inherit from BaseException is not allowed
css selector: table > tbody > tr > td:nth-child(2) > span > a
value : None



2018-10-24 07:06:15	catching classes that do not inherit from BaseException is not allowed
css selector: table > tbody > tr > td:nth-child(2) > span > a
value : None



2018-10-24 07:07:13	catching classes that do not inherit from BaseException is not allowed
css selector: table > tbody > tr > td:nth-child(2) > span > a
value : None



2018-10-24 07:09:10	catching classes that do not inherit from BaseException is not allowed
css selector: table > tbody > tr > td:nth-child(2) > span > a
value : None



2018-10-24 07:10:13	catching classes that do not inherit from BaseException is not allowed
css selector: table > tbody > tr > td:nth-child(2) > span > a
value : None



2018-10-24 07:12:03	catching classes that do not inherit from BaseException is not allowed
css selector: table > tbody > tr > td:nth-child(2) > span > a
value : None



2018-10-24 07:13:37	catching classes that do not inherit from BaseException is not allowed
css selector: table > tbody > tr > td:nth-child(2) > span > a
value : None



2018-10-24 07:14:35	catching classes that do not inherit from BaseException is not allowed
css selector: table > tbody > tr > td:nth-child(2) > span > a
value : None



2018-10-24 07:15:46	catching classes that do not inherit from BaseException is not allowed
css selector: table > tbody > tr > td:nth-child(2) > span > a
value : None



2018-10-24 07:16:45	catching classes that do not inherit from BaseException is not allowed
css selector: table > tbody > tr > td:nth-child(2) > span > a
value : None



2018-10-24 07:17:47	catching classes that do not inherit from BaseException is not allowed
css selector: table > tbody > tr > td:nth-child(2) > span > a
value : None



2018-10-24 07:19:18	catching classes that do not inherit from BaseException is not allowed
css selector: table > tbody > tr > td:nth-child(2) > span > a
value : None



2018-10-24 07:20:23	catching classes that do not inherit from BaseException is not allowed
css selector: table > tbody > tr > td:nth-child(2) > span > a
value : None



2018-10-24 07:21:26	catching classes that do not inherit from BaseException is not allowed
css selector: table > tbody > tr > td:nth-child(2) > span > a
value : None



2018-10-24 07:22:39	catching classes that do not inherit from BaseException is not allowed
css selector: table > tbody > tr > td:nth-child(2) > span > a
value : None



2018-10-24 07:24:00	catching classes that do not inherit from BaseException is not allowed
css selector: table > tbody > tr > td:nth-child(2) > span > a
value : None



2018-10-24 07:25:23	catching classes that do not inherit from BaseException is not allowed
css selector: table > tbody > tr > td:nth-child(2) > span > a
value : None



2018-10-24 07:26:26	catching classes that do not inherit from BaseException is not allowed
css selector: table > tbody > tr > td:nth-child(2) > span > a
value : None



2018-10-24 07:27:28	catching classes that do not inherit from BaseException is not allowed
css selector: table > tbody > tr > td:nth-child(2) > span > a
value : None



2018-10-24 07:28:27	catching classes that do not inherit from BaseException is not allowed
css selector: table > tbody > tr > td:nth-child(2) > span > a
value : None



2018-10-24 07:29:46	catching classes that do not inherit from BaseException is not allowed
css selector: table > tbody > tr > td:nth-child(2) > span > a
value : None



2018-10-24 07:31:50	catching classes that do not inherit from BaseException is not allowed
xpath: //select
value : None



2018-10-24 07:33:12	catching classes that do not inherit from BaseException is not allowed
css selector: table > tbody > tr > td:nth-child(2) > span > a
value : None



2018-10-24 07:34:36	catching classes that do not inherit from BaseException is not allowed
css selector: table > tbody > tr > td:nth-child(2) > span > a
value : None



2018-10-24 07:35:36	catching classes that do not inherit from BaseException is not allowed
css selector: table > tbody > tr > td:nth-child(2) > span > a
value : None



2018-10-24 07:36:42	catching classes that do not inherit from BaseException is not allowed
css selector: table > tbody > tr > td:nth-child(2) > span > a
value : None



2018-10-24 07:37:43	catching classes that do not inherit from BaseException is not allowed
css selector: table > tbody > tr > td:nth-child(2) > span > a
value : None



2018-10-24 07:39:50	catching classes that do not inherit from BaseException is not allowed
css selector: table > tbody > tr > td:nth-child(2) > span > a
value : None



2018-10-24 07:41:12	catching classes that do not inherit from BaseException is not allowed
css selector: table > tbody > tr > td:nth-child(2) > span > a
value : None



2018-10-24 07:42:43	catching classes that do not inherit from BaseException is not allowed
css selector: table > tbody > tr > td:nth-child(2) > span > a
value : None



2018-10-24 07:43:52	catching classes that do not inherit from BaseException is not allowed
css selector: table > tbody > tr > td:nth-child(2) > span > a
value : None



2018-10-24 07:45:16	catching classes that do not inherit from BaseException is not allowed
css selector: table > tbody > tr > td:nth-child(2) > span > a
value : None



2018-10-24 07:46:21	catching classes that do not inherit from BaseException is not allowed
css selector: table > tbody > tr > td:nth-child(2) > span > a
value : None



2018-10-24 07:48:17	catching classes that do not inherit from BaseException is not allowed
css selector: table > tbody > tr > td:nth-child(2) > span > a
value : None



2018-10-24 07:49:18	catching classes that do not inherit from BaseException is not allowed
css selector: table > tbody > tr > td:nth-child(2) > span > a
value : None



2018-10-24 07:50:17	catching classes that do not inherit from BaseException is not allowed
css selector: table > tbody > tr > td:nth-child(2) > span > a
value : None



2018-10-24 07:51:39	catching classes that do not inherit from BaseException is not allowed
css selector: table > tbody > tr > td:nth-child(2) > span > a
value : None



2018-10-24 07:53:05	catching classes that do not inherit from BaseException is not allowed
css selector: table > tbody > tr > td:nth-child(2) > span > a
value : None



2018-10-24 07:54:03	catching classes that do not inherit from BaseException is not allowed
css selector: table > tbody > tr > td:nth-child(2) > span > a
value : None



2018-10-24 07:55:04	catching classes that do not inherit from BaseException is not allowed
css selector: table > tbody > tr > td:nth-child(2) > span > a
value : None



2018-10-24 07:56:01	catching classes that do not inherit from BaseException is not allowed
css selector: table > tbody > tr > td:nth-child(2) > span > a
value : None



2018-10-24 07:57:08	catching classes that do not inherit from BaseException is not allowed
css selector: table > tbody > tr > td:nth-child(2) > span > a
value : None



2018-10-24 07:58:11	catching classes that do not inherit from BaseException is not allowed
css selector: table > tbody > tr > td:nth-child(2) > span > a
value : None



2018-10-24 07:59:36	catching classes that do not inherit from BaseException is not allowed
css selector: table > tbody > tr > td:nth-child(2) > span > a
value : None



2018-10-24 08:00:37	catching classes that do not inherit from BaseException is not allowed
css selector: table > tbody > tr > td:nth-child(2) > span > a
value : None



2018-10-24 08:01:41	catching classes that do not inherit from BaseException is not allowed
css selector: table > tbody > tr > td:nth-child(2) > span > a
value : None



2018-10-24 08:02:42	catching classes that do not inherit from BaseException is not allowed
css selector: table > tbody > tr > td:nth-child(2) > span > a
value : None



2018-10-24 08:04:10	catching classes that do not inherit from BaseException is not allowed
css selector: table > tbody > tr > td:nth-child(2) > span > a
value : None



2018-10-24 08:05:30	catching classes that do not inherit from BaseException is not allowed
css selector: table > tbody > tr > td:nth-child(2) > span > a
value : None



2018-10-24 08:06:30	catching classes that do not inherit from BaseException is not allowed
css selector: table > tbody > tr > td:nth-child(2) > span > a
value : None



2018-10-24 08:08:22	catching classes that do not inherit from BaseException is not allowed
css selector: table > tbody > tr > td:nth-child(2) > span > a
value : None



2018-10-24 08:09:40	catching classes that do not inherit from BaseException is not allowed
css selector: table > tbody > tr > td:nth-child(2) > span > a
value : None



2018-10-24 08:10:59	catching classes that do not inherit from BaseException is not allowed
css selector: table > tbody > tr > td:nth-child(2) > span > a
value : None



2018-10-24 08:12:01	catching classes that do not inherit from BaseException is not allowed
css selector: table > tbody > tr > td:nth-child(2) > span > a
value : None



2018-10-24 08:13:06	catching classes that do not inherit from BaseException is not allowed
css selector: table > tbody > tr > td:nth-child(2) > span > a
value : None



2018-10-24 08:14:35	catching classes that do not inherit from BaseException is not allowed
css selector: table > tbody > tr > td:nth-child(2) > span > a
value : None



2018-10-24 08:15:34	catching classes that do not inherit from BaseException is not allowed
css selector: table > tbody > tr > td:nth-child(2) > span > a
value : None



2018-10-24 08:16:38	catching classes that do not inherit from BaseException is not allowed
css selector: table > tbody > tr > td:nth-child(2) > span > a
value : None



2018-10-24 08:17:38	catching classes that do not inherit from BaseException is not allowed
css selector: table > tbody > tr > td:nth-child(2) > span > a
value : None



2018-10-24 08:18:38	catching classes that do not inherit from BaseException is not allowed
css selector: table > tbody > tr > td:nth-child(2) > span > a
value : None



2018-10-24 08:20:09	catching classes that do not inherit from BaseException is not allowed
css selector: table > tbody > tr > td:nth-child(2) > span > a
value : None



2018-10-24 08:21:24	catching classes that do not inherit from BaseException is not allowed
css selector: table > tbody > tr > td:nth-child(2) > span > a
value : None



2018-10-24 08:22:25	catching classes that do not inherit from BaseException is not allowed
css selector: table > tbody > tr > td:nth-child(2) > span > a
value : None



2018-10-24 08:23:54	catching classes that do not inherit from BaseException is not allowed
css selector: table > tbody > tr > td:nth-child(2) > span > a
value : None



2018-10-24 08:24:56	catching classes that do not inherit from BaseException is not allowed
css selector: table > tbody > tr > td:nth-child(2) > span > a
value : None



2018-10-24 08:25:56	catching classes that do not inherit from BaseException is not allowed
css selector: table > tbody > tr > td:nth-child(2) > span > a
value : None



2018-10-24 08:26:58	catching classes that do not inherit from BaseException is not allowed
css selector: table > tbody > tr > td:nth-child(2) > span > a
value : None



2018-10-24 08:28:03	catching classes that do not inherit from BaseException is not allowed
css selector: table > tbody > tr > td:nth-child(2) > span > a
value : None



2018-10-24 08:29:06	catching classes that do not inherit from BaseException is not allowed
css selector: table > tbody > tr > td:nth-child(2) > span > a
value : None



2018-10-24 08:30:31	catching classes that do not inherit from BaseException is not allowed
css selector: table > tbody > tr > td:nth-child(2) > span > a
value : None



2018-10-24 08:32:23	catching classes that do not inherit from BaseException is not allowed
css selector: table > tbody > tr > td:nth-child(2) > span > a
value : None



2018-10-24 08:33:22	catching classes that do not inherit from BaseException is not allowed
css selector: table > tbody > tr > td:nth-child(2) > span > a
value : None



2018-10-24 08:34:52	catching classes that do not inherit from BaseException is not allowed
css selector: table > tbody > tr > td:nth-child(2) > span > a
value : None



2018-10-24 08:35:58	catching classes that do not inherit from BaseException is not allowed
css selector: table > tbody > tr > td:nth-child(2) > span > a
value : None



2018-10-24 08:37:12	catching classes that do not inherit from BaseException is not allowed
css selector: table > tbody > tr > td:nth-child(2) > span > a
value : None



2018-10-24 08:38:16	catching classes that do not inherit from BaseException is not allowed
css selector: table > tbody > tr > td:nth-child(2) > span > a
value : None



2018-10-24 08:39:22	catching classes that do not inherit from BaseException is not allowed
css selector: table > tbody > tr > td:nth-child(2) > span > a
value : None



2018-10-24 08:41:22	catching classes that do not inherit from BaseException is not allowed
css selector: table > tbody > tr > td:nth-child(2) > span > a
value : None



2018-10-24 08:42:27	catching classes that do not inherit from BaseException is not allowed
css selector: table > tbody > tr > td:nth-child(2) > span > a
value : None



2018-10-24 08:44:31	catching classes that do not inherit from BaseException is not allowed
xpath: //select
value : None



2018-10-24 08:47:03	catching classes that do not inherit from BaseException is not allowed
xpath: //select
value : None



2018-10-24 08:48:38	catching classes that do not inherit from BaseException is not allowed
css selector: table > tbody > tr > td:nth-child(2) > span > a
value : None



2018-10-24 08:50:04	catching classes that do not inherit from BaseException is not allowed
css selector: table > tbody > tr > td:nth-child(2) > span > a
value : None



2018-10-24 08:51:11	catching classes that do not inherit from BaseException is not allowed
css selector: table > tbody > tr > td:nth-child(2) > span > a
value : None



2018-10-24 08:52:37	catching classes that do not inherit from BaseException is not allowed
css selector: table > tbody > tr > td:nth-child(2) > span > a
value : None



2018-10-24 08:54:04	catching classes that do not inherit from BaseException is not allowed
css selector: table > tbody > tr > td:nth-child(2) > span > a
value : None



2018-10-24 08:55:13	catching classes that do not inherit from BaseException is not allowed
css selector: table > tbody > tr > td:nth-child(2) > span > a
value : None



2018-10-24 08:58:05	catching classes that do not inherit from BaseException is not allowed
xpath: //select
value : None



2018-10-24 08:59:07	catching classes that do not inherit from BaseException is not allowed
css selector: table > tbody > tr > td:nth-child(2) > span > a
value : None



2018-10-24 09:00:10	catching classes that do not inherit from BaseException is not allowed
css selector: table > tbody > tr > td:nth-child(2) > span > a
value : None



2018-10-24 16:19:17	catching classes that do not inherit from BaseException is not allowed
id: ctl00_SiteContentPlaceHolder_ucLocation_ddlLocation
value : None



2018-10-24 16:19:44	catching classes that do not inherit from BaseException is not allowed
id: ctl00_SiteContentPlaceHolder_ucLocation_ddlLocation
value : None



2018-10-24 16:20:11	catching classes that do not inherit from BaseException is not allowed
id: ctl00_SiteContentPlaceHolder_ucLocation_ddlLocation
value : None



2018-10-24 16:20:37	catching classes that do not inherit from BaseException is not allowed
id: ctl00_SiteContentPlaceHolder_ucLocation_ddlLocation
value : None



2018-10-24 16:21:10	catching classes that do not inherit from BaseException is not allowed
id: ctl00_SiteContentPlaceHolder_ucLocation_ddlLocation
value : None



2018-10-24 16:21:37	catching classes that do not inherit from BaseException is not allowed
id: ctl00_SiteContentPlaceHolder_ucLocation_ddlLocation
value : None



2018-10-24 16:22:07	catching classes that do not inherit from BaseException is not allowed
id: ctl00_SiteContentPlaceHolder_ucLocation_ddlLocation
value : None



2018-10-24 16:22:38	catching classes that do not inherit from BaseException is not allowed
id: ctl00_SiteContentPlaceHolder_ucLocation_ddlLocation
value : None



2018-10-24 16:23:07	catching classes that do not inherit from BaseException is not allowed
id: ctl00_SiteContentPlaceHolder_ucLocation_ddlLocation
value : None



2018-10-24 16:23:36	catching classes that do not inherit from BaseException is not allowed
id: ctl00_SiteContentPlaceHolder_ucLocation_ddlLocation
value : None



2018-10-24 16:24:05	catching classes that do not inherit from BaseException is not allowed
id: ctl00_SiteContentPlaceHolder_ucLocation_ddlLocation
value : None



2018-10-24 16:24:34	catching classes that do not inherit from BaseException is not allowed
id: ctl00_SiteContentPlaceHolder_ucLocation_ddlLocation
value : None



2018-10-24 16:25:07	catching classes that do not inherit from BaseException is not allowed
id: ctl00_SiteContentPlaceHolder_ucLocation_ddlLocation
value : None



2018-10-24 16:25:34	catching classes that do not inherit from BaseException is not allowed
id: ctl00_SiteContentPlaceHolder_ucLocation_ddlLocation
value : None



2018-10-24 16:26:00	catching classes that do not inherit from BaseException is not allowed
id: ctl00_SiteContentPlaceHolder_ucLocation_ddlLocation
value : None



2018-10-24 16:26:27	catching classes that do not inherit from BaseException is not allowed
id: ctl00_SiteContentPlaceHolder_ucLocation_ddlLocation
value : None



2018-10-24 16:26:54	catching classes that do not inherit from BaseException is not allowed
id: ctl00_SiteContentPlaceHolder_ucLocation_ddlLocation
value : None



2018-10-24 16:27:29	catching classes that do not inherit from BaseException is not allowed
id: ctl00_SiteContentPlaceHolder_ucLocation_ddlLocation
value : None



2018-10-24 16:27:56	catching classes that do not inherit from BaseException is not allowed
id: ctl00_SiteContentPlaceHolder_ucLocation_ddlLocation
value : None



2018-10-24 16:28:25	catching classes that do not inherit from BaseException is not allowed
id: ctl00_SiteContentPlaceHolder_ucLocation_ddlLocation
value : None



2018-10-24 16:28:51	catching classes that do not inherit from BaseException is not allowed
id: ctl00_SiteContentPlaceHolder_ucLocation_ddlLocation
value : None



2018-10-24 16:29:18	catching classes that do not inherit from BaseException is not allowed
id: ctl00_SiteContentPlaceHolder_ucLocation_ddlLocation
value : None



2018-10-24 16:29:56	catching classes that do not inherit from BaseException is not allowed
id: ctl00_SiteContentPlaceHolder_ucLocation_ddlLocation
value : None



2018-10-24 16:30:24	catching classes that do not inherit from BaseException is not allowed
id: ctl00_SiteContentPlaceHolder_ucLocation_ddlLocation
value : None



2018-10-24 16:30:53	catching classes that do not inherit from BaseException is not allowed
id: ctl00_SiteContentPlaceHolder_ucLocation_ddlLocation
value : None



2018-10-24 16:31:24	catching classes that do not inherit from BaseException is not allowed
id: ctl00_SiteContentPlaceHolder_ucLocation_ddlLocation
value : None



2018-10-24 16:31:50	catching classes that do not inherit from BaseException is not allowed
id: ctl00_SiteContentPlaceHolder_ucLocation_ddlLocation
value : None



2018-10-24 16:32:19	catching classes that do not inherit from BaseException is not allowed
id: ctl00_SiteContentPlaceHolder_ucLocation_ddlLocation
value : None



2018-10-24 16:32:45	catching classes that do not inherit from BaseException is not allowed
id: ctl00_SiteContentPlaceHolder_ucLocation_ddlLocation
value : None



2018-10-24 16:33:12	catching classes that do not inherit from BaseException is not allowed
id: ctl00_SiteContentPlaceHolder_ucLocation_ddlLocation
value : None



2018-10-24 16:33:50	catching classes that do not inherit from BaseException is not allowed
id: ctl00_SiteContentPlaceHolder_ucLocation_ddlLocation
value : None



2018-10-24 16:34:18	catching classes that do not inherit from BaseException is not allowed
id: ctl00_SiteContentPlaceHolder_ucLocation_ddlLocation
value : None



2018-10-24 16:34:45	catching classes that do not inherit from BaseException is not allowed
id: ctl00_SiteContentPlaceHolder_ucLocation_ddlLocation
value : None



2018-10-24 16:35:11	catching classes that do not inherit from BaseException is not allowed
id: ctl00_SiteContentPlaceHolder_ucLocation_ddlLocation
value : None



2018-10-24 16:35:38	catching classes that do not inherit from BaseException is not allowed
id: ctl00_SiteContentPlaceHolder_ucLocation_ddlLocation
value : None



2018-10-24 17:55:31	catching classes that do not inherit from BaseException is not allowed
id: ctl00_SiteContentPlaceHolder_ucLocation_ddlLocation
value : None



2018-10-24 17:56:01	catching classes that do not inherit from BaseException is not allowed
id: ctl00_SiteContentPlaceHolder_ucLocation_ddlLocation
value : None



2018-10-24 17:58:15	catching classes that do not inherit from BaseException is not allowed
id: ctl00_SiteContentPlaceHolder_ucLocation_ddlLocation
value : None



2018-10-24 18:04:20	catching classes that do not inherit from BaseException is not allowed
id: ctl00_SiteContentPlaceHolder_ucLocation_ddlLocation
value : None



2018-10-24 18:04:53	catching classes that do not inherit from BaseException is not allowed
id: ctl00_SiteContentPlaceHolder_ucLocation_ddlLocation
value : None



2018-10-24 18:13:08	catching classes that do not inherit from BaseException is not allowed
id: ctl00_SiteContentPlaceHolder_ucLocation_ddlLocation
value : None



2018-10-24 18:20:00	catching classes that do not inherit from BaseException is not allowed
id: ctl00_SiteContentPlaceHolder_ucLocation_ddlLocation
value : None



2018-10-24 18:22:16	Message: element not interactable
  (Session info: headless chrome=69.0.3497.100)
  (Driver info: chromedriver=2.42.591088 (7b2b2dca23cca0862f674758c9a3933e685c27d5),platform=Windows NT 6.1.7601 SP1 x86_64)

id: ctl00_SiteContentPlaceHolder_FormView1_ValidationSummary
value : None



2018-10-24 18:22:51	catching classes that do not inherit from BaseException is not allowed
id: ctl00_SiteContentPlaceHolder_FormView1_rblRemovalHearing_1
value : None



2018-10-24 18:23:03	catching classes that do not inherit from BaseException is not allowed
id: ctl00_SiteContentPlaceHolder_FormView1_rblAttWoReimb_1
value : None



