2018-10-21 06:36:35	Message: stale element reference: element is not attached to the page document
  (Session info: chrome=69.0.3497.100)
  (Driver info: chromedriver=2.42.591088 (7b2b2dca23cca0862f674758c9a3933e685c27d5),platform=Windows NT 6.1.7601 SP1 x86_64)

id: ctl00_SiteContentPlaceHolder_FormView1_rblMOTHER_LIVE_IN_US_IND_1
value : None



2018-10-21 06:38:56	Message: stale element reference: element is not attached to the page document
  (Session info: chrome=69.0.3497.100)
  (Driver info: chromedriver=2.42.591088 (7b2b2dca23cca0862f674758c9a3933e685c27d5),platform=Windows NT 6.1.7601 SP1 x86_64)

id: ctl00_SiteContentPlaceHolder_FormView1_ddlPPT_EXPIRE_DTEDay
value : 27



2018-10-21 06:39:48	Message: stale element reference: element is not attached to the page document
  (Session info: chrome=69.0.3497.100)
  (Driver info: chromedriver=2.42.591088 (7b2b2dca23cca0862f674758c9a3933e685c27d5),platform=Windows NT 6.1.7601 SP1 x86_64)

id: ctl00_SiteContentPlaceHolder_FormView1_rblMOTHER_LIVE_IN_US_IND_1
value : None



2018-10-21 07:08:41	Message: stale element reference: element is not attached to the page document
  (Session info: chrome=69.0.3497.100)
  (Driver info: chromedriver=2.42.591088 (7b2b2dca23cca0862f674758c9a3933e685c27d5),platform=Windows NT 6.1.7601 SP1 x86_64)

id: ctl00_SiteContentPlaceHolder_FormView1_tbxPPT_EXPIREYear
value : 2021



2018-10-21 07:09:44	Message: stale element reference: element is not attached to the page document
  (Session info: chrome=69.0.3497.100)
  (Driver info: chromedriver=2.42.591088 (7b2b2dca23cca0862f674758c9a3933e685c27d5),platform=Windows NT 6.1.7601 SP1 x86_64)

id: ctl00_SiteContentPlaceHolder_FormView1_tbxPayerSurname
value : Chen



