2018-10-18 09:39:15	catching classes that do not inherit from BaseException is not allowed
id: ctl00_SiteContentPlaceHolder_UpdateButton3
value : None



2018-10-18 09:42:20	catching classes that do not inherit from BaseException is not allowed
css selector: .error > li
value : None



2018-10-18 09:43:07	Message: stale element reference: element is not attached to the page document
  (Session info: chrome=69.0.3497.100)
  (Driver info: chromedriver=2.42.591088 (7b2b2dca23cca0862f674758c9a3933e685c27d5),platform=Windows NT 6.1.7601 SP1 x86_64)

id: ctl00_SiteContentPlaceHolder_FormView1_tbxPPT_EXPIREYear
value : 2028



2018-10-18 10:31:17	(1064, "You have an error in your SQL syntax; check the manual that corresponds to your MySQL server version for the right syntax to use near '|&', ap.status='6', ap.ques='以前的工作:|公司名只能为:A-Z|0-9|'|-|&' ' at line 1")
以前的工作:|公司名只能为:A-Z|0-9|'|-|&

2018-10-18 10:31:19	Message: unknown error: Element <input name="ctl00$SiteContentPlaceHolder$FormView1$dtlPrevEduc$ctl00$tbxSchoolAddr2" type="text" maxlength="40" id="ctl00_SiteContentPlaceHolder_FormView1_dtlPrevEduc_ctl00_tbxSchoolAddr2" tabindex="401" onchange="javascript:setDirty(); javascript:setDirty(); javascript:setDirty();" style="width:95%;"> is not clickable at point (379, 24). Other element would receive the click: <div class="field-group callout wadd" style="width: 310px">...</div>
  (Session info: chrome=69.0.3497.100)
  (Driver info: chromedriver=2.42.591088 (7b2b2dca23cca0862f674758c9a3933e685c27d5),platform=Windows NT 6.1.7601 SP1 x86_64)

id: ctl00_SiteContentPlaceHolder_FormView1_dtlPrevEduc_ctl00_tbxSchoolAddr2
value : None



2018-10-18 10:31:34	(1064, "You have an error in your SQL syntax; check the manual that corresponds to your MySQL server version for the right syntax to use near '|&|机构名称未填|街道地址未填|城市未填|州/省尚未填|邮编未' at line 1")
以前的工作:|公司名只能为:A-Z|0-9|'|-|&|机构名称未填|街道地址未填|城市未填|州/省尚未填|邮编未填|国家/地区尚未选|课程名未填|入学时间未填|毕业时间未填

2018-10-18 10:31:44	(1064, "You have an error in your SQL syntax; check the manual that corresponds to your MySQL server version for the right syntax to use near '|&|机构名称未填|街道地址未填|城市未填|州/省尚未填|邮编未' at line 1")
以前的工作:|公司名只能为:A-Z|0-9|'|-|&|机构名称未填|街道地址未填|城市未填|州/省尚未填|邮编未填|国家/地区尚未选|课程名未填|入学时间未填|毕业时间未填

2018-10-18 10:32:01	Message: no such window: target window already closed
from unknown error: web view not found
  (Session info: chrome=69.0.3497.100)
  (Driver info: chromedriver=2.42.591088 (7b2b2dca23cca0862f674758c9a3933e685c27d5),platform=Windows NT 6.1.7601 SP1 x86_64)

id: ctl00_SiteContentPlaceHolder_FormView1_dtlPrevEduc_ctl02_tbxSchoolFromYear
value : 1986



2018-10-18 10:35:33	(1064, "You have an error in your SQL syntax; check the manual that corresponds to your MySQL server version for the right syntax to use near '|&', ap.status='6', ap.ques='以前的工作:|公司名只能为:A-Z|0-9|'|-|&' ' at line 1")
以前的工作:|公司名只能为:A-Z|0-9|'|-|&

2018-10-18 10:35:50	(1064, "You have an error in your SQL syntax; check the manual that corresponds to your MySQL server version for the right syntax to use near '|&|机构名称未填|街道地址未填|城市未填|州/省尚未填|邮编未' at line 1")
以前的工作:|公司名只能为:A-Z|0-9|'|-|&|机构名称未填|街道地址未填|城市未填|州/省尚未填|邮编未填|国家/地区尚未选|课程名未填|入学时间未填|毕业时间未填|街道地址未填|城市未填|州/省尚未填|邮编未填|国家/地区尚未选|课程名未填|入学时间未填|毕业时间未填

2018-10-18 10:36:10	catching classes that do not inherit from BaseException is not allowed
id: ctl00_SiteContentPlaceHolder_FormView1_dtlPrevEduc_ctl00_ddlSchoolCountry
value : None



2018-10-18 10:39:08	Message: stale element reference: element is not attached to the page document
  (Session info: chrome=69.0.3497.100)
  (Driver info: chromedriver=2.42.591088 (7b2b2dca23cca0862f674758c9a3933e685c27d5),platform=Windows NT 6.1.7601 SP1 x86_64)

id: ctl00_SiteContentPlaceHolder_FormView1_tbxPPT_EXPIREYear
value : 2028



2018-10-18 10:46:31	(1064, "You have an error in your SQL syntax; check the manual that corresponds to your MySQL server version for the right syntax to use near '|&', ap.conditions='1', ap.ques='以前的工作:|公司名只能为:A-Z|0-9|'|-' at line 1")
以前的工作:|公司名只能为:A-Z|0-9|'|-|&

2018-10-18 10:46:33	Message: unknown error: Element <input name="ctl00$SiteContentPlaceHolder$FormView1$dtlPrevEduc$ctl00$tbxSchoolAddr2" type="text" maxlength="40" id="ctl00_SiteContentPlaceHolder_FormView1_dtlPrevEduc_ctl00_tbxSchoolAddr2" tabindex="401" onchange="javascript:setDirty(); javascript:setDirty(); javascript:setDirty();" style="width:95%;"> is not clickable at point (379, 471). Other element would receive the click: <input name="ctl00$SiteContentPlaceHolder$FormView1$dtlPrevEduc$ctl00$tbxSchoolCity" type="text" value="Yueyang" maxlength="20" id="ctl00_SiteContentPlaceHolder_FormView1_dtlPrevEduc_ctl00_tbxSchoolCity" tabindex="401" onchange="javascript:setDirty(); javascript:setDirty(); javascript:setDirty();" style="width:95%;">
  (Session info: chrome=69.0.3497.100)
  (Driver info: chromedriver=2.42.591088 (7b2b2dca23cca0862f674758c9a3933e685c27d5),platform=Windows NT 6.1.7601 SP1 x86_64)

id: ctl00_SiteContentPlaceHolder_FormView1_dtlPrevEduc_ctl00_tbxSchoolAddr2
value : None



2018-10-18 10:48:13	(1064, "You have an error in your SQL syntax; check the manual that corresponds to your MySQL server version for the right syntax to use near '|&', ap.conditions='1', ap.ques='以前的工作:|公司名只能为:A-Z|0-9|'|-' at line 1")
以前的工作:|公司名只能为:A-Z|0-9|'|-|&

2018-10-18 10:48:15	Message: unknown error: Element <input name="ctl00$SiteContentPlaceHolder$FormView1$dtlPrevEduc$ctl00$tbxSchoolAddr2" type="text" maxlength="40" id="ctl00_SiteContentPlaceHolder_FormView1_dtlPrevEduc_ctl00_tbxSchoolAddr2" tabindex="401" onchange="javascript:setDirty(); javascript:setDirty(); javascript:setDirty();" style="width:95%;"> is not clickable at point (379, 330). Other element would receive the click: <div class="field full" style="padding-bottom: 0%">...</div>
  (Session info: chrome=69.0.3497.100)
  (Driver info: chromedriver=2.42.591088 (7b2b2dca23cca0862f674758c9a3933e685c27d5),platform=Windows NT 6.1.7601 SP1 x86_64)

id: ctl00_SiteContentPlaceHolder_FormView1_dtlPrevEduc_ctl00_tbxSchoolAddr2
value : None



2018-10-18 10:49:06	(1064, "You have an error in your SQL syntax; check the manual that corresponds to your MySQL server version for the right syntax to use near '|&', ap.conditions='1', ap.ques='以前的工作:|公司名只能为:A-Z|0-9|'|-' at line 1")
以前的工作:|公司名只能为:A-Z|0-9|'|-|&

2018-10-18 10:49:23	(1064, "You have an error in your SQL syntax; check the manual that corresponds to your MySQL server version for the right syntax to use near '|&|街道地址未填|城市未填|州/省尚未填|邮编未填|国家/地区' at line 1")
以前的工作:|公司名只能为:A-Z|0-9|'|-|&|街道地址未填|城市未填|州/省尚未填|邮编未填|国家/地区尚未选|课程名未填|入学时间未填|毕业时间未填|街道地址未填|城市未填|州/省尚未填|邮编未填|国家/地区尚未选|课程名未填|入学时间未填|毕业时间未填

2018-10-18 10:49:43	(1064, "You have an error in your SQL syntax; check the manual that corresponds to your MySQL server version for the right syntax to use near '|&|街道地址未填|城市未填|州/省尚未填|邮编未填|国家/地区' at line 1")
以前的工作:|公司名只能为:A-Z|0-9|'|-|&|街道地址未填|城市未填|州/省尚未填|邮编未填|国家/地区尚未选|课程名未填|入学时间未填|毕业时间未填|街道地址未填|城市未填|州/省尚未填|邮编未填|国家/地区尚未选|课程名未填|入学时间未填|毕业时间未填|机构名称未填|街道地址未填|城市未填|州/省尚未填|邮编未填|国家/地区尚未选|课程名未填|入学时间未填|毕业时间未填|街道地址未填|城市未填|州/省尚未填|邮编未填|国家/地区尚未选|课程名未填|入学时间未填|毕业时间未填

2018-10-18 10:49:46	Message: unknown error: Element <input name="ctl00$SiteContentPlaceHolder$FormView1$dtlPrevEduc$ctl00$tbxSchoolAddr2" type="text" maxlength="40" id="ctl00_SiteContentPlaceHolder_FormView1_dtlPrevEduc_ctl00_tbxSchoolAddr2" tabindex="401" onchange="javascript:setDirty(); javascript:setDirty();" style="width:95%;"> is not clickable at point (379, 656). Other element would receive the click: <div class="field-group callout wadd" style="width: 310px">...</div>
  (Session info: chrome=69.0.3497.100)
  (Driver info: chromedriver=2.42.591088 (7b2b2dca23cca0862f674758c9a3933e685c27d5),platform=Windows NT 6.1.7601 SP1 x86_64)

id: ctl00_SiteContentPlaceHolder_FormView1_dtlPrevEduc_ctl00_tbxSchoolAddr2
value : None



2018-10-18 10:57:31	catching classes that do not inherit from BaseException is not allowed
css selector: .error > li
value : None



2018-10-18 12:05:26	catching classes that do not inherit from BaseException is not allowed
css selector: .error > li
value : None



2018-10-18 14:51:54	Message: stale element reference: element is not attached to the page document
  (Session info: chrome=69.0.3497.100)
  (Driver info: chromedriver=2.42.591088 (7b2b2dca23cca0862f674758c9a3933e685c27d5),platform=Windows NT 6.1.7601 SP1 x86_64)

id: ctl00_SiteContentPlaceHolder_FormView1_tbxPPT_EXPIREYear
value : 2028



2018-10-18 14:52:50	Message: stale element reference: element is not attached to the page document
  (Session info: chrome=69.0.3497.100)
  (Driver info: chromedriver=2.42.591088 (7b2b2dca23cca0862f674758c9a3933e685c27d5),platform=Windows NT 6.1.7601 SP1 x86_64)

id: ctl00_SiteContentPlaceHolder_FormView1_rblMOTHER_LIVE_IN_US_IND_1
value : None



2018-10-18 14:55:16	catching classes that do not inherit from BaseException is not allowed
id: ctl00_SiteContentPlaceHolder_FormView1_dtlPrevEmpl_ctl00_ddlEmpDateToMonth
value : FEB



2018-10-18 15:17:57	catching classes that do not inherit from BaseException is not allowed
xpath: //select
value : None



2018-10-18 15:19:15	catching classes that do not inherit from BaseException is not allowed
css selector: .error > li
value : None



2018-10-18 15:26:03	catching classes that do not inherit from BaseException is not allowed
css selector: .error > li
value : None



2018-10-18 17:18:21	catching classes that do not inherit from BaseException is not allowed
css selector: .error > li
value : None



2018-10-18 17:19:31	catching classes that do not inherit from BaseException is not allowed
css selector: .error > li
value : None



2018-10-18 17:54:43	Message: stale element reference: element is not attached to the page document
  (Session info: chrome=69.0.3497.100)
  (Driver info: chromedriver=2.42.591088 (7b2b2dca23cca0862f674758c9a3933e685c27d5),platform=Windows NT 6.1.7601 SP1 x86_64)

id: ctl00_SiteContentPlaceHolder_FormView1_tbxPPT_EXPIREYear
value : 2020



