2018-10-27 09:52:22	catching classes that do not inherit from BaseException is not allowed
id: ctl00_SiteContentPlaceHolder_ucLocation_ddlLocation
value : None



2018-10-27 09:53:22	catching classes that do not inherit from BaseException is not allowed
id: ctl00_SiteContentPlaceHolder_ucLocation_ddlLocation
value : None



2018-10-27 09:54:00	Message: unknown error: Element <a id="ctl00_SiteContentPlaceHolder_lnkNew" disabled="disabled">...</a> is not clickable at point (606, 622). Other element would receive the click: <div class="bubble_middle" style="direction:ltr;">...</div>
  (Session info: chrome=69.0.3497.100)
  (Driver info: chromedriver=2.42.591088 (7b2b2dca23cca0862f674758c9a3933e685c27d5),platform=Windows NT 6.1.7601 SP1 x86_64)

id: ctl00_SiteContentPlaceHolder_lnkNew
value : None



2018-10-27 09:54:06	Message: unknown error: Element <a id="ctl00_SiteContentPlaceHolder_lnkNew" disabled="disabled">...</a> is not clickable at point (606, 622). Other element would receive the click: <div class="bubble_middle" style="direction:ltr;">...</div>
  (Session info: chrome=69.0.3497.100)
  (Driver info: chromedriver=2.42.591088 (7b2b2dca23cca0862f674758c9a3933e685c27d5),platform=Windows NT 6.1.7601 SP1 x86_64)

id: ctl00_SiteContentPlaceHolder_lnkNew
value : None



2018-10-27 09:54:11	Message: unknown error: Element <a id="ctl00_SiteContentPlaceHolder_lnkNew" disabled="disabled">...</a> is not clickable at point (606, 622). Other element would receive the click: <div class="bubble_middle" style="direction:ltr;">...</div>
  (Session info: chrome=69.0.3497.100)
  (Driver info: chromedriver=2.42.591088 (7b2b2dca23cca0862f674758c9a3933e685c27d5),platform=Windows NT 6.1.7601 SP1 x86_64)

id: ctl00_SiteContentPlaceHolder_lnkNew
value : None



2018-10-27 09:55:46	catching classes that do not inherit from BaseException is not allowed
id: ctl00_SiteContentPlaceHolder_ucLocation_IdentifyCaptcha1_txtCodeTextBox
value : EN8DU



2018-10-27 09:56:20	catching classes that do not inherit from BaseException is not allowed
id: ctl00_SiteContentPlaceHolder_ucLocation_ddlLocation
value : None



2018-10-27 09:57:16	catching classes that do not inherit from BaseException is not allowed
id: ctl00_SiteContentPlaceHolder_ucLocation_ddlLocation
value : None



2018-10-27 09:57:44	catching classes that do not inherit from BaseException is not allowed
id: ctl00_SiteContentPlaceHolder_ucLocation_ddlLocation
value : None



2018-10-27 09:58:12	catching classes that do not inherit from BaseException is not allowed
id: ctl00_SiteContentPlaceHolder_ucLocation_ddlLocation
value : None



2018-10-27 09:58:37	catching classes that do not inherit from BaseException is not allowed
id: ctl00_SiteContentPlaceHolder_ucLocation_ddlLocation
value : None



2018-10-27 09:59:07	catching classes that do not inherit from BaseException is not allowed
id: ctl00_SiteContentPlaceHolder_ucLocation_ddlLocation
value : None



2018-10-27 09:59:35	catching classes that do not inherit from BaseException is not allowed
id: ctl00_SiteContentPlaceHolder_ucLocation_ddlLocation
value : None



2018-10-27 10:00:49	Message: unknown error: Element <a id="ctl00_SiteContentPlaceHolder_lnkNew" disabled="disabled">...</a> is not clickable at point (606, 622). Other element would receive the click: <div class="bubble_middle" style="direction:ltr;">...</div>
  (Session info: chrome=69.0.3497.100)
  (Driver info: chromedriver=2.42.591088 (7b2b2dca23cca0862f674758c9a3933e685c27d5),platform=Windows NT 6.1.7601 SP1 x86_64)

id: ctl00_SiteContentPlaceHolder_lnkNew
value : None



2018-10-27 10:02:16	catching classes that do not inherit from BaseException is not allowed
id: ctl00_SiteContentPlaceHolder_ucLocation_ddlLocation
value : None



2018-10-27 10:05:15	catching classes that do not inherit from BaseException is not allowed
id: ctl00_SiteContentPlaceHolder_ucLocation_ddlLocation
value : None



2018-10-27 10:07:20	catching classes that do not inherit from BaseException is not allowed
id: ctl00_SiteContentPlaceHolder_FormView1_ddlTRAVEL_DTEDay
value : 01



2018-10-27 10:08:31	catching classes that do not inherit from BaseException is not allowed
id: ctl00_SiteContentPlaceHolder_ucLocation_ddlLocation
value : None



2018-10-27 10:20:05	catching classes that do not inherit from BaseException is not allowed
id: ctl00_SiteContentPlaceHolder_ucLocation_ddlLocation
value : None



2018-10-27 10:20:27	catching classes that do not inherit from BaseException is not allowed
id: ctl00_SiteContentPlaceHolder_ucLocation_ddlLocation
value : None



2018-10-27 10:21:54	catching classes that do not inherit from BaseException is not allowed
id: ctl00_SiteContentPlaceHolder_ucLocation_IdentifyCaptcha1_txtCodeTextBox
value : 55sd



2018-10-27 10:22:54	catching classes that do not inherit from BaseException is not allowed
id: ctl00_SiteContentPlaceHolder_ApplicationRecovery1_txbSurname
value : LI



2018-10-27 10:23:22	catching classes that do not inherit from BaseException is not allowed
id: ctl00_SiteContentPlaceHolder_ucLocation_ddlLocation
value : None



2018-10-27 10:23:50	catching classes that do not inherit from BaseException is not allowed
id: ctl00_SiteContentPlaceHolder_ucLocation_ddlLocation
value : None



2018-10-27 10:24:19	catching classes that do not inherit from BaseException is not allowed
id: ctl00_SiteContentPlaceHolder_ucLocation_ddlLocation
value : None



2018-10-27 10:25:22	catching classes that do not inherit from BaseException is not allowed
id: ctl00_SiteContentPlaceHolder_ucLocation_IdentifyCaptcha1_txtCodeTextBox
value : pt38j



2018-10-27 10:30:14	catching classes that do not inherit from BaseException is not allowed
id: ctl00_SiteContentPlaceHolder_ucLocation_ddlLocation
value : None



2018-10-27 10:31:15	catching classes that do not inherit from BaseException is not allowed
id: ctl00_SiteContentPlaceHolder_ucLocation_ddlLocation
value : None



2018-10-27 11:25:06	catching classes that do not inherit from BaseException is not allowed
id: ctl00_SiteContentPlaceHolder_FormView1_rblRemovalHearing_1
value : None



2018-10-27 11:25:18	catching classes that do not inherit from BaseException is not allowed
id: ctl00_SiteContentPlaceHolder_FormView1_rblAttWoReimb_1
value : None



