2018-10-26 18:02:53	catching classes that do not inherit from BaseException is not allowed
id: ctl00_SiteContentPlaceHolder_ApplicationRecovery1_txbSurname
value : LI



2018-10-26 18:03:19	catching classes that do not inherit from BaseException is not allowed
id: ctl00_SiteContentPlaceHolder_ucLocation_ddlLocation
value : None



2018-10-26 18:03:45	catching classes that do not inherit from BaseException is not allowed
id: ctl00_SiteContentPlaceHolder_ucLocation_ddlLocation
value : None



2018-10-26 18:04:51	catching classes that do not inherit from BaseException is not allowed
id: ctl00_SiteContentPlaceHolder_ApplicationRecovery1_txbSurname
value : LI



2018-10-26 18:05:52	catching classes that do not inherit from BaseException is not allowed
id: ctl00_SiteContentPlaceHolder_ApplicationRecovery1_txbSurname
value : LI



2018-10-26 18:06:17	catching classes that do not inherit from BaseException is not allowed
id: ctl00_SiteContentPlaceHolder_ucLocation_ddlLocation
value : None



2018-10-26 18:06:47	catching classes that do not inherit from BaseException is not allowed
id: ctl00_SiteContentPlaceHolder_ucLocation_ddlLocation
value : None



2018-10-26 18:07:12	catching classes that do not inherit from BaseException is not allowed
id: ctl00_SiteContentPlaceHolder_ucLocation_ddlLocation
value : None



2018-10-26 18:07:39	catching classes that do not inherit from BaseException is not allowed
id: ctl00_SiteContentPlaceHolder_ucLocation_ddlLocation
value : None



2018-10-26 18:08:49	catching classes that do not inherit from BaseException is not allowed
id: ctl00_SiteContentPlaceHolder_ApplicationRecovery1_txbSurname
value : LI



2018-10-26 18:09:40	catching classes that do not inherit from BaseException is not allowed
id: ctl00_SiteContentPlaceHolder_ApplicationRecovery1_txbSurname
value : LI



2018-10-26 18:11:20	catching classes that do not inherit from BaseException is not allowed
id: ctl00_SiteContentPlaceHolder_ApplicationRecovery1_txbSurname
value : LI



2018-10-26 18:12:08	catching classes that do not inherit from BaseException is not allowed
id: ctl00_SiteContentPlaceHolder_ApplicationRecovery1_txbSurname
value : LI



2018-10-26 18:13:01	catching classes that do not inherit from BaseException is not allowed
id: ctl00_SiteContentPlaceHolder_ApplicationRecovery1_txbSurname
value : LI



2018-10-26 18:13:27	catching classes that do not inherit from BaseException is not allowed
id: ctl00_SiteContentPlaceHolder_ucLocation_ddlLocation
value : None



2018-10-26 18:24:20	Message: stale element reference: element is not attached to the page document
  (Session info: chrome=69.0.3497.100)
  (Driver info: chromedriver=2.42.591088 (7b2b2dca23cca0862f674758c9a3933e685c27d5),platform=Windows NT 6.1.7601 SP1 x86_64)

id: ctl00_SiteContentPlaceHolder_FormView1_cbexAPP_TAX_ID_NA
value : None



2018-10-26 18:25:16	catching classes that do not inherit from BaseException is not allowed
id: ctl00_SiteContentPlaceHolder_ucLocation_ddlLocation
value : None



2018-10-26 18:28:46	catching classes that do not inherit from BaseException is not allowed
id: ctl00_SiteContentPlaceHolder_ucLocation_ddlLocation
value : None



