2018-12-08 09:30:45	catching classes that do not inherit from BaseException is not allowed
id: loginPage:SiteTemplate:siteLogin:loginComponent:loginForm:password
value : 789789qd



2018-12-08 09:30:45	catching classes that do not inherit from BaseException is not allowed
id: loginPage:SiteTemplate:siteLogin:loginComponent:loginForm:password
value : 789789qd



2018-12-08 09:30:45	catching classes that do not inherit from BaseException is not allowed
id: loginPage:SiteTemplate:siteLogin:loginComponent:loginForm:password
value : 789789qd



2018-12-08 09:30:45	catching classes that do not inherit from BaseException is not allowed
id: loginPage:SiteTemplate:siteLogin:loginComponent:loginForm:password
value : 789789qd



2018-12-08 09:30:46	catching classes that do not inherit from BaseException is not allowed
xpath: //select
value : None



2018-12-08 10:51:15	Message: element not interactable
  (Session info: chrome=69.0.3497.100)
  (Driver info: chromedriver=2.42.591088 (7b2b2dca23cca0862f674758c9a3933e685c27d5),platform=Windows NT 6.1.7601 SP1 x86_64)

css selector: body>div:nth-child(8) button
value : None



2018-12-08 10:51:23	catching classes that do not inherit from BaseException is not allowed
css selector: #referenceCell
value : None



2018-12-08 10:51:25	Message: unknown error: Element <input id="j_id0:SiteTemplate:theForm:continue_btn" type="submit" name="j_id0:SiteTemplate:theForm:continue_btn" value="继续" class="button continue ui-button ui-widget ui-state-default ui-corner-all" role="button" aria-disabled="false"> is not clickable at point (868, 721). Other element would receive the click: <div class="ui-widget-overlay" style="width: 966px; height: 903px; z-index: 1001;"></div>
  (Session info: chrome=69.0.3497.100)
  (Driver info: chromedriver=2.42.591088 (7b2b2dca23cca0862f674758c9a3933e685c27d5),platform=Windows NT 6.1.7601 SP1 x86_64)

xpath: //*[@id="mainContent"]/div/form/div/input[2]
value : None



2018-12-08 10:51:27	Message: unknown error: Element <input id="j_id0:SiteTemplate:theForm:continue_btn" type="submit" name="j_id0:SiteTemplate:theForm:continue_btn" value="继续" class="button continue ui-button ui-widget ui-state-default ui-corner-all" role="button" aria-disabled="false"> is not clickable at point (868, 721). Other element would receive the click: <div class="ui-widget-overlay" style="width: 966px; height: 903px; z-index: 1001;"></div>
  (Session info: chrome=69.0.3497.100)
  (Driver info: chromedriver=2.42.591088 (7b2b2dca23cca0862f674758c9a3933e685c27d5),platform=Windows NT 6.1.7601 SP1 x86_64)

xpath: //*[@id="mainContent"]/div/form/div/input[2]
value : None



2018-12-08 10:53:56	Message: element not interactable
  (Session info: chrome=69.0.3497.100)
  (Driver info: chromedriver=2.42.591088 (7b2b2dca23cca0862f674758c9a3933e685c27d5),platform=Windows NT 6.1.7601 SP1 x86_64)

css selector: body>div:nth-child(8) button
value : None



2018-12-08 10:54:06	catching classes that do not inherit from BaseException is not allowed
css selector: #referenceCell
value : None



2018-12-08 10:54:08	Message: unknown error: Element <input id="j_id0:SiteTemplate:theForm:continue_btn" type="submit" name="j_id0:SiteTemplate:theForm:continue_btn" value="继续" class="button continue ui-button ui-widget ui-state-default ui-corner-all" role="button" aria-disabled="false"> is not clickable at point (868, 721). Other element would receive the click: <div class="ui-widget-overlay" style="width: 966px; height: 903px; z-index: 1001;"></div>
  (Session info: chrome=69.0.3497.100)
  (Driver info: chromedriver=2.42.591088 (7b2b2dca23cca0862f674758c9a3933e685c27d5),platform=Windows NT 6.1.7601 SP1 x86_64)

xpath: //*[@id="mainContent"]/div/form/div/input[2]
value : None



2018-12-08 10:54:10	Message: unknown error: Element <input id="j_id0:SiteTemplate:theForm:continue_btn" type="submit" name="j_id0:SiteTemplate:theForm:continue_btn" value="继续" class="button continue ui-button ui-widget ui-state-default ui-corner-all" role="button" aria-disabled="false"> is not clickable at point (868, 721). Other element would receive the click: <div class="ui-widget-overlay" style="width: 966px; height: 903px; z-index: 1001;"></div>
  (Session info: chrome=69.0.3497.100)
  (Driver info: chromedriver=2.42.591088 (7b2b2dca23cca0862f674758c9a3933e685c27d5),platform=Windows NT 6.1.7601 SP1 x86_64)

xpath: //*[@id="mainContent"]/div/form/div/input[2]
value : None



2018-12-08 10:55:59	Message: element not interactable
  (Session info: chrome=69.0.3497.100)
  (Driver info: chromedriver=2.42.591088 (7b2b2dca23cca0862f674758c9a3933e685c27d5),platform=Windows NT 6.1.7601 SP1 x86_64)

css selector: body>div:nth-child(8) button
value : None



2018-12-08 10:56:08	catching classes that do not inherit from BaseException is not allowed
css selector: #referenceCell
value : None



2018-12-08 10:56:10	Message: unknown error: Element <input id="j_id0:SiteTemplate:theForm:continue_btn" type="submit" name="j_id0:SiteTemplate:theForm:continue_btn" value="继续" class="button continue ui-button ui-widget ui-state-default ui-corner-all" role="button" aria-disabled="false"> is not clickable at point (868, 721). Other element would receive the click: <div class="ui-widget-overlay" style="width: 966px; height: 903px; z-index: 1001;"></div>
  (Session info: chrome=69.0.3497.100)
  (Driver info: chromedriver=2.42.591088 (7b2b2dca23cca0862f674758c9a3933e685c27d5),platform=Windows NT 6.1.7601 SP1 x86_64)

xpath: //*[@id="mainContent"]/div/form/div/input[2]
value : None



2018-12-08 10:56:13	Message: unknown error: Element <input id="j_id0:SiteTemplate:theForm:continue_btn" type="submit" name="j_id0:SiteTemplate:theForm:continue_btn" value="继续" class="button continue ui-button ui-widget ui-state-default ui-corner-all" role="button" aria-disabled="false"> is not clickable at point (868, 721). Other element would receive the click: <div class="ui-widget-overlay" style="width: 966px; height: 903px; z-index: 1001;"></div>
  (Session info: chrome=69.0.3497.100)
  (Driver info: chromedriver=2.42.591088 (7b2b2dca23cca0862f674758c9a3933e685c27d5),platform=Windows NT 6.1.7601 SP1 x86_64)

xpath: //*[@id="mainContent"]/div/form/div/input[2]
value : None



2018-12-08 10:58:09	Message: element not interactable
  (Session info: chrome=69.0.3497.100)
  (Driver info: chromedriver=2.42.591088 (7b2b2dca23cca0862f674758c9a3933e685c27d5),platform=Windows NT 6.1.7601 SP1 x86_64)

css selector: body>div:nth-child(8) button
value : None



2018-12-08 10:58:17	catching classes that do not inherit from BaseException is not allowed
css selector: #referenceCell
value : None



2018-12-08 10:58:19	Message: unknown error: Element <input id="j_id0:SiteTemplate:theForm:continue_btn" type="submit" name="j_id0:SiteTemplate:theForm:continue_btn" value="继续" class="button continue ui-button ui-widget ui-state-default ui-corner-all" role="button" aria-disabled="false"> is not clickable at point (868, 721). Other element would receive the click: <div class="ui-widget-overlay" style="width: 966px; height: 903px; z-index: 1001;"></div>
  (Session info: chrome=69.0.3497.100)
  (Driver info: chromedriver=2.42.591088 (7b2b2dca23cca0862f674758c9a3933e685c27d5),platform=Windows NT 6.1.7601 SP1 x86_64)

xpath: //*[@id="mainContent"]/div/form/div/input[2]
value : None



2018-12-08 10:58:21	Message: unknown error: Element <input id="j_id0:SiteTemplate:theForm:continue_btn" type="submit" name="j_id0:SiteTemplate:theForm:continue_btn" value="继续" class="button continue ui-button ui-widget ui-state-default ui-corner-all" role="button" aria-disabled="false"> is not clickable at point (868, 721). Other element would receive the click: <div class="ui-widget-overlay" style="width: 966px; height: 903px; z-index: 1001;"></div>
  (Session info: chrome=69.0.3497.100)
  (Driver info: chromedriver=2.42.591088 (7b2b2dca23cca0862f674758c9a3933e685c27d5),platform=Windows NT 6.1.7601 SP1 x86_64)

xpath: //*[@id="mainContent"]/div/form/div/input[2]
value : None



2018-12-08 11:00:08	Message: element not interactable
  (Session info: chrome=69.0.3497.100)
  (Driver info: chromedriver=2.42.591088 (7b2b2dca23cca0862f674758c9a3933e685c27d5),platform=Windows NT 6.1.7601 SP1 x86_64)

css selector: body>div:nth-child(8) button
value : None



2018-12-08 11:00:17	catching classes that do not inherit from BaseException is not allowed
css selector: #referenceCell
value : None



2018-12-08 11:00:19	Message: unknown error: Element <input id="j_id0:SiteTemplate:theForm:continue_btn" type="submit" name="j_id0:SiteTemplate:theForm:continue_btn" value="继续" class="button continue ui-button ui-widget ui-state-default ui-corner-all" role="button" aria-disabled="false"> is not clickable at point (868, 721). Other element would receive the click: <div class="ui-widget-overlay" style="width: 966px; height: 903px; z-index: 1001;"></div>
  (Session info: chrome=69.0.3497.100)
  (Driver info: chromedriver=2.42.591088 (7b2b2dca23cca0862f674758c9a3933e685c27d5),platform=Windows NT 6.1.7601 SP1 x86_64)

xpath: //*[@id="mainContent"]/div/form/div/input[2]
value : None



2018-12-08 11:00:21	Message: unknown error: Element <input id="j_id0:SiteTemplate:theForm:continue_btn" type="submit" name="j_id0:SiteTemplate:theForm:continue_btn" value="继续" class="button continue ui-button ui-widget ui-state-default ui-corner-all" role="button" aria-disabled="false"> is not clickable at point (868, 721). Other element would receive the click: <div class="ui-widget-overlay" style="width: 966px; height: 903px; z-index: 1001;"></div>
  (Session info: chrome=69.0.3497.100)
  (Driver info: chromedriver=2.42.591088 (7b2b2dca23cca0862f674758c9a3933e685c27d5),platform=Windows NT 6.1.7601 SP1 x86_64)

xpath: //*[@id="mainContent"]/div/form/div/input[2]
value : None



2018-12-08 11:02:16	Message: element not interactable
  (Session info: chrome=69.0.3497.100)
  (Driver info: chromedriver=2.42.591088 (7b2b2dca23cca0862f674758c9a3933e685c27d5),platform=Windows NT 6.1.7601 SP1 x86_64)

css selector: body>div:nth-child(8) button
value : None



2018-12-08 11:02:24	catching classes that do not inherit from BaseException is not allowed
css selector: #referenceCell
value : None



2018-12-08 11:02:26	Message: unknown error: Element <input id="j_id0:SiteTemplate:theForm:continue_btn" type="submit" name="j_id0:SiteTemplate:theForm:continue_btn" value="继续" class="button continue ui-button ui-widget ui-state-default ui-corner-all" role="button" aria-disabled="false"> is not clickable at point (868, 721). Other element would receive the click: <div class="ui-widget-overlay" style="width: 966px; height: 903px; z-index: 1001;"></div>
  (Session info: chrome=69.0.3497.100)
  (Driver info: chromedriver=2.42.591088 (7b2b2dca23cca0862f674758c9a3933e685c27d5),platform=Windows NT 6.1.7601 SP1 x86_64)

xpath: //*[@id="mainContent"]/div/form/div/input[2]
value : None



2018-12-08 11:02:28	Message: unknown error: Element <input id="j_id0:SiteTemplate:theForm:continue_btn" type="submit" name="j_id0:SiteTemplate:theForm:continue_btn" value="继续" class="button continue ui-button ui-widget ui-state-default ui-corner-all" role="button" aria-disabled="false"> is not clickable at point (868, 721). Other element would receive the click: <div class="ui-widget-overlay" style="width: 966px; height: 903px; z-index: 1001;"></div>
  (Session info: chrome=69.0.3497.100)
  (Driver info: chromedriver=2.42.591088 (7b2b2dca23cca0862f674758c9a3933e685c27d5),platform=Windows NT 6.1.7601 SP1 x86_64)

xpath: //*[@id="mainContent"]/div/form/div/input[2]
value : None



2018-12-08 11:04:20	Message: element not interactable
  (Session info: chrome=69.0.3497.100)
  (Driver info: chromedriver=2.42.591088 (7b2b2dca23cca0862f674758c9a3933e685c27d5),platform=Windows NT 6.1.7601 SP1 x86_64)

css selector: body>div:nth-child(8) button
value : None



2018-12-08 11:04:27	catching classes that do not inherit from BaseException is not allowed
css selector: #referenceCell
value : None



2018-12-08 11:04:29	Message: unknown error: Element <input id="j_id0:SiteTemplate:theForm:continue_btn" type="submit" name="j_id0:SiteTemplate:theForm:continue_btn" value="继续" class="button continue ui-button ui-widget ui-state-default ui-corner-all" role="button" aria-disabled="false"> is not clickable at point (868, 721). Other element would receive the click: <div class="ui-widget-overlay" style="width: 966px; height: 903px; z-index: 1001;"></div>
  (Session info: chrome=69.0.3497.100)
  (Driver info: chromedriver=2.42.591088 (7b2b2dca23cca0862f674758c9a3933e685c27d5),platform=Windows NT 6.1.7601 SP1 x86_64)

xpath: //*[@id="mainContent"]/div/form/div/input[2]
value : None



2018-12-08 11:04:31	Message: unknown error: Element <input id="j_id0:SiteTemplate:theForm:continue_btn" type="submit" name="j_id0:SiteTemplate:theForm:continue_btn" value="继续" class="button continue ui-button ui-widget ui-state-default ui-corner-all" role="button" aria-disabled="false"> is not clickable at point (868, 721). Other element would receive the click: <div class="ui-widget-overlay" style="width: 966px; height: 903px; z-index: 1001;"></div>
  (Session info: chrome=69.0.3497.100)
  (Driver info: chromedriver=2.42.591088 (7b2b2dca23cca0862f674758c9a3933e685c27d5),platform=Windows NT 6.1.7601 SP1 x86_64)

xpath: //*[@id="mainContent"]/div/form/div/input[2]
value : None



2018-12-08 11:06:19	Message: element not interactable
  (Session info: chrome=69.0.3497.100)
  (Driver info: chromedriver=2.42.591088 (7b2b2dca23cca0862f674758c9a3933e685c27d5),platform=Windows NT 6.1.7601 SP1 x86_64)

css selector: body>div:nth-child(8) button
value : None



2018-12-08 11:06:27	catching classes that do not inherit from BaseException is not allowed
css selector: #referenceCell
value : None



2018-12-08 11:06:29	Message: unknown error: Element <input id="j_id0:SiteTemplate:theForm:continue_btn" type="submit" name="j_id0:SiteTemplate:theForm:continue_btn" value="继续" class="button continue ui-button ui-widget ui-state-default ui-corner-all" role="button" aria-disabled="false"> is not clickable at point (868, 721). Other element would receive the click: <div class="ui-widget-overlay" style="width: 966px; height: 903px; z-index: 1001;"></div>
  (Session info: chrome=69.0.3497.100)
  (Driver info: chromedriver=2.42.591088 (7b2b2dca23cca0862f674758c9a3933e685c27d5),platform=Windows NT 6.1.7601 SP1 x86_64)

xpath: //*[@id="mainContent"]/div/form/div/input[2]
value : None



2018-12-08 11:06:32	Message: unknown error: Element <input id="j_id0:SiteTemplate:theForm:continue_btn" type="submit" name="j_id0:SiteTemplate:theForm:continue_btn" value="继续" class="button continue ui-button ui-widget ui-state-default ui-corner-all" role="button" aria-disabled="false"> is not clickable at point (868, 721). Other element would receive the click: <div class="ui-widget-overlay" style="width: 966px; height: 903px; z-index: 1001;"></div>
  (Session info: chrome=69.0.3497.100)
  (Driver info: chromedriver=2.42.591088 (7b2b2dca23cca0862f674758c9a3933e685c27d5),platform=Windows NT 6.1.7601 SP1 x86_64)

xpath: //*[@id="mainContent"]/div/form/div/input[2]
value : None



2018-12-08 11:08:32	Message: element not interactable
  (Session info: chrome=69.0.3497.100)
  (Driver info: chromedriver=2.42.591088 (7b2b2dca23cca0862f674758c9a3933e685c27d5),platform=Windows NT 6.1.7601 SP1 x86_64)

css selector: body>div:nth-child(8) button
value : None



2018-12-08 11:08:39	catching classes that do not inherit from BaseException is not allowed
css selector: #referenceCell
value : None



2018-12-08 11:08:41	Message: unknown error: Element <input id="j_id0:SiteTemplate:theForm:continue_btn" type="submit" name="j_id0:SiteTemplate:theForm:continue_btn" value="继续" class="button continue ui-button ui-widget ui-state-default ui-corner-all" role="button" aria-disabled="false"> is not clickable at point (868, 721). Other element would receive the click: <div class="ui-widget-overlay" style="width: 966px; height: 903px; z-index: 1001;"></div>
  (Session info: chrome=69.0.3497.100)
  (Driver info: chromedriver=2.42.591088 (7b2b2dca23cca0862f674758c9a3933e685c27d5),platform=Windows NT 6.1.7601 SP1 x86_64)

xpath: //*[@id="mainContent"]/div/form/div/input[2]
value : None



2018-12-08 11:08:43	Message: unknown error: Element <input id="j_id0:SiteTemplate:theForm:continue_btn" type="submit" name="j_id0:SiteTemplate:theForm:continue_btn" value="继续" class="button continue ui-button ui-widget ui-state-default ui-corner-all" role="button" aria-disabled="false"> is not clickable at point (868, 721). Other element would receive the click: <div class="ui-widget-overlay" style="width: 966px; height: 903px; z-index: 1001;"></div>
  (Session info: chrome=69.0.3497.100)
  (Driver info: chromedriver=2.42.591088 (7b2b2dca23cca0862f674758c9a3933e685c27d5),platform=Windows NT 6.1.7601 SP1 x86_64)

xpath: //*[@id="mainContent"]/div/form/div/input[2]
value : None



2018-12-08 11:10:40	Message: element not interactable
  (Session info: chrome=69.0.3497.100)
  (Driver info: chromedriver=2.42.591088 (7b2b2dca23cca0862f674758c9a3933e685c27d5),platform=Windows NT 6.1.7601 SP1 x86_64)

css selector: body>div:nth-child(8) button
value : None



2018-12-08 11:10:48	catching classes that do not inherit from BaseException is not allowed
css selector: #referenceCell
value : None



2018-12-08 11:10:50	Message: unknown error: Element <input id="j_id0:SiteTemplate:theForm:continue_btn" type="submit" name="j_id0:SiteTemplate:theForm:continue_btn" value="继续" class="button continue ui-button ui-widget ui-state-default ui-corner-all" role="button" aria-disabled="false"> is not clickable at point (868, 721). Other element would receive the click: <div class="ui-widget-overlay" style="width: 966px; height: 903px; z-index: 1001;"></div>
  (Session info: chrome=69.0.3497.100)
  (Driver info: chromedriver=2.42.591088 (7b2b2dca23cca0862f674758c9a3933e685c27d5),platform=Windows NT 6.1.7601 SP1 x86_64)

xpath: //*[@id="mainContent"]/div/form/div/input[2]
value : None



2018-12-08 11:10:52	Message: unknown error: Element <input id="j_id0:SiteTemplate:theForm:continue_btn" type="submit" name="j_id0:SiteTemplate:theForm:continue_btn" value="继续" class="button continue ui-button ui-widget ui-state-default ui-corner-all" role="button" aria-disabled="false"> is not clickable at point (868, 721). Other element would receive the click: <div class="ui-widget-overlay" style="width: 966px; height: 903px; z-index: 1001;"></div>
  (Session info: chrome=69.0.3497.100)
  (Driver info: chromedriver=2.42.591088 (7b2b2dca23cca0862f674758c9a3933e685c27d5),platform=Windows NT 6.1.7601 SP1 x86_64)

xpath: //*[@id="mainContent"]/div/form/div/input[2]
value : None



2018-12-08 11:12:42	Message: element not interactable
  (Session info: chrome=69.0.3497.100)
  (Driver info: chromedriver=2.42.591088 (7b2b2dca23cca0862f674758c9a3933e685c27d5),platform=Windows NT 6.1.7601 SP1 x86_64)

css selector: body>div:nth-child(8) button
value : None



2018-12-08 11:12:50	catching classes that do not inherit from BaseException is not allowed
css selector: #referenceCell
value : None



2018-12-08 11:12:52	Message: unknown error: Element <input id="j_id0:SiteTemplate:theForm:continue_btn" type="submit" name="j_id0:SiteTemplate:theForm:continue_btn" value="继续" class="button continue ui-button ui-widget ui-state-default ui-corner-all" role="button" aria-disabled="false"> is not clickable at point (868, 721). Other element would receive the click: <div class="ui-widget-overlay" style="width: 966px; height: 903px; z-index: 1001;"></div>
  (Session info: chrome=69.0.3497.100)
  (Driver info: chromedriver=2.42.591088 (7b2b2dca23cca0862f674758c9a3933e685c27d5),platform=Windows NT 6.1.7601 SP1 x86_64)

xpath: //*[@id="mainContent"]/div/form/div/input[2]
value : None



2018-12-08 11:12:54	Message: unknown error: Element <input id="j_id0:SiteTemplate:theForm:continue_btn" type="submit" name="j_id0:SiteTemplate:theForm:continue_btn" value="继续" class="button continue ui-button ui-widget ui-state-default ui-corner-all" role="button" aria-disabled="false"> is not clickable at point (868, 721). Other element would receive the click: <div class="ui-widget-overlay" style="width: 966px; height: 903px; z-index: 1001;"></div>
  (Session info: chrome=69.0.3497.100)
  (Driver info: chromedriver=2.42.591088 (7b2b2dca23cca0862f674758c9a3933e685c27d5),platform=Windows NT 6.1.7601 SP1 x86_64)

xpath: //*[@id="mainContent"]/div/form/div/input[2]
value : None



2018-12-08 11:14:42	Message: element not interactable
  (Session info: chrome=69.0.3497.100)
  (Driver info: chromedriver=2.42.591088 (7b2b2dca23cca0862f674758c9a3933e685c27d5),platform=Windows NT 6.1.7601 SP1 x86_64)

css selector: body>div:nth-child(8) button
value : None



2018-12-08 11:14:50	catching classes that do not inherit from BaseException is not allowed
css selector: #referenceCell
value : None



2018-12-08 11:14:52	Message: unknown error: Element <input id="j_id0:SiteTemplate:theForm:continue_btn" type="submit" name="j_id0:SiteTemplate:theForm:continue_btn" value="继续" class="button continue ui-button ui-widget ui-state-default ui-corner-all" role="button" aria-disabled="false"> is not clickable at point (868, 721). Other element would receive the click: <div class="ui-widget-overlay" style="width: 966px; height: 903px; z-index: 1001;"></div>
  (Session info: chrome=69.0.3497.100)
  (Driver info: chromedriver=2.42.591088 (7b2b2dca23cca0862f674758c9a3933e685c27d5),platform=Windows NT 6.1.7601 SP1 x86_64)

xpath: //*[@id="mainContent"]/div/form/div/input[2]
value : None



2018-12-08 15:22:18	catching classes that do not inherit from BaseException is not allowed
id: loginPage:SiteTemplate:siteLogin:loginComponent:loginForm:username
value : qdyou_net@163.com



2018-12-08 15:24:56	Message: element not interactable
  (Session info: chrome=69.0.3497.100)
  (Driver info: chromedriver=2.42.591088 (7b2b2dca23cca0862f674758c9a3933e685c27d5),platform=Windows NT 6.1.7601 SP1 x86_64)

css selector: body>div:nth-child(8) button
value : None



