2018-11-20 09:59:26	Message: element not interactable
  (Session info: headless chrome=69.0.3497.100)
  (Driver info: chromedriver=2.42.591088 (7b2b2dca23cca0862f674758c9a3933e685c27d5),platform=Windows NT 6.1.7601 SP1 x86_64)

id: ctl00_SiteContentPlaceHolder_FormView1_ValidationSummary
value : None



2018-11-20 10:00:11	catching classes that do not inherit from BaseException is not allowed
id: ctl00_SiteContentPlaceHolder_FormView1_rblRemovalHearing_1
value : None



2018-11-20 10:00:23	catching classes that do not inherit from BaseException is not allowed
id: ctl00_SiteContentPlaceHolder_FormView1_rblAttWoReimb_1
value : None



2018-11-20 10:11:34	catching classes that do not inherit from BaseException is not allowed
css selector: #create-addApplicants > span
value : None



2018-11-20 10:12:18	Message: unknown error: Element is not clickable at point (-54, 1472)
  (Session info: headless chrome=69.0.3497.100)
  (Driver info: chromedriver=2.42.591088 (7b2b2dca23cca0862f674758c9a3933e685c27d5),platform=Windows NT 6.1.7601 SP1 x86_64)

css selector: table > tbody:nth-child(1) > tr:nth-child(2) > td > a
value : None



2018-11-20 10:25:48	Message: unknown error: Element is not clickable at point (-54, 1472)
  (Session info: headless chrome=69.0.3497.100)
  (Driver info: chromedriver=2.42.591088 (7b2b2dca23cca0862f674758c9a3933e685c27d5),platform=Windows NT 6.1.7601 SP1 x86_64)

css selector: table > tbody > tr:nth-child(2) > td:first-child > a
value : None



2018-11-20 11:03:14	catching classes that do not inherit from BaseException is not allowed
id: c_default_ctl00_sitecontentplaceholder_uclocation_identifycaptcha1_defaultcaptcha_CaptchaImage
value : None



2018-11-20 11:03:26	catching classes that do not inherit from BaseException is not allowed
id: c_default_ctl00_sitecontentplaceholder_uclocation_identifycaptcha1_defaultcaptcha_CaptchaImage
value : None



2018-11-20 11:03:38	catching classes that do not inherit from BaseException is not allowed
id: c_default_ctl00_sitecontentplaceholder_uclocation_identifycaptcha1_defaultcaptcha_CaptchaImage
value : None



2018-11-20 11:03:50	catching classes that do not inherit from BaseException is not allowed
id: c_default_ctl00_sitecontentplaceholder_uclocation_identifycaptcha1_defaultcaptcha_CaptchaImage
value : None



2018-11-20 11:04:02	catching classes that do not inherit from BaseException is not allowed
id: c_default_ctl00_sitecontentplaceholder_uclocation_identifycaptcha1_defaultcaptcha_CaptchaImage
value : None



2018-11-20 11:04:14	catching classes that do not inherit from BaseException is not allowed
id: c_default_ctl00_sitecontentplaceholder_uclocation_identifycaptcha1_defaultcaptcha_CaptchaImage
value : None



2018-11-20 11:04:27	catching classes that do not inherit from BaseException is not allowed
id: c_default_ctl00_sitecontentplaceholder_uclocation_identifycaptcha1_defaultcaptcha_CaptchaImage
value : None



2018-11-20 11:04:39	catching classes that do not inherit from BaseException is not allowed
id: c_default_ctl00_sitecontentplaceholder_uclocation_identifycaptcha1_defaultcaptcha_CaptchaImage
value : None



2018-11-20 11:04:51	catching classes that do not inherit from BaseException is not allowed
id: c_default_ctl00_sitecontentplaceholder_uclocation_identifycaptcha1_defaultcaptcha_CaptchaImage
value : None



2018-11-20 11:05:03	catching classes that do not inherit from BaseException is not allowed
id: c_default_ctl00_sitecontentplaceholder_uclocation_identifycaptcha1_defaultcaptcha_CaptchaImage
value : None



2018-11-20 11:05:15	catching classes that do not inherit from BaseException is not allowed
id: c_default_ctl00_sitecontentplaceholder_uclocation_identifycaptcha1_defaultcaptcha_CaptchaImage
value : None



2018-11-20 11:05:27	catching classes that do not inherit from BaseException is not allowed
id: c_default_ctl00_sitecontentplaceholder_uclocation_identifycaptcha1_defaultcaptcha_CaptchaImage
value : None



2018-11-20 11:05:39	catching classes that do not inherit from BaseException is not allowed
id: c_default_ctl00_sitecontentplaceholder_uclocation_identifycaptcha1_defaultcaptcha_CaptchaImage
value : None



2018-11-20 11:05:51	catching classes that do not inherit from BaseException is not allowed
id: c_default_ctl00_sitecontentplaceholder_uclocation_identifycaptcha1_defaultcaptcha_CaptchaImage
value : None



2018-11-20 11:06:03	catching classes that do not inherit from BaseException is not allowed
id: c_default_ctl00_sitecontentplaceholder_uclocation_identifycaptcha1_defaultcaptcha_CaptchaImage
value : None



2018-11-20 11:06:15	catching classes that do not inherit from BaseException is not allowed
id: c_default_ctl00_sitecontentplaceholder_uclocation_identifycaptcha1_defaultcaptcha_CaptchaImage
value : None



2018-11-20 11:06:27	catching classes that do not inherit from BaseException is not allowed
id: c_default_ctl00_sitecontentplaceholder_uclocation_identifycaptcha1_defaultcaptcha_CaptchaImage
value : None



2018-11-20 11:06:39	catching classes that do not inherit from BaseException is not allowed
id: c_default_ctl00_sitecontentplaceholder_uclocation_identifycaptcha1_defaultcaptcha_CaptchaImage
value : None



2018-11-20 11:06:51	catching classes that do not inherit from BaseException is not allowed
id: c_default_ctl00_sitecontentplaceholder_uclocation_identifycaptcha1_defaultcaptcha_CaptchaImage
value : None



2018-11-20 11:07:03	catching classes that do not inherit from BaseException is not allowed
id: c_default_ctl00_sitecontentplaceholder_uclocation_identifycaptcha1_defaultcaptcha_CaptchaImage
value : None



2018-11-20 11:07:15	catching classes that do not inherit from BaseException is not allowed
id: c_default_ctl00_sitecontentplaceholder_uclocation_identifycaptcha1_defaultcaptcha_CaptchaImage
value : None



2018-11-20 11:07:28	catching classes that do not inherit from BaseException is not allowed
id: c_default_ctl00_sitecontentplaceholder_uclocation_identifycaptcha1_defaultcaptcha_CaptchaImage
value : None



2018-11-20 11:07:40	catching classes that do not inherit from BaseException is not allowed
id: c_default_ctl00_sitecontentplaceholder_uclocation_identifycaptcha1_defaultcaptcha_CaptchaImage
value : None



2018-11-20 11:07:55	catching classes that do not inherit from BaseException is not allowed
id: c_default_ctl00_sitecontentplaceholder_uclocation_identifycaptcha1_defaultcaptcha_CaptchaImage
value : None



2018-11-20 11:07:58	catching classes that do not inherit from BaseException is not allowed
id: c_default_ctl00_sitecontentplaceholder_uclocation_identifycaptcha1_defaultcaptcha_CaptchaImage
value : None



2018-11-20 11:24:26	catching classes that do not inherit from BaseException is not allowed
id: loginPage:SiteTemplate:siteLogin:loginComponent:loginForm:username
value : lijie0447@163.com



2018-11-20 11:25:48	catching classes that do not inherit from BaseException is not allowed
css selector: #create-addApplicants > span
value : None



2018-11-20 11:26:14	catching classes that do not inherit from BaseException is not allowed
css selector: #create-addApplicants > span
value : None



2018-11-20 11:26:39	catching classes that do not inherit from BaseException is not allowed
css selector: #create-addApplicants > span
value : None



2018-11-20 11:30:42	catching classes that do not inherit from BaseException is not allowed
xpath: //select
value : None



2018-11-20 11:32:58	catching classes that do not inherit from BaseException is not allowed
id: loginPage:SiteTemplate:siteLogin:loginComponent:loginForm:recaptcha_response_field
value : mfylm



2018-11-20 11:33:04	catching classes that do not inherit from BaseException is not allowed
id: loginPage:SiteTemplate:siteLogin:loginComponent:loginForm:password
value : limiao0447



2018-11-20 11:33:10	catching classes that do not inherit from BaseException is not allowed
id: loginPage:SiteTemplate:siteLogin:loginComponent:loginForm:password
value : limiao0447



2018-11-20 11:33:16	catching classes that do not inherit from BaseException is not allowed
id: loginPage:SiteTemplate:siteLogin:loginComponent:loginForm:password
value : limiao0447



2018-11-20 11:33:22	catching classes that do not inherit from BaseException is not allowed
id: loginPage:SiteTemplate:siteLogin:loginComponent:loginForm:password
value : limiao0447



2018-11-20 11:33:29	catching classes that do not inherit from BaseException is not allowed
xpath: //select
value : None



2018-11-20 11:34:32	catching classes that do not inherit from BaseException is not allowed
xpath: //select
value : None



2018-11-20 13:10:03	catching classes that do not inherit from BaseException is not allowed
xpath: //select
value : None



2018-11-20 13:19:44	catching classes that do not inherit from BaseException is not allowed
css selector: .requiredInput > .formDs160
value : AA008HCLBM



2018-11-20 13:19:44	Message: unknown error: Element <span class="ui-button-text">...</span> is not clickable at point (599, 475). Other element would receive the click: <div class="requiredInput">...</div>
  (Session info: chrome=69.0.3497.100)
  (Driver info: chromedriver=2.42.591088 (7b2b2dca23cca0862f674758c9a3933e685c27d5),platform=Windows NT 6.1.7601 SP1 x86_64)

css selector: #create-user > span
value : None



2018-11-20 13:23:51	catching classes that do not inherit from BaseException is not allowed
css selector: table > tbody > tr:nth-child(2) > td > input
value : None



2018-11-20 13:24:47	catching classes that do not inherit from BaseException is not allowed
xpath: //select
value : None



2018-11-20 13:26:39	catching classes that do not inherit from BaseException is not allowed
css selector: .requiredInput > .formDs160
value : AA008HCLBM



2018-11-20 13:26:39	Message: unknown error: Element <span class="ui-button-text">...</span> is not clickable at point (599, 475). Other element would receive the click: <div class="requiredInput">...</div>
  (Session info: chrome=69.0.3497.100)
  (Driver info: chromedriver=2.42.591088 (7b2b2dca23cca0862f674758c9a3933e685c27d5),platform=Windows NT 6.1.7601 SP1 x86_64)

css selector: #create-user > span
value : None



2018-11-20 13:28:08	Message: unknown error: Element <span class="ui-button-text">...</span> is not clickable at point (354, 449). Other element would receive the click: <div class="requiredInput">...</div>
  (Session info: chrome=69.0.3497.100)
  (Driver info: chromedriver=2.42.591088 (7b2b2dca23cca0862f674758c9a3933e685c27d5),platform=Windows NT 6.1.7601 SP1 x86_64)

css selector: #create-addApplicants > span
value : None



2018-11-20 13:28:08	Message: unknown error: Element <span class="ui-button-text">...</span> is not clickable at point (599, 449). Other element would receive the click: <div id="datepicker">...</div>
  (Session info: chrome=69.0.3497.100)
  (Driver info: chromedriver=2.42.591088 (7b2b2dca23cca0862f674758c9a3933e685c27d5),platform=Windows NT 6.1.7601 SP1 x86_64)

css selector: #create-user > span
value : None



2018-11-20 13:29:05	catching classes that do not inherit from BaseException is not allowed
xpath: //select
value : None



2018-11-20 14:06:54	Message: stale element reference: element is not attached to the page document
  (Session info: chrome=69.0.3497.100)
  (Driver info: chromedriver=2.42.591088 (7b2b2dca23cca0862f674758c9a3933e685c27d5),platform=Windows NT 6.1.7601 SP1 x86_64)

id: ctl00_SiteContentPlaceHolder_FormView1_tbxPPT_EXPIREYear
value : 2022



2018-11-20 14:13:35	catching classes that do not inherit from BaseException is not allowed
id: ctl00_SiteContentPlaceHolder_FormView1_rblRemovalHearing_1
value : None



2018-11-20 14:13:47	catching classes that do not inherit from BaseException is not allowed
id: ctl00_SiteContentPlaceHolder_FormView1_rblAttWoReimb_1
value : None



2018-11-20 14:33:47	catching classes that do not inherit from BaseException is not allowed
id: ctl00_SiteContentPlaceHolder_FormView1_rblRemovalHearing_1
value : None



2018-11-20 14:33:58	catching classes that do not inherit from BaseException is not allowed
id: ctl00_SiteContentPlaceHolder_FormView1_rblAttWoReimb_1
value : None



2018-11-20 14:36:10	catching classes that do not inherit from BaseException is not allowed
id: ctl00_SiteContentPlaceHolder_FormView1_rblRemovalHearing_1
value : None



2018-11-20 14:36:21	catching classes that do not inherit from BaseException is not allowed
id: ctl00_SiteContentPlaceHolder_FormView1_rblAttWoReimb_1
value : None



2018-11-20 14:38:03	catching classes that do not inherit from BaseException is not allowed
css selector: #create-addApplicants > span
value : None



2018-11-20 14:38:29	catching classes that do not inherit from BaseException is not allowed
css selector: table > tbody > tr:nth-child(2) > td > input
value : None



2018-11-20 17:48:25	catching classes that do not inherit from BaseException is not allowed
xpath: //select
value : None



2018-11-20 17:49:26	catching classes that do not inherit from BaseException is not allowed
xpath: //select
value : None



2018-11-20 17:50:17	catching classes that do not inherit from BaseException is not allowed
xpath: //select
value : None



