2018-10-29 09:48:00	catching classes that do not inherit from BaseException is not allowed
css selector: #create-addApplicants > span
value : None



2018-10-29 09:49:06	catching classes that do not inherit from BaseException is not allowed
css selector: #create-addApplicants > span
value : None



2018-10-29 09:50:53	catching classes that do not inherit from BaseException is not allowed
css selector: #create-addApplicants > span
value : None



2018-10-29 09:52:11	catching classes that do not inherit from BaseException is not allowed
css selector: #create-addApplicants > span
value : None



2018-10-29 09:53:22	catching classes that do not inherit from BaseException is not allowed
css selector: #create-addApplicants > span
value : None



2018-10-29 09:54:35	catching classes that do not inherit from BaseException is not allowed
css selector: #create-addApplicants > span
value : None



2018-10-29 09:55:12	catching classes that do not inherit from BaseException is not allowed
xpath: //select
value : None



2018-10-29 10:00:33	catching classes that do not inherit from BaseException is not allowed
css selector: #create-addApplicants > span
value : None



2018-10-29 10:00:34	Message: element not interactable
  (Session info: chrome=69.0.3497.100)
  (Driver info: chromedriver=2.42.591088 (7b2b2dca23cca0862f674758c9a3933e685c27d5),platform=Windows NT 6.1.7601 SP1 x86_64)

xpath: /html/body/div[6]/div[1]/a/span
value : None



