2018-10-16 12:31:55	catching classes that do not inherit from BaseException is not allowed
css selector: .error > li
value : None



2018-10-16 12:33:32	catching classes that do not inherit from BaseException is not allowed
id: loginPage:SiteTemplate:siteLogin:loginComponent:loginForm:username
value : janice.fu@lettours.com



2018-10-16 12:33:58	catching classes that do not inherit from BaseException is not allowed
id: loginPage:SiteTemplate:siteLogin:loginComponent:loginForm:username
value : janice.fu@lettours.com



2018-10-16 12:35:02	Message: 

xpath: //select
value : None



2018-10-16 12:36:16	Message: unknown error: Element <span class="ui-button-text">...</span> is not clickable at point (358, 449). Other element would receive the click: <label>...</label>
  (Session info: chrome=69.0.3497.100)
  (Driver info: chromedriver=2.42.591088 (7b2b2dca23cca0862f674758c9a3933e685c27d5),platform=Windows NT 6.1.7601 SP1 x86_64)

css selector: .ui-button-text
value : None



2018-10-16 12:36:43	catching classes that do not inherit from BaseException is not allowed
id: loginPage:SiteTemplate:siteLogin:loginComponent:loginForm:username
value : janice.fu@lettours.com



2018-10-16 12:37:56	catching classes that do not inherit from BaseException is not allowed
xpath: //select
value : None



2018-10-16 12:40:06	catching classes that do not inherit from BaseException is not allowed
css selector: .ui-icon-pencil
value : None



2018-10-16 12:40:16	catching classes that do not inherit from BaseException is not allowed
id: thePage:SiteTemplate:theForm:j_id172:1
value : None



2018-10-16 12:40:42	Message: 

id: loginPage:SiteTemplate:siteLogin:loginComponent:loginForm:username
value : janice.fu@lettours.com



2018-10-16 12:41:38	catching classes that do not inherit from BaseException is not allowed
id: loginPage:SiteTemplate:siteLogin:loginComponent:loginForm:username
value : janice.fu@lettours.com



2018-10-16 13:59:43	catching classes that do not inherit from BaseException is not allowed
css selector: .error > li
value : None



2018-10-16 15:39:50	Message: 

id: ctl00_SiteContentPlaceHolder_ucLocation_ddlLocation
value : None



