2018-10-22 09:00:10	Message: stale element reference: element is not attached to the page document
  (Session info: chrome=69.0.3497.100)
  (Driver info: chromedriver=2.42.591088 (7b2b2dca23cca0862f674758c9a3933e685c27d5),platform=Windows NT 6.1.7601 SP1 x86_64)

id: ctl00_SiteContentPlaceHolder_FormView1_tbxPayerGivenName
value : YUN



2018-10-22 09:54:07	catching classes that do not inherit from BaseException is not allowed
id: ctl00_SiteContentPlaceHolder_FormView1_dtlTravelLoc_ctl01_tbxSPECTRAVEL_LOCATION
value : Atlanta



2018-10-22 09:54:53	catching classes that do not inherit from BaseException is not allowed
id: ctl00_SiteContentPlaceHolder_FormView1_ddlTravelState
value : None



2018-10-22 09:55:52	Message: stale element reference: element is not attached to the page document
  (Session info: chrome=69.0.3497.100)
  (Driver info: chromedriver=2.42.591088 (7b2b2dca23cca0862f674758c9a3933e685c27d5),platform=Windows NT 6.1.7601 SP1 x86_64)

id: ctl00_SiteContentPlaceHolder_FormView1_tbZIPCode
value : 91776



2018-10-22 12:14:41	catching classes that do not inherit from BaseException is not allowed
id: ctl00_SiteContentPlaceHolder_FormView1_rblChildCustody_1
value : None



2018-10-22 12:15:29	catching classes that do not inherit from BaseException is not allowed
id: ctl00_SiteContentPlaceHolder_FormView1_rblChildCustody_1
value : None



2018-10-22 12:29:33	Message: unknown error: session deleted because of page crash
from tab crashed
  (Session info: headless chrome=69.0.3497.100)
  (Driver info: chromedriver=2.42.591088 (7b2b2dca23cca0862f674758c9a3933e685c27d5),platform=Windows NT 6.1.7601 SP1 x86_64)

id: ctl00_SiteContentPlaceHolder_UpdateButton3
value : None



2018-10-22 12:30:38	catching classes that do not inherit from BaseException is not allowed
id: ctl00_SiteContentPlaceHolder_FormView1_rblChildCustody_1
value : None



2018-10-22 12:52:20	catching classes that do not inherit from BaseException is not allowed
id: ctl00_SiteContentPlaceHolder_FormView1_dtlPREV_US_VISIT_ctl00_ddlPREV_US_VISIT_DTEYear
value : 2009



2018-10-22 12:53:15	catching classes that do not inherit from BaseException is not allowed
id: ctl00_SiteContentPlaceHolder_FormView1_dtlPREV_US_VISIT_ctl00_ddlPREV_US_VISIT_DTEYear
value : 2009



2018-10-22 12:56:05	catching classes that do not inherit from BaseException is not allowed
id: ctl00_SiteContentPlaceHolder_FormView1_dtlPREV_US_VISIT_ctl00_ddlPREV_US_VISIT_DTEYear
value : 2009



2018-10-22 12:56:57	catching classes that do not inherit from BaseException is not allowed
id: ctl00_SiteContentPlaceHolder_FormView1_dtlPREV_US_VISIT_ctl00_ddlPREV_US_VISIT_DTEYear
value : 2009



2018-10-22 17:47:49	catching classes that do not inherit from BaseException is not allowed
id: ctl00_SiteContentPlaceHolder_FormView1_rblRemovalHearing_1
value : None



2018-10-22 17:48:02	catching classes that do not inherit from BaseException is not allowed
id: ctl00_SiteContentPlaceHolder_FormView1_rblAttWoReimb_1
value : None



