2018-12-14 14:00:49	catching classes that do not inherit from BaseException is not allowed
id: ctl00_SiteContentPlaceHolder_FormView1_rblRemovalHearing_1
value : None



2018-12-14 14:00:56	catching classes that do not inherit from BaseException is not allowed
id: ctl00_SiteContentPlaceHolder_FormView1_rblAttWoReimb_1
value : None



2018-12-14 14:45:38	catching classes that do not inherit from BaseException is not allowed
id: ctl00_SiteContentPlaceHolder_ucLocation_ddlLocation
value : None



2018-12-14 14:45:38	catching classes that do not inherit from BaseException is not allowed
id: ctl00_SiteContentPlaceHolder_ucLocation_ddlLocation
value : None


idName: ctl00_SiteContentPlaceHolder_ucLocation_ddlLocation
value : GUZ



2018-12-14 14:54:42	Message: element not interactable
  (Session info: chrome=69.0.3497.100)
  (Driver info: chromedriver=2.42.591088 (7b2b2dca23cca0862f674758c9a3933e685c27d5),platform=Windows NT 6.1.7601 SP1 x86_64)

id: ctl00_SiteContentPlaceHolder_FormView1_ValidationSummary
value : None



2018-12-14 14:54:59	catching classes that do not inherit from BaseException is not allowed
id: ctl00_SiteContentPlaceHolder_FormView1_rblRemovalHearing_1
value : None



2018-12-14 14:55:06	catching classes that do not inherit from BaseException is not allowed
id: ctl00_SiteContentPlaceHolder_FormView1_rblAttWoReimb_1
value : None



2018-12-14 15:01:12	catching classes that do not inherit from BaseException is not allowed
css selector: #create-addApplicants > span
value : None



2018-12-14 15:01:34	catching classes that do not inherit from BaseException is not allowed
css selector: #create-addApplicants > span
value : None



2018-12-14 17:06:29	持有其它国家的永久居住权身份

2018-12-14 17:07:30	持有其它国家的永久居住权身份

2018-12-14 17:08:25	持有其它国家的永久居住权身份

2018-12-14 17:09:28	持有其它国家的永久居住权身份

2018-12-14 17:35:06	持有其它国家的永久居住权身份

2018-12-14 17:36:52	持有其它国家的永久居住权身份

2018-12-14 17:40:44	持有其它国家的永久居住权身份

2018-12-14 18:07:44	catching classes that do not inherit from BaseException is not allowed
id: ctl00_SiteContentPlaceHolder_FormView1_rblRemovalHearing_1
value : None



2018-12-14 18:07:51	catching classes that do not inherit from BaseException is not allowed
id: ctl00_SiteContentPlaceHolder_FormView1_rblAttWoReimb_1
value : None



2018-12-14 18:10:30	catching classes that do not inherit from BaseException is not allowed
id: ctl00_SiteContentPlaceHolder_FormView1_rblRemovalHearing_1
value : None



2018-12-14 18:10:37	catching classes that do not inherit from BaseException is not allowed
id: ctl00_SiteContentPlaceHolder_FormView1_rblAttWoReimb_1
value : None



2018-12-14 18:34:47	catching classes that do not inherit from BaseException is not allowed
css selector: #create-addApplicants > span
value : None



2018-12-14 18:35:03	catching classes that do not inherit from BaseException is not allowed
css selector: #create-addApplicants > span
value : None



2018-12-14 18:35:03	Message: unknown error: Element <span class="ui-button-text">...</span> is not clickable at point (474, 306). Other element would receive the click: <td>...</td>
  (Session info: chrome=69.0.3497.100)
  (Driver info: chromedriver=2.42.591088 (7b2b2dca23cca0862f674758c9a3933e685c27d5),platform=Windows NT 6.1.7601 SP1 x86_64)

css selector: #create-user > span
value : None



2018-12-14 18:36:16	catching classes that do not inherit from BaseException is not allowed
css selector: #create-addApplicants > span
value : None



2018-12-14 18:36:32	catching classes that do not inherit from BaseException is not allowed
css selector: #create-addApplicants > span
value : None



2018-12-14 18:36:48	catching classes that do not inherit from BaseException is not allowed
css selector: #create-addApplicants > span
value : None



2018-12-14 18:37:04	catching classes that do not inherit from BaseException is not allowed
css selector: #create-addApplicants > span
value : None



