2018-11-14 10:30:52	catching classes that do not inherit from BaseException is not allowed
id: ctl00_SiteContentPlaceHolder_FormView1_rblRemovalHearing_1
value : None



2018-11-14 10:31:04	catching classes that do not inherit from BaseException is not allowed
id: ctl00_SiteContentPlaceHolder_FormView1_rblAttWoReimb_1
value : None



2018-11-14 10:45:04	catching classes that do not inherit from BaseException is not allowed
id: ctl00_SiteContentPlaceHolder_FormView1_rblRemovalHearing_1
value : None



2018-11-14 10:45:16	catching classes that do not inherit from BaseException is not allowed
id: ctl00_SiteContentPlaceHolder_FormView1_rblAttWoReimb_1
value : None



2018-11-14 10:56:02	catching classes that do not inherit from BaseException is not allowed
id: ctl00_SiteContentPlaceHolder_ApplicationRecovery1_pnlSubmittedApp
value : None



2018-11-14 12:56:08	catching classes that do not inherit from BaseException is not allowed
xpath: //select
value : None



2018-11-14 12:57:34	catching classes that do not inherit from BaseException is not allowed
css selector: #create-addApplicants > span
value : None



2018-11-14 12:57:52	catching classes that do not inherit from BaseException is not allowed
css selector: #create-addApplicants > span
value : None



2018-11-14 12:58:09	catching classes that do not inherit from BaseException is not allowed
css selector: #create-addApplicants > span
value : None



2018-11-14 12:58:26	catching classes that do not inherit from BaseException is not allowed
css selector: #create-addApplicants > span
value : None



2018-11-14 13:04:47	catching classes that do not inherit from BaseException is not allowed
css selector: #create-addApplicants > span
value : None



2018-11-14 13:05:04	catching classes that do not inherit from BaseException is not allowed
css selector: #create-addApplicants > span
value : None



2018-11-14 13:05:04	Message: unknown error: Element <span class="ui-button-text">...</span> is not clickable at point (474, 306). Other element would receive the click: <ul role="alert" class="error">...</ul>
  (Session info: chrome=69.0.3497.100)
  (Driver info: chromedriver=2.42.591088 (7b2b2dca23cca0862f674758c9a3933e685c27d5),platform=Windows NT 6.1.7601 SP1 x86_64)

css selector: #create-user > span
value : None



2018-11-14 13:06:13	catching classes that do not inherit from BaseException is not allowed
css selector: #create-addApplicants > span
value : None



2018-11-14 13:06:24	catching classes that do not inherit from BaseException is not allowed
css selector: #create-addApplicants > span
value : None



2018-11-14 13:06:24	catching classes that do not inherit from BaseException is not allowed
css selector: #create-user > span
value : None



2018-11-14 14:56:14	catching classes that do not inherit from BaseException is not allowed
id: ctl00_SiteContentPlaceHolder_FormView1_rblRemovalHearing_1
value : None



2018-11-14 14:56:26	catching classes that do not inherit from BaseException is not allowed
id: ctl00_SiteContentPlaceHolder_FormView1_rblAttWoReimb_1
value : None



2018-11-14 15:14:28	catching classes that do not inherit from BaseException is not allowed
css selector: #create-addApplicants > span
value : None



2018-11-14 15:14:28	catching classes that do not inherit from BaseException is not allowed
css selector: #create-user > span
value : None



2018-11-14 15:18:54	catching classes that do not inherit from BaseException is not allowed
css selector: div#summary > ul
value : None



2018-11-14 16:42:56	catching classes that do not inherit from BaseException is not allowed
css selector: input[type="text"]
value : JUNLING LIU



2018-11-14 17:38:15	catching classes that do not inherit from BaseException is not allowed
xpath: //*[@id="thePage:SiteTemplate:theForm:pickupBlocks"]/div[1]/select[2]
value : None



2018-11-14 17:38:28	catching classes that do not inherit from BaseException is not allowed
css selector: tr > td:last-child > input[type='submit']
value : None



2018-11-14 17:38:40	catching classes that do not inherit from BaseException is not allowed
xpath: /html/body/div[4]/div[3]/div/button[1]/span
value : None



2018-11-14 17:38:40	Message: element not interactable
  (Session info: chrome=69.0.3497.100)
  (Driver info: chromedriver=2.42.591088 (7b2b2dca23cca0862f674758c9a3933e685c27d5),platform=Windows NT 6.1.7601 SP1 x86_64)

xpath: /html/body/div[2]/div[3]/div/button/span
value : None



