2018-11-09 14:48:54	下拉框选择器 ID 和 value 不能为空
selectid: ctl00_SiteContentPlaceHolder_FormView1_ddlAPP_MARITAL_STATUS
value   : 

2018-11-09 14:49:35	下拉框选择器 ID 和 value 不能为空
selectid: ctl00_SiteContentPlaceHolder_FormView1_ddlAPP_MARITAL_STATUS
value   : 

2018-11-09 14:50:31	下拉框选择器 ID 和 value 不能为空
selectid: ctl00_SiteContentPlaceHolder_FormView1_ddlAPP_MARITAL_STATUS
value   : 

2018-11-09 14:51:06	[WinError 10054] 远程主机强迫关闭了一个现有的连接。
idName: ctl00_SiteContentPlaceHolder_ucLocation_ddlLocation
value : SHG



2018-11-09 14:52:19	下拉框选择器 ID 和 value 不能为空
selectid: ctl00_SiteContentPlaceHolder_FormView1_ddlAPP_MARITAL_STATUS
value   : 

2018-11-09 15:17:25	catching classes that do not inherit from BaseException is not allowed
id: ctl00_SiteContentPlaceHolder_ucLocation_ddlLocation
value : None



2018-11-09 16:00:36	catching classes that do not inherit from BaseException is not allowed
xpath: //select
value : None



2018-11-09 16:01:36	catching classes that do not inherit from BaseException is not allowed
xpath: //select
value : None



2018-11-09 16:02:20	catching classes that do not inherit from BaseException is not allowed
xpath: //select
value : None



2018-11-09 16:03:08	catching classes that do not inherit from BaseException is not allowed
xpath: //select
value : None



2018-11-09 16:04:32	catching classes that do not inherit from BaseException is not allowed
xpath: //select
value : None



2018-11-09 16:05:28	catching classes that do not inherit from BaseException is not allowed
id: loginPage:SiteTemplate:siteLogin:loginComponent:loginForm:password
value : lijie1022



2018-11-09 16:05:28	catching classes that do not inherit from BaseException is not allowed
id: loginPage:SiteTemplate:siteLogin:loginComponent:loginForm:password
value : lijie1022



2018-11-09 16:05:28	catching classes that do not inherit from BaseException is not allowed
id: loginPage:SiteTemplate:siteLogin:loginComponent:loginForm:password
value : lijie1022



2018-11-09 16:05:28	catching classes that do not inherit from BaseException is not allowed
id: loginPage:SiteTemplate:siteLogin:loginComponent:loginForm:password
value : lijie1022



2018-11-09 16:05:29	catching classes that do not inherit from BaseException is not allowed
xpath: //select
value : None



2018-11-09 16:38:16	Message: unknown error: Element <span class="ui-button-text">...</span> is not clickable at point (599, 856). Other element would receive the click: <div class="ui-widget-overlay" style="width: 966px; height: 1352px; z-index: 1001;"></div>
  (Session info: chrome=69.0.3497.100)
  (Driver info: chromedriver=2.42.591088 (7b2b2dca23cca0862f674758c9a3933e685c27d5),platform=Windows NT 6.1.7601 SP1 x86_64)

css selector: #create-user > span
value : None



2018-11-09 16:44:42	catching classes that do not inherit from BaseException is not allowed
css selector: #create-addApplicants > span
value : None



2018-11-09 16:47:50	catching classes that do not inherit from BaseException is not allowed
id: ctl00_SiteContentPlaceHolder_ucLocation_ddlLocation
value : None



