2018-12-13 11:33:13	catching classes that do not inherit from BaseException is not allowed
css selector: #create-addApplicants > span
value : None



2018-12-13 11:33:28	catching classes that do not inherit from BaseException is not allowed
css selector: #create-addApplicants > span
value : None



2018-12-13 11:33:28	Message: unknown error: Element <span class="ui-button-text">...</span> is not clickable at point (474, 306). Other element would receive the click: <td>...</td>
  (Session info: chrome=69.0.3497.100)
  (Driver info: chromedriver=2.42.591088 (7b2b2dca23cca0862f674758c9a3933e685c27d5),platform=Windows NT 6.1.7601 SP1 x86_64)

css selector: #create-user > span
value : None



2018-12-13 11:34:37	catching classes that do not inherit from BaseException is not allowed
css selector: #create-addApplicants > span
value : None



2018-12-13 11:34:49	catching classes that do not inherit from BaseException is not allowed
css selector: #create-addApplicants > span
value : None



2018-12-13 11:34:49	Message: unknown error: Element <span class="ui-button-text">...</span> is not clickable at point (474, 306). Other element would receive the click: <ul role="alert" class="error">...</ul>
  (Session info: chrome=69.0.3497.100)
  (Driver info: chromedriver=2.42.591088 (7b2b2dca23cca0862f674758c9a3933e685c27d5),platform=Windows NT 6.1.7601 SP1 x86_64)

css selector: #create-user > span
value : None



2018-12-13 11:36:10	catching classes that do not inherit from BaseException is not allowed
css selector: #create-addApplicants > span
value : None



2018-12-13 11:36:23	catching classes that do not inherit from BaseException is not allowed
css selector: #create-addApplicants > span
value : None



2018-12-13 11:36:23	Message: unknown error: Element <span class="ui-button-text">...</span> is not clickable at point (474, 306). Other element would receive the click: <ul role="alert" class="error">...</ul>
  (Session info: chrome=69.0.3497.100)
  (Driver info: chromedriver=2.42.591088 (7b2b2dca23cca0862f674758c9a3933e685c27d5),platform=Windows NT 6.1.7601 SP1 x86_64)

css selector: #create-user > span
value : None



2018-12-13 11:37:26	catching classes that do not inherit from BaseException is not allowed
css selector: #create-addApplicants > span
value : None



2018-12-13 11:37:41	catching classes that do not inherit from BaseException is not allowed
css selector: #create-addApplicants > span
value : None



2018-12-13 11:37:41	Message: unknown error: Element <span class="ui-button-text">...</span> is not clickable at point (474, 306). Other element would receive the click: <td>...</td>
  (Session info: chrome=69.0.3497.100)
  (Driver info: chromedriver=2.42.591088 (7b2b2dca23cca0862f674758c9a3933e685c27d5),platform=Windows NT 6.1.7601 SP1 x86_64)

css selector: #create-user > span
value : None



2018-12-13 11:38:52	catching classes that do not inherit from BaseException is not allowed
css selector: #create-addApplicants > span
value : None



2018-12-13 11:39:08	catching classes that do not inherit from BaseException is not allowed
css selector: #create-addApplicants > span
value : None



2018-12-13 11:39:08	Message: unknown error: Element <span class="ui-button-text">...</span> is not clickable at point (474, 306). Other element would receive the click: <ul role="alert" class="error">...</ul>
  (Session info: chrome=69.0.3497.100)
  (Driver info: chromedriver=2.42.591088 (7b2b2dca23cca0862f674758c9a3933e685c27d5),platform=Windows NT 6.1.7601 SP1 x86_64)

css selector: #create-user > span
value : None



2018-12-13 11:40:19	catching classes that do not inherit from BaseException is not allowed
css selector: #create-addApplicants > span
value : None



2018-12-13 11:40:33	catching classes that do not inherit from BaseException is not allowed
css selector: #create-addApplicants > span
value : None



2018-12-13 11:40:33	Message: unknown error: Element <span class="ui-button-text">...</span> is not clickable at point (474, 306). Other element would receive the click: <ul role="alert" class="error">...</ul>
  (Session info: chrome=69.0.3497.100)
  (Driver info: chromedriver=2.42.591088 (7b2b2dca23cca0862f674758c9a3933e685c27d5),platform=Windows NT 6.1.7601 SP1 x86_64)

css selector: #create-user > span
value : None



2018-12-13 11:41:48	catching classes that do not inherit from BaseException is not allowed
css selector: #create-addApplicants > span
value : None



2018-12-13 11:42:01	catching classes that do not inherit from BaseException is not allowed
css selector: #create-addApplicants > span
value : None



2018-12-13 11:42:01	Message: unknown error: Element <span class="ui-button-text">...</span> is not clickable at point (474, 306). Other element would receive the click: <ul role="alert" class="error">...</ul>
  (Session info: chrome=69.0.3497.100)
  (Driver info: chromedriver=2.42.591088 (7b2b2dca23cca0862f674758c9a3933e685c27d5),platform=Windows NT 6.1.7601 SP1 x86_64)

css selector: #create-user > span
value : None



2018-12-13 11:43:01	catching classes that do not inherit from BaseException is not allowed
css selector: #create-addApplicants > span
value : None



2018-12-13 11:43:14	catching classes that do not inherit from BaseException is not allowed
css selector: #create-addApplicants > span
value : None



2018-12-13 11:43:14	Message: unknown error: Element <span class="ui-button-text">...</span> is not clickable at point (474, 306). Other element would receive the click: <ul role="alert" class="error">...</ul>
  (Session info: chrome=69.0.3497.100)
  (Driver info: chromedriver=2.42.591088 (7b2b2dca23cca0862f674758c9a3933e685c27d5),platform=Windows NT 6.1.7601 SP1 x86_64)

css selector: #create-user > span
value : None



2018-12-13 11:44:33	catching classes that do not inherit from BaseException is not allowed
css selector: #create-addApplicants > span
value : None



2018-12-13 11:44:48	catching classes that do not inherit from BaseException is not allowed
css selector: #create-addApplicants > span
value : None



2018-12-13 11:44:48	Message: unknown error: Element <span class="ui-button-text">...</span> is not clickable at point (474, 306). Other element would receive the click: <ul role="alert" class="error">...</ul>
  (Session info: chrome=69.0.3497.100)
  (Driver info: chromedriver=2.42.591088 (7b2b2dca23cca0862f674758c9a3933e685c27d5),platform=Windows NT 6.1.7601 SP1 x86_64)

css selector: #create-user > span
value : None



2018-12-13 11:51:15	catching classes that do not inherit from BaseException is not allowed
css selector: #create-addApplicants > span
value : None



2018-12-13 11:51:31	catching classes that do not inherit from BaseException is not allowed
css selector: #create-addApplicants > span
value : None



2018-12-13 11:51:31	Message: unknown error: Element <span class="ui-button-text">...</span> is not clickable at point (474, 306). Other element would receive the click: <ul role="alert" class="error">...</ul>
  (Session info: chrome=69.0.3497.100)
  (Driver info: chromedriver=2.42.591088 (7b2b2dca23cca0862f674758c9a3933e685c27d5),platform=Windows NT 6.1.7601 SP1 x86_64)

css selector: #create-user > span
value : None



2018-12-13 11:53:01	catching classes that do not inherit from BaseException is not allowed
css selector: #create-addApplicants > span
value : None



2018-12-13 11:53:14	catching classes that do not inherit from BaseException is not allowed
css selector: #create-addApplicants > span
value : None



2018-12-13 11:53:15	Message: unknown error: Element <span class="ui-button-text">...</span> is not clickable at point (474, 306). Other element would receive the click: <ul role="alert" class="error">...</ul>
  (Session info: chrome=69.0.3497.100)
  (Driver info: chromedriver=2.42.591088 (7b2b2dca23cca0862f674758c9a3933e685c27d5),platform=Windows NT 6.1.7601 SP1 x86_64)

css selector: #create-user > span
value : None



2018-12-13 11:54:36	catching classes that do not inherit from BaseException is not allowed
css selector: #create-addApplicants > span
value : None



2018-12-13 11:54:53	catching classes that do not inherit from BaseException is not allowed
css selector: #create-addApplicants > span
value : None



2018-12-13 11:54:54	Message: unknown error: Element <span class="ui-button-text">...</span> is not clickable at point (474, 306). Other element would receive the click: <ul role="alert" class="error">...</ul>
  (Session info: chrome=69.0.3497.100)
  (Driver info: chromedriver=2.42.591088 (7b2b2dca23cca0862f674758c9a3933e685c27d5),platform=Windows NT 6.1.7601 SP1 x86_64)

css selector: #create-user > span
value : None



2018-12-13 11:56:12	catching classes that do not inherit from BaseException is not allowed
css selector: #create-addApplicants > span
value : None



2018-12-13 11:56:35	catching classes that do not inherit from BaseException is not allowed
css selector: #create-addApplicants > span
value : None



2018-12-13 11:56:35	Message: unknown error: Element <span class="ui-button-text">...</span> is not clickable at point (474, 306). Other element would receive the click: <ul role="alert" class="error">...</ul>
  (Session info: chrome=69.0.3497.100)
  (Driver info: chromedriver=2.42.591088 (7b2b2dca23cca0862f674758c9a3933e685c27d5),platform=Windows NT 6.1.7601 SP1 x86_64)

css selector: #create-user > span
value : None



2018-12-13 11:57:59	catching classes that do not inherit from BaseException is not allowed
css selector: #create-addApplicants > span
value : None



2018-12-13 11:58:12	catching classes that do not inherit from BaseException is not allowed
css selector: #create-addApplicants > span
value : None



2018-12-13 11:58:12	Message: unknown error: Element <span class="ui-button-text">...</span> is not clickable at point (474, 306). Other element would receive the click: <ul role="alert" class="error">...</ul>
  (Session info: chrome=69.0.3497.100)
  (Driver info: chromedriver=2.42.591088 (7b2b2dca23cca0862f674758c9a3933e685c27d5),platform=Windows NT 6.1.7601 SP1 x86_64)

css selector: #create-user > span
value : None



2018-12-13 12:00:02	catching classes that do not inherit from BaseException is not allowed
css selector: #create-addApplicants > span
value : None



2018-12-13 12:00:32	catching classes that do not inherit from BaseException is not allowed
css selector: #create-addApplicants > span
value : None



2018-12-13 12:00:33	Message: unknown error: Element <span class="ui-button-text">...</span> is not clickable at point (474, 306). Other element would receive the click: <ul role="alert" class="error">...</ul>
  (Session info: chrome=69.0.3497.100)
  (Driver info: chromedriver=2.42.591088 (7b2b2dca23cca0862f674758c9a3933e685c27d5),platform=Windows NT 6.1.7601 SP1 x86_64)

css selector: #create-user > span
value : None



2018-12-13 12:02:10	catching classes that do not inherit from BaseException is not allowed
css selector: #create-addApplicants > span
value : None



2018-12-13 12:02:22	catching classes that do not inherit from BaseException is not allowed
css selector: #create-addApplicants > span
value : None



2018-12-13 12:02:22	Message: unknown error: Element <span class="ui-button-text">...</span> is not clickable at point (474, 306). Other element would receive the click: <ul role="alert" class="error">...</ul>
  (Session info: chrome=69.0.3497.100)
  (Driver info: chromedriver=2.42.591088 (7b2b2dca23cca0862f674758c9a3933e685c27d5),platform=Windows NT 6.1.7601 SP1 x86_64)

css selector: #create-user > span
value : None



2018-12-13 12:03:42	catching classes that do not inherit from BaseException is not allowed
css selector: #create-addApplicants > span
value : None



2018-12-13 12:03:54	catching classes that do not inherit from BaseException is not allowed
css selector: #create-addApplicants > span
value : None



2018-12-13 12:03:55	Message: unknown error: Element <span class="ui-button-text">...</span> is not clickable at point (474, 306). Other element would receive the click: <ul role="alert" class="error">...</ul>
  (Session info: chrome=69.0.3497.100)
  (Driver info: chromedriver=2.42.591088 (7b2b2dca23cca0862f674758c9a3933e685c27d5),platform=Windows NT 6.1.7601 SP1 x86_64)

css selector: #create-user > span
value : None



2018-12-13 12:05:17	catching classes that do not inherit from BaseException is not allowed
css selector: #create-addApplicants > span
value : None



2018-12-13 12:05:32	catching classes that do not inherit from BaseException is not allowed
css selector: #create-addApplicants > span
value : None



2018-12-13 12:05:32	Message: unknown error: Element <span class="ui-button-text">...</span> is not clickable at point (474, 306). Other element would receive the click: <ul role="alert" class="error">...</ul>
  (Session info: chrome=69.0.3497.100)
  (Driver info: chromedriver=2.42.591088 (7b2b2dca23cca0862f674758c9a3933e685c27d5),platform=Windows NT 6.1.7601 SP1 x86_64)

css selector: #create-user > span
value : None



2018-12-13 12:06:51	catching classes that do not inherit from BaseException is not allowed
css selector: #create-addApplicants > span
value : None



2018-12-13 12:07:06	catching classes that do not inherit from BaseException is not allowed
css selector: #create-addApplicants > span
value : None



2018-12-13 12:07:06	Message: unknown error: Element <span class="ui-button-text">...</span> is not clickable at point (474, 306). Other element would receive the click: <ul role="alert" class="error">...</ul>
  (Session info: chrome=69.0.3497.100)
  (Driver info: chromedriver=2.42.591088 (7b2b2dca23cca0862f674758c9a3933e685c27d5),platform=Windows NT 6.1.7601 SP1 x86_64)

css selector: #create-user > span
value : None



2018-12-13 12:08:25	catching classes that do not inherit from BaseException is not allowed
css selector: #create-addApplicants > span
value : None



2018-12-13 12:08:39	catching classes that do not inherit from BaseException is not allowed
css selector: #create-addApplicants > span
value : None



2018-12-13 12:08:39	Message: unknown error: Element <span class="ui-button-text">...</span> is not clickable at point (474, 306). Other element would receive the click: <ul role="alert" class="error">...</ul>
  (Session info: chrome=69.0.3497.100)
  (Driver info: chromedriver=2.42.591088 (7b2b2dca23cca0862f674758c9a3933e685c27d5),platform=Windows NT 6.1.7601 SP1 x86_64)

css selector: #create-user > span
value : None



2018-12-13 12:09:48	catching classes that do not inherit from BaseException is not allowed
css selector: #create-addApplicants > span
value : None



2018-12-13 12:10:00	catching classes that do not inherit from BaseException is not allowed
css selector: #create-addApplicants > span
value : None



2018-12-13 12:10:00	Message: unknown error: Element <span class="ui-button-text">...</span> is not clickable at point (474, 306). Other element would receive the click: <ul role="alert" class="error">...</ul>
  (Session info: chrome=69.0.3497.100)
  (Driver info: chromedriver=2.42.591088 (7b2b2dca23cca0862f674758c9a3933e685c27d5),platform=Windows NT 6.1.7601 SP1 x86_64)

css selector: #create-user > span
value : None



2018-12-13 12:11:16	catching classes that do not inherit from BaseException is not allowed
css selector: #create-addApplicants > span
value : None



2018-12-13 12:11:29	catching classes that do not inherit from BaseException is not allowed
css selector: #create-addApplicants > span
value : None



2018-12-13 12:11:29	Message: unknown error: Element <span class="ui-button-text">...</span> is not clickable at point (474, 306). Other element would receive the click: <ul role="alert" class="error">...</ul>
  (Session info: chrome=69.0.3497.100)
  (Driver info: chromedriver=2.42.591088 (7b2b2dca23cca0862f674758c9a3933e685c27d5),platform=Windows NT 6.1.7601 SP1 x86_64)

css selector: #create-user > span
value : None



2018-12-13 12:12:47	catching classes that do not inherit from BaseException is not allowed
css selector: #create-addApplicants > span
value : None



2018-12-13 12:13:01	catching classes that do not inherit from BaseException is not allowed
css selector: #create-addApplicants > span
value : None



2018-12-13 12:13:01	Message: unknown error: Element <span class="ui-button-text">...</span> is not clickable at point (474, 306). Other element would receive the click: <ul role="alert" class="error">...</ul>
  (Session info: chrome=69.0.3497.100)
  (Driver info: chromedriver=2.42.591088 (7b2b2dca23cca0862f674758c9a3933e685c27d5),platform=Windows NT 6.1.7601 SP1 x86_64)

css selector: #create-user > span
value : None



2018-12-13 12:15:39	catching classes that do not inherit from BaseException is not allowed
css selector: #create-addApplicants > span
value : None



2018-12-13 12:15:52	catching classes that do not inherit from BaseException is not allowed
css selector: #create-addApplicants > span
value : None



2018-12-13 12:15:52	Message: unknown error: Element <span class="ui-button-text">...</span> is not clickable at point (474, 306). Other element would receive the click: <ul role="alert" class="error">...</ul>
  (Session info: chrome=69.0.3497.100)
  (Driver info: chromedriver=2.42.591088 (7b2b2dca23cca0862f674758c9a3933e685c27d5),platform=Windows NT 6.1.7601 SP1 x86_64)

css selector: #create-user > span
value : None



2018-12-13 12:17:06	catching classes that do not inherit from BaseException is not allowed
css selector: #create-addApplicants > span
value : None



2018-12-13 12:17:20	catching classes that do not inherit from BaseException is not allowed
css selector: #create-addApplicants > span
value : None



2018-12-13 12:17:20	Message: unknown error: Element <span class="ui-button-text">...</span> is not clickable at point (474, 306). Other element would receive the click: <ul role="alert" class="error">...</ul>
  (Session info: chrome=69.0.3497.100)
  (Driver info: chromedriver=2.42.591088 (7b2b2dca23cca0862f674758c9a3933e685c27d5),platform=Windows NT 6.1.7601 SP1 x86_64)

css selector: #create-user > span
value : None



2018-12-13 12:18:22	catching classes that do not inherit from BaseException is not allowed
css selector: #create-addApplicants > span
value : None



2018-12-13 12:18:37	catching classes that do not inherit from BaseException is not allowed
css selector: #create-addApplicants > span
value : None



2018-12-13 12:18:37	Message: unknown error: Element <span class="ui-button-text">...</span> is not clickable at point (474, 306). Other element would receive the click: <ul role="alert" class="error">...</ul>
  (Session info: chrome=69.0.3497.100)
  (Driver info: chromedriver=2.42.591088 (7b2b2dca23cca0862f674758c9a3933e685c27d5),platform=Windows NT 6.1.7601 SP1 x86_64)

css selector: #create-user > span
value : None



2018-12-13 12:20:13	catching classes that do not inherit from BaseException is not allowed
css selector: #create-addApplicants > span
value : None



2018-12-13 12:20:25	catching classes that do not inherit from BaseException is not allowed
css selector: #create-addApplicants > span
value : None



2018-12-13 12:20:25	Message: unknown error: Element <span class="ui-button-text">...</span> is not clickable at point (474, 306). Other element would receive the click: <ul role="alert" class="error">...</ul>
  (Session info: chrome=69.0.3497.100)
  (Driver info: chromedriver=2.42.591088 (7b2b2dca23cca0862f674758c9a3933e685c27d5),platform=Windows NT 6.1.7601 SP1 x86_64)

css selector: #create-user > span
value : None



2018-12-13 12:21:31	catching classes that do not inherit from BaseException is not allowed
css selector: #create-addApplicants > span
value : None



2018-12-13 12:21:44	catching classes that do not inherit from BaseException is not allowed
css selector: #create-addApplicants > span
value : None



2018-12-13 12:21:44	Message: unknown error: Element <span class="ui-button-text">...</span> is not clickable at point (474, 306). Other element would receive the click: <ul role="alert" class="error">...</ul>
  (Session info: chrome=69.0.3497.100)
  (Driver info: chromedriver=2.42.591088 (7b2b2dca23cca0862f674758c9a3933e685c27d5),platform=Windows NT 6.1.7601 SP1 x86_64)

css selector: #create-user > span
value : None



2018-12-13 12:22:48	catching classes that do not inherit from BaseException is not allowed
css selector: #create-addApplicants > span
value : None



2018-12-13 12:23:03	catching classes that do not inherit from BaseException is not allowed
css selector: #create-addApplicants > span
value : None



2018-12-13 12:23:04	Message: unknown error: Element <span class="ui-button-text">...</span> is not clickable at point (474, 306). Other element would receive the click: <ul role="alert" class="error">...</ul>
  (Session info: chrome=69.0.3497.100)
  (Driver info: chromedriver=2.42.591088 (7b2b2dca23cca0862f674758c9a3933e685c27d5),platform=Windows NT 6.1.7601 SP1 x86_64)

css selector: #create-user > span
value : None



2018-12-13 12:24:20	catching classes that do not inherit from BaseException is not allowed
css selector: #create-addApplicants > span
value : None



2018-12-13 12:24:34	catching classes that do not inherit from BaseException is not allowed
css selector: #create-addApplicants > span
value : None



2018-12-13 12:24:35	Message: unknown error: Element <span class="ui-button-text">...</span> is not clickable at point (474, 306). Other element would receive the click: <ul role="alert" class="error">...</ul>
  (Session info: chrome=69.0.3497.100)
  (Driver info: chromedriver=2.42.591088 (7b2b2dca23cca0862f674758c9a3933e685c27d5),platform=Windows NT 6.1.7601 SP1 x86_64)

css selector: #create-user > span
value : None



2018-12-13 12:25:52	catching classes that do not inherit from BaseException is not allowed
css selector: #create-addApplicants > span
value : None



2018-12-13 12:26:04	catching classes that do not inherit from BaseException is not allowed
css selector: #create-addApplicants > span
value : None



2018-12-13 12:26:04	Message: unknown error: Element <span class="ui-button-text">...</span> is not clickable at point (474, 306). Other element would receive the click: <ul role="alert" class="error">...</ul>
  (Session info: chrome=69.0.3497.100)
  (Driver info: chromedriver=2.42.591088 (7b2b2dca23cca0862f674758c9a3933e685c27d5),platform=Windows NT 6.1.7601 SP1 x86_64)

css selector: #create-user > span
value : None



2018-12-13 12:27:11	catching classes that do not inherit from BaseException is not allowed
css selector: #create-addApplicants > span
value : None



2018-12-13 12:27:23	catching classes that do not inherit from BaseException is not allowed
css selector: #create-addApplicants > span
value : None



2018-12-13 12:27:23	Message: unknown error: Element <span class="ui-button-text">...</span> is not clickable at point (474, 306). Other element would receive the click: <ul role="alert" class="error">...</ul>
  (Session info: chrome=69.0.3497.100)
  (Driver info: chromedriver=2.42.591088 (7b2b2dca23cca0862f674758c9a3933e685c27d5),platform=Windows NT 6.1.7601 SP1 x86_64)

css selector: #create-user > span
value : None



2018-12-13 12:29:02	catching classes that do not inherit from BaseException is not allowed
css selector: #create-addApplicants > span
value : None



2018-12-13 12:29:18	catching classes that do not inherit from BaseException is not allowed
css selector: #create-addApplicants > span
value : None



2018-12-13 12:29:18	Message: unknown error: Element <span class="ui-button-text">...</span> is not clickable at point (474, 306). Other element would receive the click: <ul role="alert" class="error">...</ul>
  (Session info: chrome=69.0.3497.100)
  (Driver info: chromedriver=2.42.591088 (7b2b2dca23cca0862f674758c9a3933e685c27d5),platform=Windows NT 6.1.7601 SP1 x86_64)

css selector: #create-user > span
value : None



2018-12-13 12:30:40	catching classes that do not inherit from BaseException is not allowed
css selector: #create-addApplicants > span
value : None



2018-12-13 12:30:59	catching classes that do not inherit from BaseException is not allowed
css selector: #create-addApplicants > span
value : None



2018-12-13 12:30:59	Message: unknown error: Element <span class="ui-button-text">...</span> is not clickable at point (474, 306). Other element would receive the click: <ul role="alert" class="error">...</ul>
  (Session info: chrome=69.0.3497.100)
  (Driver info: chromedriver=2.42.591088 (7b2b2dca23cca0862f674758c9a3933e685c27d5),platform=Windows NT 6.1.7601 SP1 x86_64)

css selector: #create-user > span
value : None



2018-12-13 12:32:10	catching classes that do not inherit from BaseException is not allowed
css selector: #create-addApplicants > span
value : None



2018-12-13 12:32:24	catching classes that do not inherit from BaseException is not allowed
css selector: #create-addApplicants > span
value : None



2018-12-13 12:32:24	Message: unknown error: Element <span class="ui-button-text">...</span> is not clickable at point (474, 306). Other element would receive the click: <ul role="alert" class="error">...</ul>
  (Session info: chrome=69.0.3497.100)
  (Driver info: chromedriver=2.42.591088 (7b2b2dca23cca0862f674758c9a3933e685c27d5),platform=Windows NT 6.1.7601 SP1 x86_64)

css selector: #create-user > span
value : None



2018-12-13 12:33:32	catching classes that do not inherit from BaseException is not allowed
css selector: #create-addApplicants > span
value : None



2018-12-13 12:33:46	catching classes that do not inherit from BaseException is not allowed
css selector: #create-addApplicants > span
value : None



2018-12-13 12:33:46	Message: unknown error: Element <span class="ui-button-text">...</span> is not clickable at point (474, 306). Other element would receive the click: <ul role="alert" class="error">...</ul>
  (Session info: chrome=69.0.3497.100)
  (Driver info: chromedriver=2.42.591088 (7b2b2dca23cca0862f674758c9a3933e685c27d5),platform=Windows NT 6.1.7601 SP1 x86_64)

css selector: #create-user > span
value : None



2018-12-13 12:35:07	catching classes that do not inherit from BaseException is not allowed
css selector: #create-addApplicants > span
value : None



2018-12-13 12:35:19	catching classes that do not inherit from BaseException is not allowed
css selector: #create-addApplicants > span
value : None



2018-12-13 12:35:19	Message: unknown error: Element <span class="ui-button-text">...</span> is not clickable at point (474, 306). Other element would receive the click: <ul role="alert" class="error">...</ul>
  (Session info: chrome=69.0.3497.100)
  (Driver info: chromedriver=2.42.591088 (7b2b2dca23cca0862f674758c9a3933e685c27d5),platform=Windows NT 6.1.7601 SP1 x86_64)

css selector: #create-user > span
value : None



2018-12-13 12:37:26	catching classes that do not inherit from BaseException is not allowed
css selector: #create-addApplicants > span
value : None



2018-12-13 12:37:41	catching classes that do not inherit from BaseException is not allowed
css selector: #create-addApplicants > span
value : None



2018-12-13 12:37:41	Message: unknown error: Element <span class="ui-button-text">...</span> is not clickable at point (474, 306). Other element would receive the click: <ul role="alert" class="error">...</ul>
  (Session info: chrome=69.0.3497.100)
  (Driver info: chromedriver=2.42.591088 (7b2b2dca23cca0862f674758c9a3933e685c27d5),platform=Windows NT 6.1.7601 SP1 x86_64)

css selector: #create-user > span
value : None



2018-12-13 12:40:22	catching classes that do not inherit from BaseException is not allowed
css selector: #create-addApplicants > span
value : None



2018-12-13 12:40:38	catching classes that do not inherit from BaseException is not allowed
css selector: #create-addApplicants > span
value : None



2018-12-13 12:40:38	Message: unknown error: Element <span class="ui-button-text">...</span> is not clickable at point (474, 306). Other element would receive the click: <td>...</td>
  (Session info: chrome=69.0.3497.100)
  (Driver info: chromedriver=2.42.591088 (7b2b2dca23cca0862f674758c9a3933e685c27d5),platform=Windows NT 6.1.7601 SP1 x86_64)

css selector: #create-user > span
value : None



2018-12-13 12:41:53	catching classes that do not inherit from BaseException is not allowed
css selector: #create-addApplicants > span
value : None



2018-12-13 12:42:07	catching classes that do not inherit from BaseException is not allowed
css selector: #create-addApplicants > span
value : None



2018-12-13 12:42:08	Message: unknown error: Element <span class="ui-button-text">...</span> is not clickable at point (474, 306). Other element would receive the click: <ul role="alert" class="error">...</ul>
  (Session info: chrome=69.0.3497.100)
  (Driver info: chromedriver=2.42.591088 (7b2b2dca23cca0862f674758c9a3933e685c27d5),platform=Windows NT 6.1.7601 SP1 x86_64)

css selector: #create-user > span
value : None



2018-12-13 12:43:22	catching classes that do not inherit from BaseException is not allowed
css selector: #create-addApplicants > span
value : None



2018-12-13 12:43:35	catching classes that do not inherit from BaseException is not allowed
css selector: #create-addApplicants > span
value : None



2018-12-13 12:43:35	Message: unknown error: Element <span class="ui-button-text">...</span> is not clickable at point (474, 306). Other element would receive the click: <ul role="alert" class="error">...</ul>
  (Session info: chrome=69.0.3497.100)
  (Driver info: chromedriver=2.42.591088 (7b2b2dca23cca0862f674758c9a3933e685c27d5),platform=Windows NT 6.1.7601 SP1 x86_64)

css selector: #create-user > span
value : None



2018-12-13 12:45:12	catching classes that do not inherit from BaseException is not allowed
css selector: #create-addApplicants > span
value : None



2018-12-13 12:45:27	catching classes that do not inherit from BaseException is not allowed
css selector: #create-addApplicants > span
value : None



2018-12-13 12:45:27	Message: unknown error: Element <span class="ui-button-text">...</span> is not clickable at point (474, 306). Other element would receive the click: <ul role="alert" class="error">...</ul>
  (Session info: chrome=69.0.3497.100)
  (Driver info: chromedriver=2.42.591088 (7b2b2dca23cca0862f674758c9a3933e685c27d5),platform=Windows NT 6.1.7601 SP1 x86_64)

css selector: #create-user > span
value : None



2018-12-13 12:46:39	catching classes that do not inherit from BaseException is not allowed
css selector: #create-addApplicants > span
value : None



2018-12-13 12:46:55	catching classes that do not inherit from BaseException is not allowed
css selector: #create-addApplicants > span
value : None



2018-12-13 12:46:55	Message: unknown error: Element <span class="ui-button-text">...</span> is not clickable at point (474, 306). Other element would receive the click: <ul role="alert" class="error">...</ul>
  (Session info: chrome=69.0.3497.100)
  (Driver info: chromedriver=2.42.591088 (7b2b2dca23cca0862f674758c9a3933e685c27d5),platform=Windows NT 6.1.7601 SP1 x86_64)

css selector: #create-user > span
value : None



2018-12-13 12:48:09	catching classes that do not inherit from BaseException is not allowed
css selector: #create-addApplicants > span
value : None



2018-12-13 12:48:24	catching classes that do not inherit from BaseException is not allowed
css selector: #create-addApplicants > span
value : None



2018-12-13 12:48:24	Message: unknown error: Element <span class="ui-button-text">...</span> is not clickable at point (474, 306). Other element would receive the click: <ul role="alert" class="error">...</ul>
  (Session info: chrome=69.0.3497.100)
  (Driver info: chromedriver=2.42.591088 (7b2b2dca23cca0862f674758c9a3933e685c27d5),platform=Windows NT 6.1.7601 SP1 x86_64)

css selector: #create-user > span
value : None



2018-12-13 12:49:37	catching classes that do not inherit from BaseException is not allowed
css selector: #create-addApplicants > span
value : None



2018-12-13 12:49:50	catching classes that do not inherit from BaseException is not allowed
css selector: #create-addApplicants > span
value : None



2018-12-13 12:49:50	Message: unknown error: Element <span class="ui-button-text">...</span> is not clickable at point (474, 306). Other element would receive the click: <ul role="alert" class="error">...</ul>
  (Session info: chrome=69.0.3497.100)
  (Driver info: chromedriver=2.42.591088 (7b2b2dca23cca0862f674758c9a3933e685c27d5),platform=Windows NT 6.1.7601 SP1 x86_64)

css selector: #create-user > span
value : None



2018-12-13 12:51:03	catching classes that do not inherit from BaseException is not allowed
css selector: #create-addApplicants > span
value : None



2018-12-13 12:51:16	catching classes that do not inherit from BaseException is not allowed
css selector: #create-addApplicants > span
value : None



2018-12-13 12:51:16	Message: unknown error: Element <span class="ui-button-text">...</span> is not clickable at point (474, 306). Other element would receive the click: <ul role="alert" class="error">...</ul>
  (Session info: chrome=69.0.3497.100)
  (Driver info: chromedriver=2.42.591088 (7b2b2dca23cca0862f674758c9a3933e685c27d5),platform=Windows NT 6.1.7601 SP1 x86_64)

css selector: #create-user > span
value : None



2018-12-13 12:52:29	catching classes that do not inherit from BaseException is not allowed
css selector: #create-addApplicants > span
value : None



2018-12-13 12:52:42	catching classes that do not inherit from BaseException is not allowed
css selector: #create-addApplicants > span
value : None



2018-12-13 12:52:42	Message: unknown error: Element <span class="ui-button-text">...</span> is not clickable at point (474, 306). Other element would receive the click: <ul role="alert" class="error">...</ul>
  (Session info: chrome=69.0.3497.100)
  (Driver info: chromedriver=2.42.591088 (7b2b2dca23cca0862f674758c9a3933e685c27d5),platform=Windows NT 6.1.7601 SP1 x86_64)

css selector: #create-user > span
value : None



2018-12-13 12:53:48	catching classes that do not inherit from BaseException is not allowed
css selector: #create-addApplicants > span
value : None



2018-12-13 12:54:04	catching classes that do not inherit from BaseException is not allowed
css selector: #create-addApplicants > span
value : None



2018-12-13 12:54:04	Message: unknown error: Element <span class="ui-button-text">...</span> is not clickable at point (474, 306). Other element would receive the click: <ul role="alert" class="error">...</ul>
  (Session info: chrome=69.0.3497.100)
  (Driver info: chromedriver=2.42.591088 (7b2b2dca23cca0862f674758c9a3933e685c27d5),platform=Windows NT 6.1.7601 SP1 x86_64)

css selector: #create-user > span
value : None



2018-12-13 12:55:15	catching classes that do not inherit from BaseException is not allowed
css selector: #create-addApplicants > span
value : None



2018-12-13 12:55:30	catching classes that do not inherit from BaseException is not allowed
css selector: #create-addApplicants > span
value : None



2018-12-13 12:55:30	Message: unknown error: Element <span class="ui-button-text">...</span> is not clickable at point (474, 306). Other element would receive the click: <ul role="alert" class="error">...</ul>
  (Session info: chrome=69.0.3497.100)
  (Driver info: chromedriver=2.42.591088 (7b2b2dca23cca0862f674758c9a3933e685c27d5),platform=Windows NT 6.1.7601 SP1 x86_64)

css selector: #create-user > span
value : None



2018-12-13 12:56:43	catching classes that do not inherit from BaseException is not allowed
css selector: #create-addApplicants > span
value : None



2018-12-13 12:56:56	catching classes that do not inherit from BaseException is not allowed
css selector: #create-addApplicants > span
value : None



2018-12-13 12:56:56	Message: unknown error: Element <span class="ui-button-text">...</span> is not clickable at point (474, 306). Other element would receive the click: <ul role="alert" class="error">...</ul>
  (Session info: chrome=69.0.3497.100)
  (Driver info: chromedriver=2.42.591088 (7b2b2dca23cca0862f674758c9a3933e685c27d5),platform=Windows NT 6.1.7601 SP1 x86_64)

css selector: #create-user > span
value : None



2018-12-13 12:58:08	catching classes that do not inherit from BaseException is not allowed
css selector: #create-addApplicants > span
value : None



2018-12-13 12:58:20	catching classes that do not inherit from BaseException is not allowed
css selector: #create-addApplicants > span
value : None



2018-12-13 12:58:20	Message: unknown error: Element <span class="ui-button-text">...</span> is not clickable at point (474, 306). Other element would receive the click: <ul role="alert" class="error">...</ul>
  (Session info: chrome=69.0.3497.100)
  (Driver info: chromedriver=2.42.591088 (7b2b2dca23cca0862f674758c9a3933e685c27d5),platform=Windows NT 6.1.7601 SP1 x86_64)

css selector: #create-user > span
value : None



2018-12-13 12:59:25	catching classes that do not inherit from BaseException is not allowed
css selector: #create-addApplicants > span
value : None



2018-12-13 12:59:39	catching classes that do not inherit from BaseException is not allowed
css selector: #create-addApplicants > span
value : None



2018-12-13 12:59:39	Message: unknown error: Element <span class="ui-button-text">...</span> is not clickable at point (474, 306). Other element would receive the click: <ul role="alert" class="error">...</ul>
  (Session info: chrome=69.0.3497.100)
  (Driver info: chromedriver=2.42.591088 (7b2b2dca23cca0862f674758c9a3933e685c27d5),platform=Windows NT 6.1.7601 SP1 x86_64)

css selector: #create-user > span
value : None



2018-12-13 13:00:41	catching classes that do not inherit from BaseException is not allowed
css selector: #create-addApplicants > span
value : None



2018-12-13 13:00:53	catching classes that do not inherit from BaseException is not allowed
css selector: #create-addApplicants > span
value : None



2018-12-13 13:00:53	Message: unknown error: Element <span class="ui-button-text">...</span> is not clickable at point (474, 306). Other element would receive the click: <ul role="alert" class="error">...</ul>
  (Session info: chrome=69.0.3497.100)
  (Driver info: chromedriver=2.42.591088 (7b2b2dca23cca0862f674758c9a3933e685c27d5),platform=Windows NT 6.1.7601 SP1 x86_64)

css selector: #create-user > span
value : None



2018-12-13 13:02:07	catching classes that do not inherit from BaseException is not allowed
css selector: #create-addApplicants > span
value : None



2018-12-13 13:02:24	catching classes that do not inherit from BaseException is not allowed
css selector: #create-addApplicants > span
value : None



2018-12-13 13:02:24	Message: unknown error: Element <span class="ui-button-text">...</span> is not clickable at point (474, 306). Other element would receive the click: <ul role="alert" class="error">...</ul>
  (Session info: chrome=69.0.3497.100)
  (Driver info: chromedriver=2.42.591088 (7b2b2dca23cca0862f674758c9a3933e685c27d5),platform=Windows NT 6.1.7601 SP1 x86_64)

css selector: #create-user > span
value : None



2018-12-13 13:03:33	catching classes that do not inherit from BaseException is not allowed
css selector: #create-addApplicants > span
value : None



2018-12-13 13:03:45	catching classes that do not inherit from BaseException is not allowed
css selector: #create-addApplicants > span
value : None



2018-12-13 13:03:45	Message: unknown error: Element <span class="ui-button-text">...</span> is not clickable at point (474, 306). Other element would receive the click: <ul role="alert" class="error">...</ul>
  (Session info: chrome=69.0.3497.100)
  (Driver info: chromedriver=2.42.591088 (7b2b2dca23cca0862f674758c9a3933e685c27d5),platform=Windows NT 6.1.7601 SP1 x86_64)

css selector: #create-user > span
value : None



2018-12-13 13:05:03	catching classes that do not inherit from BaseException is not allowed
css selector: #create-addApplicants > span
value : None



2018-12-13 13:05:16	catching classes that do not inherit from BaseException is not allowed
css selector: #create-addApplicants > span
value : None



2018-12-13 13:05:16	Message: unknown error: Element <span class="ui-button-text">...</span> is not clickable at point (474, 306). Other element would receive the click: <ul role="alert" class="error">...</ul>
  (Session info: chrome=69.0.3497.100)
  (Driver info: chromedriver=2.42.591088 (7b2b2dca23cca0862f674758c9a3933e685c27d5),platform=Windows NT 6.1.7601 SP1 x86_64)

css selector: #create-user > span
value : None



2018-12-13 13:06:24	catching classes that do not inherit from BaseException is not allowed
css selector: #create-addApplicants > span
value : None



2018-12-13 13:06:38	catching classes that do not inherit from BaseException is not allowed
css selector: #create-addApplicants > span
value : None



2018-12-13 13:06:38	Message: unknown error: Element <span class="ui-button-text">...</span> is not clickable at point (474, 306). Other element would receive the click: <ul role="alert" class="error">...</ul>
  (Session info: chrome=69.0.3497.100)
  (Driver info: chromedriver=2.42.591088 (7b2b2dca23cca0862f674758c9a3933e685c27d5),platform=Windows NT 6.1.7601 SP1 x86_64)

css selector: #create-user > span
value : None



2018-12-13 13:07:49	catching classes that do not inherit from BaseException is not allowed
css selector: #create-addApplicants > span
value : None



2018-12-13 13:08:03	catching classes that do not inherit from BaseException is not allowed
css selector: #create-addApplicants > span
value : None



2018-12-13 13:08:04	Message: unknown error: Element <span class="ui-button-text">...</span> is not clickable at point (474, 306). Other element would receive the click: <ul role="alert" class="error">...</ul>
  (Session info: chrome=69.0.3497.100)
  (Driver info: chromedriver=2.42.591088 (7b2b2dca23cca0862f674758c9a3933e685c27d5),platform=Windows NT 6.1.7601 SP1 x86_64)

css selector: #create-user > span
value : None



2018-12-13 13:09:10	catching classes that do not inherit from BaseException is not allowed
css selector: #create-addApplicants > span
value : None



2018-12-13 13:09:22	catching classes that do not inherit from BaseException is not allowed
css selector: #create-addApplicants > span
value : None



2018-12-13 13:09:22	Message: unknown error: Element <span class="ui-button-text">...</span> is not clickable at point (474, 306). Other element would receive the click: <ul role="alert" class="error">...</ul>
  (Session info: chrome=69.0.3497.100)
  (Driver info: chromedriver=2.42.591088 (7b2b2dca23cca0862f674758c9a3933e685c27d5),platform=Windows NT 6.1.7601 SP1 x86_64)

css selector: #create-user > span
value : None



2018-12-13 13:10:32	catching classes that do not inherit from BaseException is not allowed
css selector: #create-addApplicants > span
value : None



2018-12-13 13:10:49	catching classes that do not inherit from BaseException is not allowed
css selector: #create-addApplicants > span
value : None



2018-12-13 13:10:49	Message: unknown error: Element <span class="ui-button-text">...</span> is not clickable at point (474, 306). Other element would receive the click: <ul role="alert" class="error">...</ul>
  (Session info: chrome=69.0.3497.100)
  (Driver info: chromedriver=2.42.591088 (7b2b2dca23cca0862f674758c9a3933e685c27d5),platform=Windows NT 6.1.7601 SP1 x86_64)

css selector: #create-user > span
value : None



2018-12-13 13:12:25	catching classes that do not inherit from BaseException is not allowed
css selector: #create-addApplicants > span
value : None



2018-12-13 13:12:39	catching classes that do not inherit from BaseException is not allowed
css selector: #create-addApplicants > span
value : None



2018-12-13 13:12:39	Message: unknown error: Element <span class="ui-button-text">...</span> is not clickable at point (474, 306). Other element would receive the click: <ul role="alert" class="error">...</ul>
  (Session info: chrome=69.0.3497.100)
  (Driver info: chromedriver=2.42.591088 (7b2b2dca23cca0862f674758c9a3933e685c27d5),platform=Windows NT 6.1.7601 SP1 x86_64)

css selector: #create-user > span
value : None



2018-12-13 13:13:43	catching classes that do not inherit from BaseException is not allowed
css selector: #create-addApplicants > span
value : None



2018-12-13 13:13:56	catching classes that do not inherit from BaseException is not allowed
css selector: #create-addApplicants > span
value : None



2018-12-13 13:13:57	Message: unknown error: Element <span class="ui-button-text">...</span> is not clickable at point (474, 306). Other element would receive the click: <ul role="alert" class="error">...</ul>
  (Session info: chrome=69.0.3497.100)
  (Driver info: chromedriver=2.42.591088 (7b2b2dca23cca0862f674758c9a3933e685c27d5),platform=Windows NT 6.1.7601 SP1 x86_64)

css selector: #create-user > span
value : None



