2018-11-12 13:37:51	Message: stale element reference: element is not attached to the page document
  (Session info: chrome=69.0.3497.100)
  (Driver info: chromedriver=2.42.591088 (7b2b2dca23cca0862f674758c9a3933e685c27d5),platform=Windows NT 6.1.7601 SP1 x86_64)

id: ctl00_SiteContentPlaceHolder_FormView1_ddlPPT_EXPIRE_DTEDay
value : 06



2018-11-12 13:39:20	catching classes that do not inherit from BaseException is not allowed
id: ctl00_SiteContentPlaceHolder_FormView1_rblRemovalHearing_1
value : None



2018-11-12 13:39:32	catching classes that do not inherit from BaseException is not allowed
id: ctl00_SiteContentPlaceHolder_FormView1_rblChildCustody_1
value : None



2018-11-12 13:39:42	catching classes that do not inherit from BaseException is not allowed
id: ctl00_SiteContentPlaceHolder_UpdateButton3
value : None



2018-11-12 13:40:34	catching classes that do not inherit from BaseException is not allowed
id: ctl00_SiteContentPlaceHolder_FormView1_rblRemovalHearing_1
value : None



2018-11-12 13:40:45	catching classes that do not inherit from BaseException is not allowed
id: ctl00_SiteContentPlaceHolder_FormView1_rblAttWoReimb_1
value : None



2018-11-12 15:13:17	catching classes that do not inherit from BaseException is not allowed
id: ctl00_SiteContentPlaceHolder_FormView1_ddlCountry
value : None



2018-11-12 15:14:05	catching classes that do not inherit from BaseException is not allowed
id: ctl00_SiteContentPlaceHolder_FormView1_cbexPPT_BOOK_NUM_NA
value : None



