2018-12-11 11:25:52	catching classes that do not inherit from BaseException is not allowed
id: ctl00_SiteContentPlaceHolder_FormView1_ddlCountry
value : None



2018-12-11 11:25:52	catching classes that do not inherit from BaseException is not allowed
id: ctl00_SiteContentPlaceHolder_FormView1_ddlCountry
value : None


idName: ctl00_SiteContentPlaceHolder_FormView1_ddlCountry
value : CHIN



2018-12-11 11:26:46	Message: stale element reference: element is not attached to the page document
  (Session info: chrome=69.0.3497.100)
  (Driver info: chromedriver=2.42.591088 (7b2b2dca23cca0862f674758c9a3933e685c27d5),platform=Windows NT 6.1.7601 SP1 x86_64)

id: ctl00_SiteContentPlaceHolder_FormView1_ddlPPT_EXPIRE_DTEMonth
value : AUG



2018-12-11 14:22:44	catching classes that do not inherit from BaseException is not allowed
id: ctl00_SiteContentPlaceHolder_FormView1_rblRemovalHearing_1
value : None



2018-12-11 14:22:50	catching classes that do not inherit from BaseException is not allowed
id: ctl00_SiteContentPlaceHolder_FormView1_rblAttWoReimb_1
value : None



2018-12-11 15:32:13	catching classes that do not inherit from BaseException is not allowed
css selector: #create-addApplicants > span
value : None



2018-12-11 15:32:34	catching classes that do not inherit from BaseException is not allowed
css selector: #create-addApplicants > span
value : None



