2018-11-13 10:26:41	catching classes that do not inherit from BaseException is not allowed
id: ctl00_SiteContentPlaceHolder_FormView1_rblRemovalHearing_1
value : None



2018-11-13 10:26:53	catching classes that do not inherit from BaseException is not allowed
id: ctl00_SiteContentPlaceHolder_FormView1_rblAttWoReimb_1
value : None



2018-11-13 10:27:51	catching classes that do not inherit from BaseException is not allowed
id: ctl00_SiteContentPlaceHolder_ApplicationRecovery1_pnlSubmittedApp
value : None



2018-11-13 10:28:58	catching classes that do not inherit from BaseException is not allowed
id: ctl00_SiteContentPlaceHolder_FormView1_rblRemovalHearing_1
value : None



2018-11-13 10:29:10	catching classes that do not inherit from BaseException is not allowed
id: ctl00_SiteContentPlaceHolder_FormView1_rblAttWoReimb_1
value : None



2018-11-13 10:31:03	catching classes that do not inherit from BaseException is not allowed
id: ctl00_SiteContentPlaceHolder_ApplicationRecovery1_pnlSubmittedApp
value : None



2018-11-13 10:31:23	catching classes that do not inherit from BaseException is not allowed
id: ctl00_SiteContentPlaceHolder_FormView1_rblSpecificTravel_0
value : None



2018-11-13 10:32:09	catching classes that do not inherit from BaseException is not allowed
id: ctl00_SiteContentPlaceHolder_FormView1_rblSpecificTravel_0
value : None



2018-11-13 10:54:21	catching classes that do not inherit from BaseException is not allowed
xpath: //select
value : None



2018-11-13 10:55:15	catching classes that do not inherit from BaseException is not allowed
xpath: //select
value : None



2018-11-13 10:57:54	catching classes that do not inherit from BaseException is not allowed
id: loginPage:SiteTemplate:siteLogin:loginComponent:loginForm:username
value : 1041243472@qq.com



2018-11-13 11:03:19	catching classes that do not inherit from BaseException is not allowed
xpath: //select
value : None



2018-11-13 11:17:03	catching classes that do not inherit from BaseException is not allowed
id: ctl00_SiteContentPlaceHolder_FormView1_rblRemovalHearing_1
value : None



2018-11-13 11:17:16	catching classes that do not inherit from BaseException is not allowed
id: ctl00_SiteContentPlaceHolder_FormView1_rblAttWoReimb_1
value : None



2018-11-13 11:20:25	catching classes that do not inherit from BaseException is not allowed
id: ctl00_SiteContentPlaceHolder_FormView1_rblSpecificTravel_0
value : None



2018-11-13 11:21:09	catching classes that do not inherit from BaseException is not allowed
id: ctl00_SiteContentPlaceHolder_FormView1_rblSpecificTravel_0
value : None



2018-11-13 11:23:16	catching classes that do not inherit from BaseException is not allowed
id: ctl00_SiteContentPlaceHolder_FormView1_rblRemovalHearing_1
value : None



2018-11-13 11:23:28	catching classes that do not inherit from BaseException is not allowed
id: ctl00_SiteContentPlaceHolder_FormView1_rblAttWoReimb_1
value : None



2018-11-13 11:51:19	catching classes that do not inherit from BaseException is not allowed
id: ctl00_SiteContentPlaceHolder_FormView1_rblRemovalHearing_1
value : None



2018-11-13 11:51:31	catching classes that do not inherit from BaseException is not allowed
id: ctl00_SiteContentPlaceHolder_FormView1_rblAttWoReimb_1
value : None



2018-11-13 12:31:26	catching classes that do not inherit from BaseException is not allowed
css selector: #create-addApplicants > span
value : None



2018-11-13 12:31:43	catching classes that do not inherit from BaseException is not allowed
css selector: #create-addApplicants > span
value : None



2018-11-13 12:32:09	catching classes that do not inherit from BaseException is not allowed
xpath: //table[1]/tbody/tr[6]/td[2]/input
value : None



2018-11-13 12:33:32	catching classes that do not inherit from BaseException is not allowed
xpath: //table[1]/tbody/tr[6]/td[2]/input
value : None



2018-11-13 14:34:27	catching classes that do not inherit from BaseException is not allowed
id: ctl00_SiteContentPlaceHolder_FormView1_rblRemovalHearing_1
value : None



2018-11-13 14:34:39	catching classes that do not inherit from BaseException is not allowed
id: ctl00_SiteContentPlaceHolder_FormView1_rblAttWoReimb_1
value : None



2018-11-13 16:57:54	catching classes that do not inherit from BaseException is not allowed
css selector: table > tbody > tr:nth-child(2) > td > input
value : None



2018-11-13 17:50:15	catching classes that do not inherit from BaseException is not allowed
css selector: table > tbody > tr:nth-child(2) > td > input
value : None



2018-11-13 17:52:42	catching classes that do not inherit from BaseException is not allowed
xpath: //select
value : None



