2018-11-15 09:02:57	catching classes that do not inherit from BaseException is not allowed
xpath: //*[@id="thePage:SiteTemplate:theForm:pickupBlocks"]/div[1]/select[2]
value : None



2018-11-15 09:03:10	catching classes that do not inherit from BaseException is not allowed
css selector: tr > td:last-child > input[type='submit']
value : None



2018-11-15 09:03:21	catching classes that do not inherit from BaseException is not allowed
xpath: /html/body/div[4]/div[3]/div/button[1]/span
value : None



2018-11-15 09:03:21	Message: element not interactable
  (Session info: chrome=69.0.3497.100)
  (Driver info: chromedriver=2.42.591088 (7b2b2dca23cca0862f674758c9a3933e685c27d5),platform=Windows NT 6.1.7601 SP1 x86_64)

xpath: /html/body/div[2]/div[3]/div/button/span
value : None



2018-11-15 10:26:26	catching classes that do not inherit from BaseException is not allowed
xpath: //*[@id="thePage:SiteTemplate:theForm:pickupBlocks"]/div[1]/select[2]
value : None



2018-11-15 10:26:38	catching classes that do not inherit from BaseException is not allowed
css selector: tr > td:last-child > input[type='submit']
value : None



2018-11-15 10:26:49	catching classes that do not inherit from BaseException is not allowed
xpath: /html/body/div[4]/div[3]/div/button[1]/span
value : None



2018-11-15 10:26:50	Message: element not interactable
  (Session info: chrome=69.0.3497.100)
  (Driver info: chromedriver=2.42.591088 (7b2b2dca23cca0862f674758c9a3933e685c27d5),platform=Windows NT 6.1.7601 SP1 x86_64)

xpath: /html/body/div[2]/div[3]/div/button/span
value : None



2018-11-15 10:46:42	catching classes that do not inherit from BaseException is not allowed
xpath: //*[@id="thePage:SiteTemplate:theForm:pickupBlocks"]/div[1]/select[2]
value : None



2018-11-15 10:46:55	catching classes that do not inherit from BaseException is not allowed
css selector: tr > td:last-child > input[type='submit']
value : None



2018-11-15 10:47:06	catching classes that do not inherit from BaseException is not allowed
xpath: /html/body/div[4]/div[3]/div/button[1]/span
value : None



2018-11-15 10:47:06	Message: element not interactable
  (Session info: chrome=69.0.3497.100)
  (Driver info: chromedriver=2.42.591088 (7b2b2dca23cca0862f674758c9a3933e685c27d5),platform=Windows NT 6.1.7601 SP1 x86_64)

xpath: /html/body/div[2]/div[3]/div/button/span
value : None



2018-11-15 11:59:08	(1054, "Unknown column 'ape.interview_status' in 'field list'")
邮箱用户名或密码不正确

2018-11-15 11:59:19	catching classes that do not inherit from BaseException is not allowed
xpath: //select
value : None



2018-11-15 12:00:49	(1054, "Unknown column 'ape.interview_status' in 'field list'")
邮箱用户名或密码不正确

2018-11-15 12:01:25	(1054, "Unknown column 'ape.interview_status' in 'field list'")
邮箱用户名或密码不正确

2018-11-15 12:02:03	(1054, "Unknown column 'ape.interview_status' in 'field list'")
邮箱用户名或密码不正确

2018-11-15 12:02:14	catching classes that do not inherit from BaseException is not allowed
xpath: //select
value : None



2018-11-15 12:02:58	catching classes that do not inherit from BaseException is not allowed
id: loginPage:SiteTemplate:siteLogin:loginComponent:loginForm:username
value : 2880617168@qq.com



2018-11-15 12:04:41	(1054, "Unknown column 'ape.interview_status' in 'field list'")
邮箱用户名或密码不正确

2018-11-15 12:05:18	(1054, "Unknown column 'ape.interview_status' in 'field list'")
邮箱用户名或密码不正确

2018-11-15 12:06:08	catching classes that do not inherit from BaseException is not allowed
xpath: //select
value : None



2018-11-15 12:44:05	catching classes that do not inherit from BaseException is not allowed
id: loginPage:SiteTemplate:siteLogin:loginComponent:loginForm:username
value : 2880617168@qq.com



2018-11-15 14:24:07	catching classes that do not inherit from BaseException is not allowed
id: ctl00_SiteContentPlaceHolder_FormView1_rblRemovalHearing_1
value : None



2018-11-15 14:24:19	catching classes that do not inherit from BaseException is not allowed
id: ctl00_SiteContentPlaceHolder_FormView1_rblAttWoReimb_1
value : None



2018-11-15 14:26:58	catching classes that do not inherit from BaseException is not allowed
id: ctl00_SiteContentPlaceHolder_FormView1_rblRemovalHearing_1
value : None



2018-11-15 14:27:10	catching classes that do not inherit from BaseException is not allowed
id: ctl00_SiteContentPlaceHolder_FormView1_rblAttWoReimb_1
value : None



2018-11-15 14:29:31	catching classes that do not inherit from BaseException is not allowed
id: ctl00_SiteContentPlaceHolder_ApplicationRecovery1_pnlSubmittedApp
value : None



2018-11-15 15:17:17	catching classes that do not inherit from BaseException is not allowed
id: ctl00_SiteContentPlaceHolder_FormView1_rblRemovalHearing_1
value : None



2018-11-15 15:17:29	catching classes that do not inherit from BaseException is not allowed
id: ctl00_SiteContentPlaceHolder_FormView1_rblAttWoReimb_1
value : None



2018-11-15 15:20:37	(1054, "Unknown column 'ape.interview_status' in 'field list'")
邮箱用户名或密码不正确

2018-11-15 15:21:14	(1054, "Unknown column 'ape.interview_status' in 'field list'")
邮箱用户名或密码不正确

2018-11-15 15:21:36	catching classes that do not inherit from BaseException is not allowed
id: ctl00_SiteContentPlaceHolder_FormView1_rblRemovalHearing_1
value : None



2018-11-15 15:21:51	(1054, "Unknown column 'ape.interview_status' in 'field list'")
邮箱用户名或密码不正确

2018-11-15 15:21:53	catching classes that do not inherit from BaseException is not allowed
id: ctl00_SiteContentPlaceHolder_FormView1_rblAttWoReimb_1
value : None



2018-11-15 15:22:02	catching classes that do not inherit from BaseException is not allowed
xpath: //select
value : None



2018-11-15 15:23:38	(1054, "Unknown column 'ape.interview_status' in 'field list'")
邮箱用户名或密码不正确

2018-11-15 15:24:15	(1054, "Unknown column 'ape.interview_status' in 'field list'")
邮箱用户名或密码不正确

2018-11-15 15:24:23	(1054, "Unknown column 'ape.interview_status' in 'field list'")
邮箱用户名或密码不正确

2018-11-15 15:24:34	catching classes that do not inherit from BaseException is not allowed
xpath: //select
value : None



2018-11-15 15:26:12	(1054, "Unknown column 'ape.interview_status' in 'field list'")
邮箱用户名或密码不正确

2018-11-15 15:27:12	catching classes that do not inherit from BaseException is not allowed
xpath: //select
value : None



2018-11-15 15:28:41	(1054, "Unknown column 'ape.interview_status' in 'field list'")
邮箱用户名或密码不正确

2018-11-15 15:29:19	catching classes that do not inherit from BaseException is not allowed
xpath: //select
value : None



2018-11-15 15:30:42	catching classes that do not inherit from BaseException is not allowed
id: loginPage:SiteTemplate:siteLogin:loginComponent:loginForm:username
value : 2880617168@qq.com



2018-11-15 15:31:15	catching classes that do not inherit from BaseException is not allowed
id: loginPage:SiteTemplate:siteLogin:loginComponent:loginForm:username
value : 2880617168@qq.com



2018-11-15 15:31:39	catching classes that do not inherit from BaseException is not allowed
id: loginPage:SiteTemplate:siteLogin:loginComponent:loginForm:username
value : 2880617168@qq.com



2018-11-15 15:33:01	catching classes that do not inherit from BaseException is not allowed
id: loginPage:SiteTemplate:siteLogin:loginComponent:loginForm:username
value : 2880617168@qq.com



2018-11-15 15:34:32	catching classes that do not inherit from BaseException is not allowed
id: loginPage:SiteTemplate:siteLogin:loginComponent:loginForm:password
value : Wzoct123



2018-11-15 15:34:32	catching classes that do not inherit from BaseException is not allowed
id: loginPage:SiteTemplate:siteLogin:loginComponent:loginForm:password
value : Wzoct123



2018-11-15 15:34:32	catching classes that do not inherit from BaseException is not allowed
id: loginPage:SiteTemplate:siteLogin:loginComponent:loginForm:password
value : Wzoct123



2018-11-15 15:34:33	catching classes that do not inherit from BaseException is not allowed
xpath: //select
value : None



2018-11-15 15:36:29	catching classes that do not inherit from BaseException is not allowed
id: loginPage:SiteTemplate:siteLogin:loginComponent:loginForm:password
value : Wzoct123



2018-11-15 15:36:29	catching classes that do not inherit from BaseException is not allowed
id: loginPage:SiteTemplate:siteLogin:loginComponent:loginForm:password
value : Wzoct123



2018-11-15 15:36:29	catching classes that do not inherit from BaseException is not allowed
id: loginPage:SiteTemplate:siteLogin:loginComponent:loginForm:password
value : Wzoct123



2018-11-15 15:36:30	catching classes that do not inherit from BaseException is not allowed
xpath: //select
value : None



2018-11-15 15:45:12	catching classes that do not inherit from BaseException is not allowed
css selector: #create-addApplicants > span
value : None



2018-11-15 15:45:38	catching classes that do not inherit from BaseException is not allowed
css selector: #create-addApplicants > span
value : None



2018-11-15 15:46:04	catching classes that do not inherit from BaseException is not allowed
css selector: #create-addApplicants > span
value : None



2018-11-15 15:46:29	catching classes that do not inherit from BaseException is not allowed
css selector: #create-addApplicants > span
value : None



2018-11-15 15:47:11	catching classes that do not inherit from BaseException is not allowed
xpath: /html/body/div[4]/div[3]/div/button[1]/span
value : None



2018-11-15 17:08:53	catching classes that do not inherit from BaseException is not allowed
id: ctl00_SiteContentPlaceHolder_FormView1_rblRemovalHearing_1
value : None



2018-11-15 17:09:05	catching classes that do not inherit from BaseException is not allowed
id: ctl00_SiteContentPlaceHolder_FormView1_rblAttWoReimb_1
value : None



2018-11-15 17:11:19	catching classes that do not inherit from BaseException is not allowed
id: ctl00_SiteContentPlaceHolder_FormView1_rblRemovalHearing_1
value : None



2018-11-15 17:11:31	catching classes that do not inherit from BaseException is not allowed
id: ctl00_SiteContentPlaceHolder_FormView1_rblAttWoReimb_1
value : None



2018-11-15 17:23:56	catching classes that do not inherit from BaseException is not allowed
xpath: //*[@id="thePage:SiteTemplate:theForm:pickupBlocks"]/div[1]/select[2]
value : None



2018-11-15 17:24:08	catching classes that do not inherit from BaseException is not allowed
css selector: tr > td:last-child > input[type='submit']
value : None



2018-11-15 17:24:19	catching classes that do not inherit from BaseException is not allowed
xpath: /html/body/div[4]/div[3]/div/button[1]/span
value : None



2018-11-15 17:24:19	Message: element not interactable
  (Session info: chrome=69.0.3497.100)
  (Driver info: chromedriver=2.42.591088 (7b2b2dca23cca0862f674758c9a3933e685c27d5),platform=Windows NT 6.1.7601 SP1 x86_64)

xpath: /html/body/div[2]/div[3]/div/button/span
value : None



2018-11-15 17:30:54	catching classes that do not inherit from BaseException is not allowed
xpath: //select
value : None



2018-11-15 17:34:43	catching classes that do not inherit from BaseException is not allowed
xpath: //*[@id="thePage:SiteTemplate:theForm:pickupBlocks"]/div[1]/select[2]
value : None



2018-11-15 17:34:55	catching classes that do not inherit from BaseException is not allowed
css selector: tr > td:last-child > input[type='submit']
value : None



2018-11-15 17:35:06	catching classes that do not inherit from BaseException is not allowed
xpath: /html/body/div[4]/div[3]/div/button[1]/span
value : None



2018-11-15 17:35:06	Message: element not interactable
  (Session info: chrome=69.0.3497.100)
  (Driver info: chromedriver=2.42.591088 (7b2b2dca23cca0862f674758c9a3933e685c27d5),platform=Windows NT 6.1.7601 SP1 x86_64)

xpath: /html/body/div[2]/div[3]/div/button/span
value : None



2018-11-15 17:38:12	catching classes that do not inherit from BaseException is not allowed
css selector: #create-addApplicants > span
value : None



2018-11-15 17:38:12	catching classes that do not inherit from BaseException is not allowed
css selector: #create-user > span
value : None



2018-11-15 17:39:23	catching classes that do not inherit from BaseException is not allowed
id: loginPage:SiteTemplate:siteLogin:loginComponent:loginForm:password
value : 123456aa



2018-11-15 17:39:23	catching classes that do not inherit from BaseException is not allowed
id: loginPage:SiteTemplate:siteLogin:loginComponent:loginForm:password
value : 123456aa



2018-11-15 17:39:23	catching classes that do not inherit from BaseException is not allowed
id: loginPage:SiteTemplate:siteLogin:loginComponent:loginForm:password
value : 123456aa



2018-11-15 17:39:23	catching classes that do not inherit from BaseException is not allowed
id: loginPage:SiteTemplate:siteLogin:loginComponent:loginForm:password
value : 123456aa



2018-11-15 17:40:21	catching classes that do not inherit from BaseException is not allowed
id: loginPage:SiteTemplate:siteLogin:loginComponent:loginForm:username
value : 2880617168@qq.com



2018-11-15 17:45:48	catching classes that do not inherit from BaseException is not allowed
xpath: //*[@id="thePage:SiteTemplate:theForm:pickupBlocks"]/div[1]/select[2]
value : None



