2018-10-19 12:15:08	catching classes that do not inherit from BaseException is not allowed
id: ctl00_SiteContentPlaceHolder_FormView1_rblUS_OTHER_RELATIVE_IND_1
value : None



2018-10-19 12:15:38	Message: stale element reference: element is not attached to the page document
  (Session info: chrome=69.0.3497.100)
  (Driver info: chromedriver=2.42.591088 (7b2b2dca23cca0862f674758c9a3933e685c27d5),platform=Windows NT 6.1.7601 SP1 x86_64)

id: ctl00_SiteContentPlaceHolder_FormView1_rblMOTHER_LIVE_IN_US_IND_1
value : None



2018-10-19 12:16:07	Message: stale element reference: element is not attached to the page document
  (Session info: chrome=69.0.3497.100)
  (Driver info: chromedriver=2.42.591088 (7b2b2dca23cca0862f674758c9a3933e685c27d5),platform=Windows NT 6.1.7601 SP1 x86_64)

id: ctl00_SiteContentPlaceHolder_FormView1_rblMOTHER_LIVE_IN_US_IND_1
value : None



2018-10-19 12:21:50	catching classes that do not inherit from BaseException is not allowed
css selector: .error > li
value : None



2018-10-19 12:35:00	catching classes that do not inherit from BaseException is not allowed
id: c_defaultf_{self.baseID}uclocation_identifycaptcha1_defaultcaptcha_CaptchaImage
value : None



2018-10-19 12:35:12	catching classes that do not inherit from BaseException is not allowed
id: c_defaultf_{self.baseID}uclocation_identifycaptcha1_defaultcaptcha_CaptchaImage
value : None



2018-10-19 12:35:20	Message: 

id: c_defaultf_{self.baseID}uclocation_identifycaptcha1_defaultcaptcha_CaptchaImage
value : None



2018-10-19 12:35:49	catching classes that do not inherit from BaseException is not allowed
id: c_defaultf_{self.baseID}uclocation_identifycaptcha1_defaultcaptcha_CaptchaImage
value : None



2018-10-19 12:36:01	catching classes that do not inherit from BaseException is not allowed
id: c_defaultf_{self.baseID}uclocation_identifycaptcha1_defaultcaptcha_CaptchaImage
value : None



2018-10-19 12:37:01	catching classes that do not inherit from BaseException is not allowed
id: c_defaultf_{self.baseID}uclocation_identifycaptcha1_defaultcaptcha_CaptchaImage
value : None



2018-10-19 12:37:06	catching classes that do not inherit from BaseException is not allowed
id: c_defaultf_{self.baseID}uclocation_identifycaptcha1_defaultcaptcha_CaptchaImage
value : None



2018-10-19 12:37:59	catching classes that do not inherit from BaseException is not allowed
id: c_defaultf_{self.baseID}uclocation_identifycaptcha1_defaultcaptcha_CaptchaImage
value : None



2018-10-19 12:38:03	catching classes that do not inherit from BaseException is not allowed
id: c_defaultf_{self.baseID}uclocation_identifycaptcha1_defaultcaptcha_CaptchaImage
value : None



2018-10-19 12:39:44	catching classes that do not inherit from BaseException is not allowed
id: c_defaultf_{self.baseID}uclocation_identifycaptcha1_defaultcaptcha_CaptchaImage
value : None



2018-10-19 12:41:07	catching classes that do not inherit from BaseException is not allowed
id: c_defaultf_{self.baseID}uclocation_identifycaptcha1_defaultcaptcha_CaptchaImage
value : None



2018-10-19 12:44:08	catching classes that do not inherit from BaseException is not allowed
id: c_defaultf_{self.baseID}uclocation_identifycaptcha1_defaultcaptcha_CaptchaImage
value : None



2018-10-19 12:44:20	catching classes that do not inherit from BaseException is not allowed
id: c_defaultf_{self.baseID}uclocation_identifycaptcha1_defaultcaptcha_CaptchaImage
value : None



2018-10-19 12:44:32	catching classes that do not inherit from BaseException is not allowed
id: c_defaultf_{self.baseID}uclocation_identifycaptcha1_defaultcaptcha_CaptchaImage
value : None



2018-10-19 12:44:44	catching classes that do not inherit from BaseException is not allowed
id: c_defaultf_{self.baseID}uclocation_identifycaptcha1_defaultcaptcha_CaptchaImage
value : None



2018-10-19 12:44:56	catching classes that do not inherit from BaseException is not allowed
id: c_defaultf_{self.baseID}uclocation_identifycaptcha1_defaultcaptcha_CaptchaImage
value : None



2018-10-19 12:45:08	catching classes that do not inherit from BaseException is not allowed
id: c_defaultf_{self.baseID}uclocation_identifycaptcha1_defaultcaptcha_CaptchaImage
value : None



2018-10-19 12:45:20	catching classes that do not inherit from BaseException is not allowed
id: c_defaultf_{self.baseID}uclocation_identifycaptcha1_defaultcaptcha_CaptchaImage
value : None



2018-10-19 12:45:32	catching classes that do not inherit from BaseException is not allowed
id: c_defaultf_{self.baseID}uclocation_identifycaptcha1_defaultcaptcha_CaptchaImage
value : None



2018-10-19 12:45:45	catching classes that do not inherit from BaseException is not allowed
id: c_defaultf_{self.baseID}uclocation_identifycaptcha1_defaultcaptcha_CaptchaImage
value : None



2018-10-19 12:45:57	catching classes that do not inherit from BaseException is not allowed
id: c_defaultf_{self.baseID}uclocation_identifycaptcha1_defaultcaptcha_CaptchaImage
value : None



2018-10-19 12:46:09	catching classes that do not inherit from BaseException is not allowed
id: c_defaultf_{self.baseID}uclocation_identifycaptcha1_defaultcaptcha_CaptchaImage
value : None



2018-10-19 12:46:21	catching classes that do not inherit from BaseException is not allowed
id: c_defaultf_{self.baseID}uclocation_identifycaptcha1_defaultcaptcha_CaptchaImage
value : None



2018-10-19 12:46:33	catching classes that do not inherit from BaseException is not allowed
id: c_defaultf_{self.baseID}uclocation_identifycaptcha1_defaultcaptcha_CaptchaImage
value : None



2018-10-19 12:46:45	catching classes that do not inherit from BaseException is not allowed
id: c_defaultf_{self.baseID}uclocation_identifycaptcha1_defaultcaptcha_CaptchaImage
value : None



2018-10-19 12:46:57	catching classes that do not inherit from BaseException is not allowed
id: c_defaultf_{self.baseID}uclocation_identifycaptcha1_defaultcaptcha_CaptchaImage
value : None



2018-10-19 12:47:09	catching classes that do not inherit from BaseException is not allowed
id: c_defaultf_{self.baseID}uclocation_identifycaptcha1_defaultcaptcha_CaptchaImage
value : None



2018-10-19 12:47:13	catching classes that do not inherit from BaseException is not allowed
id: c_defaultf_{self.baseID}uclocation_identifycaptcha1_defaultcaptcha_CaptchaImage
value : None



2018-10-19 12:47:48	catching classes that do not inherit from BaseException is not allowed
id: c_default_ctl00_SiteContentPlaceHolder_uclocation_identifycaptcha1_defaultcaptcha_CaptchaImage
value : None



2018-10-19 12:48:21	catching classes that do not inherit from BaseException is not allowed
id: c_default_ctl00_SiteContentPlaceHolder_uclocation_identifycaptcha1_defaultcaptcha_CaptchaImage
value : None



2018-10-19 12:48:33	catching classes that do not inherit from BaseException is not allowed
id: c_default_ctl00_SiteContentPlaceHolder_uclocation_identifycaptcha1_defaultcaptcha_CaptchaImage
value : None



2018-10-19 12:48:46	catching classes that do not inherit from BaseException is not allowed
id: c_default_ctl00_SiteContentPlaceHolder_uclocation_identifycaptcha1_defaultcaptcha_CaptchaImage
value : None



2018-10-19 12:48:58	catching classes that do not inherit from BaseException is not allowed
id: c_default_ctl00_SiteContentPlaceHolder_uclocation_identifycaptcha1_defaultcaptcha_CaptchaImage
value : None



2018-10-19 12:49:10	catching classes that do not inherit from BaseException is not allowed
id: c_default_ctl00_SiteContentPlaceHolder_uclocation_identifycaptcha1_defaultcaptcha_CaptchaImage
value : None



2018-10-19 12:49:22	catching classes that do not inherit from BaseException is not allowed
id: c_default_ctl00_SiteContentPlaceHolder_uclocation_identifycaptcha1_defaultcaptcha_CaptchaImage
value : None



2018-10-19 12:49:25	catching classes that do not inherit from BaseException is not allowed
id: c_default_ctl00_SiteContentPlaceHolder_uclocation_identifycaptcha1_defaultcaptcha_CaptchaImage
value : None



2018-10-19 12:52:14	catching classes that do not inherit from BaseException is not allowed
id: ctl00_SiteContentPlaceHolder_FormView3_rblPREP_IND_1
value : None



2018-10-19 12:53:06	catching classes that do not inherit from BaseException is not allowed
id: ctl00_SiteContentPlaceHolder_FormView3_rblPREP_IND_1
value : None



2018-10-19 12:53:21	catching classes that do not inherit from BaseException is not allowed
id: ctl00_SiteContentPlaceHolder_FormView3_rblPREP_IND_1
value : None



2018-10-19 12:53:29	catching classes that do not inherit from BaseException is not allowed
id: ctl00_SiteContentPlaceHolder_FormView3_rblPREP_IND_1
value : None



2018-10-19 12:54:39	catching classes that do not inherit from BaseException is not allowed
id: c_general_esign_signtheapplicationf_{self.baseID}defaultcaptcha_CaptchaImage
value : None



2018-10-19 12:54:52	catching classes that do not inherit from BaseException is not allowed
id: c_general_esign_signtheapplicationf_{self.baseID}defaultcaptcha_CaptchaImage
value : None



2018-10-19 12:55:04	catching classes that do not inherit from BaseException is not allowed
id: c_general_esign_signtheapplicationf_{self.baseID}defaultcaptcha_CaptchaImage
value : None



2018-10-19 12:55:16	catching classes that do not inherit from BaseException is not allowed
id: c_general_esign_signtheapplicationf_{self.baseID}defaultcaptcha_CaptchaImage
value : None



2018-10-19 12:56:07	catching classes that do not inherit from BaseException is not allowed
id: c_general_esign_signtheapplication_ctl00_SiteContentPlaceHolder_defaultcaptcha_CaptchaImage
value : None



2018-10-19 12:56:19	catching classes that do not inherit from BaseException is not allowed
id: c_general_esign_signtheapplication_ctl00_SiteContentPlaceHolder_defaultcaptcha_CaptchaImage
value : None



2018-10-19 12:56:31	catching classes that do not inherit from BaseException is not allowed
id: c_general_esign_signtheapplication_ctl00_SiteContentPlaceHolder_defaultcaptcha_CaptchaImage
value : None



2018-10-19 12:56:39	catching classes that do not inherit from BaseException is not allowed
id: c_general_esign_signtheapplication_ctl00_SiteContentPlaceHolder_defaultcaptcha_CaptchaImage
value : None



2018-10-19 13:09:52	Message: stale element reference: element is not attached to the page document
  (Session info: chrome=69.0.3497.100)
  (Driver info: chromedriver=2.42.591088 (7b2b2dca23cca0862f674758c9a3933e685c27d5),platform=Windows NT 6.1.7601 SP1 x86_64)

id: ctl00_SiteContentPlaceHolder_FormView1_tbxPPT_EXPIREYear
value : 2019



2018-10-19 13:20:25	catching classes that do not inherit from BaseException is not allowed
id: loginPage:SiteTemplate:siteLogin:loginComponent:loginForm:password
value : janice522



2018-10-19 13:20:26	catching classes that do not inherit from BaseException is not allowed
xpath: //select
value : None



2018-10-19 13:21:47	catching classes that do not inherit from BaseException is not allowed
css selector: .error > li
value : None



2018-10-19 17:08:05	catching classes that do not inherit from BaseException is not allowed
css selector: .error > li
value : None



2018-10-19 17:19:57	catching classes that do not inherit from BaseException is not allowed
css selector: .error > li
value : None



2018-10-19 18:14:32	catching classes that do not inherit from BaseException is not allowed
css selector: table > tbody > tr:nth-child(2) > td > input
value : None



2018-10-19 18:55:16	[WinError 10054] 远程主机强迫关闭了一个现有的连接。
xpath: //*[@id="loginPage:SiteTemplate:siteLogin:loginComponent:loginForm"]/div[2]/div[2]/table/tbody/tr[3]/td/label/input
value : None



2018-10-19 20:02:02	catching classes that do not inherit from BaseException is not allowed
id: loginPage:SiteTemplate:siteLogin:loginComponent:loginForm:username
value : janice.fu@lettours.com



