2018-11-19 11:10:09	Message: element not interactable
  (Session info: headless chrome=69.0.3497.100)
  (Driver info: chromedriver=2.42.591088 (7b2b2dca23cca0862f674758c9a3933e685c27d5),platform=Windows NT 6.1.7601 SP1 x86_64)

id: AcceptButton
value : None



2018-11-19 11:11:46	Message: element not interactable
  (Session info: headless chrome=69.0.3497.100)
  (Driver info: chromedriver=2.42.591088 (7b2b2dca23cca0862f674758c9a3933e685c27d5),platform=Windows NT 6.1.7601 SP1 x86_64)

id: AcceptButton
value : None



2018-11-19 11:15:26	catching classes that do not inherit from BaseException is not allowed
id: ctl00_SiteContentPlaceHolder_ucLocation_ddlLocation
value : None



2018-11-19 11:17:34	catching classes that do not inherit from BaseException is not allowed
id: ctl00_SiteContentPlaceHolder_FormView1_rblRemovalHearing_1
value : None



2018-11-19 11:17:46	catching classes that do not inherit from BaseException is not allowed
id: ctl00_SiteContentPlaceHolder_FormView1_rblAttWoReimb_1
value : None



2018-11-19 11:21:12	catching classes that do not inherit from BaseException is not allowed
id: ctl00_SiteContentPlaceHolder_ucLocation_ddlLocation
value : None



2018-11-19 11:23:28	catching classes that do not inherit from BaseException is not allowed
id: ctl00_SiteContentPlaceHolder_FormView1_rblRemovalHearing_1
value : None



2018-11-19 11:23:40	catching classes that do not inherit from BaseException is not allowed
id: ctl00_SiteContentPlaceHolder_FormView1_rblAttWoReimb_1
value : None



2018-11-19 11:30:01	Message: element not interactable
  (Session info: headless chrome=69.0.3497.100)
  (Driver info: chromedriver=2.42.591088 (7b2b2dca23cca0862f674758c9a3933e685c27d5),platform=Windows NT 6.1.7601 SP1 x86_64)

id: AcceptButton
value : None



2018-11-19 12:00:21	catching classes that do not inherit from BaseException is not allowed
id: ctl00_SiteContentPlaceHolder_FormView1_ValidationSummary
value : None



2018-11-19 12:01:16	Message: element not interactable
  (Session info: headless chrome=69.0.3497.100)
  (Driver info: chromedriver=2.42.591088 (7b2b2dca23cca0862f674758c9a3933e685c27d5),platform=Windows NT 6.1.7601 SP1 x86_64)

id: ctl00_SiteContentPlaceHolder_FormView1_ValidationSummary
value : None



2018-11-19 12:01:51	catching classes that do not inherit from BaseException is not allowed
id: ctl00_SiteContentPlaceHolder_FormView1_rblRemovalHearing_1
value : None



2018-11-19 12:02:03	catching classes that do not inherit from BaseException is not allowed
id: ctl00_SiteContentPlaceHolder_FormView1_rblAttWoReimb_1
value : None



2018-11-19 14:09:13	catching classes that do not inherit from BaseException is not allowed
id: ctl00_SiteContentPlaceHolder_ucLocation_ddlLocation
value : None



2018-11-19 14:15:45	catching classes that do not inherit from BaseException is not allowed
xpath: //select
value : None



2018-11-19 14:16:40	catching classes that do not inherit from BaseException is not allowed
xpath: //select
value : None



2018-11-19 14:17:26	catching classes that do not inherit from BaseException is not allowed
css selector: #nav_side > div > ul > span:nth-child(1) > li:nth-child(1) > a
value : None



2018-11-19 14:18:12	catching classes that do not inherit from BaseException is not allowed
xpath: //select
value : None



2018-11-19 14:19:01	catching classes that do not inherit from BaseException is not allowed
css selector: #nav_side > div > ul > span:nth-child(1) > li:nth-child(1) > a
value : None



2018-11-19 14:19:56	catching classes that do not inherit from BaseException is not allowed
xpath: //select
value : None



2018-11-19 14:20:37	catching classes that do not inherit from BaseException is not allowed
xpath: //select
value : None



2018-11-19 14:21:21	catching classes that do not inherit from BaseException is not allowed
xpath: //select
value : None



2018-11-19 14:22:11	catching classes that do not inherit from BaseException is not allowed
xpath: //select
value : None



2018-11-19 14:22:53	catching classes that do not inherit from BaseException is not allowed
xpath: //select
value : None



2018-11-19 14:23:42	catching classes that do not inherit from BaseException is not allowed
xpath: //select
value : None



2018-11-19 14:24:28	catching classes that do not inherit from BaseException is not allowed
xpath: //select
value : None



2018-11-19 14:25:26	catching classes that do not inherit from BaseException is not allowed
xpath: //select
value : None



2018-11-19 14:25:44	Message: element not interactable
  (Session info: headless chrome=69.0.3497.100)
  (Driver info: chromedriver=2.42.591088 (7b2b2dca23cca0862f674758c9a3933e685c27d5),platform=Windows NT 6.1.7601 SP1 x86_64)

id: ctl00_SiteContentPlaceHolder_FormView1_ValidationSummary
value : None



2018-11-19 15:19:17	Message: element not interactable
  (Session info: headless chrome=69.0.3497.100)
  (Driver info: chromedriver=2.42.591088 (7b2b2dca23cca0862f674758c9a3933e685c27d5),platform=Windows NT 6.1.7601 SP1 x86_64)

id: ctl00_SiteContentPlaceHolder_FormView1_ValidationSummary
value : None



2018-11-19 15:38:58	catching classes that do not inherit from BaseException is not allowed
css selector: #create-addApplicants > span
value : None



2018-11-19 15:39:21	catching classes that do not inherit from BaseException is not allowed
css selector: table > tbody > tr:nth-child(2) > td > input
value : None



