2019-03-05 06:22:25	Message: timeout
  (Session info: chrome=71.0.3578.98)
  (Driver info: chromedriver=2.42.591088 (7b2b2dca23cca0862f674758c9a3933e685c27d5),platform=Windows NT 6.1.7601 SP1 x86_64)

id: ctl00_SiteContentPlaceHolder_btnContinue
value : None



2019-03-05 08:57:29	Message: timeout
  (Session info: chrome=71.0.3578.98)
  (Driver info: chromedriver=2.42.591088 (7b2b2dca23cca0862f674758c9a3933e685c27d5),platform=Windows NT 6.1.7601 SP1 x86_64)

id: ctl00_SiteContentPlaceHolder_UpdateButton3
value : None



2019-03-05 09:00:05	catching classes that do not inherit from BaseException is not allowed
id: ctl00_SiteContentPlaceHolder_ucLocation_ddlLocation
value : None



2019-03-05 09:00:05	catching classes that do not inherit from BaseException is not allowed
id: ctl00_SiteContentPlaceHolder_ucLocation_ddlLocation
value : None


idName: ctl00_SiteContentPlaceHolder_ucLocation_ddlLocation
value : BEJ



2019-03-05 15:54:22	catching classes that do not inherit from BaseException is not allowed
id: ctl00_SiteContentPlaceHolder_FormView1_dtlLANGUAGES_ctl01_tbxLANGUAGE_NAME
value : English



2019-03-05 16:00:23	catching classes that do not inherit from BaseException is not allowed
id: ctl00_SiteContentPlaceHolder_ucLocation_ddlLocation
value : None



2019-03-05 16:00:23	catching classes that do not inherit from BaseException is not allowed
id: ctl00_SiteContentPlaceHolder_ucLocation_ddlLocation
value : None


idName: ctl00_SiteContentPlaceHolder_ucLocation_ddlLocation
value : BEJ



2019-03-05 16:02:00	catching classes that do not inherit from BaseException is not allowed
id: ctl00_SiteContentPlaceHolder_ucLocation_ddlLocation
value : None



2019-03-05 16:02:00	catching classes that do not inherit from BaseException is not allowed
id: ctl00_SiteContentPlaceHolder_ucLocation_ddlLocation
value : None


idName: ctl00_SiteContentPlaceHolder_ucLocation_ddlLocation
value : BEJ



2019-03-05 16:03:35	Message: 

id: ctl00_SiteContentPlaceHolder_ucLocation_ddlLocation
value : None



2019-03-05 16:03:35	Message: 

id: ctl00_SiteContentPlaceHolder_ucLocation_ddlLocation
value : None


idName: ctl00_SiteContentPlaceHolder_ucLocation_ddlLocation
value : BEJ



2019-03-05 16:05:07	catching classes that do not inherit from BaseException is not allowed
id: ctl00_SiteContentPlaceHolder_ucLocation_ddlLocation
value : None



2019-03-05 16:05:07	catching classes that do not inherit from BaseException is not allowed
id: ctl00_SiteContentPlaceHolder_ucLocation_ddlLocation
value : None


idName: ctl00_SiteContentPlaceHolder_ucLocation_ddlLocation
value : BEJ



2019-03-05 16:06:31	catching classes that do not inherit from BaseException is not allowed
id: ctl00_SiteContentPlaceHolder_ucLocation_ddlLocation
value : None



2019-03-05 16:06:31	catching classes that do not inherit from BaseException is not allowed
id: ctl00_SiteContentPlaceHolder_ucLocation_ddlLocation
value : None


idName: ctl00_SiteContentPlaceHolder_ucLocation_ddlLocation
value : BEJ



2019-03-05 18:28:46	catching classes that do not inherit from BaseException is not allowed
id: ctl00_SiteContentPlaceHolder_ucLocation_ddlLocation
value : None



2019-03-05 18:28:46	catching classes that do not inherit from BaseException is not allowed
id: ctl00_SiteContentPlaceHolder_ucLocation_ddlLocation
value : None


idName: ctl00_SiteContentPlaceHolder_ucLocation_ddlLocation
value : BEJ



2019-03-05 18:30:39	catching classes that do not inherit from BaseException is not allowed
id: ctl00_SiteContentPlaceHolder_FormView1_rblRemovalHearing_1
value : None



2019-03-05 18:30:45	catching classes that do not inherit from BaseException is not allowed
id: ctl00_SiteContentPlaceHolder_FormView1_rblAttWoReimb_1
value : None



2019-03-05 18:49:05	catching classes that do not inherit from BaseException is not allowed
id: ctl00_cphMain_imageFileUpload
value : C:\Users\Administrator\Desktop\automation_us\photo.jpeg



2019-03-05 18:54:34	catching classes that do not inherit from BaseException is not allowed
id: ctl00_SiteContentPlaceHolder_ApplicationRecovery1_txbSurname
value : SHI



2019-03-05 19:08:23	catching classes that do not inherit from BaseException is not allowed
id: ctl00_SiteContentPlaceHolder_ucLocation_ddlLocation
value : None



2019-03-05 19:08:23	catching classes that do not inherit from BaseException is not allowed
id: ctl00_SiteContentPlaceHolder_ucLocation_ddlLocation
value : None


idName: ctl00_SiteContentPlaceHolder_ucLocation_ddlLocation
value : BEJ



2019-03-05 19:11:01	catching classes that do not inherit from BaseException is not allowed
id: ctl00_SiteContentPlaceHolder_ucLocation_ddlLocation
value : None



2019-03-05 19:11:01	catching classes that do not inherit from BaseException is not allowed
id: ctl00_SiteContentPlaceHolder_ucLocation_ddlLocation
value : None


idName: ctl00_SiteContentPlaceHolder_ucLocation_ddlLocation
value : BEJ



2019-03-05 19:17:19	catching classes that do not inherit from BaseException is not allowed
id: ctl00_SiteContentPlaceHolder_ucLocation_ddlLocation
value : None



2019-03-05 19:17:19	catching classes that do not inherit from BaseException is not allowed
id: ctl00_SiteContentPlaceHolder_ucLocation_ddlLocation
value : None


idName: ctl00_SiteContentPlaceHolder_ucLocation_ddlLocation
value : BEJ



2019-03-05 19:27:32	Message: stale element reference: element is not attached to the page document
  (Session info: chrome=71.0.3578.98)
  (Driver info: chromedriver=2.42.591088 (7b2b2dca23cca0862f674758c9a3933e685c27d5),platform=Windows NT 6.1.7601 SP1 x86_64)

id: ctl00_SiteContentPlaceHolder_UpdateButton3
value : None



2019-03-05 19:35:16	catching classes that do not inherit from BaseException is not allowed
id: ctl00_SiteContentPlaceHolder_ApplicationRecovery1_txbSurname
value : SHI



2019-03-05 19:56:53	catching classes that do not inherit from BaseException is not allowed
id: ctl00_SiteContentPlaceHolder_FormView1_ddlPREV_VISA_ISSUED_DTEDay
value : None



2019-03-05 19:56:53	catching classes that do not inherit from BaseException is not allowed
id: ctl00_SiteContentPlaceHolder_FormView1_ddlPREV_VISA_ISSUED_DTEDay
value : None


idName: ctl00_SiteContentPlaceHolder_FormView1_ddlPREV_VISA_ISSUED_DTEDay
value : 10



2019-03-05 19:57:14	catching classes that do not inherit from BaseException is not allowed
id: ctl00_SiteContentPlaceHolder_FormView1_rblPREV_US_TRAVEL_IND_0
value : None



2019-03-05 20:02:44	catching classes that do not inherit from BaseException is not allowed
id: ctl00_SiteContentPlaceHolder_btnUploadPhoto
value : None



2019-03-05 20:07:58	catching classes that do not inherit from BaseException is not allowed
id: ctl00_SiteContentPlaceHolder_ucLocation_ddlLocation
value : None



2019-03-05 20:07:58	catching classes that do not inherit from BaseException is not allowed
id: ctl00_SiteContentPlaceHolder_ucLocation_ddlLocation
value : None


idName: ctl00_SiteContentPlaceHolder_ucLocation_ddlLocation
value : BEJ



2019-03-05 20:09:05	catching classes that do not inherit from BaseException is not allowed
id: ctl00_SiteContentPlaceHolder_ucLocation_ddlLocation
value : None



2019-03-05 20:09:05	catching classes that do not inherit from BaseException is not allowed
id: ctl00_SiteContentPlaceHolder_ucLocation_ddlLocation
value : None


idName: ctl00_SiteContentPlaceHolder_ucLocation_ddlLocation
value : BEJ



2019-03-05 20:09:19	catching classes that do not inherit from BaseException is not allowed
id: ctl00_SiteContentPlaceHolder_ucLocation_ddlLocation
value : None



2019-03-05 20:09:19	catching classes that do not inherit from BaseException is not allowed
id: ctl00_SiteContentPlaceHolder_ucLocation_ddlLocation
value : None


idName: ctl00_SiteContentPlaceHolder_ucLocation_ddlLocation
value : BEJ



2019-03-05 20:33:24	catching classes that do not inherit from BaseException is not allowed
id: ctl00_SiteContentPlaceHolder_txtAnswer
value : A



2019-03-05 20:44:26	Message: timeout
  (Session info: chrome=71.0.3578.98)
  (Driver info: chromedriver=2.42.591088 (7b2b2dca23cca0862f674758c9a3933e685c27d5),platform=Windows NT 6.1.7601 SP1 x86_64)

id: ctl00_SiteContentPlaceHolder_UpdateButton3
value : None



2019-03-05 20:45:29	catching classes that do not inherit from BaseException is not allowed
id: ctl00_SiteContentPlaceHolder_FormView1_tbxSpouseSurname
value : shut



2019-03-05 20:45:50	catching classes that do not inherit from BaseException is not allowed
id: ctl00_SiteContentPlaceHolder_FormView1_tbxSpouseSurname
value : shut



2019-03-05 20:46:12	catching classes that do not inherit from BaseException is not allowed
id: ctl00_SiteContentPlaceHolder_FormView1_tbxSpouseSurname
value : shut



2019-03-05 20:46:33	catching classes that do not inherit from BaseException is not allowed
id: ctl00_SiteContentPlaceHolder_FormView1_tbxSpouseSurname
value : shut



2019-03-05 20:46:53	catching classes that do not inherit from BaseException is not allowed
id: ctl00_SiteContentPlaceHolder_FormView1_tbxSpouseSurname
value : shut



2019-03-05 20:47:15	catching classes that do not inherit from BaseException is not allowed
id: ctl00_SiteContentPlaceHolder_FormView1_tbxSpouseSurname
value : shut



2019-03-05 20:47:37	catching classes that do not inherit from BaseException is not allowed
id: ctl00_SiteContentPlaceHolder_FormView1_tbxSpouseSurname
value : shut



2019-03-05 20:47:57	catching classes that do not inherit from BaseException is not allowed
id: ctl00_SiteContentPlaceHolder_FormView1_tbxSpouseSurname
value : shut



2019-03-05 20:48:18	catching classes that do not inherit from BaseException is not allowed
id: ctl00_SiteContentPlaceHolder_FormView1_tbxSpouseSurname
value : shut



2019-03-05 20:48:40	catching classes that do not inherit from BaseException is not allowed
id: ctl00_SiteContentPlaceHolder_FormView1_tbxSpouseSurname
value : shut



2019-03-05 20:49:02	catching classes that do not inherit from BaseException is not allowed
id: ctl00_SiteContentPlaceHolder_FormView1_tbxSpouseSurname
value : shut



2019-03-05 20:49:23	catching classes that do not inherit from BaseException is not allowed
id: ctl00_SiteContentPlaceHolder_FormView1_tbxSpouseSurname
value : shut



2019-03-05 20:49:44	catching classes that do not inherit from BaseException is not allowed
id: ctl00_SiteContentPlaceHolder_FormView1_tbxSpouseSurname
value : shut



2019-03-05 20:50:06	catching classes that do not inherit from BaseException is not allowed
id: ctl00_SiteContentPlaceHolder_FormView1_tbxSpouseSurname
value : shut



2019-03-05 20:50:27	catching classes that do not inherit from BaseException is not allowed
id: ctl00_SiteContentPlaceHolder_FormView1_tbxSpouseSurname
value : shut



2019-03-05 20:51:17	catching classes that do not inherit from BaseException is not allowed
id: ctl00_SiteContentPlaceHolder_FormView1_tbxSpouseSurname
value : shut



2019-03-05 20:52:08	catching classes that do not inherit from BaseException is not allowed
id: ctl00_SiteContentPlaceHolder_FormView1_tbxSpouseSurname
value : shut



2019-03-05 20:52:58	catching classes that do not inherit from BaseException is not allowed
id: ctl00_SiteContentPlaceHolder_FormView1_tbxSpouseSurname
value : shut



2019-03-05 20:53:49	catching classes that do not inherit from BaseException is not allowed
id: ctl00_SiteContentPlaceHolder_FormView1_tbxSpouseSurname
value : shut



2019-03-05 20:54:39	catching classes that do not inherit from BaseException is not allowed
id: ctl00_SiteContentPlaceHolder_FormView1_tbxSpouseSurname
value : shut



2019-03-05 20:55:30	catching classes that do not inherit from BaseException is not allowed
id: ctl00_SiteContentPlaceHolder_FormView1_tbxSpouseSurname
value : shut



2019-03-05 20:56:20	catching classes that do not inherit from BaseException is not allowed
id: ctl00_SiteContentPlaceHolder_FormView1_tbxSpouseSurname
value : shut



2019-03-05 20:57:11	catching classes that do not inherit from BaseException is not allowed
id: ctl00_SiteContentPlaceHolder_FormView1_tbxSpouseSurname
value : shut



2019-03-05 20:57:37	catching classes that do not inherit from BaseException is not allowed
id: ctl00_SiteContentPlaceHolder_FormView1_tbxSpouseSurname
value : shut



2019-03-05 20:57:59	catching classes that do not inherit from BaseException is not allowed
id: ctl00_SiteContentPlaceHolder_FormView1_tbxSpouseSurname
value : shut



2019-03-05 20:58:20	catching classes that do not inherit from BaseException is not allowed
id: ctl00_SiteContentPlaceHolder_FormView1_tbxSpouseSurname
value : shut



2019-03-05 20:58:41	catching classes that do not inherit from BaseException is not allowed
id: ctl00_SiteContentPlaceHolder_FormView1_tbxSpouseSurname
value : shut



2019-03-05 20:59:01	catching classes that do not inherit from BaseException is not allowed
id: ctl00_SiteContentPlaceHolder_FormView1_tbxSpouseSurname
value : shut



2019-03-05 20:59:22	catching classes that do not inherit from BaseException is not allowed
id: ctl00_SiteContentPlaceHolder_FormView1_tbxSpouseSurname
value : shut



2019-03-05 20:59:44	catching classes that do not inherit from BaseException is not allowed
id: ctl00_SiteContentPlaceHolder_FormView1_tbxSpouseSurname
value : shut



2019-03-05 21:00:05	catching classes that do not inherit from BaseException is not allowed
id: ctl00_SiteContentPlaceHolder_FormView1_tbxSpouseSurname
value : shut



2019-03-05 21:00:26	catching classes that do not inherit from BaseException is not allowed
id: ctl00_SiteContentPlaceHolder_FormView1_tbxSpouseSurname
value : shut



2019-03-05 21:00:46	catching classes that do not inherit from BaseException is not allowed
id: ctl00_SiteContentPlaceHolder_FormView1_tbxSpouseSurname
value : shut



2019-03-05 21:01:08	catching classes that do not inherit from BaseException is not allowed
id: ctl00_SiteContentPlaceHolder_FormView1_tbxSpouseSurname
value : shut



2019-03-05 21:01:30	catching classes that do not inherit from BaseException is not allowed
id: ctl00_SiteContentPlaceHolder_FormView1_tbxSpouseSurname
value : shut



2019-03-05 21:01:51	catching classes that do not inherit from BaseException is not allowed
id: ctl00_SiteContentPlaceHolder_FormView1_tbxSpouseSurname
value : shut



2019-03-05 21:02:12	catching classes that do not inherit from BaseException is not allowed
id: ctl00_SiteContentPlaceHolder_FormView1_tbxSpouseSurname
value : shut



2019-03-05 21:02:36	catching classes that do not inherit from BaseException is not allowed
id: ctl00_SiteContentPlaceHolder_FormView1_tbxSpouseSurname
value : shut



2019-03-05 21:02:57	catching classes that do not inherit from BaseException is not allowed
id: ctl00_SiteContentPlaceHolder_FormView1_tbxSpouseSurname
value : shut



2019-03-05 21:03:18	catching classes that do not inherit from BaseException is not allowed
id: ctl00_SiteContentPlaceHolder_FormView1_tbxSpouseSurname
value : shut



2019-03-05 21:03:38	catching classes that do not inherit from BaseException is not allowed
id: ctl00_SiteContentPlaceHolder_FormView1_tbxSpouseSurname
value : shut



2019-03-05 21:03:59	catching classes that do not inherit from BaseException is not allowed
id: ctl00_SiteContentPlaceHolder_FormView1_tbxSpouseSurname
value : shut



2019-03-05 21:04:19	catching classes that do not inherit from BaseException is not allowed
id: ctl00_SiteContentPlaceHolder_FormView1_tbxSpouseSurname
value : shut



2019-03-05 21:04:41	catching classes that do not inherit from BaseException is not allowed
id: ctl00_SiteContentPlaceHolder_FormView1_tbxSpouseSurname
value : shut



2019-03-05 21:05:02	catching classes that do not inherit from BaseException is not allowed
id: ctl00_SiteContentPlaceHolder_FormView1_tbxSpouseSurname
value : shut



2019-03-05 21:05:23	catching classes that do not inherit from BaseException is not allowed
id: ctl00_SiteContentPlaceHolder_FormView1_tbxSpouseSurname
value : shut



2019-03-05 21:05:44	catching classes that do not inherit from BaseException is not allowed
id: ctl00_SiteContentPlaceHolder_FormView1_tbxSpouseSurname
value : shut



2019-03-05 21:06:06	catching classes that do not inherit from BaseException is not allowed
id: ctl00_SiteContentPlaceHolder_FormView1_tbxSpouseSurname
value : shut



2019-03-05 21:06:29	catching classes that do not inherit from BaseException is not allowed
id: ctl00_SiteContentPlaceHolder_FormView1_tbxSpouseSurname
value : shut



2019-03-05 21:06:50	catching classes that do not inherit from BaseException is not allowed
id: ctl00_SiteContentPlaceHolder_FormView1_tbxSpouseSurname
value : shut



2019-03-05 21:07:14	catching classes that do not inherit from BaseException is not allowed
id: ctl00_SiteContentPlaceHolder_FormView1_tbxSpouseSurname
value : shut



2019-03-05 21:07:34	catching classes that do not inherit from BaseException is not allowed
id: ctl00_SiteContentPlaceHolder_FormView1_tbxSpouseSurname
value : shut



2019-03-05 21:07:55	catching classes that do not inherit from BaseException is not allowed
id: ctl00_SiteContentPlaceHolder_FormView1_tbxSpouseSurname
value : shut



2019-03-05 21:08:15	catching classes that do not inherit from BaseException is not allowed
id: ctl00_SiteContentPlaceHolder_FormView1_tbxSpouseSurname
value : shut



2019-03-05 21:08:39	catching classes that do not inherit from BaseException is not allowed
id: ctl00_SiteContentPlaceHolder_FormView1_tbxSpouseSurname
value : shut



2019-03-05 21:08:59	catching classes that do not inherit from BaseException is not allowed
id: ctl00_SiteContentPlaceHolder_FormView1_tbxSpouseSurname
value : shut



2019-03-05 21:09:20	catching classes that do not inherit from BaseException is not allowed
id: ctl00_SiteContentPlaceHolder_FormView1_tbxSpouseSurname
value : shut



2019-03-05 21:09:42	catching classes that do not inherit from BaseException is not allowed
id: ctl00_SiteContentPlaceHolder_FormView1_tbxSpouseSurname
value : shut



2019-03-05 21:10:04	catching classes that do not inherit from BaseException is not allowed
id: ctl00_SiteContentPlaceHolder_FormView1_tbxSpouseSurname
value : shut



2019-03-05 21:10:25	catching classes that do not inherit from BaseException is not allowed
id: ctl00_SiteContentPlaceHolder_FormView1_tbxSpouseSurname
value : shut



2019-03-05 21:10:45	catching classes that do not inherit from BaseException is not allowed
id: ctl00_SiteContentPlaceHolder_FormView1_tbxSpouseSurname
value : shut



2019-03-05 21:11:06	catching classes that do not inherit from BaseException is not allowed
id: ctl00_SiteContentPlaceHolder_FormView1_tbxSpouseSurname
value : shut



2019-03-05 21:11:26	catching classes that do not inherit from BaseException is not allowed
id: ctl00_SiteContentPlaceHolder_FormView1_tbxSpouseSurname
value : shut



2019-03-05 21:11:48	catching classes that do not inherit from BaseException is not allowed
id: ctl00_SiteContentPlaceHolder_FormView1_tbxSpouseSurname
value : shut



2019-03-05 21:12:10	catching classes that do not inherit from BaseException is not allowed
id: ctl00_SiteContentPlaceHolder_FormView1_tbxSpouseSurname
value : shut



2019-03-05 21:12:31	catching classes that do not inherit from BaseException is not allowed
id: ctl00_SiteContentPlaceHolder_FormView1_tbxSpouseSurname
value : shut



2019-03-05 21:12:52	catching classes that do not inherit from BaseException is not allowed
id: ctl00_SiteContentPlaceHolder_FormView1_tbxSpouseSurname
value : shut



2019-03-05 21:13:13	catching classes that do not inherit from BaseException is not allowed
id: ctl00_SiteContentPlaceHolder_FormView1_tbxSpouseSurname
value : shut



2019-03-05 21:13:35	catching classes that do not inherit from BaseException is not allowed
id: ctl00_SiteContentPlaceHolder_FormView1_tbxSpouseSurname
value : shut



2019-03-05 21:13:56	catching classes that do not inherit from BaseException is not allowed
id: ctl00_SiteContentPlaceHolder_FormView1_tbxSpouseSurname
value : shut



2019-03-05 21:14:16	catching classes that do not inherit from BaseException is not allowed
id: ctl00_SiteContentPlaceHolder_FormView1_tbxSpouseSurname
value : shut



2019-03-05 21:14:37	catching classes that do not inherit from BaseException is not allowed
id: ctl00_SiteContentPlaceHolder_FormView1_tbxSpouseSurname
value : shut



2019-03-05 21:14:59	catching classes that do not inherit from BaseException is not allowed
id: ctl00_SiteContentPlaceHolder_FormView1_tbxSpouseSurname
value : shut



2019-03-05 21:15:19	catching classes that do not inherit from BaseException is not allowed
id: ctl00_SiteContentPlaceHolder_FormView1_tbxSpouseSurname
value : shut



2019-03-05 21:15:42	catching classes that do not inherit from BaseException is not allowed
id: ctl00_SiteContentPlaceHolder_FormView1_tbxSpouseSurname
value : shut



2019-03-05 21:16:04	catching classes that do not inherit from BaseException is not allowed
id: ctl00_SiteContentPlaceHolder_FormView1_tbxSpouseSurname
value : shut



2019-03-05 21:16:28	catching classes that do not inherit from BaseException is not allowed
id: ctl00_SiteContentPlaceHolder_FormView1_tbxSpouseSurname
value : shut



2019-03-05 21:16:50	catching classes that do not inherit from BaseException is not allowed
id: ctl00_SiteContentPlaceHolder_FormView1_tbxSpouseSurname
value : shut



2019-03-05 21:17:10	catching classes that do not inherit from BaseException is not allowed
id: ctl00_SiteContentPlaceHolder_FormView1_tbxSpouseSurname
value : shut



2019-03-05 21:17:33	catching classes that do not inherit from BaseException is not allowed
id: ctl00_SiteContentPlaceHolder_FormView1_tbxSpouseSurname
value : shut



2019-03-05 21:17:54	catching classes that do not inherit from BaseException is not allowed
id: ctl00_SiteContentPlaceHolder_FormView1_tbxSpouseSurname
value : shut



2019-03-05 21:18:15	catching classes that do not inherit from BaseException is not allowed
id: ctl00_SiteContentPlaceHolder_FormView1_tbxSpouseSurname
value : shut



2019-03-05 21:18:35	catching classes that do not inherit from BaseException is not allowed
id: ctl00_SiteContentPlaceHolder_FormView1_tbxSpouseSurname
value : shut



2019-03-05 21:18:56	catching classes that do not inherit from BaseException is not allowed
id: ctl00_SiteContentPlaceHolder_FormView1_tbxSpouseSurname
value : shut



2019-03-05 21:19:17	catching classes that do not inherit from BaseException is not allowed
id: ctl00_SiteContentPlaceHolder_FormView1_tbxSpouseSurname
value : shut



2019-03-05 21:19:37	catching classes that do not inherit from BaseException is not allowed
id: ctl00_SiteContentPlaceHolder_FormView1_tbxSpouseSurname
value : shut



2019-03-05 21:19:58	catching classes that do not inherit from BaseException is not allowed
id: ctl00_SiteContentPlaceHolder_FormView1_tbxSpouseSurname
value : shut



2019-03-05 21:20:19	catching classes that do not inherit from BaseException is not allowed
id: ctl00_SiteContentPlaceHolder_FormView1_tbxSpouseSurname
value : shut



2019-03-05 21:20:39	catching classes that do not inherit from BaseException is not allowed
id: ctl00_SiteContentPlaceHolder_FormView1_tbxSpouseSurname
value : shut



2019-03-05 21:21:01	catching classes that do not inherit from BaseException is not allowed
id: ctl00_SiteContentPlaceHolder_FormView1_tbxSpouseSurname
value : shut



2019-03-05 21:21:23	catching classes that do not inherit from BaseException is not allowed
id: ctl00_SiteContentPlaceHolder_FormView1_tbxSpouseSurname
value : shut



2019-03-05 21:21:44	catching classes that do not inherit from BaseException is not allowed
id: ctl00_SiteContentPlaceHolder_FormView1_tbxSpouseSurname
value : shut



2019-03-05 21:22:04	catching classes that do not inherit from BaseException is not allowed
id: ctl00_SiteContentPlaceHolder_FormView1_tbxSpouseSurname
value : shut



2019-03-05 21:22:26	catching classes that do not inherit from BaseException is not allowed
id: ctl00_SiteContentPlaceHolder_FormView1_tbxSpouseSurname
value : shut



2019-03-05 21:22:46	catching classes that do not inherit from BaseException is not allowed
id: ctl00_SiteContentPlaceHolder_FormView1_tbxSpouseSurname
value : shut



2019-03-05 21:23:07	catching classes that do not inherit from BaseException is not allowed
id: ctl00_SiteContentPlaceHolder_FormView1_tbxSpouseSurname
value : shut



2019-03-05 21:23:28	catching classes that do not inherit from BaseException is not allowed
id: ctl00_SiteContentPlaceHolder_FormView1_tbxSpouseSurname
value : shut



2019-03-05 21:23:49	catching classes that do not inherit from BaseException is not allowed
id: ctl00_SiteContentPlaceHolder_FormView1_tbxSpouseSurname
value : shut



2019-03-05 21:24:13	catching classes that do not inherit from BaseException is not allowed
id: ctl00_SiteContentPlaceHolder_FormView1_tbxSpouseSurname
value : shut



2019-03-05 21:24:34	catching classes that do not inherit from BaseException is not allowed
id: ctl00_SiteContentPlaceHolder_FormView1_tbxSpouseSurname
value : shut



2019-03-05 21:24:54	catching classes that do not inherit from BaseException is not allowed
id: ctl00_SiteContentPlaceHolder_FormView1_tbxSpouseSurname
value : shut



2019-03-05 21:25:16	catching classes that do not inherit from BaseException is not allowed
id: ctl00_SiteContentPlaceHolder_FormView1_tbxSpouseSurname
value : shut



2019-03-05 21:25:36	catching classes that do not inherit from BaseException is not allowed
id: ctl00_SiteContentPlaceHolder_FormView1_tbxSpouseSurname
value : shut



2019-03-05 21:25:58	catching classes that do not inherit from BaseException is not allowed
id: ctl00_SiteContentPlaceHolder_FormView1_tbxSpouseSurname
value : shut



2019-03-05 21:26:20	catching classes that do not inherit from BaseException is not allowed
id: ctl00_SiteContentPlaceHolder_FormView1_tbxSpouseSurname
value : shut



2019-03-05 21:26:41	catching classes that do not inherit from BaseException is not allowed
id: ctl00_SiteContentPlaceHolder_FormView1_tbxSpouseSurname
value : shut



2019-03-05 21:27:02	catching classes that do not inherit from BaseException is not allowed
id: ctl00_SiteContentPlaceHolder_FormView1_tbxSpouseSurname
value : shut



2019-03-05 21:27:22	catching classes that do not inherit from BaseException is not allowed
id: ctl00_SiteContentPlaceHolder_FormView1_tbxSpouseSurname
value : shut



2019-03-05 21:27:45	catching classes that do not inherit from BaseException is not allowed
id: ctl00_SiteContentPlaceHolder_FormView1_tbxSpouseSurname
value : shut



2019-03-05 21:28:06	catching classes that do not inherit from BaseException is not allowed
id: ctl00_SiteContentPlaceHolder_FormView1_tbxSpouseSurname
value : shut



2019-03-05 21:28:26	catching classes that do not inherit from BaseException is not allowed
id: ctl00_SiteContentPlaceHolder_FormView1_tbxSpouseSurname
value : shut



2019-03-05 21:28:47	catching classes that do not inherit from BaseException is not allowed
id: ctl00_SiteContentPlaceHolder_FormView1_tbxSpouseSurname
value : shut



2019-03-05 21:29:08	catching classes that do not inherit from BaseException is not allowed
id: ctl00_SiteContentPlaceHolder_FormView1_tbxSpouseSurname
value : shut



2019-03-05 21:29:29	catching classes that do not inherit from BaseException is not allowed
id: ctl00_SiteContentPlaceHolder_FormView1_tbxSpouseSurname
value : shut



2019-03-05 21:29:50	catching classes that do not inherit from BaseException is not allowed
id: ctl00_SiteContentPlaceHolder_FormView1_tbxSpouseSurname
value : shut



2019-03-05 21:30:12	catching classes that do not inherit from BaseException is not allowed
id: ctl00_SiteContentPlaceHolder_FormView1_tbxSpouseSurname
value : shut



2019-03-05 21:30:34	catching classes that do not inherit from BaseException is not allowed
id: ctl00_SiteContentPlaceHolder_FormView1_tbxSpouseSurname
value : shut



2019-03-05 21:30:56	catching classes that do not inherit from BaseException is not allowed
id: ctl00_SiteContentPlaceHolder_FormView1_tbxSpouseSurname
value : shut



2019-03-05 21:31:18	catching classes that do not inherit from BaseException is not allowed
id: ctl00_SiteContentPlaceHolder_FormView1_tbxSpouseSurname
value : shut



2019-03-05 21:31:42	catching classes that do not inherit from BaseException is not allowed
id: ctl00_SiteContentPlaceHolder_FormView1_tbxSpouseSurname
value : shut



2019-03-05 21:32:02	catching classes that do not inherit from BaseException is not allowed
id: ctl00_SiteContentPlaceHolder_FormView1_tbxSpouseSurname
value : shut



2019-03-05 21:32:23	catching classes that do not inherit from BaseException is not allowed
id: ctl00_SiteContentPlaceHolder_FormView1_tbxSpouseSurname
value : shut



2019-03-05 21:32:45	catching classes that do not inherit from BaseException is not allowed
id: ctl00_SiteContentPlaceHolder_FormView1_tbxSpouseSurname
value : shut



2019-03-05 21:33:09	catching classes that do not inherit from BaseException is not allowed
id: ctl00_SiteContentPlaceHolder_FormView1_tbxSpouseSurname
value : shut



2019-03-05 21:33:30	catching classes that do not inherit from BaseException is not allowed
id: ctl00_SiteContentPlaceHolder_FormView1_tbxSpouseSurname
value : shut



2019-03-05 21:33:51	catching classes that do not inherit from BaseException is not allowed
id: ctl00_SiteContentPlaceHolder_FormView1_tbxSpouseSurname
value : shut



2019-03-05 21:34:12	catching classes that do not inherit from BaseException is not allowed
id: ctl00_SiteContentPlaceHolder_FormView1_tbxSpouseSurname
value : shut



2019-03-05 21:34:34	catching classes that do not inherit from BaseException is not allowed
id: ctl00_SiteContentPlaceHolder_FormView1_tbxSpouseSurname
value : shut



2019-03-05 21:34:55	catching classes that do not inherit from BaseException is not allowed
id: ctl00_SiteContentPlaceHolder_FormView1_tbxSpouseSurname
value : shut



2019-03-05 21:35:16	catching classes that do not inherit from BaseException is not allowed
id: ctl00_SiteContentPlaceHolder_FormView1_tbxSpouseSurname
value : shut



2019-03-05 21:35:37	catching classes that do not inherit from BaseException is not allowed
id: ctl00_SiteContentPlaceHolder_FormView1_tbxSpouseSurname
value : shut



2019-03-05 21:35:57	catching classes that do not inherit from BaseException is not allowed
id: ctl00_SiteContentPlaceHolder_FormView1_tbxSpouseSurname
value : shut



2019-03-05 21:36:20	catching classes that do not inherit from BaseException is not allowed
id: ctl00_SiteContentPlaceHolder_FormView1_tbxSpouseSurname
value : shut



2019-03-05 21:36:40	catching classes that do not inherit from BaseException is not allowed
id: ctl00_SiteContentPlaceHolder_FormView1_tbxSpouseSurname
value : shut



2019-03-05 21:37:01	catching classes that do not inherit from BaseException is not allowed
id: ctl00_SiteContentPlaceHolder_FormView1_tbxSpouseSurname
value : shut



2019-03-05 21:37:21	catching classes that do not inherit from BaseException is not allowed
id: ctl00_SiteContentPlaceHolder_FormView1_tbxSpouseSurname
value : shut



2019-03-05 21:37:42	catching classes that do not inherit from BaseException is not allowed
id: ctl00_SiteContentPlaceHolder_FormView1_tbxSpouseSurname
value : shut



2019-03-05 21:38:02	catching classes that do not inherit from BaseException is not allowed
id: ctl00_SiteContentPlaceHolder_FormView1_tbxSpouseSurname
value : shut



2019-03-05 21:38:24	catching classes that do not inherit from BaseException is not allowed
id: ctl00_SiteContentPlaceHolder_FormView1_tbxSpouseSurname
value : shut



2019-03-05 21:38:44	catching classes that do not inherit from BaseException is not allowed
id: ctl00_SiteContentPlaceHolder_FormView1_tbxSpouseSurname
value : shut



2019-03-05 21:39:06	catching classes that do not inherit from BaseException is not allowed
id: ctl00_SiteContentPlaceHolder_FormView1_tbxSpouseSurname
value : shut



2019-03-05 21:39:27	catching classes that do not inherit from BaseException is not allowed
id: ctl00_SiteContentPlaceHolder_FormView1_tbxSpouseSurname
value : shut



2019-03-05 21:39:51	catching classes that do not inherit from BaseException is not allowed
id: ctl00_SiteContentPlaceHolder_FormView1_tbxSpouseSurname
value : shut



2019-03-05 21:40:11	catching classes that do not inherit from BaseException is not allowed
id: ctl00_SiteContentPlaceHolder_FormView1_tbxSpouseSurname
value : shut



2019-03-05 21:40:32	catching classes that do not inherit from BaseException is not allowed
id: ctl00_SiteContentPlaceHolder_FormView1_tbxSpouseSurname
value : shut



2019-03-05 21:40:56	catching classes that do not inherit from BaseException is not allowed
id: ctl00_SiteContentPlaceHolder_FormView1_tbxSpouseSurname
value : shut



2019-03-05 21:41:17	catching classes that do not inherit from BaseException is not allowed
id: ctl00_SiteContentPlaceHolder_FormView1_tbxSpouseSurname
value : shut



2019-03-05 21:41:38	catching classes that do not inherit from BaseException is not allowed
id: ctl00_SiteContentPlaceHolder_FormView1_tbxSpouseSurname
value : shut



2019-03-05 21:42:02	catching classes that do not inherit from BaseException is not allowed
id: ctl00_SiteContentPlaceHolder_FormView1_tbxSpouseSurname
value : shut



2019-03-05 21:42:23	catching classes that do not inherit from BaseException is not allowed
id: ctl00_SiteContentPlaceHolder_FormView1_tbxSpouseSurname
value : shut



2019-03-05 21:42:48	catching classes that do not inherit from BaseException is not allowed
id: ctl00_SiteContentPlaceHolder_FormView1_tbxSpouseSurname
value : shut



2019-03-05 21:43:08	catching classes that do not inherit from BaseException is not allowed
id: ctl00_SiteContentPlaceHolder_FormView1_tbxSpouseSurname
value : shut



2019-03-05 21:43:30	catching classes that do not inherit from BaseException is not allowed
id: ctl00_SiteContentPlaceHolder_FormView1_tbxSpouseSurname
value : shut



2019-03-05 21:43:51	catching classes that do not inherit from BaseException is not allowed
id: ctl00_SiteContentPlaceHolder_FormView1_tbxSpouseSurname
value : shut



2019-03-05 21:44:12	catching classes that do not inherit from BaseException is not allowed
id: ctl00_SiteContentPlaceHolder_FormView1_tbxSpouseSurname
value : shut



2019-03-05 21:44:33	catching classes that do not inherit from BaseException is not allowed
id: ctl00_SiteContentPlaceHolder_FormView1_tbxSpouseSurname
value : shut



2019-03-05 21:44:55	catching classes that do not inherit from BaseException is not allowed
id: ctl00_SiteContentPlaceHolder_FormView1_tbxSpouseSurname
value : shut



2019-03-05 21:45:18	catching classes that do not inherit from BaseException is not allowed
id: ctl00_SiteContentPlaceHolder_FormView1_tbxSpouseSurname
value : shut



2019-03-05 21:45:42	catching classes that do not inherit from BaseException is not allowed
id: ctl00_SiteContentPlaceHolder_FormView1_tbxSpouseSurname
value : shut



2019-03-05 21:46:03	catching classes that do not inherit from BaseException is not allowed
id: ctl00_SiteContentPlaceHolder_FormView1_tbxSpouseSurname
value : shut



2019-03-05 21:46:25	catching classes that do not inherit from BaseException is not allowed
id: ctl00_SiteContentPlaceHolder_FormView1_tbxSpouseSurname
value : shut



2019-03-05 21:46:47	catching classes that do not inherit from BaseException is not allowed
id: ctl00_SiteContentPlaceHolder_FormView1_tbxSpouseSurname
value : shut



2019-03-05 21:47:09	catching classes that do not inherit from BaseException is not allowed
id: ctl00_SiteContentPlaceHolder_FormView1_tbxSpouseSurname
value : shut



2019-03-05 21:47:30	catching classes that do not inherit from BaseException is not allowed
id: ctl00_SiteContentPlaceHolder_FormView1_tbxSpouseSurname
value : shut



2019-03-05 21:47:51	catching classes that do not inherit from BaseException is not allowed
id: ctl00_SiteContentPlaceHolder_FormView1_tbxSpouseSurname
value : shut



2019-03-05 21:48:17	catching classes that do not inherit from BaseException is not allowed
id: ctl00_SiteContentPlaceHolder_FormView1_tbxSpouseSurname
value : shut



2019-03-05 21:48:40	catching classes that do not inherit from BaseException is not allowed
id: ctl00_SiteContentPlaceHolder_FormView1_tbxSpouseSurname
value : shut



2019-03-05 21:49:09	catching classes that do not inherit from BaseException is not allowed
id: ctl00_SiteContentPlaceHolder_FormView1_tbxSpouseSurname
value : shut



2019-03-05 21:49:29	catching classes that do not inherit from BaseException is not allowed
id: ctl00_SiteContentPlaceHolder_FormView1_tbxSpouseSurname
value : shut



2019-03-05 21:49:50	catching classes that do not inherit from BaseException is not allowed
id: ctl00_SiteContentPlaceHolder_FormView1_tbxSpouseSurname
value : shut



2019-03-05 21:50:11	catching classes that do not inherit from BaseException is not allowed
id: ctl00_SiteContentPlaceHolder_FormView1_tbxSpouseSurname
value : shut



2019-03-05 21:50:31	catching classes that do not inherit from BaseException is not allowed
id: ctl00_SiteContentPlaceHolder_FormView1_tbxSpouseSurname
value : shut



2019-03-05 21:50:52	catching classes that do not inherit from BaseException is not allowed
id: ctl00_SiteContentPlaceHolder_FormView1_tbxSpouseSurname
value : shut



2019-03-05 21:51:12	catching classes that do not inherit from BaseException is not allowed
id: ctl00_SiteContentPlaceHolder_FormView1_tbxSpouseSurname
value : shut



2019-03-05 21:51:33	catching classes that do not inherit from BaseException is not allowed
id: ctl00_SiteContentPlaceHolder_FormView1_tbxSpouseSurname
value : shut



2019-03-05 21:51:53	catching classes that do not inherit from BaseException is not allowed
id: ctl00_SiteContentPlaceHolder_FormView1_tbxSpouseSurname
value : shut



2019-03-05 21:52:14	catching classes that do not inherit from BaseException is not allowed
id: ctl00_SiteContentPlaceHolder_FormView1_tbxSpouseSurname
value : shut



2019-03-05 21:52:34	catching classes that do not inherit from BaseException is not allowed
id: ctl00_SiteContentPlaceHolder_FormView1_tbxSpouseSurname
value : shut



2019-03-05 21:52:56	catching classes that do not inherit from BaseException is not allowed
id: ctl00_SiteContentPlaceHolder_FormView1_tbxSpouseSurname
value : shut



2019-03-05 21:53:17	catching classes that do not inherit from BaseException is not allowed
id: ctl00_SiteContentPlaceHolder_FormView1_tbxSpouseSurname
value : shut



2019-03-05 21:53:37	catching classes that do not inherit from BaseException is not allowed
id: ctl00_SiteContentPlaceHolder_FormView1_tbxSpouseSurname
value : shut



2019-03-05 21:53:58	catching classes that do not inherit from BaseException is not allowed
id: ctl00_SiteContentPlaceHolder_FormView1_tbxSpouseSurname
value : shut



2019-03-05 21:54:18	catching classes that do not inherit from BaseException is not allowed
id: ctl00_SiteContentPlaceHolder_FormView1_tbxSpouseSurname
value : shut



2019-03-05 21:54:40	catching classes that do not inherit from BaseException is not allowed
id: ctl00_SiteContentPlaceHolder_FormView1_tbxSpouseSurname
value : shut



2019-03-05 21:55:00	catching classes that do not inherit from BaseException is not allowed
id: ctl00_SiteContentPlaceHolder_FormView1_tbxSpouseSurname
value : shut



2019-03-05 21:55:22	catching classes that do not inherit from BaseException is not allowed
id: ctl00_SiteContentPlaceHolder_FormView1_tbxSpouseSurname
value : shut



2019-03-05 21:55:43	catching classes that do not inherit from BaseException is not allowed
id: ctl00_SiteContentPlaceHolder_FormView1_tbxSpouseSurname
value : shut



2019-03-05 21:56:03	catching classes that do not inherit from BaseException is not allowed
id: ctl00_SiteContentPlaceHolder_FormView1_tbxSpouseSurname
value : shut



2019-03-05 21:56:24	catching classes that do not inherit from BaseException is not allowed
id: ctl00_SiteContentPlaceHolder_FormView1_tbxSpouseSurname
value : shut



2019-03-05 21:56:46	catching classes that do not inherit from BaseException is not allowed
id: ctl00_SiteContentPlaceHolder_FormView1_tbxSpouseSurname
value : shut



2019-03-05 21:57:06	catching classes that do not inherit from BaseException is not allowed
id: ctl00_SiteContentPlaceHolder_FormView1_tbxSpouseSurname
value : shut



2019-03-05 21:57:27	catching classes that do not inherit from BaseException is not allowed
id: ctl00_SiteContentPlaceHolder_FormView1_tbxSpouseSurname
value : shut



2019-03-05 21:57:47	catching classes that do not inherit from BaseException is not allowed
id: ctl00_SiteContentPlaceHolder_FormView1_tbxSpouseSurname
value : shut



2019-03-05 21:58:08	catching classes that do not inherit from BaseException is not allowed
id: ctl00_SiteContentPlaceHolder_FormView1_tbxSpouseSurname
value : shut



2019-03-05 21:58:28	catching classes that do not inherit from BaseException is not allowed
id: ctl00_SiteContentPlaceHolder_FormView1_tbxSpouseSurname
value : shut



2019-03-05 21:58:49	catching classes that do not inherit from BaseException is not allowed
id: ctl00_SiteContentPlaceHolder_FormView1_tbxSpouseSurname
value : shut



2019-03-05 21:59:09	catching classes that do not inherit from BaseException is not allowed
id: ctl00_SiteContentPlaceHolder_FormView1_tbxSpouseSurname
value : shut



2019-03-05 21:59:30	catching classes that do not inherit from BaseException is not allowed
id: ctl00_SiteContentPlaceHolder_FormView1_tbxSpouseSurname
value : shut



2019-03-05 21:59:50	catching classes that do not inherit from BaseException is not allowed
id: ctl00_SiteContentPlaceHolder_FormView1_tbxSpouseSurname
value : shut



2019-03-05 22:00:11	catching classes that do not inherit from BaseException is not allowed
id: ctl00_SiteContentPlaceHolder_FormView1_tbxSpouseSurname
value : shut



2019-03-05 22:00:31	catching classes that do not inherit from BaseException is not allowed
id: ctl00_SiteContentPlaceHolder_FormView1_tbxSpouseSurname
value : shut



2019-03-05 22:00:52	catching classes that do not inherit from BaseException is not allowed
id: ctl00_SiteContentPlaceHolder_FormView1_tbxSpouseSurname
value : shut



2019-03-05 22:01:13	catching classes that do not inherit from BaseException is not allowed
id: ctl00_SiteContentPlaceHolder_FormView1_tbxSpouseSurname
value : shut



2019-03-05 22:01:34	catching classes that do not inherit from BaseException is not allowed
id: ctl00_SiteContentPlaceHolder_FormView1_tbxSpouseSurname
value : shut



2019-03-05 22:01:55	catching classes that do not inherit from BaseException is not allowed
id: ctl00_SiteContentPlaceHolder_FormView1_tbxSpouseSurname
value : shut



2019-03-05 22:02:16	catching classes that do not inherit from BaseException is not allowed
id: ctl00_SiteContentPlaceHolder_FormView1_tbxSpouseSurname
value : shut



2019-03-05 22:02:36	catching classes that do not inherit from BaseException is not allowed
id: ctl00_SiteContentPlaceHolder_FormView1_tbxSpouseSurname
value : shut



2019-03-05 22:02:57	catching classes that do not inherit from BaseException is not allowed
id: ctl00_SiteContentPlaceHolder_FormView1_tbxSpouseSurname
value : shut



2019-03-05 22:03:17	catching classes that do not inherit from BaseException is not allowed
id: ctl00_SiteContentPlaceHolder_FormView1_tbxSpouseSurname
value : shut



2019-03-05 22:03:37	catching classes that do not inherit from BaseException is not allowed
id: ctl00_SiteContentPlaceHolder_FormView1_tbxSpouseSurname
value : shut



2019-03-05 22:03:58	catching classes that do not inherit from BaseException is not allowed
id: ctl00_SiteContentPlaceHolder_FormView1_tbxSpouseSurname
value : shut



2019-03-05 22:04:18	catching classes that do not inherit from BaseException is not allowed
id: ctl00_SiteContentPlaceHolder_FormView1_tbxSpouseSurname
value : shut



2019-03-05 22:04:39	catching classes that do not inherit from BaseException is not allowed
id: ctl00_SiteContentPlaceHolder_FormView1_tbxSpouseSurname
value : shut



2019-03-05 22:04:59	catching classes that do not inherit from BaseException is not allowed
id: ctl00_SiteContentPlaceHolder_FormView1_tbxSpouseSurname
value : shut



2019-03-05 22:05:20	catching classes that do not inherit from BaseException is not allowed
id: ctl00_SiteContentPlaceHolder_FormView1_tbxSpouseSurname
value : shut



2019-03-05 22:05:40	catching classes that do not inherit from BaseException is not allowed
id: ctl00_SiteContentPlaceHolder_FormView1_tbxSpouseSurname
value : shut



2019-03-05 22:06:01	catching classes that do not inherit from BaseException is not allowed
id: ctl00_SiteContentPlaceHolder_FormView1_tbxSpouseSurname
value : shut



2019-03-05 22:06:21	catching classes that do not inherit from BaseException is not allowed
id: ctl00_SiteContentPlaceHolder_FormView1_tbxSpouseSurname
value : shut



2019-03-05 22:06:42	catching classes that do not inherit from BaseException is not allowed
id: ctl00_SiteContentPlaceHolder_FormView1_tbxSpouseSurname
value : shut



2019-03-05 22:07:02	catching classes that do not inherit from BaseException is not allowed
id: ctl00_SiteContentPlaceHolder_FormView1_tbxSpouseSurname
value : shut



2019-03-05 22:07:23	catching classes that do not inherit from BaseException is not allowed
id: ctl00_SiteContentPlaceHolder_FormView1_tbxSpouseSurname
value : shut



2019-03-05 22:07:43	catching classes that do not inherit from BaseException is not allowed
id: ctl00_SiteContentPlaceHolder_FormView1_tbxSpouseSurname
value : shut



2019-03-05 22:08:04	catching classes that do not inherit from BaseException is not allowed
id: ctl00_SiteContentPlaceHolder_FormView1_tbxSpouseSurname
value : shut



2019-03-05 22:08:24	catching classes that do not inherit from BaseException is not allowed
id: ctl00_SiteContentPlaceHolder_FormView1_tbxSpouseSurname
value : shut



2019-03-05 22:08:45	catching classes that do not inherit from BaseException is not allowed
id: ctl00_SiteContentPlaceHolder_FormView1_tbxSpouseSurname
value : shut



2019-03-05 22:09:05	catching classes that do not inherit from BaseException is not allowed
id: ctl00_SiteContentPlaceHolder_FormView1_tbxSpouseSurname
value : shut



2019-03-05 22:09:26	catching classes that do not inherit from BaseException is not allowed
id: ctl00_SiteContentPlaceHolder_FormView1_tbxSpouseSurname
value : shut



2019-03-05 22:09:46	catching classes that do not inherit from BaseException is not allowed
id: ctl00_SiteContentPlaceHolder_FormView1_tbxSpouseSurname
value : shut



2019-03-05 22:10:07	catching classes that do not inherit from BaseException is not allowed
id: ctl00_SiteContentPlaceHolder_FormView1_tbxSpouseSurname
value : shut



2019-03-05 22:10:27	catching classes that do not inherit from BaseException is not allowed
id: ctl00_SiteContentPlaceHolder_FormView1_tbxSpouseSurname
value : shut



2019-03-05 22:10:48	catching classes that do not inherit from BaseException is not allowed
id: ctl00_SiteContentPlaceHolder_FormView1_tbxSpouseSurname
value : shut



2019-03-05 22:11:08	catching classes that do not inherit from BaseException is not allowed
id: ctl00_SiteContentPlaceHolder_FormView1_tbxSpouseSurname
value : shut



2019-03-05 22:11:29	catching classes that do not inherit from BaseException is not allowed
id: ctl00_SiteContentPlaceHolder_FormView1_tbxSpouseSurname
value : shut



2019-03-05 22:11:49	catching classes that do not inherit from BaseException is not allowed
id: ctl00_SiteContentPlaceHolder_FormView1_tbxSpouseSurname
value : shut



2019-03-05 22:12:10	catching classes that do not inherit from BaseException is not allowed
id: ctl00_SiteContentPlaceHolder_FormView1_tbxSpouseSurname
value : shut



2019-03-05 22:12:30	catching classes that do not inherit from BaseException is not allowed
id: ctl00_SiteContentPlaceHolder_FormView1_tbxSpouseSurname
value : shut



2019-03-05 22:12:51	catching classes that do not inherit from BaseException is not allowed
id: ctl00_SiteContentPlaceHolder_FormView1_tbxSpouseSurname
value : shut



2019-03-05 22:13:11	catching classes that do not inherit from BaseException is not allowed
id: ctl00_SiteContentPlaceHolder_FormView1_tbxSpouseSurname
value : shut



2019-03-05 22:13:31	catching classes that do not inherit from BaseException is not allowed
id: ctl00_SiteContentPlaceHolder_FormView1_tbxSpouseSurname
value : shut



2019-03-05 22:13:52	catching classes that do not inherit from BaseException is not allowed
id: ctl00_SiteContentPlaceHolder_FormView1_tbxSpouseSurname
value : shut



2019-03-05 22:14:12	catching classes that do not inherit from BaseException is not allowed
id: ctl00_SiteContentPlaceHolder_FormView1_tbxSpouseSurname
value : shut



2019-03-05 22:14:33	catching classes that do not inherit from BaseException is not allowed
id: ctl00_SiteContentPlaceHolder_FormView1_tbxSpouseSurname
value : shut



2019-03-05 22:14:53	catching classes that do not inherit from BaseException is not allowed
id: ctl00_SiteContentPlaceHolder_FormView1_tbxSpouseSurname
value : shut



2019-03-05 22:15:15	catching classes that do not inherit from BaseException is not allowed
id: ctl00_SiteContentPlaceHolder_FormView1_tbxSpouseSurname
value : shut



2019-03-05 22:15:35	catching classes that do not inherit from BaseException is not allowed
id: ctl00_SiteContentPlaceHolder_FormView1_tbxSpouseSurname
value : shut



2019-03-05 22:15:57	catching classes that do not inherit from BaseException is not allowed
id: ctl00_SiteContentPlaceHolder_FormView1_tbxSpouseSurname
value : shut



2019-03-05 22:16:17	catching classes that do not inherit from BaseException is not allowed
id: ctl00_SiteContentPlaceHolder_FormView1_tbxSpouseSurname
value : shut



2019-03-05 22:16:38	catching classes that do not inherit from BaseException is not allowed
id: ctl00_SiteContentPlaceHolder_FormView1_tbxSpouseSurname
value : shut



2019-03-05 22:16:58	catching classes that do not inherit from BaseException is not allowed
id: ctl00_SiteContentPlaceHolder_FormView1_tbxSpouseSurname
value : shut



2019-03-05 22:17:19	catching classes that do not inherit from BaseException is not allowed
id: ctl00_SiteContentPlaceHolder_FormView1_tbxSpouseSurname
value : shut



2019-03-05 22:17:40	catching classes that do not inherit from BaseException is not allowed
id: ctl00_SiteContentPlaceHolder_FormView1_tbxSpouseSurname
value : shut



2019-03-05 22:18:00	catching classes that do not inherit from BaseException is not allowed
id: ctl00_SiteContentPlaceHolder_FormView1_tbxSpouseSurname
value : shut



2019-03-05 22:18:21	catching classes that do not inherit from BaseException is not allowed
id: ctl00_SiteContentPlaceHolder_FormView1_tbxSpouseSurname
value : shut



2019-03-05 22:18:41	catching classes that do not inherit from BaseException is not allowed
id: ctl00_SiteContentPlaceHolder_FormView1_tbxSpouseSurname
value : shut



2019-03-05 22:19:02	catching classes that do not inherit from BaseException is not allowed
id: ctl00_SiteContentPlaceHolder_FormView1_tbxSpouseSurname
value : shut



2019-03-05 22:19:22	catching classes that do not inherit from BaseException is not allowed
id: ctl00_SiteContentPlaceHolder_FormView1_tbxSpouseSurname
value : shut



2019-03-05 22:19:43	catching classes that do not inherit from BaseException is not allowed
id: ctl00_SiteContentPlaceHolder_FormView1_tbxSpouseSurname
value : shut



2019-03-05 22:20:03	catching classes that do not inherit from BaseException is not allowed
id: ctl00_SiteContentPlaceHolder_FormView1_tbxSpouseSurname
value : shut



2019-03-05 22:20:24	catching classes that do not inherit from BaseException is not allowed
id: ctl00_SiteContentPlaceHolder_FormView1_tbxSpouseSurname
value : shut



2019-03-05 22:20:45	catching classes that do not inherit from BaseException is not allowed
id: ctl00_SiteContentPlaceHolder_FormView1_tbxSpouseSurname
value : shut



2019-03-05 22:21:07	catching classes that do not inherit from BaseException is not allowed
id: ctl00_SiteContentPlaceHolder_FormView1_tbxSpouseSurname
value : shut



2019-03-05 22:21:27	catching classes that do not inherit from BaseException is not allowed
id: ctl00_SiteContentPlaceHolder_FormView1_tbxSpouseSurname
value : shut



2019-03-05 22:21:48	catching classes that do not inherit from BaseException is not allowed
id: ctl00_SiteContentPlaceHolder_FormView1_tbxSpouseSurname
value : shut



2019-03-05 22:22:08	catching classes that do not inherit from BaseException is not allowed
id: ctl00_SiteContentPlaceHolder_FormView1_tbxSpouseSurname
value : shut



2019-03-05 22:22:29	catching classes that do not inherit from BaseException is not allowed
id: ctl00_SiteContentPlaceHolder_FormView1_tbxSpouseSurname
value : shut



2019-03-05 22:22:49	catching classes that do not inherit from BaseException is not allowed
id: ctl00_SiteContentPlaceHolder_FormView1_tbxSpouseSurname
value : shut



2019-03-05 22:23:10	catching classes that do not inherit from BaseException is not allowed
id: ctl00_SiteContentPlaceHolder_FormView1_tbxSpouseSurname
value : shut



2019-03-05 22:23:30	catching classes that do not inherit from BaseException is not allowed
id: ctl00_SiteContentPlaceHolder_FormView1_tbxSpouseSurname
value : shut



2019-03-05 22:23:51	catching classes that do not inherit from BaseException is not allowed
id: ctl00_SiteContentPlaceHolder_FormView1_tbxSpouseSurname
value : shut



2019-03-05 22:24:11	catching classes that do not inherit from BaseException is not allowed
id: ctl00_SiteContentPlaceHolder_FormView1_tbxSpouseSurname
value : shut



2019-03-05 22:24:32	catching classes that do not inherit from BaseException is not allowed
id: ctl00_SiteContentPlaceHolder_FormView1_tbxSpouseSurname
value : shut



2019-03-05 22:24:52	catching classes that do not inherit from BaseException is not allowed
id: ctl00_SiteContentPlaceHolder_FormView1_tbxSpouseSurname
value : shut



2019-03-05 22:25:14	catching classes that do not inherit from BaseException is not allowed
id: ctl00_SiteContentPlaceHolder_FormView1_tbxSpouseSurname
value : shut



2019-03-05 22:25:34	catching classes that do not inherit from BaseException is not allowed
id: ctl00_SiteContentPlaceHolder_FormView1_tbxSpouseSurname
value : shut



2019-03-05 22:25:55	catching classes that do not inherit from BaseException is not allowed
id: ctl00_SiteContentPlaceHolder_FormView1_tbxSpouseSurname
value : shut



2019-03-05 22:26:15	catching classes that do not inherit from BaseException is not allowed
id: ctl00_SiteContentPlaceHolder_FormView1_tbxSpouseSurname
value : shut



2019-03-05 22:26:36	catching classes that do not inherit from BaseException is not allowed
id: ctl00_SiteContentPlaceHolder_FormView1_tbxSpouseSurname
value : shut



2019-03-05 22:26:57	catching classes that do not inherit from BaseException is not allowed
id: ctl00_SiteContentPlaceHolder_FormView1_tbxSpouseSurname
value : shut



2019-03-05 22:27:18	catching classes that do not inherit from BaseException is not allowed
id: ctl00_SiteContentPlaceHolder_FormView1_tbxSpouseSurname
value : shut



2019-03-05 22:27:38	catching classes that do not inherit from BaseException is not allowed
id: ctl00_SiteContentPlaceHolder_FormView1_tbxSpouseSurname
value : shut



2019-03-05 22:27:59	catching classes that do not inherit from BaseException is not allowed
id: ctl00_SiteContentPlaceHolder_FormView1_tbxSpouseSurname
value : shut



2019-03-05 22:28:19	catching classes that do not inherit from BaseException is not allowed
id: ctl00_SiteContentPlaceHolder_FormView1_tbxSpouseSurname
value : shut



2019-03-05 22:28:40	catching classes that do not inherit from BaseException is not allowed
id: ctl00_SiteContentPlaceHolder_FormView1_tbxSpouseSurname
value : shut



2019-03-05 22:29:00	catching classes that do not inherit from BaseException is not allowed
id: ctl00_SiteContentPlaceHolder_FormView1_tbxSpouseSurname
value : shut



2019-03-05 22:29:21	catching classes that do not inherit from BaseException is not allowed
id: ctl00_SiteContentPlaceHolder_FormView1_tbxSpouseSurname
value : shut



2019-03-05 22:29:41	catching classes that do not inherit from BaseException is not allowed
id: ctl00_SiteContentPlaceHolder_FormView1_tbxSpouseSurname
value : shut



2019-03-05 22:30:02	catching classes that do not inherit from BaseException is not allowed
id: ctl00_SiteContentPlaceHolder_FormView1_tbxSpouseSurname
value : shut



2019-03-05 22:30:22	catching classes that do not inherit from BaseException is not allowed
id: ctl00_SiteContentPlaceHolder_FormView1_tbxSpouseSurname
value : shut



2019-03-05 22:30:43	catching classes that do not inherit from BaseException is not allowed
id: ctl00_SiteContentPlaceHolder_FormView1_tbxSpouseSurname
value : shut



2019-03-05 22:31:03	catching classes that do not inherit from BaseException is not allowed
id: ctl00_SiteContentPlaceHolder_FormView1_tbxSpouseSurname
value : shut



2019-03-05 22:31:24	catching classes that do not inherit from BaseException is not allowed
id: ctl00_SiteContentPlaceHolder_FormView1_tbxSpouseSurname
value : shut



2019-03-05 22:31:44	catching classes that do not inherit from BaseException is not allowed
id: ctl00_SiteContentPlaceHolder_FormView1_tbxSpouseSurname
value : shut



2019-03-05 22:32:04	catching classes that do not inherit from BaseException is not allowed
id: ctl00_SiteContentPlaceHolder_FormView1_tbxSpouseSurname
value : shut



2019-03-05 22:32:25	catching classes that do not inherit from BaseException is not allowed
id: ctl00_SiteContentPlaceHolder_FormView1_tbxSpouseSurname
value : shut



2019-03-05 22:32:45	catching classes that do not inherit from BaseException is not allowed
id: ctl00_SiteContentPlaceHolder_FormView1_tbxSpouseSurname
value : shut



2019-03-05 22:33:08	catching classes that do not inherit from BaseException is not allowed
id: ctl00_SiteContentPlaceHolder_FormView1_tbxSpouseSurname
value : shut



2019-03-05 22:33:28	catching classes that do not inherit from BaseException is not allowed
id: ctl00_SiteContentPlaceHolder_FormView1_tbxSpouseSurname
value : shut



2019-03-05 22:33:49	catching classes that do not inherit from BaseException is not allowed
id: ctl00_SiteContentPlaceHolder_FormView1_tbxSpouseSurname
value : shut



2019-03-05 22:34:09	catching classes that do not inherit from BaseException is not allowed
id: ctl00_SiteContentPlaceHolder_FormView1_tbxSpouseSurname
value : shut



2019-03-05 22:34:30	catching classes that do not inherit from BaseException is not allowed
id: ctl00_SiteContentPlaceHolder_FormView1_tbxSpouseSurname
value : shut



2019-03-05 22:34:51	catching classes that do not inherit from BaseException is not allowed
id: ctl00_SiteContentPlaceHolder_FormView1_tbxSpouseSurname
value : shut



2019-03-05 22:35:12	catching classes that do not inherit from BaseException is not allowed
id: ctl00_SiteContentPlaceHolder_FormView1_tbxSpouseSurname
value : shut



2019-03-05 22:35:33	catching classes that do not inherit from BaseException is not allowed
id: ctl00_SiteContentPlaceHolder_FormView1_tbxSpouseSurname
value : shut



2019-03-05 22:35:53	catching classes that do not inherit from BaseException is not allowed
id: ctl00_SiteContentPlaceHolder_FormView1_tbxSpouseSurname
value : shut



2019-03-05 22:36:14	catching classes that do not inherit from BaseException is not allowed
id: ctl00_SiteContentPlaceHolder_FormView1_tbxSpouseSurname
value : shut



2019-03-05 22:36:34	catching classes that do not inherit from BaseException is not allowed
id: ctl00_SiteContentPlaceHolder_FormView1_tbxSpouseSurname
value : shut



2019-03-05 22:36:55	catching classes that do not inherit from BaseException is not allowed
id: ctl00_SiteContentPlaceHolder_FormView1_tbxSpouseSurname
value : shut



2019-03-05 22:37:17	catching classes that do not inherit from BaseException is not allowed
id: ctl00_SiteContentPlaceHolder_FormView1_tbxSpouseSurname
value : shut



2019-03-05 22:37:37	catching classes that do not inherit from BaseException is not allowed
id: ctl00_SiteContentPlaceHolder_FormView1_tbxSpouseSurname
value : shut



2019-03-05 22:37:59	catching classes that do not inherit from BaseException is not allowed
id: ctl00_SiteContentPlaceHolder_FormView1_tbxSpouseSurname
value : shut



2019-03-05 22:38:20	catching classes that do not inherit from BaseException is not allowed
id: ctl00_SiteContentPlaceHolder_FormView1_tbxSpouseSurname
value : shut



2019-03-05 22:38:40	catching classes that do not inherit from BaseException is not allowed
id: ctl00_SiteContentPlaceHolder_FormView1_tbxSpouseSurname
value : shut



2019-03-05 22:39:01	catching classes that do not inherit from BaseException is not allowed
id: ctl00_SiteContentPlaceHolder_FormView1_tbxSpouseSurname
value : shut



2019-03-05 22:39:21	catching classes that do not inherit from BaseException is not allowed
id: ctl00_SiteContentPlaceHolder_FormView1_tbxSpouseSurname
value : shut



2019-03-05 22:39:42	catching classes that do not inherit from BaseException is not allowed
id: ctl00_SiteContentPlaceHolder_FormView1_tbxSpouseSurname
value : shut



2019-03-05 22:40:02	catching classes that do not inherit from BaseException is not allowed
id: ctl00_SiteContentPlaceHolder_FormView1_tbxSpouseSurname
value : shut



2019-03-05 22:40:23	catching classes that do not inherit from BaseException is not allowed
id: ctl00_SiteContentPlaceHolder_FormView1_tbxSpouseSurname
value : shut



2019-03-05 22:40:43	catching classes that do not inherit from BaseException is not allowed
id: ctl00_SiteContentPlaceHolder_FormView1_tbxSpouseSurname
value : shut



2019-03-05 22:41:03	catching classes that do not inherit from BaseException is not allowed
id: ctl00_SiteContentPlaceHolder_FormView1_tbxSpouseSurname
value : shut



2019-03-05 22:41:24	catching classes that do not inherit from BaseException is not allowed
id: ctl00_SiteContentPlaceHolder_FormView1_tbxSpouseSurname
value : shut



2019-03-05 22:41:45	catching classes that do not inherit from BaseException is not allowed
id: ctl00_SiteContentPlaceHolder_FormView1_tbxSpouseSurname
value : shut



2019-03-05 22:42:05	catching classes that do not inherit from BaseException is not allowed
id: ctl00_SiteContentPlaceHolder_FormView1_tbxSpouseSurname
value : shut



2019-03-05 22:42:26	catching classes that do not inherit from BaseException is not allowed
id: ctl00_SiteContentPlaceHolder_FormView1_tbxSpouseSurname
value : shut



2019-03-05 22:42:46	catching classes that do not inherit from BaseException is not allowed
id: ctl00_SiteContentPlaceHolder_FormView1_tbxSpouseSurname
value : shut



2019-03-05 22:43:07	catching classes that do not inherit from BaseException is not allowed
id: ctl00_SiteContentPlaceHolder_FormView1_tbxSpouseSurname
value : shut



2019-03-05 22:43:27	catching classes that do not inherit from BaseException is not allowed
id: ctl00_SiteContentPlaceHolder_FormView1_tbxSpouseSurname
value : shut



2019-03-05 22:43:48	catching classes that do not inherit from BaseException is not allowed
id: ctl00_SiteContentPlaceHolder_FormView1_tbxSpouseSurname
value : shut



2019-03-05 22:44:08	catching classes that do not inherit from BaseException is not allowed
id: ctl00_SiteContentPlaceHolder_FormView1_tbxSpouseSurname
value : shut



2019-03-05 22:44:29	catching classes that do not inherit from BaseException is not allowed
id: ctl00_SiteContentPlaceHolder_FormView1_tbxSpouseSurname
value : shut



2019-03-05 22:44:49	catching classes that do not inherit from BaseException is not allowed
id: ctl00_SiteContentPlaceHolder_FormView1_tbxSpouseSurname
value : shut



2019-03-05 22:45:12	catching classes that do not inherit from BaseException is not allowed
id: ctl00_SiteContentPlaceHolder_FormView1_tbxSpouseSurname
value : shut



2019-03-05 22:45:34	catching classes that do not inherit from BaseException is not allowed
id: ctl00_SiteContentPlaceHolder_FormView1_tbxSpouseSurname
value : shut



2019-03-05 22:45:56	catching classes that do not inherit from BaseException is not allowed
id: ctl00_SiteContentPlaceHolder_FormView1_tbxSpouseSurname
value : shut



2019-03-05 22:46:16	catching classes that do not inherit from BaseException is not allowed
id: ctl00_SiteContentPlaceHolder_FormView1_tbxSpouseSurname
value : shut



2019-03-05 22:46:38	catching classes that do not inherit from BaseException is not allowed
id: ctl00_SiteContentPlaceHolder_FormView1_tbxSpouseSurname
value : shut



2019-03-05 22:46:59	catching classes that do not inherit from BaseException is not allowed
id: ctl00_SiteContentPlaceHolder_FormView1_tbxSpouseSurname
value : shut



2019-03-05 22:47:19	catching classes that do not inherit from BaseException is not allowed
id: ctl00_SiteContentPlaceHolder_FormView1_tbxSpouseSurname
value : shut



2019-03-05 22:47:42	catching classes that do not inherit from BaseException is not allowed
id: ctl00_SiteContentPlaceHolder_FormView1_tbxSpouseSurname
value : shut



2019-03-05 22:48:20	catching classes that do not inherit from BaseException is not allowed
id: ctl00_SiteContentPlaceHolder_FormView1_tbxSpouseSurname
value : shut



2019-03-05 22:48:40	catching classes that do not inherit from BaseException is not allowed
id: ctl00_SiteContentPlaceHolder_FormView1_tbxSpouseSurname
value : shut



2019-03-05 22:49:03	catching classes that do not inherit from BaseException is not allowed
id: ctl00_SiteContentPlaceHolder_FormView1_tbxSpouseSurname
value : shut



2019-03-05 22:49:23	catching classes that do not inherit from BaseException is not allowed
id: ctl00_SiteContentPlaceHolder_FormView1_tbxSpouseSurname
value : shut



2019-03-05 22:49:44	catching classes that do not inherit from BaseException is not allowed
id: ctl00_SiteContentPlaceHolder_FormView1_tbxSpouseSurname
value : shut



2019-03-05 22:50:05	catching classes that do not inherit from BaseException is not allowed
id: ctl00_SiteContentPlaceHolder_FormView1_tbxSpouseSurname
value : shut



2019-03-05 22:50:27	catching classes that do not inherit from BaseException is not allowed
id: ctl00_SiteContentPlaceHolder_FormView1_tbxSpouseSurname
value : shut



2019-03-05 22:50:52	catching classes that do not inherit from BaseException is not allowed
id: ctl00_SiteContentPlaceHolder_FormView1_tbxSpouseSurname
value : shut



2019-03-05 22:51:12	catching classes that do not inherit from BaseException is not allowed
id: ctl00_SiteContentPlaceHolder_FormView1_tbxSpouseSurname
value : shut



2019-03-05 22:51:36	catching classes that do not inherit from BaseException is not allowed
id: ctl00_SiteContentPlaceHolder_FormView1_tbxSpouseSurname
value : shut



2019-03-05 22:51:57	catching classes that do not inherit from BaseException is not allowed
id: ctl00_SiteContentPlaceHolder_FormView1_tbxSpouseSurname
value : shut



2019-03-05 22:52:18	catching classes that do not inherit from BaseException is not allowed
id: ctl00_SiteContentPlaceHolder_FormView1_tbxSpouseSurname
value : shut



2019-03-05 22:52:40	catching classes that do not inherit from BaseException is not allowed
id: ctl00_SiteContentPlaceHolder_FormView1_tbxSpouseSurname
value : shut



2019-03-05 22:53:02	catching classes that do not inherit from BaseException is not allowed
id: ctl00_SiteContentPlaceHolder_FormView1_tbxSpouseSurname
value : shut



2019-03-05 22:53:24	catching classes that do not inherit from BaseException is not allowed
id: ctl00_SiteContentPlaceHolder_FormView1_tbxSpouseSurname
value : shut



2019-03-05 22:53:45	catching classes that do not inherit from BaseException is not allowed
id: ctl00_SiteContentPlaceHolder_FormView1_tbxSpouseSurname
value : shut



2019-03-05 22:54:07	catching classes that do not inherit from BaseException is not allowed
id: ctl00_SiteContentPlaceHolder_FormView1_tbxSpouseSurname
value : shut



2019-03-05 22:54:30	catching classes that do not inherit from BaseException is not allowed
id: ctl00_SiteContentPlaceHolder_FormView1_tbxSpouseSurname
value : shut



2019-03-05 22:54:50	catching classes that do not inherit from BaseException is not allowed
id: ctl00_SiteContentPlaceHolder_FormView1_tbxSpouseSurname
value : shut



2019-03-05 22:55:11	catching classes that do not inherit from BaseException is not allowed
id: ctl00_SiteContentPlaceHolder_FormView1_tbxSpouseSurname
value : shut



2019-03-05 22:55:34	catching classes that do not inherit from BaseException is not allowed
id: ctl00_SiteContentPlaceHolder_FormView1_tbxSpouseSurname
value : shut



2019-03-05 22:55:55	catching classes that do not inherit from BaseException is not allowed
id: ctl00_SiteContentPlaceHolder_FormView1_tbxSpouseSurname
value : shut



2019-03-05 22:56:17	catching classes that do not inherit from BaseException is not allowed
id: ctl00_SiteContentPlaceHolder_FormView1_tbxSpouseSurname
value : shut



2019-03-05 22:56:44	catching classes that do not inherit from BaseException is not allowed
id: ctl00_SiteContentPlaceHolder_FormView1_tbxSpouseSurname
value : shut



2019-03-05 22:57:14	catching classes that do not inherit from BaseException is not allowed
id: ctl00_SiteContentPlaceHolder_FormView1_tbxSpouseSurname
value : shut



2019-03-05 22:57:39	catching classes that do not inherit from BaseException is not allowed
id: ctl00_SiteContentPlaceHolder_FormView1_tbxSpouseSurname
value : shut



2019-03-05 22:57:59	catching classes that do not inherit from BaseException is not allowed
id: ctl00_SiteContentPlaceHolder_FormView1_tbxSpouseSurname
value : shut



2019-03-05 22:58:20	catching classes that do not inherit from BaseException is not allowed
id: ctl00_SiteContentPlaceHolder_FormView1_tbxSpouseSurname
value : shut



2019-03-05 22:58:42	catching classes that do not inherit from BaseException is not allowed
id: ctl00_SiteContentPlaceHolder_FormView1_tbxSpouseSurname
value : shut



2019-03-05 22:59:04	catching classes that do not inherit from BaseException is not allowed
id: ctl00_SiteContentPlaceHolder_FormView1_tbxSpouseSurname
value : shut



2019-03-05 22:59:26	catching classes that do not inherit from BaseException is not allowed
id: ctl00_SiteContentPlaceHolder_FormView1_tbxSpouseSurname
value : shut



2019-03-05 22:59:48	catching classes that do not inherit from BaseException is not allowed
id: ctl00_SiteContentPlaceHolder_FormView1_tbxSpouseSurname
value : shut



2019-03-05 23:00:13	catching classes that do not inherit from BaseException is not allowed
id: ctl00_SiteContentPlaceHolder_FormView1_tbxSpouseSurname
value : shut



2019-03-05 23:00:34	catching classes that do not inherit from BaseException is not allowed
id: ctl00_SiteContentPlaceHolder_FormView1_tbxSpouseSurname
value : shut



2019-03-05 23:00:55	catching classes that do not inherit from BaseException is not allowed
id: ctl00_SiteContentPlaceHolder_FormView1_tbxSpouseSurname
value : shut



2019-03-05 23:01:15	catching classes that do not inherit from BaseException is not allowed
id: ctl00_SiteContentPlaceHolder_FormView1_tbxSpouseSurname
value : shut



2019-03-05 23:01:38	catching classes that do not inherit from BaseException is not allowed
id: ctl00_SiteContentPlaceHolder_FormView1_tbxSpouseSurname
value : shut



2019-03-05 23:02:00	catching classes that do not inherit from BaseException is not allowed
id: ctl00_SiteContentPlaceHolder_FormView1_tbxSpouseSurname
value : shut



2019-03-05 23:02:21	catching classes that do not inherit from BaseException is not allowed
id: ctl00_SiteContentPlaceHolder_FormView1_tbxSpouseSurname
value : shut



2019-03-05 23:02:43	catching classes that do not inherit from BaseException is not allowed
id: ctl00_SiteContentPlaceHolder_FormView1_tbxSpouseSurname
value : shut



2019-03-05 23:03:04	catching classes that do not inherit from BaseException is not allowed
id: ctl00_SiteContentPlaceHolder_FormView1_tbxSpouseSurname
value : shut



2019-03-05 23:03:25	catching classes that do not inherit from BaseException is not allowed
id: ctl00_SiteContentPlaceHolder_FormView1_tbxSpouseSurname
value : shut



2019-03-05 23:03:46	catching classes that do not inherit from BaseException is not allowed
id: ctl00_SiteContentPlaceHolder_FormView1_tbxSpouseSurname
value : shut



2019-03-05 23:04:08	catching classes that do not inherit from BaseException is not allowed
id: ctl00_SiteContentPlaceHolder_FormView1_tbxSpouseSurname
value : shut



2019-03-05 23:04:30	catching classes that do not inherit from BaseException is not allowed
id: ctl00_SiteContentPlaceHolder_FormView1_tbxSpouseSurname
value : shut



2019-03-05 23:04:50	catching classes that do not inherit from BaseException is not allowed
id: ctl00_SiteContentPlaceHolder_FormView1_tbxSpouseSurname
value : shut



2019-03-05 23:05:11	catching classes that do not inherit from BaseException is not allowed
id: ctl00_SiteContentPlaceHolder_FormView1_tbxSpouseSurname
value : shut



2019-03-05 23:05:31	catching classes that do not inherit from BaseException is not allowed
id: ctl00_SiteContentPlaceHolder_FormView1_tbxSpouseSurname
value : shut



2019-03-05 23:05:53	catching classes that do not inherit from BaseException is not allowed
id: ctl00_SiteContentPlaceHolder_FormView1_tbxSpouseSurname
value : shut



2019-03-05 23:06:16	catching classes that do not inherit from BaseException is not allowed
id: ctl00_SiteContentPlaceHolder_FormView1_tbxSpouseSurname
value : shut



2019-03-05 23:06:37	catching classes that do not inherit from BaseException is not allowed
id: ctl00_SiteContentPlaceHolder_FormView1_tbxSpouseSurname
value : shut



2019-03-05 23:07:01	catching classes that do not inherit from BaseException is not allowed
id: ctl00_SiteContentPlaceHolder_FormView1_tbxSpouseSurname
value : shut



2019-03-05 23:07:23	catching classes that do not inherit from BaseException is not allowed
id: ctl00_SiteContentPlaceHolder_FormView1_tbxSpouseSurname
value : shut



2019-03-05 23:07:45	catching classes that do not inherit from BaseException is not allowed
id: ctl00_SiteContentPlaceHolder_FormView1_tbxSpouseSurname
value : shut



2019-03-05 23:08:10	catching classes that do not inherit from BaseException is not allowed
id: ctl00_SiteContentPlaceHolder_FormView1_tbxSpouseSurname
value : shut



2019-03-05 23:08:31	catching classes that do not inherit from BaseException is not allowed
id: ctl00_SiteContentPlaceHolder_FormView1_tbxSpouseSurname
value : shut



2019-03-05 23:08:55	catching classes that do not inherit from BaseException is not allowed
id: ctl00_SiteContentPlaceHolder_FormView1_tbxSpouseSurname
value : shut



2019-03-05 23:09:19	catching classes that do not inherit from BaseException is not allowed
id: ctl00_SiteContentPlaceHolder_FormView1_tbxSpouseSurname
value : shut



2019-03-05 23:09:40	catching classes that do not inherit from BaseException is not allowed
id: ctl00_SiteContentPlaceHolder_FormView1_tbxSpouseSurname
value : shut



2019-03-05 23:10:02	catching classes that do not inherit from BaseException is not allowed
id: ctl00_SiteContentPlaceHolder_FormView1_tbxSpouseSurname
value : shut



2019-03-05 23:10:22	catching classes that do not inherit from BaseException is not allowed
id: ctl00_SiteContentPlaceHolder_FormView1_tbxSpouseSurname
value : shut



2019-03-05 23:10:44	catching classes that do not inherit from BaseException is not allowed
id: ctl00_SiteContentPlaceHolder_FormView1_tbxSpouseSurname
value : shut



2019-03-05 23:11:04	catching classes that do not inherit from BaseException is not allowed
id: ctl00_SiteContentPlaceHolder_FormView1_tbxSpouseSurname
value : shut



2019-03-05 23:11:27	catching classes that do not inherit from BaseException is not allowed
id: ctl00_SiteContentPlaceHolder_FormView1_tbxSpouseSurname
value : shut



2019-03-05 23:11:48	catching classes that do not inherit from BaseException is not allowed
id: ctl00_SiteContentPlaceHolder_FormView1_tbxSpouseSurname
value : shut



2019-03-05 23:12:13	catching classes that do not inherit from BaseException is not allowed
id: ctl00_SiteContentPlaceHolder_FormView1_tbxSpouseSurname
value : shut



2019-03-05 23:12:33	catching classes that do not inherit from BaseException is not allowed
id: ctl00_SiteContentPlaceHolder_FormView1_tbxSpouseSurname
value : shut



2019-03-05 23:12:54	catching classes that do not inherit from BaseException is not allowed
id: ctl00_SiteContentPlaceHolder_FormView1_tbxSpouseSurname
value : shut



2019-03-05 23:13:18	catching classes that do not inherit from BaseException is not allowed
id: ctl00_SiteContentPlaceHolder_FormView1_tbxSpouseSurname
value : shut



2019-03-05 23:13:39	catching classes that do not inherit from BaseException is not allowed
id: ctl00_SiteContentPlaceHolder_FormView1_tbxSpouseSurname
value : shut



2019-03-05 23:14:00	catching classes that do not inherit from BaseException is not allowed
id: ctl00_SiteContentPlaceHolder_FormView1_tbxSpouseSurname
value : shut



2019-03-05 23:14:22	catching classes that do not inherit from BaseException is not allowed
id: ctl00_SiteContentPlaceHolder_FormView1_tbxSpouseSurname
value : shut



2019-03-05 23:14:42	catching classes that do not inherit from BaseException is not allowed
id: ctl00_SiteContentPlaceHolder_FormView1_tbxSpouseSurname
value : shut



2019-03-05 23:15:03	catching classes that do not inherit from BaseException is not allowed
id: ctl00_SiteContentPlaceHolder_FormView1_tbxSpouseSurname
value : shut



2019-03-05 23:15:26	catching classes that do not inherit from BaseException is not allowed
id: ctl00_SiteContentPlaceHolder_FormView1_tbxSpouseSurname
value : shut



2019-03-05 23:15:47	catching classes that do not inherit from BaseException is not allowed
id: ctl00_SiteContentPlaceHolder_FormView1_tbxSpouseSurname
value : shut



2019-03-05 23:16:07	catching classes that do not inherit from BaseException is not allowed
id: ctl00_SiteContentPlaceHolder_FormView1_tbxSpouseSurname
value : shut



2019-03-05 23:16:28	catching classes that do not inherit from BaseException is not allowed
id: ctl00_SiteContentPlaceHolder_FormView1_tbxSpouseSurname
value : shut



2019-03-05 23:16:48	catching classes that do not inherit from BaseException is not allowed
id: ctl00_SiteContentPlaceHolder_FormView1_tbxSpouseSurname
value : shut



2019-03-05 23:17:09	catching classes that do not inherit from BaseException is not allowed
id: ctl00_SiteContentPlaceHolder_FormView1_tbxSpouseSurname
value : shut



2019-03-05 23:17:30	catching classes that do not inherit from BaseException is not allowed
id: ctl00_SiteContentPlaceHolder_FormView1_tbxSpouseSurname
value : shut



2019-03-05 23:17:51	catching classes that do not inherit from BaseException is not allowed
id: ctl00_SiteContentPlaceHolder_FormView1_tbxSpouseSurname
value : shut



2019-03-05 23:18:12	catching classes that do not inherit from BaseException is not allowed
id: ctl00_SiteContentPlaceHolder_FormView1_tbxSpouseSurname
value : shut



2019-03-05 23:18:32	catching classes that do not inherit from BaseException is not allowed
id: ctl00_SiteContentPlaceHolder_FormView1_tbxSpouseSurname
value : shut



2019-03-05 23:18:54	catching classes that do not inherit from BaseException is not allowed
id: ctl00_SiteContentPlaceHolder_FormView1_tbxSpouseSurname
value : shut



2019-03-05 23:19:15	catching classes that do not inherit from BaseException is not allowed
id: ctl00_SiteContentPlaceHolder_FormView1_tbxSpouseSurname
value : shut



2019-03-05 23:19:35	catching classes that do not inherit from BaseException is not allowed
id: ctl00_SiteContentPlaceHolder_FormView1_tbxSpouseSurname
value : shut



2019-03-05 23:19:56	catching classes that do not inherit from BaseException is not allowed
id: ctl00_SiteContentPlaceHolder_FormView1_tbxSpouseSurname
value : shut



2019-03-05 23:20:17	catching classes that do not inherit from BaseException is not allowed
id: ctl00_SiteContentPlaceHolder_FormView1_tbxSpouseSurname
value : shut



2019-03-05 23:20:37	catching classes that do not inherit from BaseException is not allowed
id: ctl00_SiteContentPlaceHolder_FormView1_tbxSpouseSurname
value : shut



2019-03-05 23:20:58	catching classes that do not inherit from BaseException is not allowed
id: ctl00_SiteContentPlaceHolder_FormView1_tbxSpouseSurname
value : shut



2019-03-05 23:21:18	catching classes that do not inherit from BaseException is not allowed
id: ctl00_SiteContentPlaceHolder_FormView1_tbxSpouseSurname
value : shut



2019-03-05 23:21:39	catching classes that do not inherit from BaseException is not allowed
id: ctl00_SiteContentPlaceHolder_FormView1_tbxSpouseSurname
value : shut



2019-03-05 23:22:00	catching classes that do not inherit from BaseException is not allowed
id: ctl00_SiteContentPlaceHolder_FormView1_tbxSpouseSurname
value : shut



2019-03-05 23:22:20	catching classes that do not inherit from BaseException is not allowed
id: ctl00_SiteContentPlaceHolder_FormView1_tbxSpouseSurname
value : shut



2019-03-05 23:22:44	catching classes that do not inherit from BaseException is not allowed
id: ctl00_SiteContentPlaceHolder_FormView1_tbxSpouseSurname
value : shut



2019-03-05 23:23:06	catching classes that do not inherit from BaseException is not allowed
id: ctl00_SiteContentPlaceHolder_FormView1_tbxSpouseSurname
value : shut



2019-03-05 23:23:27	catching classes that do not inherit from BaseException is not allowed
id: ctl00_SiteContentPlaceHolder_FormView1_tbxSpouseSurname
value : shut



2019-03-05 23:23:48	catching classes that do not inherit from BaseException is not allowed
id: ctl00_SiteContentPlaceHolder_FormView1_tbxSpouseSurname
value : shut



2019-03-05 23:24:10	catching classes that do not inherit from BaseException is not allowed
id: ctl00_SiteContentPlaceHolder_FormView1_tbxSpouseSurname
value : shut



2019-03-05 23:24:33	catching classes that do not inherit from BaseException is not allowed
id: ctl00_SiteContentPlaceHolder_FormView1_tbxSpouseSurname
value : shut



2019-03-05 23:24:55	catching classes that do not inherit from BaseException is not allowed
id: ctl00_SiteContentPlaceHolder_FormView1_tbxSpouseSurname
value : shut



2019-03-05 23:25:16	catching classes that do not inherit from BaseException is not allowed
id: ctl00_SiteContentPlaceHolder_FormView1_tbxSpouseSurname
value : shut



2019-03-05 23:25:37	catching classes that do not inherit from BaseException is not allowed
id: ctl00_SiteContentPlaceHolder_FormView1_tbxSpouseSurname
value : shut



2019-03-05 23:25:58	catching classes that do not inherit from BaseException is not allowed
id: ctl00_SiteContentPlaceHolder_FormView1_tbxSpouseSurname
value : shut



2019-03-05 23:26:22	catching classes that do not inherit from BaseException is not allowed
id: ctl00_SiteContentPlaceHolder_FormView1_tbxSpouseSurname
value : shut



2019-03-05 23:26:43	catching classes that do not inherit from BaseException is not allowed
id: ctl00_SiteContentPlaceHolder_FormView1_tbxSpouseSurname
value : shut



2019-03-05 23:27:06	catching classes that do not inherit from BaseException is not allowed
id: ctl00_SiteContentPlaceHolder_FormView1_tbxSpouseSurname
value : shut



2019-03-05 23:27:28	catching classes that do not inherit from BaseException is not allowed
id: ctl00_SiteContentPlaceHolder_FormView1_tbxSpouseSurname
value : shut



2019-03-05 23:27:51	catching classes that do not inherit from BaseException is not allowed
id: ctl00_SiteContentPlaceHolder_FormView1_tbxSpouseSurname
value : shut



2019-03-05 23:28:15	catching classes that do not inherit from BaseException is not allowed
id: ctl00_SiteContentPlaceHolder_FormView1_tbxSpouseSurname
value : shut



2019-03-05 23:28:37	catching classes that do not inherit from BaseException is not allowed
id: ctl00_SiteContentPlaceHolder_FormView1_tbxSpouseSurname
value : shut



2019-03-05 23:28:59	catching classes that do not inherit from BaseException is not allowed
id: ctl00_SiteContentPlaceHolder_FormView1_tbxSpouseSurname
value : shut



2019-03-05 23:29:20	catching classes that do not inherit from BaseException is not allowed
id: ctl00_SiteContentPlaceHolder_FormView1_tbxSpouseSurname
value : shut



2019-03-05 23:29:41	catching classes that do not inherit from BaseException is not allowed
id: ctl00_SiteContentPlaceHolder_FormView1_tbxSpouseSurname
value : shut



2019-03-05 23:30:02	catching classes that do not inherit from BaseException is not allowed
id: ctl00_SiteContentPlaceHolder_FormView1_tbxSpouseSurname
value : shut



2019-03-05 23:30:23	catching classes that do not inherit from BaseException is not allowed
id: ctl00_SiteContentPlaceHolder_FormView1_tbxSpouseSurname
value : shut



2019-03-05 23:30:43	catching classes that do not inherit from BaseException is not allowed
id: ctl00_SiteContentPlaceHolder_FormView1_tbxSpouseSurname
value : shut



2019-03-05 23:31:04	catching classes that do not inherit from BaseException is not allowed
id: ctl00_SiteContentPlaceHolder_FormView1_tbxSpouseSurname
value : shut



2019-03-05 23:31:24	catching classes that do not inherit from BaseException is not allowed
id: ctl00_SiteContentPlaceHolder_FormView1_tbxSpouseSurname
value : shut



2019-03-05 23:31:45	catching classes that do not inherit from BaseException is not allowed
id: ctl00_SiteContentPlaceHolder_FormView1_tbxSpouseSurname
value : shut



2019-03-05 23:32:06	catching classes that do not inherit from BaseException is not allowed
id: ctl00_SiteContentPlaceHolder_FormView1_tbxSpouseSurname
value : shut



2019-03-05 23:32:27	catching classes that do not inherit from BaseException is not allowed
id: ctl00_SiteContentPlaceHolder_FormView1_tbxSpouseSurname
value : shut



2019-03-05 23:32:48	catching classes that do not inherit from BaseException is not allowed
id: ctl00_SiteContentPlaceHolder_FormView1_tbxSpouseSurname
value : shut



2019-03-05 23:33:08	catching classes that do not inherit from BaseException is not allowed
id: ctl00_SiteContentPlaceHolder_FormView1_tbxSpouseSurname
value : shut



2019-03-05 23:33:29	catching classes that do not inherit from BaseException is not allowed
id: ctl00_SiteContentPlaceHolder_FormView1_tbxSpouseSurname
value : shut



2019-03-05 23:33:49	catching classes that do not inherit from BaseException is not allowed
id: ctl00_SiteContentPlaceHolder_FormView1_tbxSpouseSurname
value : shut



2019-03-05 23:34:10	catching classes that do not inherit from BaseException is not allowed
id: ctl00_SiteContentPlaceHolder_FormView1_tbxSpouseSurname
value : shut



2019-03-05 23:34:34	catching classes that do not inherit from BaseException is not allowed
id: ctl00_SiteContentPlaceHolder_FormView1_tbxSpouseSurname
value : shut



2019-03-05 23:34:55	catching classes that do not inherit from BaseException is not allowed
id: ctl00_SiteContentPlaceHolder_FormView1_tbxSpouseSurname
value : shut



2019-03-05 23:35:16	catching classes that do not inherit from BaseException is not allowed
id: ctl00_SiteContentPlaceHolder_FormView1_tbxSpouseSurname
value : shut



2019-03-05 23:35:37	catching classes that do not inherit from BaseException is not allowed
id: ctl00_SiteContentPlaceHolder_FormView1_tbxSpouseSurname
value : shut



2019-03-05 23:35:57	catching classes that do not inherit from BaseException is not allowed
id: ctl00_SiteContentPlaceHolder_FormView1_tbxSpouseSurname
value : shut



2019-03-05 23:36:19	catching classes that do not inherit from BaseException is not allowed
id: ctl00_SiteContentPlaceHolder_FormView1_tbxSpouseSurname
value : shut



2019-03-05 23:36:39	catching classes that do not inherit from BaseException is not allowed
id: ctl00_SiteContentPlaceHolder_FormView1_tbxSpouseSurname
value : shut



2019-03-05 23:37:00	catching classes that do not inherit from BaseException is not allowed
id: ctl00_SiteContentPlaceHolder_FormView1_tbxSpouseSurname
value : shut



2019-03-05 23:37:21	catching classes that do not inherit from BaseException is not allowed
id: ctl00_SiteContentPlaceHolder_FormView1_tbxSpouseSurname
value : shut



2019-03-05 23:37:41	catching classes that do not inherit from BaseException is not allowed
id: ctl00_SiteContentPlaceHolder_FormView1_tbxSpouseSurname
value : shut



2019-03-05 23:38:04	catching classes that do not inherit from BaseException is not allowed
id: ctl00_SiteContentPlaceHolder_FormView1_tbxSpouseSurname
value : shut



2019-03-05 23:38:25	catching classes that do not inherit from BaseException is not allowed
id: ctl00_SiteContentPlaceHolder_FormView1_tbxSpouseSurname
value : shut



2019-03-05 23:38:46	catching classes that do not inherit from BaseException is not allowed
id: ctl00_SiteContentPlaceHolder_FormView1_tbxSpouseSurname
value : shut



2019-03-05 23:39:07	catching classes that do not inherit from BaseException is not allowed
id: ctl00_SiteContentPlaceHolder_FormView1_tbxSpouseSurname
value : shut



2019-03-05 23:39:28	catching classes that do not inherit from BaseException is not allowed
id: ctl00_SiteContentPlaceHolder_FormView1_tbxSpouseSurname
value : shut



2019-03-05 23:39:49	catching classes that do not inherit from BaseException is not allowed
id: ctl00_SiteContentPlaceHolder_FormView1_tbxSpouseSurname
value : shut



2019-03-05 23:40:11	catching classes that do not inherit from BaseException is not allowed
id: ctl00_SiteContentPlaceHolder_FormView1_tbxSpouseSurname
value : shut



2019-03-05 23:40:31	catching classes that do not inherit from BaseException is not allowed
id: ctl00_SiteContentPlaceHolder_FormView1_tbxSpouseSurname
value : shut



2019-03-05 23:40:52	catching classes that do not inherit from BaseException is not allowed
id: ctl00_SiteContentPlaceHolder_FormView1_tbxSpouseSurname
value : shut



2019-03-05 23:41:12	catching classes that do not inherit from BaseException is not allowed
id: ctl00_SiteContentPlaceHolder_FormView1_tbxSpouseSurname
value : shut



2019-03-05 23:41:37	catching classes that do not inherit from BaseException is not allowed
id: ctl00_SiteContentPlaceHolder_FormView1_tbxSpouseSurname
value : shut



2019-03-05 23:41:57	catching classes that do not inherit from BaseException is not allowed
id: ctl00_SiteContentPlaceHolder_FormView1_tbxSpouseSurname
value : shut



2019-03-05 23:42:18	catching classes that do not inherit from BaseException is not allowed
id: ctl00_SiteContentPlaceHolder_FormView1_tbxSpouseSurname
value : shut



2019-03-05 23:42:38	catching classes that do not inherit from BaseException is not allowed
id: ctl00_SiteContentPlaceHolder_FormView1_tbxSpouseSurname
value : shut



2019-03-05 23:43:00	catching classes that do not inherit from BaseException is not allowed
id: ctl00_SiteContentPlaceHolder_FormView1_tbxSpouseSurname
value : shut



2019-03-05 23:43:20	catching classes that do not inherit from BaseException is not allowed
id: ctl00_SiteContentPlaceHolder_FormView1_tbxSpouseSurname
value : shut



2019-03-05 23:43:41	catching classes that do not inherit from BaseException is not allowed
id: ctl00_SiteContentPlaceHolder_FormView1_tbxSpouseSurname
value : shut



2019-03-05 23:44:03	catching classes that do not inherit from BaseException is not allowed
id: ctl00_SiteContentPlaceHolder_FormView1_tbxSpouseSurname
value : shut



2019-03-05 23:44:24	catching classes that do not inherit from BaseException is not allowed
id: ctl00_SiteContentPlaceHolder_FormView1_tbxSpouseSurname
value : shut



2019-03-05 23:44:44	catching classes that do not inherit from BaseException is not allowed
id: ctl00_SiteContentPlaceHolder_FormView1_tbxSpouseSurname
value : shut



2019-03-05 23:45:05	catching classes that do not inherit from BaseException is not allowed
id: ctl00_SiteContentPlaceHolder_FormView1_tbxSpouseSurname
value : shut



2019-03-05 23:45:25	catching classes that do not inherit from BaseException is not allowed
id: ctl00_SiteContentPlaceHolder_FormView1_tbxSpouseSurname
value : shut



2019-03-05 23:45:46	catching classes that do not inherit from BaseException is not allowed
id: ctl00_SiteContentPlaceHolder_FormView1_tbxSpouseSurname
value : shut



2019-03-05 23:46:07	catching classes that do not inherit from BaseException is not allowed
id: ctl00_SiteContentPlaceHolder_FormView1_tbxSpouseSurname
value : shut



2019-03-05 23:46:27	catching classes that do not inherit from BaseException is not allowed
id: ctl00_SiteContentPlaceHolder_FormView1_tbxSpouseSurname
value : shut



2019-03-05 23:46:48	catching classes that do not inherit from BaseException is not allowed
id: ctl00_SiteContentPlaceHolder_FormView1_tbxSpouseSurname
value : shut



2019-03-05 23:47:09	catching classes that do not inherit from BaseException is not allowed
id: ctl00_SiteContentPlaceHolder_FormView1_tbxSpouseSurname
value : shut



2019-03-05 23:47:29	catching classes that do not inherit from BaseException is not allowed
id: ctl00_SiteContentPlaceHolder_FormView1_tbxSpouseSurname
value : shut



2019-03-05 23:47:51	catching classes that do not inherit from BaseException is not allowed
id: ctl00_SiteContentPlaceHolder_FormView1_tbxSpouseSurname
value : shut



2019-03-05 23:48:12	catching classes that do not inherit from BaseException is not allowed
id: ctl00_SiteContentPlaceHolder_FormView1_tbxSpouseSurname
value : shut



2019-03-05 23:48:33	catching classes that do not inherit from BaseException is not allowed
id: ctl00_SiteContentPlaceHolder_FormView1_tbxSpouseSurname
value : shut



2019-03-05 23:48:56	catching classes that do not inherit from BaseException is not allowed
id: ctl00_SiteContentPlaceHolder_FormView1_tbxSpouseSurname
value : shut



2019-03-05 23:49:16	catching classes that do not inherit from BaseException is not allowed
id: ctl00_SiteContentPlaceHolder_FormView1_tbxSpouseSurname
value : shut



2019-03-05 23:49:37	catching classes that do not inherit from BaseException is not allowed
id: ctl00_SiteContentPlaceHolder_FormView1_tbxSpouseSurname
value : shut



2019-03-05 23:49:57	catching classes that do not inherit from BaseException is not allowed
id: ctl00_SiteContentPlaceHolder_FormView1_tbxSpouseSurname
value : shut



2019-03-05 23:50:21	catching classes that do not inherit from BaseException is not allowed
id: ctl00_SiteContentPlaceHolder_FormView1_tbxSpouseSurname
value : shut



2019-03-05 23:50:45	catching classes that do not inherit from BaseException is not allowed
id: ctl00_SiteContentPlaceHolder_FormView1_tbxSpouseSurname
value : shut



2019-03-05 23:51:09	catching classes that do not inherit from BaseException is not allowed
id: ctl00_SiteContentPlaceHolder_FormView1_tbxSpouseSurname
value : shut



2019-03-05 23:51:31	catching classes that do not inherit from BaseException is not allowed
id: ctl00_SiteContentPlaceHolder_FormView1_tbxSpouseSurname
value : shut



2019-03-05 23:51:52	catching classes that do not inherit from BaseException is not allowed
id: ctl00_SiteContentPlaceHolder_FormView1_tbxSpouseSurname
value : shut



2019-03-05 23:52:15	catching classes that do not inherit from BaseException is not allowed
id: ctl00_SiteContentPlaceHolder_FormView1_tbxSpouseSurname
value : shut



2019-03-05 23:52:35	catching classes that do not inherit from BaseException is not allowed
id: ctl00_SiteContentPlaceHolder_FormView1_tbxSpouseSurname
value : shut



2019-03-05 23:52:57	catching classes that do not inherit from BaseException is not allowed
id: ctl00_SiteContentPlaceHolder_FormView1_tbxSpouseSurname
value : shut



2019-03-05 23:53:18	catching classes that do not inherit from BaseException is not allowed
id: ctl00_SiteContentPlaceHolder_FormView1_tbxSpouseSurname
value : shut



2019-03-05 23:53:39	catching classes that do not inherit from BaseException is not allowed
id: ctl00_SiteContentPlaceHolder_FormView1_tbxSpouseSurname
value : shut



2019-03-05 23:53:59	catching classes that do not inherit from BaseException is not allowed
id: ctl00_SiteContentPlaceHolder_FormView1_tbxSpouseSurname
value : shut



2019-03-05 23:54:20	catching classes that do not inherit from BaseException is not allowed
id: ctl00_SiteContentPlaceHolder_FormView1_tbxSpouseSurname
value : shut



2019-03-05 23:54:40	catching classes that do not inherit from BaseException is not allowed
id: ctl00_SiteContentPlaceHolder_FormView1_tbxSpouseSurname
value : shut



2019-03-05 23:55:01	catching classes that do not inherit from BaseException is not allowed
id: ctl00_SiteContentPlaceHolder_FormView1_tbxSpouseSurname
value : shut



2019-03-05 23:55:22	catching classes that do not inherit from BaseException is not allowed
id: ctl00_SiteContentPlaceHolder_FormView1_tbxSpouseSurname
value : shut



2019-03-05 23:55:43	catching classes that do not inherit from BaseException is not allowed
id: ctl00_SiteContentPlaceHolder_FormView1_tbxSpouseSurname
value : shut



2019-03-05 23:56:04	catching classes that do not inherit from BaseException is not allowed
id: ctl00_SiteContentPlaceHolder_FormView1_tbxSpouseSurname
value : shut



2019-03-05 23:56:26	catching classes that do not inherit from BaseException is not allowed
id: ctl00_SiteContentPlaceHolder_FormView1_tbxSpouseSurname
value : shut



2019-03-05 23:56:53	catching classes that do not inherit from BaseException is not allowed
id: ctl00_SiteContentPlaceHolder_FormView1_tbxSpouseSurname
value : shut



2019-03-05 23:57:14	catching classes that do not inherit from BaseException is not allowed
id: ctl00_SiteContentPlaceHolder_FormView1_tbxSpouseSurname
value : shut



2019-03-05 23:57:34	catching classes that do not inherit from BaseException is not allowed
id: ctl00_SiteContentPlaceHolder_FormView1_tbxSpouseSurname
value : shut



2019-03-05 23:57:55	catching classes that do not inherit from BaseException is not allowed
id: ctl00_SiteContentPlaceHolder_FormView1_tbxSpouseSurname
value : shut



2019-03-05 23:58:17	catching classes that do not inherit from BaseException is not allowed
id: ctl00_SiteContentPlaceHolder_FormView1_tbxSpouseSurname
value : shut



2019-03-05 23:58:37	catching classes that do not inherit from BaseException is not allowed
id: ctl00_SiteContentPlaceHolder_FormView1_tbxSpouseSurname
value : shut



2019-03-05 23:58:58	catching classes that do not inherit from BaseException is not allowed
id: ctl00_SiteContentPlaceHolder_FormView1_tbxSpouseSurname
value : shut



2019-03-05 23:59:20	catching classes that do not inherit from BaseException is not allowed
id: ctl00_SiteContentPlaceHolder_FormView1_tbxSpouseSurname
value : shut



2019-03-05 23:59:41	catching classes that do not inherit from BaseException is not allowed
id: ctl00_SiteContentPlaceHolder_FormView1_tbxSpouseSurname
value : shut



