2019-01-07 09:50:12	Message: element not interactable
  (Session info: chrome=71.0.3578.98)
  (Driver info: chromedriver=2.42.591088 (7b2b2dca23cca0862f674758c9a3933e685c27d5),platform=Windows NT 6.1.7601 SP1 x86_64)

css selector: body>div:nth-child(8) button
value : None



2019-01-07 09:53:53	Message: element not interactable
  (Session info: chrome=71.0.3578.98)
  (Driver info: chromedriver=2.42.591088 (7b2b2dca23cca0862f674758c9a3933e685c27d5),platform=Windows NT 6.1.7601 SP1 x86_64)

css selector: body>div:nth-child(8) button
value : None



2019-01-07 09:56:52	catching classes that do not inherit from BaseException is not allowed
id: loginPage:SiteTemplate:siteLogin:loginComponent:loginForm:username
value : 1041243472@qq.com



2019-01-07 09:59:14	Message: 

id: loginPage:SiteTemplate:siteLogin:loginComponent:loginForm:username
value : 1041243472@qq.com



2019-01-07 10:03:18	catching classes that do not inherit from BaseException is not allowed
id: ctl00_SiteContentPlaceHolder_ucLocation_ddlLocation
value : None



2019-01-07 10:03:18	catching classes that do not inherit from BaseException is not allowed
id: ctl00_SiteContentPlaceHolder_ucLocation_ddlLocation
value : None


idName: ctl00_SiteContentPlaceHolder_ucLocation_ddlLocation
value : BEJ



2019-01-07 10:06:57	Message: element not interactable
  (Session info: chrome=71.0.3578.98)
  (Driver info: chromedriver=2.42.591088 (7b2b2dca23cca0862f674758c9a3933e685c27d5),platform=Windows NT 6.1.7601 SP1 x86_64)

css selector: body>div:nth-child(8) button
value : None



2019-01-07 19:14:09	catching classes that do not inherit from BaseException is not allowed
xpath: //*[@id="myCalendarTable"]/tbody//td[contains(text(),"February 25")]
value : None



