2019-01-04 10:11:53	catching classes that do not inherit from BaseException is not allowed
css selector: #create-addApplicants > span
value : None



2019-01-04 10:12:14	catching classes that do not inherit from BaseException is not allowed
css selector: #create-addApplicants > span
value : None



2019-01-04 10:20:10	catching classes that do not inherit from BaseException is not allowed
xpath: //select
value : None



2019-01-04 15:12:35	Message: timeout
  (Session info: chrome=71.0.3578.98)
  (Driver info: chromedriver=2.42.591088 (7b2b2dca23cca0862f674758c9a3933e685c27d5),platform=Windows NT 6.1.7601 SP1 x86_64)

idName: ctl00_SiteContentPlaceHolder_ucLocation_ddlLocation
value : BEJ



2019-01-04 15:13:23	catching classes that do not inherit from BaseException is not allowed
id: ctl00_SiteContentPlaceHolder_ucLocation_ddlLocation
value : None



2019-01-04 15:13:23	catching classes that do not inherit from BaseException is not allowed
id: ctl00_SiteContentPlaceHolder_ucLocation_ddlLocation
value : None


idName: ctl00_SiteContentPlaceHolder_ucLocation_ddlLocation
value : BEJ



2019-01-04 15:19:05	Message: timeout
  (Session info: chrome=71.0.3578.98)
  (Driver info: chromedriver=2.42.591088 (7b2b2dca23cca0862f674758c9a3933e685c27d5),platform=Windows NT 6.1.7601 SP1 x86_64)

idName: ctl00_SiteContentPlaceHolder_ucLocation_ddlLocation
value : BEJ



2019-01-04 15:25:06	Message: timeout
  (Session info: chrome=71.0.3578.98)
  (Driver info: chromedriver=2.42.591088 (7b2b2dca23cca0862f674758c9a3933e685c27d5),platform=Windows NT 6.1.7601 SP1 x86_64)

idName: ctl00_SiteContentPlaceHolder_ucLocation_ddlLocation
value : BEJ



2019-01-04 15:31:20	Message: timeout
  (Session info: chrome=71.0.3578.98)
  (Driver info: chromedriver=2.42.591088 (7b2b2dca23cca0862f674758c9a3933e685c27d5),platform=Windows NT 6.1.7601 SP1 x86_64)

idName: ctl00_SiteContentPlaceHolder_ucLocation_ddlLocation
value : BEJ



2019-01-04 15:37:20	Message: timeout
  (Session info: chrome=71.0.3578.98)
  (Driver info: chromedriver=2.42.591088 (7b2b2dca23cca0862f674758c9a3933e685c27d5),platform=Windows NT 6.1.7601 SP1 x86_64)

idName: ctl00_SiteContentPlaceHolder_ucLocation_ddlLocation
value : BEJ



2019-01-04 15:44:26	catching classes that do not inherit from BaseException is not allowed
id: ctl00_SiteContentPlaceHolder_txtAnswer
value : A



2019-01-04 15:45:56	catching classes that do not inherit from BaseException is not allowed
id: ctl00_SiteContentPlaceHolder_ucLocation_ddlLocation
value : None



2019-01-04 15:45:56	catching classes that do not inherit from BaseException is not allowed
id: ctl00_SiteContentPlaceHolder_ucLocation_ddlLocation
value : None


idName: ctl00_SiteContentPlaceHolder_ucLocation_ddlLocation
value : BEJ



2019-01-04 16:01:41	catching classes that do not inherit from BaseException is not allowed
id: ctl00_SiteContentPlaceHolder_FormView1_rblRemovalHearing_1
value : None



2019-01-04 16:01:48	catching classes that do not inherit from BaseException is not allowed
id: ctl00_SiteContentPlaceHolder_FormView1_rblAttWoReimb_1
value : None



2019-01-04 16:09:04	catching classes that do not inherit from BaseException is not allowed
id: ctl00_SiteContentPlaceHolder_FormView1_tbxARRIVAL_US_DTEYear
value : 2019



2019-01-04 16:11:37	catching classes that do not inherit from BaseException is not allowed
id: ctl00_SiteContentPlaceHolder_FormView1_rblPREV_US_TRAVEL_IND_1
value : None



2019-01-04 16:35:10	catching classes that do not inherit from BaseException is not allowed
id: ctl00_SiteContentPlaceHolder_FormView1_rblIllegalActivity_1
value : None



2019-01-04 16:35:15	catching classes that do not inherit from BaseException is not allowed
id: ctl00_SiteContentPlaceHolder_UpdateButton3
value : None



2019-01-04 16:36:29	catching classes that do not inherit from BaseException is not allowed
id: ctl00_SiteContentPlaceHolder_ucLocation_ddlLocation
value : None



2019-01-04 16:36:29	catching classes that do not inherit from BaseException is not allowed
id: ctl00_SiteContentPlaceHolder_ucLocation_ddlLocation
value : None


idName: ctl00_SiteContentPlaceHolder_ucLocation_ddlLocation
value : BEJ



2019-01-04 16:37:41	catching classes that do not inherit from BaseException is not allowed
id: ctl00_SiteContentPlaceHolder_FormView1_rblRemovalHearing_1
value : None



2019-01-04 16:37:48	catching classes that do not inherit from BaseException is not allowed
id: ctl00_SiteContentPlaceHolder_FormView1_rblAttWoReimb_1
value : None



2019-01-04 16:40:16	catching classes that do not inherit from BaseException is not allowed
id: ctl00_SiteContentPlaceHolder_ucLocation_ddlLocation
value : None



2019-01-04 16:40:16	catching classes that do not inherit from BaseException is not allowed
id: ctl00_SiteContentPlaceHolder_ucLocation_ddlLocation
value : None


idName: ctl00_SiteContentPlaceHolder_ucLocation_ddlLocation
value : BEJ



2019-01-04 17:29:11	Message: unknown error: Element <span class="ui-button-text">...</span> is not clickable at point (354, 449). Other element would receive the click: <label>...</label>
  (Session info: chrome=71.0.3578.98)
  (Driver info: chromedriver=2.42.591088 (7b2b2dca23cca0862f674758c9a3933e685c27d5),platform=Windows NT 6.1.7601 SP1 x86_64)

css selector: #create-addApplicants > span
value : None



2019-01-04 17:29:11	Message: unknown error: Element <span class="ui-button-text">...</span> is not clickable at point (599, 449). Other element would receive the click: <table class="dependent">...</table>
  (Session info: chrome=71.0.3578.98)
  (Driver info: chromedriver=2.42.591088 (7b2b2dca23cca0862f674758c9a3933e685c27d5),platform=Windows NT 6.1.7601 SP1 x86_64)

css selector: #create-user > span
value : None



2019-01-04 17:29:35	catching classes that do not inherit from BaseException is not allowed
id: loginPage:SiteTemplate:siteLogin:loginComponent:loginForm:username
value : 1041243472@qq.com



