2019-03-02 11:11:27	catching classes that do not inherit from BaseException is not allowed
id: ctl00_SiteContentPlaceHolder_ApplicationRecovery1_txbSurname
value : None



2019-03-02 11:16:13	catching classes that do not inherit from BaseException is not allowed
id: ctl00_SiteContentPlaceHolder_FormView1_rblRemovalHearing_1
value : None



2019-03-02 11:16:22	catching classes that do not inherit from BaseException is not allowed
id: ctl00_SiteContentPlaceHolder_FormView1_rblAttWoReimb_1
value : None



2019-03-02 15:56:08	catching classes that do not inherit from BaseException is not allowed
id: ctl00_SiteContentPlaceHolder_ApplicationRecovery1_txbSurname
value : None



2019-03-02 15:57:34	catching classes that do not inherit from BaseException is not allowed
id: ctl00_SiteContentPlaceHolder_ucLocation_ddlLocation
value : None



2019-03-02 15:57:34	catching classes that do not inherit from BaseException is not allowed
id: ctl00_SiteContentPlaceHolder_ucLocation_ddlLocation
value : None


idName: ctl00_SiteContentPlaceHolder_ucLocation_ddlLocation
value : BEJ



2019-03-02 15:59:18	catching classes that do not inherit from BaseException is not allowed
id: ctl00_SiteContentPlaceHolder_ApplicationRecovery1_txbSurname
value : None



2019-03-02 16:02:10	catching classes that do not inherit from BaseException is not allowed
id: ctl00_SiteContentPlaceHolder_ApplicationRecovery1_txbSurname
value : None



2019-03-02 16:07:19	catching classes that do not inherit from BaseException is not allowed
id: ctl00_SiteContentPlaceHolder_ApplicationRecovery1_txbSurname
value : None



2019-03-02 16:07:24	catching classes that do not inherit from BaseException is not allowed
id: ctl00_SiteContentPlaceHolder_ApplicationRecovery1_txbSurname
value : None



2019-03-02 16:07:30	catching classes that do not inherit from BaseException is not allowed
id: ctl00_SiteContentPlaceHolder_ApplicationRecovery1_txbSurname
value : None



2019-03-02 16:07:35	catching classes that do not inherit from BaseException is not allowed
id: ctl00_SiteContentPlaceHolder_ApplicationRecovery1_txbSurname
value : None



2019-03-02 16:08:51	catching classes that do not inherit from BaseException is not allowed
id: ctl00_SiteContentPlaceHolder_FormView1_dtlPrevEmpl_ctl00_tbEmployerName
value : A



2019-03-02 16:10:54	catching classes that do not inherit from BaseException is not allowed
id: ctl00_SiteContentPlaceHolder_ApplicationRecovery1_txbSurname
value : None



2019-03-02 16:11:13	catching classes that do not inherit from BaseException is not allowed
id: ctl00_SiteContentPlaceHolder_FormView1_dtlPrevEmpl_ctl00_tbEmployerName
value : A



2019-03-02 16:12:22	catching classes that do not inherit from BaseException is not allowed
id: ctl00_SiteContentPlaceHolder_ucLocation_ddlLocation
value : None



2019-03-02 16:12:22	catching classes that do not inherit from BaseException is not allowed
id: ctl00_SiteContentPlaceHolder_ucLocation_ddlLocation
value : None


idName: ctl00_SiteContentPlaceHolder_ucLocation_ddlLocation
value : BEJ



2019-03-02 16:16:55	catching classes that do not inherit from BaseException is not allowed
id: ctl00_SiteContentPlaceHolder_FormView1_dtlPrevEmpl_ctl00_tbEmployerName
value : A



2019-03-02 16:20:03	catching classes that do not inherit from BaseException is not allowed
id: ctl00_SiteContentPlaceHolder_ApplicationRecovery1_txbSurname
value : None



2019-03-02 16:20:08	catching classes that do not inherit from BaseException is not allowed
id: ctl00_SiteContentPlaceHolder_ApplicationRecovery1_txbSurname
value : None



2019-03-02 16:21:01	catching classes that do not inherit from BaseException is not allowed
id: ctl00_SiteContentPlaceHolder_FormView1_dtlPrevEmpl_ctl00_tbEmployerName
value : A



2019-03-02 16:22:05	catching classes that do not inherit from BaseException is not allowed
id: ctl00_SiteContentPlaceHolder_ucLocation_ddlLocation
value : None



2019-03-02 16:22:05	catching classes that do not inherit from BaseException is not allowed
id: ctl00_SiteContentPlaceHolder_ucLocation_ddlLocation
value : None


idName: ctl00_SiteContentPlaceHolder_ucLocation_ddlLocation
value : BEJ



2019-03-02 16:25:05	catching classes that do not inherit from BaseException is not allowed
id: ctl00_SiteContentPlaceHolder_ApplicationRecovery1_txbSurname
value : None



2019-03-02 16:25:10	catching classes that do not inherit from BaseException is not allowed
id: ctl00_SiteContentPlaceHolder_ApplicationRecovery1_txbSurname
value : None



2019-03-02 16:25:16	catching classes that do not inherit from BaseException is not allowed
id: ctl00_SiteContentPlaceHolder_ApplicationRecovery1_txbSurname
value : None



2019-03-02 16:25:21	catching classes that do not inherit from BaseException is not allowed
id: ctl00_SiteContentPlaceHolder_ApplicationRecovery1_txbSurname
value : None



2019-03-02 16:25:27	catching classes that do not inherit from BaseException is not allowed
id: ctl00_SiteContentPlaceHolder_ApplicationRecovery1_txbSurname
value : None



2019-03-02 16:25:32	catching classes that do not inherit from BaseException is not allowed
id: ctl00_SiteContentPlaceHolder_ApplicationRecovery1_txbSurname
value : SHI



2019-03-02 16:41:08	catching classes that do not inherit from BaseException is not allowed
id: ctl00_SiteContentPlaceHolder_ucLocation_ddlLocation
value : None



2019-03-02 16:41:08	catching classes that do not inherit from BaseException is not allowed
id: ctl00_SiteContentPlaceHolder_ucLocation_ddlLocation
value : None


idName: ctl00_SiteContentPlaceHolder_ucLocation_ddlLocation
value : BEJ



2019-03-02 16:42:50	catching classes that do not inherit from BaseException is not allowed
id: ctl00_SiteContentPlaceHolder_FormView1_dtlPrevEmpl_ctl00_tbEmployerName
value : A



2019-03-02 16:43:50	catching classes that do not inherit from BaseException is not allowed
id: ctl00_SiteContentPlaceHolder_ucLocation_ddlLocation
value : None



2019-03-02 16:43:50	catching classes that do not inherit from BaseException is not allowed
id: ctl00_SiteContentPlaceHolder_ucLocation_ddlLocation
value : None


idName: ctl00_SiteContentPlaceHolder_ucLocation_ddlLocation
value : BEJ



2019-03-02 16:47:49	catching classes that do not inherit from BaseException is not allowed
id: ctl00_SiteContentPlaceHolder_ApplicationRecovery1_txbSurname
value : None



2019-03-02 16:47:54	catching classes that do not inherit from BaseException is not allowed
id: ctl00_SiteContentPlaceHolder_ApplicationRecovery1_txbSurname
value : None



2019-03-02 16:48:00	catching classes that do not inherit from BaseException is not allowed
id: ctl00_SiteContentPlaceHolder_ApplicationRecovery1_txbSurname
value : None



2019-03-02 16:48:05	catching classes that do not inherit from BaseException is not allowed
id: ctl00_SiteContentPlaceHolder_ApplicationRecovery1_txbSurname
value : None



2019-03-02 16:48:11	catching classes that do not inherit from BaseException is not allowed
id: ctl00_SiteContentPlaceHolder_ApplicationRecovery1_txbSurname
value : None



2019-03-02 16:48:16	catching classes that do not inherit from BaseException is not allowed
id: ctl00_SiteContentPlaceHolder_ApplicationRecovery1_txbSurname
value : SHI



2019-03-02 16:49:05	catching classes that do not inherit from BaseException is not allowed
id: ctl00_SiteContentPlaceHolder_ucLocation_ddlLocation
value : None



2019-03-02 16:49:05	catching classes that do not inherit from BaseException is not allowed
id: ctl00_SiteContentPlaceHolder_ucLocation_ddlLocation
value : None


idName: ctl00_SiteContentPlaceHolder_ucLocation_ddlLocation
value : BEJ



2019-03-02 17:00:29	Message: timeout
  (Session info: chrome=71.0.3578.98)
  (Driver info: chromedriver=2.42.591088 (7b2b2dca23cca0862f674758c9a3933e685c27d5),platform=Windows NT 6.1.7601 SP1 x86_64)

idName: ctl00_SiteContentPlaceHolder_ucLocation_ddlLocation
value : BEJ



2019-03-02 17:02:13	catching classes that do not inherit from BaseException is not allowed
id: ctl00_SiteContentPlaceHolder_ApplicationRecovery1_txbSurname
value : None



2019-03-02 17:02:19	catching classes that do not inherit from BaseException is not allowed
id: ctl00_SiteContentPlaceHolder_ApplicationRecovery1_txbSurname
value : None



2019-03-02 17:02:24	catching classes that do not inherit from BaseException is not allowed
id: ctl00_SiteContentPlaceHolder_ApplicationRecovery1_txbSurname
value : None



2019-03-02 17:02:30	catching classes that do not inherit from BaseException is not allowed
id: ctl00_SiteContentPlaceHolder_ApplicationRecovery1_txbSurname
value : None



2019-03-02 17:02:36	catching classes that do not inherit from BaseException is not allowed
id: ctl00_SiteContentPlaceHolder_ApplicationRecovery1_txbSurname
value : None



2019-03-02 17:02:41	catching classes that do not inherit from BaseException is not allowed
id: ctl00_SiteContentPlaceHolder_ApplicationRecovery1_txbSurname
value : SHI



2019-03-02 17:18:13	catching classes that do not inherit from BaseException is not allowed
id: ctl00_SiteContentPlaceHolder_ucLocation_ddlLocation
value : None



2019-03-02 17:18:13	catching classes that do not inherit from BaseException is not allowed
id: ctl00_SiteContentPlaceHolder_ucLocation_ddlLocation
value : None


idName: ctl00_SiteContentPlaceHolder_ucLocation_ddlLocation
value : BEJ



2019-03-02 17:20:10	catching classes that do not inherit from BaseException is not allowed
id: ctl00_SiteContentPlaceHolder_FormView1_dtlPrevEmpl_ctl00_tbEmployerName
value : A



2019-03-02 17:23:00	catching classes that do not inherit from BaseException is not allowed
id: ctl00_SiteContentPlaceHolder_ApplicationRecovery1_txbSurname
value : None



2019-03-02 17:23:06	catching classes that do not inherit from BaseException is not allowed
id: ctl00_SiteContentPlaceHolder_ApplicationRecovery1_txbSurname
value : None



2019-03-02 17:23:12	catching classes that do not inherit from BaseException is not allowed
id: ctl00_SiteContentPlaceHolder_ApplicationRecovery1_txbSurname
value : None



2019-03-02 17:23:17	catching classes that do not inherit from BaseException is not allowed
id: ctl00_SiteContentPlaceHolder_ApplicationRecovery1_txbSurname
value : None



2019-03-02 17:23:23	catching classes that do not inherit from BaseException is not allowed
id: ctl00_SiteContentPlaceHolder_ApplicationRecovery1_txbSurname
value : None



2019-03-02 17:23:28	catching classes that do not inherit from BaseException is not allowed
id: ctl00_SiteContentPlaceHolder_ApplicationRecovery1_txbSurname
value : SHI



2019-03-02 17:24:58	catching classes that do not inherit from BaseException is not allowed
id: ctl00_SiteContentPlaceHolder_FormView1_dtlPrevEmpl_ctl00_tbEmployerName
value : A



2019-03-02 17:33:37	catching classes that do not inherit from BaseException is not allowed
id: ctl00_SiteContentPlaceHolder_ucLocation_ddlLocation
value : None



2019-03-02 17:33:37	catching classes that do not inherit from BaseException is not allowed
id: ctl00_SiteContentPlaceHolder_ucLocation_ddlLocation
value : None


idName: ctl00_SiteContentPlaceHolder_ucLocation_ddlLocation
value : BEJ



2019-03-02 17:34:34	catching classes that do not inherit from BaseException is not allowed
id: ctl00_SiteContentPlaceHolder_ucLocation_ddlLocation
value : None



2019-03-02 17:34:34	catching classes that do not inherit from BaseException is not allowed
id: ctl00_SiteContentPlaceHolder_ucLocation_ddlLocation
value : None


idName: ctl00_SiteContentPlaceHolder_ucLocation_ddlLocation
value : BEJ



2019-03-02 17:35:31	catching classes that do not inherit from BaseException is not allowed
id: ctl00_SiteContentPlaceHolder_ucLocation_ddlLocation
value : None



2019-03-02 17:35:31	catching classes that do not inherit from BaseException is not allowed
id: ctl00_SiteContentPlaceHolder_ucLocation_ddlLocation
value : None


idName: ctl00_SiteContentPlaceHolder_ucLocation_ddlLocation
value : BEJ



2019-03-02 17:36:30	catching classes that do not inherit from BaseException is not allowed
id: ctl00_SiteContentPlaceHolder_ucLocation_ddlLocation
value : None



2019-03-02 17:36:30	catching classes that do not inherit from BaseException is not allowed
id: ctl00_SiteContentPlaceHolder_ucLocation_ddlLocation
value : None


idName: ctl00_SiteContentPlaceHolder_ucLocation_ddlLocation
value : BEJ



2019-03-02 17:44:04	catching classes that do not inherit from BaseException is not allowed
id: ctl00_SiteContentPlaceHolder_ucLocation_ddlLocation
value : None



2019-03-02 17:44:04	catching classes that do not inherit from BaseException is not allowed
id: ctl00_SiteContentPlaceHolder_ucLocation_ddlLocation
value : None


idName: ctl00_SiteContentPlaceHolder_ucLocation_ddlLocation
value : BEJ



2019-03-02 17:47:17	catching classes that do not inherit from BaseException is not allowed
id: ctl00_SiteContentPlaceHolder_ucLocation_ddlLocation
value : None



2019-03-02 17:47:17	catching classes that do not inherit from BaseException is not allowed
id: ctl00_SiteContentPlaceHolder_ucLocation_ddlLocation
value : None


idName: ctl00_SiteContentPlaceHolder_ucLocation_ddlLocation
value : BEJ



2019-03-02 17:49:16	catching classes that do not inherit from BaseException is not allowed
id: ctl00_SiteContentPlaceHolder_ucLocation_ddlLocation
value : None



2019-03-02 17:49:16	catching classes that do not inherit from BaseException is not allowed
id: ctl00_SiteContentPlaceHolder_ucLocation_ddlLocation
value : None


idName: ctl00_SiteContentPlaceHolder_ucLocation_ddlLocation
value : BEJ



2019-03-02 17:54:53	catching classes that do not inherit from BaseException is not allowed
id: ctl00_SiteContentPlaceHolder_FormView1_tbxAPP_TelecodeSURNAME
value : 0670



2019-03-02 17:55:21	catching classes that do not inherit from BaseException is not allowed
id: ctl00_SiteContentPlaceHolder_ucLocation_ddlLocation
value : None



2019-03-02 17:55:21	catching classes that do not inherit from BaseException is not allowed
id: ctl00_SiteContentPlaceHolder_ucLocation_ddlLocation
value : None


idName: ctl00_SiteContentPlaceHolder_ucLocation_ddlLocation
value : BEJ



2019-03-02 17:56:01	catching classes that do not inherit from BaseException is not allowed
id: ctl00_SiteContentPlaceHolder_ucLocation_ddlLocation
value : None



2019-03-02 17:56:01	catching classes that do not inherit from BaseException is not allowed
id: ctl00_SiteContentPlaceHolder_ucLocation_ddlLocation
value : None


idName: ctl00_SiteContentPlaceHolder_ucLocation_ddlLocation
value : BEJ



2019-03-02 18:11:37	catching classes that do not inherit from BaseException is not allowed
id: ctl00_SiteContentPlaceHolder_FormView1_ddlAPP_NATL
value : None



2019-03-02 18:11:37	catching classes that do not inherit from BaseException is not allowed
id: ctl00_SiteContentPlaceHolder_FormView1_ddlAPP_NATL
value : None


idName: ctl00_SiteContentPlaceHolder_FormView1_ddlAPP_NATL
value : CHIN



2019-03-02 18:12:07	catching classes that do not inherit from BaseException is not allowed
id: ctl00_SiteContentPlaceHolder_ucLocation_ddlLocation
value : None



2019-03-02 18:12:07	catching classes that do not inherit from BaseException is not allowed
id: ctl00_SiteContentPlaceHolder_ucLocation_ddlLocation
value : None


idName: ctl00_SiteContentPlaceHolder_ucLocation_ddlLocation
value : BEJ



2019-03-02 18:14:37	catching classes that do not inherit from BaseException is not allowed
id: ctl00_SiteContentPlaceHolder_ucLocation_ddlLocation
value : None



2019-03-02 18:14:37	catching classes that do not inherit from BaseException is not allowed
id: ctl00_SiteContentPlaceHolder_ucLocation_ddlLocation
value : None


idName: ctl00_SiteContentPlaceHolder_ucLocation_ddlLocation
value : BEJ



2019-03-02 18:15:41	catching classes that do not inherit from BaseException is not allowed
id: ctl00_SiteContentPlaceHolder_ucLocation_ddlLocation
value : None



2019-03-02 18:15:41	catching classes that do not inherit from BaseException is not allowed
id: ctl00_SiteContentPlaceHolder_ucLocation_ddlLocation
value : None


idName: ctl00_SiteContentPlaceHolder_ucLocation_ddlLocation
value : BEJ



2019-03-02 18:16:11	catching classes that do not inherit from BaseException is not allowed
id: ctl00_SiteContentPlaceHolder_ucLocation_ddlLocation
value : None



2019-03-02 18:16:11	catching classes that do not inherit from BaseException is not allowed
id: ctl00_SiteContentPlaceHolder_ucLocation_ddlLocation
value : None


idName: ctl00_SiteContentPlaceHolder_ucLocation_ddlLocation
value : BEJ



2019-03-02 18:16:38	catching classes that do not inherit from BaseException is not allowed
id: ctl00_SiteContentPlaceHolder_ucLocation_ddlLocation
value : None



2019-03-02 18:16:38	catching classes that do not inherit from BaseException is not allowed
id: ctl00_SiteContentPlaceHolder_ucLocation_ddlLocation
value : None


idName: ctl00_SiteContentPlaceHolder_ucLocation_ddlLocation
value : BEJ



2019-03-02 18:20:45	catching classes that do not inherit from BaseException is not allowed
id: ctl00_SiteContentPlaceHolder_FormView1_tbxAPP_SURNAME
value : SHI



2019-03-02 18:22:24	catching classes that do not inherit from BaseException is not allowed
id: c_default_ctl00_sitecontentplaceholder_uclocation_identifycaptcha1_defaultcaptcha_CaptchaImage
value : None



