2019-01-28 14:58:00	catching classes that do not inherit from BaseException is not allowed
xpath: //select
value : None



2019-01-28 15:18:08	catching classes that do not inherit from BaseException is not allowed
id: loginPage:SiteTemplate:siteLogin:loginComponent:loginForm:username
value : 1041243472@qq.com



2019-01-28 18:25:04	catching classes that do not inherit from BaseException is not allowed
id: loginPage:SiteTemplate:siteLogin:loginComponent:loginForm:username
value : 1041243472@qq.com



2019-01-28 18:25:28	catching classes that do not inherit from BaseException is not allowed
id: loginPage:SiteTemplate:siteLogin:loginComponent:loginForm:username
value : 1041243472@qq.com



2019-01-28 18:25:51	catching classes that do not inherit from BaseException is not allowed
id: loginPage:SiteTemplate:siteLogin:loginComponent:loginForm:username
value : 1041243472@qq.com



2019-01-28 18:26:15	catching classes that do not inherit from BaseException is not allowed
id: loginPage:SiteTemplate:siteLogin:loginComponent:loginForm:username
value : 1041243472@qq.com



2019-01-28 18:26:38	catching classes that do not inherit from BaseException is not allowed
id: loginPage:SiteTemplate:siteLogin:loginComponent:loginForm:username
value : 1041243472@qq.com



2019-01-28 18:27:02	catching classes that do not inherit from BaseException is not allowed
id: loginPage:SiteTemplate:siteLogin:loginComponent:loginForm:username
value : 1041243472@qq.com



2019-01-28 18:27:25	catching classes that do not inherit from BaseException is not allowed
id: loginPage:SiteTemplate:siteLogin:loginComponent:loginForm:username
value : 1041243472@qq.com



2019-01-28 18:27:47	catching classes that do not inherit from BaseException is not allowed
id: loginPage:SiteTemplate:siteLogin:loginComponent:loginForm:username
value : 1041243472@qq.com



2019-01-28 18:28:11	catching classes that do not inherit from BaseException is not allowed
id: loginPage:SiteTemplate:siteLogin:loginComponent:loginForm:username
value : 1041243472@qq.com



2019-01-28 18:28:35	catching classes that do not inherit from BaseException is not allowed
id: loginPage:SiteTemplate:siteLogin:loginComponent:loginForm:username
value : 1041243472@qq.com



2019-01-28 18:29:11	[WinError 10054] 远程主机强迫关闭了一个现有的连接。
id: loginPage:SiteTemplate:siteLogin:loginComponent:loginForm:loginButton
value : None



2019-01-28 18:31:45	catching classes that do not inherit from BaseException is not allowed
xpath: //select
value : None



2019-01-28 18:32:09	catching classes that do not inherit from BaseException is not allowed
id: loginPage:SiteTemplate:siteLogin:loginComponent:loginForm:username
value : 1041243472@qq.com



2019-01-28 18:32:32	catching classes that do not inherit from BaseException is not allowed
id: loginPage:SiteTemplate:siteLogin:loginComponent:loginForm:username
value : 1041243472@qq.com



2019-01-28 18:32:54	catching classes that do not inherit from BaseException is not allowed
id: loginPage:SiteTemplate:siteLogin:loginComponent:loginForm:username
value : 1041243472@qq.com



2019-01-28 18:34:56	catching classes that do not inherit from BaseException is not allowed
id: loginPage:SiteTemplate:siteLogin:loginComponent:loginForm:password
value : 2266887TAISI



2019-01-28 18:34:56	catching classes that do not inherit from BaseException is not allowed
id: loginPage:SiteTemplate:siteLogin:loginComponent:loginForm:password
value : 2266887TAISI



2019-01-28 18:34:56	catching classes that do not inherit from BaseException is not allowed
id: loginPage:SiteTemplate:siteLogin:loginComponent:loginForm:password
value : 2266887TAISI



2019-01-28 18:34:56	catching classes that do not inherit from BaseException is not allowed
id: loginPage:SiteTemplate:siteLogin:loginComponent:loginForm:password
value : 2266887TAISI



2019-01-28 18:34:57	catching classes that do not inherit from BaseException is not allowed
xpath: //select
value : None



2019-01-28 18:45:25	catching classes that do not inherit from BaseException is not allowed
id: loginPage:SiteTemplate:siteLogin:loginComponent:loginForm:username
value : 1041243472@qq.com



2019-01-28 18:45:49	catching classes that do not inherit from BaseException is not allowed
id: loginPage:SiteTemplate:siteLogin:loginComponent:loginForm:username
value : 1041243472@qq.com



