2019-02-28 09:00:07	catching classes that do not inherit from BaseException is not allowed
id: ctl00_SiteContentPlaceHolder_FormView1_tbxARRIVAL_US_DTEYear
value : 2019



2019-02-28 09:13:33	catching classes that do not inherit from BaseException is not allowed
id: ctl00_SiteContentPlaceHolder_ucLocation_ddlLocation
value : None



2019-02-28 09:13:33	catching classes that do not inherit from BaseException is not allowed
id: ctl00_SiteContentPlaceHolder_ucLocation_ddlLocation
value : None


idName: ctl00_SiteContentPlaceHolder_ucLocation_ddlLocation
value : BEJ



2019-02-28 10:08:09	catching classes that do not inherit from BaseException is not allowed
id: loginPage:SiteTemplate:siteLogin:loginComponent:loginForm:username
value : csy518@icloud.com



2019-02-28 10:08:10	catching classes that do not inherit from BaseException is not allowed
id: ctl00_SiteContentPlaceHolder_ucLocation_ddlLocation
value : None



2019-02-28 10:08:10	catching classes that do not inherit from BaseException is not allowed
id: ctl00_SiteContentPlaceHolder_ucLocation_ddlLocation
value : None


idName: ctl00_SiteContentPlaceHolder_ucLocation_ddlLocation
value : BEJ



2019-02-28 10:32:28	Message: stale element reference: element is not attached to the page document
  (Session info: chrome=71.0.3578.98)
  (Driver info: chromedriver=2.42.591088 (7b2b2dca23cca0862f674758c9a3933e685c27d5),platform=Windows NT 6.1.7601 SP1 x86_64)

id: ctl00_SiteContentPlaceHolder_FormView1_tbxUS_POC_ORGANIZATION
value : Hilton Los Angeles  San Gabriel



2019-02-28 10:33:19	catching classes that do not inherit from BaseException is not allowed
id: ctl00_SiteContentPlaceHolder_ucLocation_ddlLocation
value : None



2019-02-28 10:33:19	catching classes that do not inherit from BaseException is not allowed
id: ctl00_SiteContentPlaceHolder_ucLocation_ddlLocation
value : None


idName: ctl00_SiteContentPlaceHolder_ucLocation_ddlLocation
value : BEJ



2019-02-28 11:10:36	(1064, 'You have an error in your SQL syntax; check the manual that corresponds to your MySQL server version for the right syntax to use near \'配偶","亲属"或"朋友".", ap.`status`="6", ap.`ques`="美国联系人信息\' at line 1')
美国联系人信息:|Organization Name is invalid because it contains two or more spaces in between names.|组织名称不能是"配偶","亲属"或"朋友".

2019-02-28 11:10:39	(1064, 'You have an error in your SQL syntax; check the manual that corresponds to your MySQL server version for the right syntax to use near \'配偶","亲属"或"朋友".", ap.`status`="6", ap.`ques`="美国联系人信息\' at line 1')
美国联系人信息:|Organization Name is invalid because it contains two or more spaces in between names.|组织名称不能是"配偶","亲属"或"朋友".

2019-02-28 11:10:43	(1064, 'You have an error in your SQL syntax; check the manual that corresponds to your MySQL server version for the right syntax to use near \'配偶","亲属"或"朋友".", ap.`status`="6", ap.`ques`="美国联系人信息\' at line 1')
美国联系人信息:|Organization Name is invalid because it contains two or more spaces in between names.|组织名称不能是"配偶","亲属"或"朋友".

2019-02-28 11:10:47	(1064, 'You have an error in your SQL syntax; check the manual that corresponds to your MySQL server version for the right syntax to use near \'配偶","亲属"或"朋友".", ap.`status`="6", ap.`ques`="美国联系人信息\' at line 1')
美国联系人信息:|Organization Name is invalid because it contains two or more spaces in between names.|组织名称不能是"配偶","亲属"或"朋友".

2019-02-28 11:10:50	(1064, 'You have an error in your SQL syntax; check the manual that corresponds to your MySQL server version for the right syntax to use near \'配偶","亲属"或"朋友".", ap.`status`="6", ap.`ques`="美国联系人信息\' at line 1')
美国联系人信息:|Organization Name is invalid because it contains two or more spaces in between names.|组织名称不能是"配偶","亲属"或"朋友".

2019-02-28 11:10:54	(1064, 'You have an error in your SQL syntax; check the manual that corresponds to your MySQL server version for the right syntax to use near \'配偶","亲属"或"朋友".", ap.`status`="6", ap.`ques`="美国联系人信息\' at line 1')
美国联系人信息:|Organization Name is invalid because it contains two or more spaces in between names.|组织名称不能是"配偶","亲属"或"朋友".

2019-02-28 11:10:57	(1064, 'You have an error in your SQL syntax; check the manual that corresponds to your MySQL server version for the right syntax to use near \'配偶","亲属"或"朋友".", ap.`status`="6", ap.`ques`="美国联系人信息\' at line 1')
美国联系人信息:|Organization Name is invalid because it contains two or more spaces in between names.|组织名称不能是"配偶","亲属"或"朋友".

2019-02-28 11:11:01	(1064, 'You have an error in your SQL syntax; check the manual that corresponds to your MySQL server version for the right syntax to use near \'配偶","亲属"或"朋友".", ap.`status`="6", ap.`ques`="美国联系人信息\' at line 1')
美国联系人信息:|Organization Name is invalid because it contains two or more spaces in between names.|组织名称不能是"配偶","亲属"或"朋友".

2019-02-28 11:11:04	(1064, 'You have an error in your SQL syntax; check the manual that corresponds to your MySQL server version for the right syntax to use near \'配偶","亲属"或"朋友".", ap.`status`="6", ap.`ques`="美国联系人信息\' at line 1')
美国联系人信息:|Organization Name is invalid because it contains two or more spaces in between names.|组织名称不能是"配偶","亲属"或"朋友".

2019-02-28 11:11:08	(1064, 'You have an error in your SQL syntax; check the manual that corresponds to your MySQL server version for the right syntax to use near \'配偶","亲属"或"朋友".", ap.`status`="6", ap.`ques`="美国联系人信息\' at line 1')
美国联系人信息:|Organization Name is invalid because it contains two or more spaces in between names.|组织名称不能是"配偶","亲属"或"朋友".

2019-02-28 11:11:11	(1064, 'You have an error in your SQL syntax; check the manual that corresponds to your MySQL server version for the right syntax to use near \'配偶","亲属"或"朋友".", ap.`status`="6", ap.`ques`="美国联系人信息\' at line 1')
美国联系人信息:|Organization Name is invalid because it contains two or more spaces in between names.|组织名称不能是"配偶","亲属"或"朋友".

2019-02-28 11:11:15	(1064, 'You have an error in your SQL syntax; check the manual that corresponds to your MySQL server version for the right syntax to use near \'配偶","亲属"或"朋友".", ap.`status`="6", ap.`ques`="美国联系人信息\' at line 1')
美国联系人信息:|Organization Name is invalid because it contains two or more spaces in between names.|组织名称不能是"配偶","亲属"或"朋友".

2019-02-28 11:11:19	(1064, 'You have an error in your SQL syntax; check the manual that corresponds to your MySQL server version for the right syntax to use near \'配偶","亲属"或"朋友".", ap.`status`="6", ap.`ques`="美国联系人信息\' at line 1')
美国联系人信息:|Organization Name is invalid because it contains two or more spaces in between names.|组织名称不能是"配偶","亲属"或"朋友".

2019-02-28 11:11:22	(1064, 'You have an error in your SQL syntax; check the manual that corresponds to your MySQL server version for the right syntax to use near \'配偶","亲属"或"朋友".", ap.`status`="6", ap.`ques`="美国联系人信息\' at line 1')
美国联系人信息:|Organization Name is invalid because it contains two or more spaces in between names.|组织名称不能是"配偶","亲属"或"朋友".

2019-02-28 11:11:26	(1064, 'You have an error in your SQL syntax; check the manual that corresponds to your MySQL server version for the right syntax to use near \'配偶","亲属"或"朋友".", ap.`status`="6", ap.`ques`="美国联系人信息\' at line 1')
美国联系人信息:|Organization Name is invalid because it contains two or more spaces in between names.|组织名称不能是"配偶","亲属"或"朋友".

2019-02-28 11:11:29	(1064, 'You have an error in your SQL syntax; check the manual that corresponds to your MySQL server version for the right syntax to use near \'配偶","亲属"或"朋友".", ap.`status`="6", ap.`ques`="美国联系人信息\' at line 1')
美国联系人信息:|Organization Name is invalid because it contains two or more spaces in between names.|组织名称不能是"配偶","亲属"或"朋友".

2019-02-28 11:11:33	(1064, 'You have an error in your SQL syntax; check the manual that corresponds to your MySQL server version for the right syntax to use near \'配偶","亲属"或"朋友".", ap.`status`="6", ap.`ques`="美国联系人信息\' at line 1')
美国联系人信息:|Organization Name is invalid because it contains two or more spaces in between names.|组织名称不能是"配偶","亲属"或"朋友".

2019-02-28 11:11:37	(1064, 'You have an error in your SQL syntax; check the manual that corresponds to your MySQL server version for the right syntax to use near \'配偶","亲属"或"朋友".", ap.`status`="6", ap.`ques`="美国联系人信息\' at line 1')
美国联系人信息:|Organization Name is invalid because it contains two or more spaces in between names.|组织名称不能是"配偶","亲属"或"朋友".

2019-02-28 11:11:40	(1064, 'You have an error in your SQL syntax; check the manual that corresponds to your MySQL server version for the right syntax to use near \'配偶","亲属"或"朋友".", ap.`status`="6", ap.`ques`="美国联系人信息\' at line 1')
美国联系人信息:|Organization Name is invalid because it contains two or more spaces in between names.|组织名称不能是"配偶","亲属"或"朋友".

2019-02-28 11:11:44	(1064, 'You have an error in your SQL syntax; check the manual that corresponds to your MySQL server version for the right syntax to use near \'配偶","亲属"或"朋友".", ap.`status`="6", ap.`ques`="美国联系人信息\' at line 1')
美国联系人信息:|Organization Name is invalid because it contains two or more spaces in between names.|组织名称不能是"配偶","亲属"或"朋友".

2019-02-28 11:11:47	(1064, 'You have an error in your SQL syntax; check the manual that corresponds to your MySQL server version for the right syntax to use near \'配偶","亲属"或"朋友".", ap.`status`="6", ap.`ques`="美国联系人信息\' at line 1')
美国联系人信息:|Organization Name is invalid because it contains two or more spaces in between names.|组织名称不能是"配偶","亲属"或"朋友".

2019-02-28 11:11:51	(1064, 'You have an error in your SQL syntax; check the manual that corresponds to your MySQL server version for the right syntax to use near \'配偶","亲属"或"朋友".", ap.`status`="6", ap.`ques`="美国联系人信息\' at line 1')
美国联系人信息:|Organization Name is invalid because it contains two or more spaces in between names.|组织名称不能是"配偶","亲属"或"朋友".

2019-02-28 11:11:54	(1064, 'You have an error in your SQL syntax; check the manual that corresponds to your MySQL server version for the right syntax to use near \'配偶","亲属"或"朋友".", ap.`status`="6", ap.`ques`="美国联系人信息\' at line 1')
美国联系人信息:|Organization Name is invalid because it contains two or more spaces in between names.|组织名称不能是"配偶","亲属"或"朋友".

2019-02-28 11:11:58	(1064, 'You have an error in your SQL syntax; check the manual that corresponds to your MySQL server version for the right syntax to use near \'配偶","亲属"或"朋友".", ap.`status`="6", ap.`ques`="美国联系人信息\' at line 1')
美国联系人信息:|Organization Name is invalid because it contains two or more spaces in between names.|组织名称不能是"配偶","亲属"或"朋友".

2019-02-28 11:12:02	(1064, 'You have an error in your SQL syntax; check the manual that corresponds to your MySQL server version for the right syntax to use near \'配偶","亲属"或"朋友".", ap.`status`="6", ap.`ques`="美国联系人信息\' at line 1')
美国联系人信息:|Organization Name is invalid because it contains two or more spaces in between names.|组织名称不能是"配偶","亲属"或"朋友".

2019-02-28 11:12:05	(1064, 'You have an error in your SQL syntax; check the manual that corresponds to your MySQL server version for the right syntax to use near \'配偶","亲属"或"朋友".", ap.`status`="6", ap.`ques`="美国联系人信息\' at line 1')
美国联系人信息:|Organization Name is invalid because it contains two or more spaces in between names.|组织名称不能是"配偶","亲属"或"朋友".

2019-02-28 11:12:09	(1064, 'You have an error in your SQL syntax; check the manual that corresponds to your MySQL server version for the right syntax to use near \'配偶","亲属"或"朋友".", ap.`status`="6", ap.`ques`="美国联系人信息\' at line 1')
美国联系人信息:|Organization Name is invalid because it contains two or more spaces in between names.|组织名称不能是"配偶","亲属"或"朋友".

2019-02-28 11:12:13	(1064, 'You have an error in your SQL syntax; check the manual that corresponds to your MySQL server version for the right syntax to use near \'配偶","亲属"或"朋友".", ap.`status`="6", ap.`ques`="美国联系人信息\' at line 1')
美国联系人信息:|Organization Name is invalid because it contains two or more spaces in between names.|组织名称不能是"配偶","亲属"或"朋友".

2019-02-28 11:12:16	(1064, 'You have an error in your SQL syntax; check the manual that corresponds to your MySQL server version for the right syntax to use near \'配偶","亲属"或"朋友".", ap.`status`="6", ap.`ques`="美国联系人信息\' at line 1')
美国联系人信息:|Organization Name is invalid because it contains two or more spaces in between names.|组织名称不能是"配偶","亲属"或"朋友".

2019-02-28 11:12:20	(1064, 'You have an error in your SQL syntax; check the manual that corresponds to your MySQL server version for the right syntax to use near \'配偶","亲属"或"朋友".", ap.`status`="6", ap.`ques`="美国联系人信息\' at line 1')
美国联系人信息:|Organization Name is invalid because it contains two or more spaces in between names.|组织名称不能是"配偶","亲属"或"朋友".

2019-02-28 11:12:23	(1064, 'You have an error in your SQL syntax; check the manual that corresponds to your MySQL server version for the right syntax to use near \'配偶","亲属"或"朋友".", ap.`status`="6", ap.`ques`="美国联系人信息\' at line 1')
美国联系人信息:|Organization Name is invalid because it contains two or more spaces in between names.|组织名称不能是"配偶","亲属"或"朋友".

2019-02-28 11:12:27	(1064, 'You have an error in your SQL syntax; check the manual that corresponds to your MySQL server version for the right syntax to use near \'配偶","亲属"或"朋友".", ap.`status`="6", ap.`ques`="美国联系人信息\' at line 1')
美国联系人信息:|Organization Name is invalid because it contains two or more spaces in between names.|组织名称不能是"配偶","亲属"或"朋友".

2019-02-28 11:12:30	(1064, 'You have an error in your SQL syntax; check the manual that corresponds to your MySQL server version for the right syntax to use near \'配偶","亲属"或"朋友".", ap.`status`="6", ap.`ques`="美国联系人信息\' at line 1')
美国联系人信息:|Organization Name is invalid because it contains two or more spaces in between names.|组织名称不能是"配偶","亲属"或"朋友".

2019-02-28 11:12:34	(1064, 'You have an error in your SQL syntax; check the manual that corresponds to your MySQL server version for the right syntax to use near \'配偶","亲属"或"朋友".", ap.`status`="6", ap.`ques`="美国联系人信息\' at line 1')
美国联系人信息:|Organization Name is invalid because it contains two or more spaces in between names.|组织名称不能是"配偶","亲属"或"朋友".

2019-02-28 11:12:38	(1064, 'You have an error in your SQL syntax; check the manual that corresponds to your MySQL server version for the right syntax to use near \'配偶","亲属"或"朋友".", ap.`status`="6", ap.`ques`="美国联系人信息\' at line 1')
美国联系人信息:|Organization Name is invalid because it contains two or more spaces in between names.|组织名称不能是"配偶","亲属"或"朋友".

2019-02-28 11:12:41	(1064, 'You have an error in your SQL syntax; check the manual that corresponds to your MySQL server version for the right syntax to use near \'配偶","亲属"或"朋友".", ap.`status`="6", ap.`ques`="美国联系人信息\' at line 1')
美国联系人信息:|Organization Name is invalid because it contains two or more spaces in between names.|组织名称不能是"配偶","亲属"或"朋友".

2019-02-28 11:12:45	(1064, 'You have an error in your SQL syntax; check the manual that corresponds to your MySQL server version for the right syntax to use near \'配偶","亲属"或"朋友".", ap.`status`="6", ap.`ques`="美国联系人信息\' at line 1')
美国联系人信息:|Organization Name is invalid because it contains two or more spaces in between names.|组织名称不能是"配偶","亲属"或"朋友".

2019-02-28 11:12:49	(1064, 'You have an error in your SQL syntax; check the manual that corresponds to your MySQL server version for the right syntax to use near \'配偶","亲属"或"朋友".", ap.`status`="6", ap.`ques`="美国联系人信息\' at line 1')
美国联系人信息:|Organization Name is invalid because it contains two or more spaces in between names.|组织名称不能是"配偶","亲属"或"朋友".

2019-02-28 11:12:52	(1064, 'You have an error in your SQL syntax; check the manual that corresponds to your MySQL server version for the right syntax to use near \'配偶","亲属"或"朋友".", ap.`status`="6", ap.`ques`="美国联系人信息\' at line 1')
美国联系人信息:|Organization Name is invalid because it contains two or more spaces in between names.|组织名称不能是"配偶","亲属"或"朋友".

2019-02-28 11:12:56	(1064, 'You have an error in your SQL syntax; check the manual that corresponds to your MySQL server version for the right syntax to use near \'配偶","亲属"或"朋友".", ap.`status`="6", ap.`ques`="美国联系人信息\' at line 1')
美国联系人信息:|Organization Name is invalid because it contains two or more spaces in between names.|组织名称不能是"配偶","亲属"或"朋友".

2019-02-28 11:12:59	(1064, 'You have an error in your SQL syntax; check the manual that corresponds to your MySQL server version for the right syntax to use near \'配偶","亲属"或"朋友".", ap.`status`="6", ap.`ques`="美国联系人信息\' at line 1')
美国联系人信息:|Organization Name is invalid because it contains two or more spaces in between names.|组织名称不能是"配偶","亲属"或"朋友".

2019-02-28 11:13:03	(1064, 'You have an error in your SQL syntax; check the manual that corresponds to your MySQL server version for the right syntax to use near \'配偶","亲属"或"朋友".", ap.`status`="6", ap.`ques`="美国联系人信息\' at line 1')
美国联系人信息:|Organization Name is invalid because it contains two or more spaces in between names.|组织名称不能是"配偶","亲属"或"朋友".

2019-02-28 11:13:07	(1064, 'You have an error in your SQL syntax; check the manual that corresponds to your MySQL server version for the right syntax to use near \'配偶","亲属"或"朋友".", ap.`status`="6", ap.`ques`="美国联系人信息\' at line 1')
美国联系人信息:|Organization Name is invalid because it contains two or more spaces in between names.|组织名称不能是"配偶","亲属"或"朋友".

2019-02-28 11:13:10	(1064, 'You have an error in your SQL syntax; check the manual that corresponds to your MySQL server version for the right syntax to use near \'配偶","亲属"或"朋友".", ap.`status`="6", ap.`ques`="美国联系人信息\' at line 1')
美国联系人信息:|Organization Name is invalid because it contains two or more spaces in between names.|组织名称不能是"配偶","亲属"或"朋友".

2019-02-28 11:13:14	(1064, 'You have an error in your SQL syntax; check the manual that corresponds to your MySQL server version for the right syntax to use near \'配偶","亲属"或"朋友".", ap.`status`="6", ap.`ques`="美国联系人信息\' at line 1')
美国联系人信息:|Organization Name is invalid because it contains two or more spaces in between names.|组织名称不能是"配偶","亲属"或"朋友".

2019-02-28 11:13:18	(1064, 'You have an error in your SQL syntax; check the manual that corresponds to your MySQL server version for the right syntax to use near \'配偶","亲属"或"朋友".", ap.`status`="6", ap.`ques`="美国联系人信息\' at line 1')
美国联系人信息:|Organization Name is invalid because it contains two or more spaces in between names.|组织名称不能是"配偶","亲属"或"朋友".

2019-02-28 11:13:21	(1064, 'You have an error in your SQL syntax; check the manual that corresponds to your MySQL server version for the right syntax to use near \'配偶","亲属"或"朋友".", ap.`status`="6", ap.`ques`="美国联系人信息\' at line 1')
美国联系人信息:|Organization Name is invalid because it contains two or more spaces in between names.|组织名称不能是"配偶","亲属"或"朋友".

2019-02-28 11:13:25	(1064, 'You have an error in your SQL syntax; check the manual that corresponds to your MySQL server version for the right syntax to use near \'配偶","亲属"或"朋友".", ap.`status`="6", ap.`ques`="美国联系人信息\' at line 1')
美国联系人信息:|Organization Name is invalid because it contains two or more spaces in between names.|组织名称不能是"配偶","亲属"或"朋友".

2019-02-28 11:13:29	(1064, 'You have an error in your SQL syntax; check the manual that corresponds to your MySQL server version for the right syntax to use near \'配偶","亲属"或"朋友".", ap.`status`="6", ap.`ques`="美国联系人信息\' at line 1')
美国联系人信息:|Organization Name is invalid because it contains two or more spaces in between names.|组织名称不能是"配偶","亲属"或"朋友".

2019-02-28 11:13:33	(1064, 'You have an error in your SQL syntax; check the manual that corresponds to your MySQL server version for the right syntax to use near \'配偶","亲属"或"朋友".", ap.`status`="6", ap.`ques`="美国联系人信息\' at line 1')
美国联系人信息:|Organization Name is invalid because it contains two or more spaces in between names.|组织名称不能是"配偶","亲属"或"朋友".

2019-02-28 11:13:36	(1064, 'You have an error in your SQL syntax; check the manual that corresponds to your MySQL server version for the right syntax to use near \'配偶","亲属"或"朋友".", ap.`status`="6", ap.`ques`="美国联系人信息\' at line 1')
美国联系人信息:|Organization Name is invalid because it contains two or more spaces in between names.|组织名称不能是"配偶","亲属"或"朋友".

2019-02-28 11:13:40	(1064, 'You have an error in your SQL syntax; check the manual that corresponds to your MySQL server version for the right syntax to use near \'配偶","亲属"或"朋友".", ap.`status`="6", ap.`ques`="美国联系人信息\' at line 1')
美国联系人信息:|Organization Name is invalid because it contains two or more spaces in between names.|组织名称不能是"配偶","亲属"或"朋友".

2019-02-28 11:13:44	(1064, 'You have an error in your SQL syntax; check the manual that corresponds to your MySQL server version for the right syntax to use near \'配偶","亲属"或"朋友".", ap.`status`="6", ap.`ques`="美国联系人信息\' at line 1')
美国联系人信息:|Organization Name is invalid because it contains two or more spaces in between names.|组织名称不能是"配偶","亲属"或"朋友".

2019-02-28 11:13:47	(1064, 'You have an error in your SQL syntax; check the manual that corresponds to your MySQL server version for the right syntax to use near \'配偶","亲属"或"朋友".", ap.`status`="6", ap.`ques`="美国联系人信息\' at line 1')
美国联系人信息:|Organization Name is invalid because it contains two or more spaces in between names.|组织名称不能是"配偶","亲属"或"朋友".

2019-02-28 11:13:51	(1064, 'You have an error in your SQL syntax; check the manual that corresponds to your MySQL server version for the right syntax to use near \'配偶","亲属"或"朋友".", ap.`status`="6", ap.`ques`="美国联系人信息\' at line 1')
美国联系人信息:|Organization Name is invalid because it contains two or more spaces in between names.|组织名称不能是"配偶","亲属"或"朋友".

2019-02-28 11:13:55	(1064, 'You have an error in your SQL syntax; check the manual that corresponds to your MySQL server version for the right syntax to use near \'配偶","亲属"或"朋友".", ap.`status`="6", ap.`ques`="美国联系人信息\' at line 1')
美国联系人信息:|Organization Name is invalid because it contains two or more spaces in between names.|组织名称不能是"配偶","亲属"或"朋友".

2019-02-28 11:13:58	(1064, 'You have an error in your SQL syntax; check the manual that corresponds to your MySQL server version for the right syntax to use near \'配偶","亲属"或"朋友".", ap.`status`="6", ap.`ques`="美国联系人信息\' at line 1')
美国联系人信息:|Organization Name is invalid because it contains two or more spaces in between names.|组织名称不能是"配偶","亲属"或"朋友".

2019-02-28 11:14:02	(1064, 'You have an error in your SQL syntax; check the manual that corresponds to your MySQL server version for the right syntax to use near \'配偶","亲属"或"朋友".", ap.`status`="6", ap.`ques`="美国联系人信息\' at line 1')
美国联系人信息:|Organization Name is invalid because it contains two or more spaces in between names.|组织名称不能是"配偶","亲属"或"朋友".

2019-02-28 11:14:06	(1064, 'You have an error in your SQL syntax; check the manual that corresponds to your MySQL server version for the right syntax to use near \'配偶","亲属"或"朋友".", ap.`status`="6", ap.`ques`="美国联系人信息\' at line 1')
美国联系人信息:|Organization Name is invalid because it contains two or more spaces in between names.|组织名称不能是"配偶","亲属"或"朋友".

2019-02-28 11:14:09	(1064, 'You have an error in your SQL syntax; check the manual that corresponds to your MySQL server version for the right syntax to use near \'配偶","亲属"或"朋友".", ap.`status`="6", ap.`ques`="美国联系人信息\' at line 1')
美国联系人信息:|Organization Name is invalid because it contains two or more spaces in between names.|组织名称不能是"配偶","亲属"或"朋友".

2019-02-28 11:14:13	(1064, 'You have an error in your SQL syntax; check the manual that corresponds to your MySQL server version for the right syntax to use near \'配偶","亲属"或"朋友".", ap.`status`="6", ap.`ques`="美国联系人信息\' at line 1')
美国联系人信息:|Organization Name is invalid because it contains two or more spaces in between names.|组织名称不能是"配偶","亲属"或"朋友".

2019-02-28 11:14:17	(1064, 'You have an error in your SQL syntax; check the manual that corresponds to your MySQL server version for the right syntax to use near \'配偶","亲属"或"朋友".", ap.`status`="6", ap.`ques`="美国联系人信息\' at line 1')
美国联系人信息:|Organization Name is invalid because it contains two or more spaces in between names.|组织名称不能是"配偶","亲属"或"朋友".

2019-02-28 11:14:20	(1064, 'You have an error in your SQL syntax; check the manual that corresponds to your MySQL server version for the right syntax to use near \'配偶","亲属"或"朋友".", ap.`status`="6", ap.`ques`="美国联系人信息\' at line 1')
美国联系人信息:|Organization Name is invalid because it contains two or more spaces in between names.|组织名称不能是"配偶","亲属"或"朋友".

2019-02-28 11:14:24	(1064, 'You have an error in your SQL syntax; check the manual that corresponds to your MySQL server version for the right syntax to use near \'配偶","亲属"或"朋友".", ap.`status`="6", ap.`ques`="美国联系人信息\' at line 1')
美国联系人信息:|Organization Name is invalid because it contains two or more spaces in between names.|组织名称不能是"配偶","亲属"或"朋友".

2019-02-28 11:14:28	(1064, 'You have an error in your SQL syntax; check the manual that corresponds to your MySQL server version for the right syntax to use near \'配偶","亲属"或"朋友".", ap.`status`="6", ap.`ques`="美国联系人信息\' at line 1')
美国联系人信息:|Organization Name is invalid because it contains two or more spaces in between names.|组织名称不能是"配偶","亲属"或"朋友".

2019-02-28 11:38:41	catching classes that do not inherit from BaseException is not allowed
id: ctl00_SiteContentPlaceHolder_ucLocation_ddlLocation
value : None



2019-02-28 11:38:41	catching classes that do not inherit from BaseException is not allowed
id: ctl00_SiteContentPlaceHolder_ucLocation_ddlLocation
value : None


idName: ctl00_SiteContentPlaceHolder_ucLocation_ddlLocation
value : BEJ



2019-02-28 11:45:33	Message: timeout
  (Session info: chrome=71.0.3578.98)
  (Driver info: chromedriver=2.42.591088 (7b2b2dca23cca0862f674758c9a3933e685c27d5),platform=Windows NT 6.1.7601 SP1 x86_64)

idName: ctl00_SiteContentPlaceHolder_ucLocation_ddlLocation
value : BEJ



2019-02-28 11:46:37	catching classes that do not inherit from BaseException is not allowed
id: ctl00_SiteContentPlaceHolder_ApplicationRecovery1_txbSurname
value : SHI



2019-02-28 11:47:46	Message: stale element reference: element is not attached to the page document
  (Session info: chrome=71.0.3578.98)
  (Driver info: chromedriver=2.42.591088 (7b2b2dca23cca0862f674758c9a3933e685c27d5),platform=Windows NT 6.1.7601 SP1 x86_64)

idName: ctl00_SiteContentPlaceHolder_FormView1_ddlUS_POC_REL_TO_APP
value : C



2019-02-28 11:48:59	catching classes that do not inherit from BaseException is not allowed
id: ctl00_SiteContentPlaceHolder_ApplicationRecovery1_pnlSubmittedApp
value : None



2019-02-28 11:49:01	Message: stale element reference: element is not attached to the page document
  (Session info: chrome=71.0.3578.98)
  (Driver info: chromedriver=2.42.591088 (7b2b2dca23cca0862f674758c9a3933e685c27d5),platform=Windows NT 6.1.7601 SP1 x86_64)

idName: ctl00_SiteContentPlaceHolder_FormView1_ddlUS_POC_REL_TO_APP
value : C



2019-02-28 11:50:04	Message: stale element reference: element is not attached to the page document
  (Session info: chrome=71.0.3578.98)
  (Driver info: chromedriver=2.42.591088 (7b2b2dca23cca0862f674758c9a3933e685c27d5),platform=Windows NT 6.1.7601 SP1 x86_64)

id: ctl00_SiteContentPlaceHolder_FormView1_tbxUS_POC_ORGANIZATION
value : Hilton Los Angeles  San Gabriel



2019-02-28 11:52:10	catching classes that do not inherit from BaseException is not allowed
id: ctl00_SiteContentPlaceHolder_ApplicationRecovery1_txbSurname
value : SHI



2019-02-28 11:59:13	Message: stale element reference: element is not attached to the page document
  (Session info: chrome=71.0.3578.98)
  (Driver info: chromedriver=2.42.591088 (7b2b2dca23cca0862f674758c9a3933e685c27d5),platform=Windows NT 6.1.7601 SP1 x86_64)

id: ctl00_SiteContentPlaceHolder_FormView1_tbxUS_POC_ORGANIZATION
value : Hilton Los Angeles  San Gabriel



2019-02-28 12:07:58	Message: timeout
  (Session info: chrome=71.0.3578.98)
  (Driver info: chromedriver=2.42.591088 (7b2b2dca23cca0862f674758c9a3933e685c27d5),platform=Windows NT 6.1.7601 SP1 x86_64)

id: ctl00_SiteContentPlaceHolder_UpdateButton3
value : None



2019-02-28 12:09:10	Message: stale element reference: element is not attached to the page document
  (Session info: chrome=71.0.3578.98)
  (Driver info: chromedriver=2.42.591088 (7b2b2dca23cca0862f674758c9a3933e685c27d5),platform=Windows NT 6.1.7601 SP1 x86_64)

id: ctl00_SiteContentPlaceHolder_FormView1_tbxUS_POC_ORGANIZATION
value : Hilton Los Angeles  San Gabriel



2019-02-28 13:36:42	catching classes that do not inherit from BaseException is not allowed
id: ctl00_SiteContentPlaceHolder_FormView1_rblRemovalHearing_1
value : None



2019-02-28 13:36:50	catching classes that do not inherit from BaseException is not allowed
id: ctl00_SiteContentPlaceHolder_FormView1_rblAttWoReimb_1
value : None



2019-02-28 13:37:28	catching classes that do not inherit from BaseException is not allowed
id: ctl00_cphMain_imageFileUpload
value : C:\Users\Administrator\Desktop\automation_us\photo.jpeg



2019-02-28 13:39:25	catching classes that do not inherit from BaseException is not allowed
id: ctl00_SiteContentPlaceHolder_ApplicationRecovery1_txbSurname
value : GUAN



2019-02-28 13:50:26	Message: timeout
  (Session info: chrome=71.0.3578.98)
  (Driver info: chromedriver=2.42.591088 (7b2b2dca23cca0862f674758c9a3933e685c27d5),platform=Windows NT 6.1.7601 SP1 x86_64)

idName: ctl00_SiteContentPlaceHolder_ucLocation_ddlLocation
value : BEJ



2019-02-28 13:51:19	Message: stale element reference: element is not attached to the page document
  (Session info: chrome=71.0.3578.98)
  (Driver info: chromedriver=2.42.591088 (7b2b2dca23cca0862f674758c9a3933e685c27d5),platform=Windows NT 6.1.7601 SP1 x86_64)

id: ctl00_SiteContentPlaceHolder_FormView1_tbxUS_POC_ORGANIZATION
value : HILTON LOS ANGELES SAN GABRIEL



2019-02-28 14:04:38	catching classes that do not inherit from BaseException is not allowed
id: ctl00_SiteContentPlaceHolder_ucLocation_ddlLocation
value : None



2019-02-28 14:04:38	catching classes that do not inherit from BaseException is not allowed
id: ctl00_SiteContentPlaceHolder_ucLocation_ddlLocation
value : None


idName: ctl00_SiteContentPlaceHolder_ucLocation_ddlLocation
value : BEJ



2019-02-28 14:09:54	(1064, 'You have an error in your SQL syntax; check the manual that corresponds to your MySQL server version for the right syntax to use near \'配偶","亲属"或"朋友".", ap.`status`="6", ap.`ques`="美国联系人信息\' at line 1')
美国联系人信息:|组织名未填|组织名称不能是"配偶","亲属"或"朋友".

2019-02-28 14:10:00	(1064, 'You have an error in your SQL syntax; check the manual that corresponds to your MySQL server version for the right syntax to use near \'配偶","亲属"或"朋友".", ap.`status`="6", ap.`ques`="美国联系人信息\' at line 1')
美国联系人信息:|组织名称不能是"配偶","亲属"或"朋友".

2019-02-28 14:10:09	(1064, 'You have an error in your SQL syntax; check the manual that corresponds to your MySQL server version for the right syntax to use near \'配偶","亲属"或"朋友".", ap.`status`="6", ap.`ques`="美国联系人信息\' at line 1')
美国联系人信息:|组织名称不能是"配偶","亲属"或"朋友".

2019-02-28 14:10:14	(1064, 'You have an error in your SQL syntax; check the manual that corresponds to your MySQL server version for the right syntax to use near \'配偶","亲属"或"朋友".", ap.`status`="6", ap.`ques`="美国联系人信息\' at line 1')
美国联系人信息:|组织名称不能是"配偶","亲属"或"朋友".

2019-02-28 14:10:23	(1064, 'You have an error in your SQL syntax; check the manual that corresponds to your MySQL server version for the right syntax to use near \'配偶","亲属"或"朋友".", ap.`status`="6", ap.`ques`="美国联系人信息\' at line 1')
美国联系人信息:|组织名称不能是"配偶","亲属"或"朋友".

2019-02-28 14:10:28	(1064, 'You have an error in your SQL syntax; check the manual that corresponds to your MySQL server version for the right syntax to use near \'配偶","亲属"或"朋友".", ap.`status`="6", ap.`ques`="美国联系人信息\' at line 1')
美国联系人信息:|组织名称不能是"配偶","亲属"或"朋友".

2019-02-28 14:10:35	(1064, 'You have an error in your SQL syntax; check the manual that corresponds to your MySQL server version for the right syntax to use near \'配偶","亲属"或"朋友".", ap.`status`="6", ap.`ques`="美国联系人信息\' at line 1')
美国联系人信息:|组织名称不能是"配偶","亲属"或"朋友".

2019-02-28 14:10:42	(1064, 'You have an error in your SQL syntax; check the manual that corresponds to your MySQL server version for the right syntax to use near \'配偶","亲属"或"朋友".", ap.`status`="6", ap.`ques`="美国联系人信息\' at line 1')
美国联系人信息:|组织名称不能是"配偶","亲属"或"朋友".

2019-02-28 14:10:50	(1064, 'You have an error in your SQL syntax; check the manual that corresponds to your MySQL server version for the right syntax to use near \'配偶","亲属"或"朋友".", ap.`status`="6", ap.`ques`="美国联系人信息\' at line 1')
美国联系人信息:|组织名称不能是"配偶","亲属"或"朋友".

2019-02-28 14:11:01	(1064, 'You have an error in your SQL syntax; check the manual that corresponds to your MySQL server version for the right syntax to use near \'配偶","亲属"或"朋友".", ap.`status`="6", ap.`ques`="美国联系人信息\' at line 1')
美国联系人信息:|组织名称不能是"配偶","亲属"或"朋友".

2019-02-28 14:11:07	(1064, 'You have an error in your SQL syntax; check the manual that corresponds to your MySQL server version for the right syntax to use near \'配偶","亲属"或"朋友".", ap.`status`="6", ap.`ques`="美国联系人信息\' at line 1')
美国联系人信息:|组织名称不能是"配偶","亲属"或"朋友".

2019-02-28 14:11:13	(1064, 'You have an error in your SQL syntax; check the manual that corresponds to your MySQL server version for the right syntax to use near \'配偶","亲属"或"朋友".", ap.`status`="6", ap.`ques`="美国联系人信息\' at line 1')
美国联系人信息:|组织名称不能是"配偶","亲属"或"朋友".

2019-02-28 14:11:23	(1064, 'You have an error in your SQL syntax; check the manual that corresponds to your MySQL server version for the right syntax to use near \'配偶","亲属"或"朋友".", ap.`status`="6", ap.`ques`="美国联系人信息\' at line 1')
美国联系人信息:|组织名称不能是"配偶","亲属"或"朋友".

2019-02-28 14:11:28	(1064, 'You have an error in your SQL syntax; check the manual that corresponds to your MySQL server version for the right syntax to use near \'配偶","亲属"或"朋友".", ap.`status`="6", ap.`ques`="美国联系人信息\' at line 1')
美国联系人信息:|组织名称不能是"配偶","亲属"或"朋友".

2019-02-28 14:11:33	(1064, 'You have an error in your SQL syntax; check the manual that corresponds to your MySQL server version for the right syntax to use near \'配偶","亲属"或"朋友".", ap.`status`="6", ap.`ques`="美国联系人信息\' at line 1')
美国联系人信息:|组织名称不能是"配偶","亲属"或"朋友".

2019-02-28 14:11:37	(1064, 'You have an error in your SQL syntax; check the manual that corresponds to your MySQL server version for the right syntax to use near \'配偶","亲属"或"朋友".", ap.`status`="6", ap.`ques`="美国联系人信息\' at line 1')
美国联系人信息:|组织名称不能是"配偶","亲属"或"朋友".

2019-02-28 14:11:41	(1064, 'You have an error in your SQL syntax; check the manual that corresponds to your MySQL server version for the right syntax to use near \'配偶","亲属"或"朋友".", ap.`status`="6", ap.`ques`="美国联系人信息\' at line 1')
美国联系人信息:|组织名称不能是"配偶","亲属"或"朋友".

2019-02-28 14:11:48	(1064, 'You have an error in your SQL syntax; check the manual that corresponds to your MySQL server version for the right syntax to use near \'配偶","亲属"或"朋友".", ap.`status`="6", ap.`ques`="美国联系人信息\' at line 1')
美国联系人信息:|组织名称不能是"配偶","亲属"或"朋友".

2019-02-28 14:11:55	(1064, 'You have an error in your SQL syntax; check the manual that corresponds to your MySQL server version for the right syntax to use near \'配偶","亲属"或"朋友".", ap.`status`="6", ap.`ques`="美国联系人信息\' at line 1')
美国联系人信息:|组织名称不能是"配偶","亲属"或"朋友".

2019-02-28 14:12:01	(1064, 'You have an error in your SQL syntax; check the manual that corresponds to your MySQL server version for the right syntax to use near \'配偶","亲属"或"朋友".", ap.`status`="6", ap.`ques`="美国联系人信息\' at line 1')
美国联系人信息:|组织名称不能是"配偶","亲属"或"朋友".

2019-02-28 14:12:08	(1064, 'You have an error in your SQL syntax; check the manual that corresponds to your MySQL server version for the right syntax to use near \'配偶","亲属"或"朋友".", ap.`status`="6", ap.`ques`="美国联系人信息\' at line 1')
美国联系人信息:|组织名称不能是"配偶","亲属"或"朋友".

2019-02-28 14:12:14	(1064, 'You have an error in your SQL syntax; check the manual that corresponds to your MySQL server version for the right syntax to use near \'配偶","亲属"或"朋友".", ap.`status`="6", ap.`ques`="美国联系人信息\' at line 1')
美国联系人信息:|组织名称不能是"配偶","亲属"或"朋友".

2019-02-28 14:12:20	(1064, 'You have an error in your SQL syntax; check the manual that corresponds to your MySQL server version for the right syntax to use near \'配偶","亲属"或"朋友".", ap.`status`="6", ap.`ques`="美国联系人信息\' at line 1')
美国联系人信息:|组织名称不能是"配偶","亲属"或"朋友".

2019-02-28 14:12:25	(1064, 'You have an error in your SQL syntax; check the manual that corresponds to your MySQL server version for the right syntax to use near \'配偶","亲属"或"朋友".", ap.`status`="6", ap.`ques`="美国联系人信息\' at line 1')
美国联系人信息:|组织名称不能是"配偶","亲属"或"朋友".

2019-02-28 14:12:29	(1064, 'You have an error in your SQL syntax; check the manual that corresponds to your MySQL server version for the right syntax to use near \'配偶","亲属"或"朋友".", ap.`status`="6", ap.`ques`="美国联系人信息\' at line 1')
美国联系人信息:|组织名称不能是"配偶","亲属"或"朋友".

2019-02-28 14:12:33	(1064, 'You have an error in your SQL syntax; check the manual that corresponds to your MySQL server version for the right syntax to use near \'配偶","亲属"或"朋友".", ap.`status`="6", ap.`ques`="美国联系人信息\' at line 1')
美国联系人信息:|组织名称不能是"配偶","亲属"或"朋友".

2019-02-28 14:12:40	(1064, 'You have an error in your SQL syntax; check the manual that corresponds to your MySQL server version for the right syntax to use near \'配偶","亲属"或"朋友".", ap.`status`="6", ap.`ques`="美国联系人信息\' at line 1')
美国联系人信息:|组织名称不能是"配偶","亲属"或"朋友".

2019-02-28 14:12:46	(1064, 'You have an error in your SQL syntax; check the manual that corresponds to your MySQL server version for the right syntax to use near \'配偶","亲属"或"朋友".", ap.`status`="6", ap.`ques`="美国联系人信息\' at line 1')
美国联系人信息:|组织名称不能是"配偶","亲属"或"朋友".

2019-02-28 14:12:51	(1064, 'You have an error in your SQL syntax; check the manual that corresponds to your MySQL server version for the right syntax to use near \'配偶","亲属"或"朋友".", ap.`status`="6", ap.`ques`="美国联系人信息\' at line 1')
美国联系人信息:|组织名称不能是"配偶","亲属"或"朋友".

2019-02-28 14:12:55	(1064, 'You have an error in your SQL syntax; check the manual that corresponds to your MySQL server version for the right syntax to use near \'配偶","亲属"或"朋友".", ap.`status`="6", ap.`ques`="美国联系人信息\' at line 1')
美国联系人信息:|组织名称不能是"配偶","亲属"或"朋友".

2019-02-28 14:13:09	catching classes that do not inherit from BaseException is not allowed
id: ctl00_SiteContentPlaceHolder_FormView1_cbxUS_POC_NAME_NA
value : None



2019-02-28 14:16:02	catching classes that do not inherit from BaseException is not allowed
id: ctl00_SiteContentPlaceHolder_ApplicationRecovery1_txbSurname
value : SHI



2019-02-28 14:17:32	catching classes that do not inherit from BaseException is not allowed
id: ctl00_SiteContentPlaceHolder_ApplicationRecovery1_txbSurname
value : SHI



2019-02-28 14:18:43	Message: stale element reference: element is not attached to the page document
  (Session info: chrome=71.0.3578.98)
  (Driver info: chromedriver=2.42.591088 (7b2b2dca23cca0862f674758c9a3933e685c27d5),platform=Windows NT 6.1.7601 SP1 x86_64)

id: ctl00_SiteContentPlaceHolder_FormView1_tbxUS_POC_ORGANIZATION
value : HILTON LOS ANGELES SAN GABRIEL



2019-02-28 14:20:18	(1064, 'You have an error in your SQL syntax; check the manual that corresponds to your MySQL server version for the right syntax to use near \'配偶","亲属"或"朋友".", ap.`status`="6", ap.`ques`="美国联系人信息\' at line 1')
美国联系人信息:|组织名未填|组织名称不能是"配偶","亲属"或"朋友".

2019-02-28 14:20:25	(1064, 'You have an error in your SQL syntax; check the manual that corresponds to your MySQL server version for the right syntax to use near \'配偶","亲属"或"朋友".", ap.`status`="6", ap.`ques`="美国联系人信息\' at line 1')
美国联系人信息:|组织名称不能是"配偶","亲属"或"朋友".

2019-02-28 14:20:30	(1064, 'You have an error in your SQL syntax; check the manual that corresponds to your MySQL server version for the right syntax to use near \'配偶","亲属"或"朋友".", ap.`status`="6", ap.`ques`="美国联系人信息\' at line 1')
美国联系人信息:|组织名称不能是"配偶","亲属"或"朋友".

2019-02-28 14:20:34	(1064, 'You have an error in your SQL syntax; check the manual that corresponds to your MySQL server version for the right syntax to use near \'配偶","亲属"或"朋友".", ap.`status`="6", ap.`ques`="美国联系人信息\' at line 1')
美国联系人信息:|组织名称不能是"配偶","亲属"或"朋友".

2019-02-28 14:20:41	(1064, 'You have an error in your SQL syntax; check the manual that corresponds to your MySQL server version for the right syntax to use near \'配偶","亲属"或"朋友".", ap.`status`="6", ap.`ques`="美国联系人信息\' at line 1')
美国联系人信息:|组织名称不能是"配偶","亲属"或"朋友".

2019-02-28 14:20:47	(1064, 'You have an error in your SQL syntax; check the manual that corresponds to your MySQL server version for the right syntax to use near \'配偶","亲属"或"朋友".", ap.`status`="6", ap.`ques`="美国联系人信息\' at line 1')
美国联系人信息:|组织名称不能是"配偶","亲属"或"朋友".

2019-02-28 14:20:54	(1064, 'You have an error in your SQL syntax; check the manual that corresponds to your MySQL server version for the right syntax to use near \'配偶","亲属"或"朋友".", ap.`status`="6", ap.`ques`="美国联系人信息\' at line 1')
美国联系人信息:|组织名称不能是"配偶","亲属"或"朋友".

2019-02-28 14:21:03	(1064, 'You have an error in your SQL syntax; check the manual that corresponds to your MySQL server version for the right syntax to use near \'配偶","亲属"或"朋友".", ap.`status`="6", ap.`ques`="美国联系人信息\' at line 1')
美国联系人信息:|组织名称不能是"配偶","亲属"或"朋友".

2019-02-28 14:21:10	(1064, 'You have an error in your SQL syntax; check the manual that corresponds to your MySQL server version for the right syntax to use near \'配偶","亲属"或"朋友".", ap.`status`="6", ap.`ques`="美国联系人信息\' at line 1')
美国联系人信息:|组织名称不能是"配偶","亲属"或"朋友".

2019-02-28 14:23:49	Message: stale element reference: element is not attached to the page document
  (Session info: chrome=71.0.3578.98)
  (Driver info: chromedriver=2.42.591088 (7b2b2dca23cca0862f674758c9a3933e685c27d5),platform=Windows NT 6.1.7601 SP1 x86_64)

idName: ctl00_SiteContentPlaceHolder_FormView1_ddlUS_POC_REL_TO_APP
value : C



2019-02-28 14:25:00	catching classes that do not inherit from BaseException is not allowed
id: ctl00_SiteContentPlaceHolder_ucLocation_ddlLocation
value : None



2019-02-28 14:25:00	catching classes that do not inherit from BaseException is not allowed
id: ctl00_SiteContentPlaceHolder_ucLocation_ddlLocation
value : None


idName: ctl00_SiteContentPlaceHolder_ucLocation_ddlLocation
value : BEJ



2019-02-28 14:31:11	Message: timeout
  (Session info: chrome=71.0.3578.98)
  (Driver info: chromedriver=2.42.591088 (7b2b2dca23cca0862f674758c9a3933e685c27d5),platform=Windows NT 6.1.7601 SP1 x86_64)

idName: ctl00_SiteContentPlaceHolder_ucLocation_ddlLocation
value : BEJ



2019-02-28 14:33:45	(1064, 'You have an error in your SQL syntax; check the manual that corresponds to your MySQL server version for the right syntax to use near \'配偶","亲属"或"朋友".", ap.`status`="6", ap.`ques`="美国联系人信息\' at line 1')
美国联系人信息:|组织名称不能是"配偶","亲属"或"朋友".

2019-02-28 14:36:07	(1064, 'You have an error in your SQL syntax; check the manual that corresponds to your MySQL server version for the right syntax to use near \'配偶","亲属"或"朋友".", ap.`status`="6", ap.`ques`="美国联系人信息\' at line 1')
美国联系人信息:|组织名称不能是"配偶","亲属"或"朋友".

2019-02-28 14:37:52	catching classes that do not inherit from BaseException is not allowed
id: ctl00_SiteContentPlaceHolder_ucLocation_ddlLocation
value : None



2019-02-28 14:37:52	catching classes that do not inherit from BaseException is not allowed
id: ctl00_SiteContentPlaceHolder_ucLocation_ddlLocation
value : None


idName: ctl00_SiteContentPlaceHolder_ucLocation_ddlLocation
value : BEJ



2019-02-28 14:42:09	catching classes that do not inherit from BaseException is not allowed
id: ctl00_SiteContentPlaceHolder_ApplicationRecovery1_pnlSubmittedApp
value : None



2019-02-28 14:45:33	catching classes that do not inherit from BaseException is not allowed
id: ctl00_SiteContentPlaceHolder_FormView1_rblRemovalHearing_1
value : None



2019-02-28 14:45:40	catching classes that do not inherit from BaseException is not allowed
id: ctl00_SiteContentPlaceHolder_FormView1_rblAttWoReimb_1
value : None



2019-02-28 15:03:09	catching classes that do not inherit from BaseException is not allowed
id: ctl00_SiteContentPlaceHolder_ucLocation_ddlLocation
value : None



2019-02-28 15:03:09	catching classes that do not inherit from BaseException is not allowed
id: ctl00_SiteContentPlaceHolder_ucLocation_ddlLocation
value : None


idName: ctl00_SiteContentPlaceHolder_ucLocation_ddlLocation
value : BEJ



2019-02-28 15:04:10	catching classes that do not inherit from BaseException is not allowed
id: ctl00_SiteContentPlaceHolder_ucLocation_ddlLocation
value : None



2019-02-28 15:04:10	catching classes that do not inherit from BaseException is not allowed
id: ctl00_SiteContentPlaceHolder_ucLocation_ddlLocation
value : None


idName: ctl00_SiteContentPlaceHolder_ucLocation_ddlLocation
value : BEJ



2019-02-28 15:06:12	catching classes that do not inherit from BaseException is not allowed
id: loginPage:SiteTemplate:siteLogin:loginComponent:loginForm:username
value : janice.fu@lettours.com



2019-02-28 15:06:15	Message: stale element reference: element is not attached to the page document
  (Session info: chrome=71.0.3578.98)
  (Driver info: chromedriver=2.42.591088 (7b2b2dca23cca0862f674758c9a3933e685c27d5),platform=Windows NT 6.1.7601 SP1 x86_64)

id: ctl00_SiteContentPlaceHolder_FormView1_tbxUS_POC_ORGANIZATION
value : HILTON LOS ANGELES SAN GABRIEL



2019-02-28 15:06:38	catching classes that do not inherit from BaseException is not allowed
id: loginPage:SiteTemplate:siteLogin:loginComponent:loginForm:username
value : janice.fu@lettours.com



2019-02-28 15:10:31	catching classes that do not inherit from BaseException is not allowed
id: loginPage:SiteTemplate:siteLogin:loginComponent:loginForm:username
value : janice.fu@lettours.com



2019-02-28 15:14:12	catching classes that do not inherit from BaseException is not allowed
id: loginPage:SiteTemplate:siteLogin:loginComponent:loginForm:username
value : janice.fu@lettours.com



2019-02-28 15:14:35	catching classes that do not inherit from BaseException is not allowed
id: loginPage:SiteTemplate:siteLogin:loginComponent:loginForm:username
value : janice.fu@lettours.com



2019-02-28 15:15:01	catching classes that do not inherit from BaseException is not allowed
id: loginPage:SiteTemplate:siteLogin:loginComponent:loginForm:username
value : janice.fu@lettours.com



2019-02-28 18:28:14	catching classes that do not inherit from BaseException is not allowed
xpath: //select
value : None



2019-02-28 18:30:28	Message: element not interactable
  (Session info: chrome=71.0.3578.98)
  (Driver info: chromedriver=2.42.591088 (7b2b2dca23cca0862f674758c9a3933e685c27d5),platform=Windows NT 6.1.7601 SP1 x86_64)

css selector: body>div:nth-child(8) button
value : None



