2019-01-14 10:42:11	catching classes that do not inherit from BaseException is not allowed
id: ctl00_SiteContentPlaceHolder_ucLocation_ddlLocation
value : None



2019-01-14 10:42:11	catching classes that do not inherit from BaseException is not allowed
id: ctl00_SiteContentPlaceHolder_ucLocation_ddlLocation
value : None


idName: ctl00_SiteContentPlaceHolder_ucLocation_ddlLocation
value : SHG



2019-01-14 10:42:56	catching classes that do not inherit from BaseException is not allowed
id: ctl00_SiteContentPlaceHolder_ucLocation_ddlLocation
value : None



2019-01-14 10:42:56	catching classes that do not inherit from BaseException is not allowed
id: ctl00_SiteContentPlaceHolder_ucLocation_ddlLocation
value : None


idName: ctl00_SiteContentPlaceHolder_ucLocation_ddlLocation
value : SHG



2019-01-14 10:43:57	catching classes that do not inherit from BaseException is not allowed
id: ctl00_SiteContentPlaceHolder_ucLocation_ddlLocation
value : None



2019-01-14 10:43:57	catching classes that do not inherit from BaseException is not allowed
id: ctl00_SiteContentPlaceHolder_ucLocation_ddlLocation
value : None


idName: ctl00_SiteContentPlaceHolder_ucLocation_ddlLocation
value : SHG



2019-01-14 10:44:41	catching classes that do not inherit from BaseException is not allowed
id: ctl00_SiteContentPlaceHolder_ucLocation_ddlLocation
value : None



2019-01-14 10:44:41	catching classes that do not inherit from BaseException is not allowed
id: ctl00_SiteContentPlaceHolder_ucLocation_ddlLocation
value : None


idName: ctl00_SiteContentPlaceHolder_ucLocation_ddlLocation
value : SHG



2019-01-14 10:45:43	catching classes that do not inherit from BaseException is not allowed
id: ctl00_SiteContentPlaceHolder_ucLocation_ddlLocation
value : None



2019-01-14 10:45:43	catching classes that do not inherit from BaseException is not allowed
id: ctl00_SiteContentPlaceHolder_ucLocation_ddlLocation
value : None


idName: ctl00_SiteContentPlaceHolder_ucLocation_ddlLocation
value : SHG



2019-01-14 10:46:30	catching classes that do not inherit from BaseException is not allowed
id: ctl00_SiteContentPlaceHolder_ucLocation_ddlLocation
value : None



2019-01-14 10:46:30	catching classes that do not inherit from BaseException is not allowed
id: ctl00_SiteContentPlaceHolder_ucLocation_ddlLocation
value : None


idName: ctl00_SiteContentPlaceHolder_ucLocation_ddlLocation
value : SHG



2019-01-14 10:47:15	catching classes that do not inherit from BaseException is not allowed
id: ctl00_SiteContentPlaceHolder_ucLocation_ddlLocation
value : None



2019-01-14 10:47:15	catching classes that do not inherit from BaseException is not allowed
id: ctl00_SiteContentPlaceHolder_ucLocation_ddlLocation
value : None


idName: ctl00_SiteContentPlaceHolder_ucLocation_ddlLocation
value : SHG



2019-01-14 10:52:50	catching classes that do not inherit from BaseException is not allowed
id: ctl00_SiteContentPlaceHolder_ucLocation_ddlLocation
value : None



2019-01-14 10:52:50	catching classes that do not inherit from BaseException is not allowed
id: ctl00_SiteContentPlaceHolder_ucLocation_ddlLocation
value : None


idName: ctl00_SiteContentPlaceHolder_ucLocation_ddlLocation
value : SHG



2019-01-14 10:53:52	catching classes that do not inherit from BaseException is not allowed
id: ctl00_SiteContentPlaceHolder_ucLocation_ddlLocation
value : None



2019-01-14 10:53:52	catching classes that do not inherit from BaseException is not allowed
id: ctl00_SiteContentPlaceHolder_ucLocation_ddlLocation
value : None


idName: ctl00_SiteContentPlaceHolder_ucLocation_ddlLocation
value : SHG



2019-01-14 10:54:34	catching classes that do not inherit from BaseException is not allowed
id: ctl00_SiteContentPlaceHolder_ucLocation_ddlLocation
value : None



2019-01-14 10:54:34	catching classes that do not inherit from BaseException is not allowed
id: ctl00_SiteContentPlaceHolder_ucLocation_ddlLocation
value : None


idName: ctl00_SiteContentPlaceHolder_ucLocation_ddlLocation
value : SHG



2019-01-14 10:55:57	catching classes that do not inherit from BaseException is not allowed
id: ctl00_SiteContentPlaceHolder_FormView1_tbxUS_POC_ADDR_LN1
value : 8555 Beverly Blvd



2019-01-14 10:58:26	catching classes that do not inherit from BaseException is not allowed
id: ctl00_SiteContentPlaceHolder_FormView1_rblRemovalHearing_1
value : None



2019-01-14 10:58:33	catching classes that do not inherit from BaseException is not allowed
id: ctl00_SiteContentPlaceHolder_FormView1_rblAttWoReimb_1
value : None



2019-01-14 11:11:41	catching classes that do not inherit from BaseException is not allowed
id: ctl00_SiteContentPlaceHolder_ucLocation_ddlLocation
value : None



2019-01-14 11:11:41	catching classes that do not inherit from BaseException is not allowed
id: ctl00_SiteContentPlaceHolder_ucLocation_ddlLocation
value : None


idName: ctl00_SiteContentPlaceHolder_ucLocation_ddlLocation
value : SHG



2019-01-14 11:12:24	catching classes that do not inherit from BaseException is not allowed
id: ctl00_SiteContentPlaceHolder_ucLocation_ddlLocation
value : None



2019-01-14 11:12:24	catching classes that do not inherit from BaseException is not allowed
id: ctl00_SiteContentPlaceHolder_ucLocation_ddlLocation
value : None


idName: ctl00_SiteContentPlaceHolder_ucLocation_ddlLocation
value : SHG



2019-01-14 11:13:25	catching classes that do not inherit from BaseException is not allowed
id: ctl00_SiteContentPlaceHolder_ucLocation_ddlLocation
value : None



2019-01-14 11:13:25	catching classes that do not inherit from BaseException is not allowed
id: ctl00_SiteContentPlaceHolder_ucLocation_ddlLocation
value : None


idName: ctl00_SiteContentPlaceHolder_ucLocation_ddlLocation
value : SHG



2019-01-14 11:14:08	catching classes that do not inherit from BaseException is not allowed
id: ctl00_SiteContentPlaceHolder_ucLocation_ddlLocation
value : None



2019-01-14 11:14:08	catching classes that do not inherit from BaseException is not allowed
id: ctl00_SiteContentPlaceHolder_ucLocation_ddlLocation
value : None


idName: ctl00_SiteContentPlaceHolder_ucLocation_ddlLocation
value : SHG



2019-01-14 11:15:27	catching classes that do not inherit from BaseException is not allowed
id: ctl00_SiteContentPlaceHolder_ucLocation_ddlLocation
value : None



2019-01-14 11:15:27	catching classes that do not inherit from BaseException is not allowed
id: ctl00_SiteContentPlaceHolder_ucLocation_ddlLocation
value : None


idName: ctl00_SiteContentPlaceHolder_ucLocation_ddlLocation
value : SHG



2019-01-14 11:16:24	catching classes that do not inherit from BaseException is not allowed
id: ctl00_SiteContentPlaceHolder_ucLocation_ddlLocation
value : None



2019-01-14 11:16:24	catching classes that do not inherit from BaseException is not allowed
id: ctl00_SiteContentPlaceHolder_ucLocation_ddlLocation
value : None


idName: ctl00_SiteContentPlaceHolder_ucLocation_ddlLocation
value : SHG



2019-01-14 11:17:35	catching classes that do not inherit from BaseException is not allowed
id: ctl00_SiteContentPlaceHolder_ucLocation_ddlLocation
value : None



2019-01-14 11:17:35	catching classes that do not inherit from BaseException is not allowed
id: ctl00_SiteContentPlaceHolder_ucLocation_ddlLocation
value : None


idName: ctl00_SiteContentPlaceHolder_ucLocation_ddlLocation
value : SHG



